#Build: Fabric Compiler 2022.1, Build 99559, Jul 12 00:20 2022
#Install: D:\Program Files\PDS\PDS_2022.1\bin
#Application name: pds.exe
#OS: Windows 10 10.0.22631
#Hostname: HTY‘sLaptop
Generated by Fabric Compiler (version 2022.1 build 99559) at Fri Nov  8 19:18:25 2024
Parse module hierarchy of project 'F:/SME_files/SME309/codes/SME209_codes/lab2/PDS_Lab2_Template/Hardware/Design_Source/temp_projects/Main_Flow/Main_Flow.pds' (ADS Parser)


Process "Compile" started.
Current time: Fri Nov  8 19:21:41 2024
Compiling architecture definition.
Analyzing project file 'F:/SME_files/SME309/codes/SME209_codes/lab2/PDS_Lab2_Template/Hardware/Design_Source/project.pds'.
License checkout: fabric_ads
Compiling verification operator library.
Loading technology operator library.
Compiling technology operator library.
Compiling technology operator (valence) library.
I: Enable Verilog2k features and keywords
Start rtl-analyze.
Executing : .rtl_analyze -work work -include_path {F:/SME_files/SME309/codes/SME209_codes/lab2/PDS_Lab2_Template/Hardware/Design_Source} F:/SME_files/SME309/codes/SME209_codes/lab2/PDS_Lab2_Template/Hardware/Design_Source/ALU.v
I: Verilog-0001: Analyzing file F:/SME_files/SME309/codes/SME209_codes/lab2/PDS_Lab2_Template/Hardware/Design_Source/ALU.v
I: Verilog-0002: [F:/SME_files/SME309/codes/SME209_codes/lab2/PDS_Lab2_Template/Hardware/Design_Source/ALU.v(line number: 1)] Analyzing module ALU (library work)
Parsing done.
Executing : .rtl_analyze -work work -include_path {F:/SME_files/SME309/codes/SME209_codes/lab2/PDS_Lab2_Template/Hardware/Design_Source} F:/SME_files/SME309/codes/SME209_codes/lab2/PDS_Lab2_Template/Hardware/Design_Source/ALU.v successfully.
Executing : .rtl_analyze -work work -include_path {F:/SME_files/SME309/codes/SME209_codes/lab2/PDS_Lab2_Template/Hardware/Design_Source} F:/SME_files/SME309/codes/SME209_codes/lab2/PDS_Lab2_Template/Hardware/Design_Source/ARM.v
I: Verilog-0001: Analyzing file F:/SME_files/SME309/codes/SME209_codes/lab2/PDS_Lab2_Template/Hardware/Design_Source/ARM.v
I: Verilog-0002: [F:/SME_files/SME309/codes/SME209_codes/lab2/PDS_Lab2_Template/Hardware/Design_Source/ARM.v(line number: 1)] Analyzing module ARM (library work)
Parsing done.
Executing : .rtl_analyze -work work -include_path {F:/SME_files/SME309/codes/SME209_codes/lab2/PDS_Lab2_Template/Hardware/Design_Source} F:/SME_files/SME309/codes/SME209_codes/lab2/PDS_Lab2_Template/Hardware/Design_Source/ARM.v successfully.
Executing : .rtl_analyze -work work -include_path {F:/SME_files/SME309/codes/SME209_codes/lab2/PDS_Lab2_Template/Hardware/Design_Source} F:/SME_files/SME309/codes/SME209_codes/lab2/PDS_Lab2_Template/Hardware/Design_Source/CondLogic.v
I: Verilog-0001: Analyzing file F:/SME_files/SME309/codes/SME209_codes/lab2/PDS_Lab2_Template/Hardware/Design_Source/CondLogic.v
I: Verilog-0002: [F:/SME_files/SME309/codes/SME209_codes/lab2/PDS_Lab2_Template/Hardware/Design_Source/CondLogic.v(line number: 1)] Analyzing module CondLogic (library work)
Parsing done.
Executing : .rtl_analyze -work work -include_path {F:/SME_files/SME309/codes/SME209_codes/lab2/PDS_Lab2_Template/Hardware/Design_Source} F:/SME_files/SME309/codes/SME209_codes/lab2/PDS_Lab2_Template/Hardware/Design_Source/CondLogic.v successfully.
Executing : .rtl_analyze -work work -include_path {F:/SME_files/SME309/codes/SME209_codes/lab2/PDS_Lab2_Template/Hardware/Design_Source} F:/SME_files/SME309/codes/SME209_codes/lab2/PDS_Lab2_Template/Hardware/Design_Source/ControlUnit.v
I: Verilog-0001: Analyzing file F:/SME_files/SME309/codes/SME209_codes/lab2/PDS_Lab2_Template/Hardware/Design_Source/ControlUnit.v
I: Verilog-0002: [F:/SME_files/SME309/codes/SME209_codes/lab2/PDS_Lab2_Template/Hardware/Design_Source/ControlUnit.v(line number: 1)] Analyzing module ControlUnit (library work)
Parsing done.
Executing : .rtl_analyze -work work -include_path {F:/SME_files/SME309/codes/SME209_codes/lab2/PDS_Lab2_Template/Hardware/Design_Source} F:/SME_files/SME309/codes/SME209_codes/lab2/PDS_Lab2_Template/Hardware/Design_Source/ControlUnit.v successfully.
Executing : .rtl_analyze -work work -include_path {F:/SME_files/SME309/codes/SME209_codes/lab2/PDS_Lab2_Template/Hardware/Design_Source} F:/SME_files/SME309/codes/SME209_codes/lab2/PDS_Lab2_Template/Hardware/Design_Source/Decoder.v
I: Verilog-0001: Analyzing file F:/SME_files/SME309/codes/SME209_codes/lab2/PDS_Lab2_Template/Hardware/Design_Source/Decoder.v
I: Verilog-0002: [F:/SME_files/SME309/codes/SME209_codes/lab2/PDS_Lab2_Template/Hardware/Design_Source/Decoder.v(line number: 1)] Analyzing module Decoder (library work)
Parsing done.
Executing : .rtl_analyze -work work -include_path {F:/SME_files/SME309/codes/SME209_codes/lab2/PDS_Lab2_Template/Hardware/Design_Source} F:/SME_files/SME309/codes/SME209_codes/lab2/PDS_Lab2_Template/Hardware/Design_Source/Decoder.v successfully.
Executing : .rtl_analyze -work work -include_path {F:/SME_files/SME309/codes/SME209_codes/lab2/PDS_Lab2_Template/Hardware/Design_Source} F:/SME_files/SME309/codes/SME209_codes/lab2/PDS_Lab2_Template/Hardware/Design_Source/Extend.v
I: Verilog-0001: Analyzing file F:/SME_files/SME309/codes/SME209_codes/lab2/PDS_Lab2_Template/Hardware/Design_Source/Extend.v
I: Verilog-0002: [F:/SME_files/SME309/codes/SME209_codes/lab2/PDS_Lab2_Template/Hardware/Design_Source/Extend.v(line number: 1)] Analyzing module Extend (library work)
Parsing done.
Executing : .rtl_analyze -work work -include_path {F:/SME_files/SME309/codes/SME209_codes/lab2/PDS_Lab2_Template/Hardware/Design_Source} F:/SME_files/SME309/codes/SME209_codes/lab2/PDS_Lab2_Template/Hardware/Design_Source/Extend.v successfully.
Executing : .rtl_analyze -work work -include_path {F:/SME_files/SME309/codes/SME209_codes/lab2/PDS_Lab2_Template/Hardware/Design_Source} F:/SME_files/SME309/codes/SME209_codes/lab2/PDS_Lab2_Template/Hardware/Design_Source/ProgramCounter.v
I: Verilog-0001: Analyzing file F:/SME_files/SME309/codes/SME209_codes/lab2/PDS_Lab2_Template/Hardware/Design_Source/ProgramCounter.v
I: Verilog-0002: [F:/SME_files/SME309/codes/SME209_codes/lab2/PDS_Lab2_Template/Hardware/Design_Source/ProgramCounter.v(line number: 1)] Analyzing module ProgramCounter (library work)
Parsing done.
Executing : .rtl_analyze -work work -include_path {F:/SME_files/SME309/codes/SME209_codes/lab2/PDS_Lab2_Template/Hardware/Design_Source} F:/SME_files/SME309/codes/SME209_codes/lab2/PDS_Lab2_Template/Hardware/Design_Source/ProgramCounter.v successfully.
Executing : .rtl_analyze -work work -include_path {F:/SME_files/SME309/codes/SME209_codes/lab2/PDS_Lab2_Template/Hardware/Design_Source} F:/SME_files/SME309/codes/SME209_codes/lab2/PDS_Lab2_Template/Hardware/Design_Source/RegisterFile.v
I: Verilog-0001: Analyzing file F:/SME_files/SME309/codes/SME209_codes/lab2/PDS_Lab2_Template/Hardware/Design_Source/RegisterFile.v
I: Verilog-0002: [F:/SME_files/SME309/codes/SME209_codes/lab2/PDS_Lab2_Template/Hardware/Design_Source/RegisterFile.v(line number: 1)] Analyzing module RegisterFile (library work)
Parsing done.
Executing : .rtl_analyze -work work -include_path {F:/SME_files/SME309/codes/SME209_codes/lab2/PDS_Lab2_Template/Hardware/Design_Source} F:/SME_files/SME309/codes/SME209_codes/lab2/PDS_Lab2_Template/Hardware/Design_Source/RegisterFile.v successfully.
Executing : .rtl_analyze -work work -include_path {F:/SME_files/SME309/codes/SME209_codes/lab2/PDS_Lab2_Template/Hardware/Design_Source} F:/SME_files/SME309/codes/SME209_codes/lab2/PDS_Lab2_Template/Hardware/Design_Source/Shifter.v
I: Verilog-0001: Analyzing file F:/SME_files/SME309/codes/SME209_codes/lab2/PDS_Lab2_Template/Hardware/Design_Source/Shifter.v
I: Verilog-0002: [F:/SME_files/SME309/codes/SME209_codes/lab2/PDS_Lab2_Template/Hardware/Design_Source/Shifter.v(line number: 1)] Analyzing module Shifter (library work)
Parsing done.
Executing : .rtl_analyze -work work -include_path {F:/SME_files/SME309/codes/SME209_codes/lab2/PDS_Lab2_Template/Hardware/Design_Source} F:/SME_files/SME309/codes/SME209_codes/lab2/PDS_Lab2_Template/Hardware/Design_Source/Shifter.v successfully.
Executing : .rtl_analyze -work work -include_path {F:/SME_files/SME309/codes/SME209_codes/lab2/PDS_Lab2_Template/Hardware/Design_Source} F:/SME_files/SME309/codes/SME209_codes/lab2/PDS_Lab2_Template/Hardware/Design_Source/TOP_Pango.v
I: Verilog-0001: Analyzing file F:/SME_files/SME309/codes/SME209_codes/lab2/PDS_Lab2_Template/Hardware/Design_Source/TOP_Pango.v
I: Verilog-0002: [F:/SME_files/SME309/codes/SME209_codes/lab2/PDS_Lab2_Template/Hardware/Design_Source/TOP_Pango.v(line number: 4)] Analyzing module TOP (library work)
Parsing done.
Executing : .rtl_analyze -work work -include_path {F:/SME_files/SME309/codes/SME209_codes/lab2/PDS_Lab2_Template/Hardware/Design_Source} F:/SME_files/SME309/codes/SME209_codes/lab2/PDS_Lab2_Template/Hardware/Design_Source/TOP_Pango.v successfully.
Executing : .rtl_analyze -work work -include_path {F:/SME_files/SME309/codes/SME209_codes/lab2/PDS_Lab2_Template/Hardware/Design_Source} F:/SME_files/SME309/codes/SME209_codes/lab2/PDS_Lab2_Template/Hardware/Design_Source/Wrapper.v
I: Verilog-0001: Analyzing file F:/SME_files/SME309/codes/SME209_codes/lab2/PDS_Lab2_Template/Hardware/Design_Source/Wrapper.v
I: Verilog-0002: [F:/SME_files/SME309/codes/SME209_codes/lab2/PDS_Lab2_Template/Hardware/Design_Source/Wrapper.v(line number: 4)] Analyzing module Wrapper (library work)
W: Verilog-2010: [F:/SME_files/SME309/codes/SME209_codes/lab2/PDS_Lab2_Template/Hardware/Design_Source/Wrapper.v(line number: 49)] Ignore initial statements except memory $readmemh/$readmemb initialization statements
W: Verilog-2010: [F:/SME_files/SME309/codes/SME209_codes/lab2/PDS_Lab2_Template/Hardware/Design_Source/Wrapper.v(line number: 117)] Ignore initial statements except memory $readmemh/$readmemb initialization statements
W: Verilog-2010: [F:/SME_files/SME309/codes/SME209_codes/lab2/PDS_Lab2_Template/Hardware/Design_Source/Wrapper.v(line number: 133)] Ignore initial statements except memory $readmemh/$readmemb initialization statements
Parsing done.
Executing : .rtl_analyze -work work -include_path {F:/SME_files/SME309/codes/SME209_codes/lab2/PDS_Lab2_Template/Hardware/Design_Source} F:/SME_files/SME309/codes/SME209_codes/lab2/PDS_Lab2_Template/Hardware/Design_Source/Wrapper.v successfully.
I: Module "TOP" is set as top module.
Executing : rtl-analyze successfully. Time elapsed: 1.671s wall, 0.000s user + 0.016s system = 0.016s CPU (0.9%)

Start rtl-elaborate.
I: Verilog-0003: [F:/SME_files/SME309/codes/SME209_codes/lab2/PDS_Lab2_Template/Hardware/Design_Source/TOP_Pango.v(line number: 4)] Elaborating module TOP
I: Module instance {TOP} parameter value:
    N_LEDs_OUT = 32'b00000000000000000000000000001000
    N_DIPs = 32'b00000000000000000000000000000111
    N_SEVEN_SEG_DIGITs = 32'b00000000000000000000000000001000
    CLK_DIV_BITS = 32'b00000000000000000000000000011000
I: Verilog-0004: [F:/SME_files/SME309/codes/SME209_codes/lab2/PDS_Lab2_Template/Hardware/Design_Source/TOP_Pango.v(line number: 36)] Elaborating instance wrapper1
I: Verilog-0003: [F:/SME_files/SME309/codes/SME209_codes/lab2/PDS_Lab2_Template/Hardware/Design_Source/Wrapper.v(line number: 4)] Elaborating module Wrapper
I: Module instance {TOP.wrapper1} parameter value:
    N_LEDs = 32'b00000000000000000000000000010000
    N_DIPs = 32'b00000000000000000000000000000111
I: Verilog-0004: [F:/SME_files/SME309/codes/SME209_codes/lab2/PDS_Lab2_Template/Hardware/Design_Source/Wrapper.v(line number: 143)] Elaborating instance ARM1
W: Verilog-2009: [F:/SME_files/SME309/codes/SME209_codes/lab2/PDS_Lab2_Template/Hardware/Design_Source/ARM.v(line number: 1)] Create black box for empty module ARM
I: Verilog-0003: [F:/SME_files/SME309/codes/SME209_codes/lab2/PDS_Lab2_Template/Hardware/Design_Source/ARM.v(line number: 1)] Elaborating module ARM
Executing : rtl-elaborate successfully. Time elapsed: 0.014s wall, 0.000s user + 0.000s system = 0.000s CPU (n/a%)

Start rtl-prep.
Executing : rtl-prep successfully. Time elapsed: 0.005s wall, 0.000s user + 0.000s system = 0.000s CPU (n/a%)

Start rtl-infer.
Start DFF-inference.
Executing : DFF-inference successfully.
I: Sdm-0001: [F:/SME_files/SME309/codes/SME209_codes/lab2/PDS_Lab2_Template/Hardware/Design_Source/Wrapper.v(line number: 180)] Found Ram DATA_VAR_MEM, depth=128, width=32.
Executing : rtl-infer successfully. Time elapsed: 0.044s wall, 0.031s user + 0.016s system = 0.047s CPU (106.6%)

Start rtl-control-opt.
Executing : rtl-control-opt successfully. Time elapsed: 0.000s wall, 0.000s user + 0.000s system = 0.000s CPU (n/a%)

Start rtl-data-opt.
Executing : rtl-data-opt successfully. Time elapsed: 0.003s wall, 0.000s user + 0.000s system = 0.000s CPU (n/a%)

Start FSM inference.
Executing : FSM inference successfully. Time elapsed: 0.000s wall, 0.000s user + 0.000s system = 0.000s CPU (n/a%)

Start sdm2adm.
W: Loop was found during constant probe.
W: Loop was found during constant probe.
I: Constant propagation done on N108 (bmsWIDEMUX).
Executing : sdm2adm successfully. Time elapsed: 0.015s wall, 0.000s user + 0.000s system = 0.000s CPU (n/a%)

Saving design to DB.
Action compile: Real time elapsed is 0h:0m:3s
Action compile: CPU time elapsed is 0h:0m:0s
Action compile: Process CPU time elapsed is 0h:0m:0s
Current time: Fri Nov  8 19:21:44 2024
Action compile: Peak memory pool usage is 132 MB
Process "Compile" done.


Process "Synthesize" started.
Current time: Fri Nov  8 19:21:45 2024
Compiling architecture definition.
Analyzing project file 'F:/SME_files/SME309/codes/SME209_codes/lab2/PDS_Lab2_Template/Hardware/Design_Source/project.pds'.
License checkout: fabric_ads
Compiling verification operator library.
Compiling common defs.
Loading technology operator library.
Compiling technology operator library.
Compiling technology operator (valence) library.
Reading design from compile DB
Reading design from compile DB successfully.
NOTE: The technology fpga was specified.
NOTE: delay_model specified was generic_cmos.
NOTE: Using the fpga syntax tables...
Totals:
 Calls to malloc = 0
 Calls to calloc = 149883

Constraint check start.
Compiling prim grid devices.
Building architecture model.
Loading device packaging model.
Building architecture floorplan logic view.
C: ConstraintEditor-2002: [F:/SME_files/SME309/codes/SME209_codes/lab2/PDS_Lab2_Template/Hardware/Constraint_Source/Top.fdc(line number: 159)] | Port SevenSegCatHL[14] has been placed at location B2, whose type is share pin.
C: ConstraintEditor-2002: [F:/SME_files/SME309/codes/SME209_codes/lab2/PDS_Lab2_Template/Hardware/Constraint_Source/Top.fdc(line number: 167)] | Port SevenSegCatHL[13] has been placed at location B3, whose type is share pin.
C: ConstraintEditor-2002: [F:/SME_files/SME309/codes/SME209_codes/lab2/PDS_Lab2_Template/Hardware/Constraint_Source/Top.fdc(line number: 175)] | Port SevenSegCatHL[12] has been placed at location A1, whose type is share pin.
C: ConstraintEditor-2002: [F:/SME_files/SME309/codes/SME209_codes/lab2/PDS_Lab2_Template/Hardware/Constraint_Source/Top.fdc(line number: 183)] | Port SevenSegCatHL[11] has been placed at location B1, whose type is share pin.
C: ConstraintEditor-2002: [F:/SME_files/SME309/codes/SME209_codes/lab2/PDS_Lab2_Template/Hardware/Constraint_Source/Top.fdc(line number: 191)] | Port SevenSegCatHL[10] has been placed at location A3, whose type is share pin.
C: ConstraintEditor-2002: [F:/SME_files/SME309/codes/SME209_codes/lab2/PDS_Lab2_Template/Hardware/Constraint_Source/Top.fdc(line number: 199)] | Port SevenSegCatHL[9] has been placed at location A4, whose type is share pin.
C: ConstraintEditor-2002: [F:/SME_files/SME309/codes/SME209_codes/lab2/PDS_Lab2_Template/Hardware/Constraint_Source/Top.fdc(line number: 207)] | Port SevenSegCatHL[8] has been placed at location B4, whose type is share pin.
Constraint check end.
C: SDC-2025: Clock source 'n:CLK_undiv' need a clock constraint, please use 'create_clock' or 'create_generate_clock' to generate.
Executing : get_ports CLK_undiv
Executing : get_ports CLK_undiv successfully.
Executing : create_clock -name TOP|CLK_undiv [get_ports CLK_undiv] -period 1000.000 -waveform {0.000 500.000} -add
Executing : create_clock -name TOP|CLK_undiv [get_ports CLK_undiv] -period 1000.000 -waveform {0.000 500.000} -add successfully.
Executing : set_clock_groups -name Inferred_clock_group_0 -asynchronous -group TOP|CLK_undiv
Executing : set_clock_groups -name Inferred_clock_group_0 -asynchronous -group TOP|CLK_undiv successfully.
C: SDC-2025: Clock source 'n:genblk1.clk_counter [24]' need a clock constraint, please use 'create_clock' or 'create_generate_clock' to generate.
Start pre-mapping.
Executing : pre-mapping successfully. Time elapsed: 0.016s wall, 0.016s user + 0.000s system = 0.016s CPU (98.8%)

Start mod-gen.
I: Constant propagation done on out_xor (bmsREDXOR).
I: Constant propagation done on out_xor_1 (bmsREDXOR).
I: Constant propagation done on out_xor_2 (bmsREDXOR).
I: Constant propagation done on out_xor_3 (bmsREDXOR).
I: Constant propagation done on out_xor_4 (bmsREDXOR).
I: Constant propagation done on out_xor_5 (bmsREDXOR).
I: Constant propagation done on out_xor_6 (bmsREDXOR).
I: Constant propagation done on out_xor_7 (bmsREDXOR).
I: Constant propagation done on out_xor (bmsREDXOR).
I: Constant propagation done on out_xor_1 (bmsREDXOR).
Executing : mod-gen successfully. Time elapsed: 0.073s wall, 0.031s user + 0.000s system = 0.031s CPU (42.8%)

Start logic-optimization.
Executing : logic-optimization successfully. Time elapsed: 0.327s wall, 0.078s user + 0.000s system = 0.078s CPU (23.9%)

Start tech-mapping phase 1.
W: Public-4008: Instance 'wrapper1/LED[12]' of 'bmsWIDEDFFCPE' unit is dangling and will be cleaned.
W: Public-4008: Instance 'wrapper1/LED[13]' of 'bmsWIDEDFFCPE' unit is dangling and will be cleaned.
W: Public-4008: Instance 'wrapper1/LED[14]' of 'bmsWIDEDFFCPE' unit is dangling and will be cleaned.
W: Public-4008: Instance 'wrapper1/LED[15]' of 'bmsWIDEDFFCPE' unit is dangling and will be cleaned.
W: Public-4008: Instance 'wrapper1/LED[0]' of 'bmsWIDEDFFCPE' unit is dangling and will be cleaned.
W: Public-4008: Instance 'wrapper1/LED[1]' of 'bmsWIDEDFFCPE' unit is dangling and will be cleaned.
W: Public-4008: Instance 'wrapper1/LED[10]' of 'bmsWIDEDFFCPE' unit is dangling and will be cleaned.
W: Public-4008: Instance 'wrapper1/LED[11]' of 'bmsWIDEDFFCPE' unit is dangling and will be cleaned.
Executing : tech-mapping phase 1 successfully. Time elapsed: 0.010s wall, 0.000s user + 0.000s system = 0.000s CPU (n/a%)

Start tech-mapping phase 2.
Executing : tech-mapping phase 2 successfully. Time elapsed: 0.076s wall, 0.000s user + 0.000s system = 0.000s CPU (n/a%)

Start tech-optimization.
W: Unable to honor max fanout constraint for gtp_inv driven net RESET
W: Unable to honor max fanout constraint for gtp_inv driven net RESET
Executing : tech-optimization successfully. Time elapsed: 0.036s wall, 0.000s user + 0.000s system = 0.000s CPU (n/a%)

Start phys-optimization.
Executing : phys-optimization successfully. Time elapsed: 0.000s wall, 0.000s user + 0.000s system = 0.000s CPU (n/a%)

Start restore-hierarchy.
Executing : restore-hierarchy successfully. Time elapsed: 0.005s wall, 0.000s user + 0.000s system = 0.000s CPU (n/a%)

W: Unable to honor max fanout constraint for gtp_inv driven net RESET
W: Unable to honor max fanout constraint for gtp_inv driven net RESET

Cell Usage:
ARM                           1 use
GTP_DFF_C                    26 uses
GTP_DFF_CE                   32 uses
GTP_DFF_PE                    1 use
GTP_DRM18K_E1                 1 use
GTP_GRS                       1 use
GTP_INV                       1 use
GTP_LUT1                      5 uses
GTP_LUT2                      1 use
GTP_LUT3                      1 use
GTP_LUT4                      3 uses
GTP_LUT5                     13 uses
GTP_LUT6                     28 uses
GTP_LUT6CARRY                40 uses
GTP_LUT6D                    41 uses
GTP_RAM128X1SP               32 uses
GTP_ROM64X1                  36 uses

I/O ports: 42
GTP_INBUF                  10 uses
GTP_OUTBUF                 32 uses

Mapping Summary:
Total LUTs: 232 of 35800 (0.65%)
	LUTs as dram: 64 of 9500 (0.67%)
	LUTs as logic: 168
Total Registers: 59 of 71600 (0.08%)
Total Latches: 0

DRM36K/FIFO:
Total DRM = 0.5 of 85 (0.59%)

APMs:
Total APMs = 0.00 of 120 (0.00%)

Total I/O ports = 42 of 209 (20.10%)


Overview of Control Sets:

Number of unique control sets : 4

Histogram:
**************************************************************
  Fanout      | Count    | Sync Set/Reset    Async Set/Reset
--------------------------------------------------------------
  [0, 2)      | 0        | 0                 0
  [2, 4)      | 0        | 0                 0
  [4, 6)      | 0        | 0                 0
  [6, 8)      | 0        | 0                 0
  [8, 10)     | 2        | 0                 2
  [10, 12)    | 0        | 0                 0
  [12, 14)    | 0        | 0                 0
  [14, 16)    | 0        | 0                 0
  [16, Inf)   | 2        | 0                 2
--------------------------------------------------------------
  The maximum fanout: 25
==============================================================

Flip-Flop Distribution:
************************************************************************
  Clock Enable    Sync Set/Reset    Async Set/Reset    Total Registers
------------------------------------------------------------------------
  NO              NO                NO                 0
  NO              NO                YES                26
  NO              YES               NO                 0
  YES             NO                NO                 0
  YES             NO                YES                33
  YES             YES               NO                 0
========================================================================

Latch Distribution:
************************************************
  Gate Enable    Preset/Clear    Total Latches
************************************************
  NO             NO              0
  NO             YES             0
  YES            NO              0
  YES            YES             0
************************************************

Design 'TOP' has been successfully synthesized to architecture-specific objects.
Saving design to DB.
Saving design to TOP_syn.vm
Constructing timing graph ...
Timing graph has been constructed successfully
W: STA-3011: Clock pin 'wrapper1/DATA_VAR_MEM_a_0/WCLK' (GTP_RAM128X1SP.WCLK) has no clock, timing propagation is disabled at the pin.
W: STA-3011: Clock pin 'wrapper1/DATA_VAR_MEM_a_1/WCLK' (GTP_RAM128X1SP.WCLK) has no clock, timing propagation is disabled at the pin.
W: STA-3011: Clock pin 'wrapper1/DATA_VAR_MEM_a_2/WCLK' (GTP_RAM128X1SP.WCLK) has no clock, timing propagation is disabled at the pin.
W: STA-3011: Clock pin 'wrapper1/DATA_VAR_MEM_a_3/WCLK' (GTP_RAM128X1SP.WCLK) has no clock, timing propagation is disabled at the pin.
W: STA-3011: Clock pin 'wrapper1/DATA_VAR_MEM_a_4/WCLK' (GTP_RAM128X1SP.WCLK) has no clock, timing propagation is disabled at the pin.
W: STA-3011: Clock pin 'wrapper1/DATA_VAR_MEM_a_5/WCLK' (GTP_RAM128X1SP.WCLK) has no clock, timing propagation is disabled at the pin.
W: STA-3011: Clock pin 'wrapper1/DATA_VAR_MEM_a_6/WCLK' (GTP_RAM128X1SP.WCLK) has no clock, timing propagation is disabled at the pin.
W: STA-3011: Clock pin 'wrapper1/DATA_VAR_MEM_a_7/WCLK' (GTP_RAM128X1SP.WCLK) has no clock, timing propagation is disabled at the pin.
W: STA-3011: Clock pin 'wrapper1/DATA_VAR_MEM_a_8/WCLK' (GTP_RAM128X1SP.WCLK) has no clock, timing propagation is disabled at the pin.
W: STA-3011: Clock pin 'wrapper1/DATA_VAR_MEM_a_9/WCLK' (GTP_RAM128X1SP.WCLK) has no clock, timing propagation is disabled at the pin.
W: STA-3011: Clock pin 'wrapper1/DATA_VAR_MEM_a_10/WCLK' (GTP_RAM128X1SP.WCLK) has no clock, timing propagation is disabled at the pin.
W: STA-3011: Clock pin 'wrapper1/DATA_VAR_MEM_a_11/WCLK' (GTP_RAM128X1SP.WCLK) has no clock, timing propagation is disabled at the pin.
W: STA-3011: Clock pin 'wrapper1/DATA_VAR_MEM_a_12/WCLK' (GTP_RAM128X1SP.WCLK) has no clock, timing propagation is disabled at the pin.
W: STA-3011: Clock pin 'wrapper1/DATA_VAR_MEM_a_13/WCLK' (GTP_RAM128X1SP.WCLK) has no clock, timing propagation is disabled at the pin.
W: STA-3011: Clock pin 'wrapper1/DATA_VAR_MEM_a_14/WCLK' (GTP_RAM128X1SP.WCLK) has no clock, timing propagation is disabled at the pin.
W: STA-3011: Clock pin 'wrapper1/DATA_VAR_MEM_a_15/WCLK' (GTP_RAM128X1SP.WCLK) has no clock, timing propagation is disabled at the pin.
W: STA-3011: Clock pin 'wrapper1/DATA_VAR_MEM_a_16/WCLK' (GTP_RAM128X1SP.WCLK) has no clock, timing propagation is disabled at the pin.
W: STA-3011: Clock pin 'wrapper1/DATA_VAR_MEM_a_17/WCLK' (GTP_RAM128X1SP.WCLK) has no clock, timing propagation is disabled at the pin.
W: STA-3011: Clock pin 'wrapper1/DATA_VAR_MEM_a_18/WCLK' (GTP_RAM128X1SP.WCLK) has no clock, timing propagation is disabled at the pin.
W: STA-3011: Clock pin 'wrapper1/DATA_VAR_MEM_a_19/WCLK' (GTP_RAM128X1SP.WCLK) has no clock, timing propagation is disabled at the pin.
W: STA-3011: Clock pin 'wrapper1/DATA_VAR_MEM_a_20/WCLK' (GTP_RAM128X1SP.WCLK) has no clock, timing propagation is disabled at the pin.
W: STA-3011: Clock pin 'wrapper1/DATA_VAR_MEM_a_21/WCLK' (GTP_RAM128X1SP.WCLK) has no clock, timing propagation is disabled at the pin.
W: STA-3011: Clock pin 'wrapper1/DATA_VAR_MEM_a_22/WCLK' (GTP_RAM128X1SP.WCLK) has no clock, timing propagation is disabled at the pin.
W: STA-3011: Clock pin 'wrapper1/DATA_VAR_MEM_a_23/WCLK' (GTP_RAM128X1SP.WCLK) has no clock, timing propagation is disabled at the pin.
W: STA-3011: Clock pin 'wrapper1/DATA_VAR_MEM_a_24/WCLK' (GTP_RAM128X1SP.WCLK) has no clock, timing propagation is disabled at the pin.
W: STA-3011: Clock pin 'wrapper1/DATA_VAR_MEM_a_25/WCLK' (GTP_RAM128X1SP.WCLK) has no clock, timing propagation is disabled at the pin.
W: STA-3011: Clock pin 'wrapper1/DATA_VAR_MEM_a_26/WCLK' (GTP_RAM128X1SP.WCLK) has no clock, timing propagation is disabled at the pin.
W: STA-3011: Clock pin 'wrapper1/DATA_VAR_MEM_a_27/WCLK' (GTP_RAM128X1SP.WCLK) has no clock, timing propagation is disabled at the pin.
W: STA-3011: Clock pin 'wrapper1/DATA_VAR_MEM_a_28/WCLK' (GTP_RAM128X1SP.WCLK) has no clock, timing propagation is disabled at the pin.
W: STA-3011: Clock pin 'wrapper1/DATA_VAR_MEM_a_29/WCLK' (GTP_RAM128X1SP.WCLK) has no clock, timing propagation is disabled at the pin.
W: STA-3011: Clock pin 'wrapper1/DATA_VAR_MEM_a_30/WCLK' (GTP_RAM128X1SP.WCLK) has no clock, timing propagation is disabled at the pin.
W: STA-3011: Clock pin 'wrapper1/DATA_VAR_MEM_a_31/WCLK' (GTP_RAM128X1SP.WCLK) has no clock, timing propagation is disabled at the pin.
W: STA-3011: Clock pin 'wrapper1/DATA_VAR_MEM_b/CLKA' (GTP_DRM18K_E1.CLKA) has no clock, timing propagation is disabled at the pin.
W: STA-3011: Clock pin 'wrapper1/DATA_VAR_MEM_b/CLKB' (GTP_DRM18K_E1.CLKB) has no clock, timing propagation is disabled at the pin.
W: STA-3011: Clock pin 'wrapper1/LED[2]/CLK' (GTP_DFF_C.CLK) has no clock, timing propagation is disabled at the pin.
W: STA-3011: Clock pin 'wrapper1/LED[3]/CLK' (GTP_DFF_C.CLK) has no clock, timing propagation is disabled at the pin.
W: STA-3011: Clock pin 'wrapper1/LED[4]/CLK' (GTP_DFF_C.CLK) has no clock, timing propagation is disabled at the pin.
W: STA-3011: Clock pin 'wrapper1/LED[5]/CLK' (GTP_DFF_C.CLK) has no clock, timing propagation is disabled at the pin.
W: STA-3011: Clock pin 'wrapper1/LED[6]/CLK' (GTP_DFF_C.CLK) has no clock, timing propagation is disabled at the pin.
W: STA-3011: Clock pin 'wrapper1/LED[7]/CLK' (GTP_DFF_C.CLK) has no clock, timing propagation is disabled at the pin.
W: STA-3011: Clock pin 'wrapper1/LED[8]/CLK' (GTP_DFF_C.CLK) has no clock, timing propagation is disabled at the pin.
W: STA-3011: Clock pin 'wrapper1/LED[9]/CLK' (GTP_DFF_C.CLK) has no clock, timing propagation is disabled at the pin.
W: Timing-4087: Port 'LED[0]' is not constrained, it is treated as combinational output.
W: Timing-4087: Port 'LED[1]' is not constrained, it is treated as combinational output.
W: Timing-4087: Port 'LED[2]' is not constrained, it is treated as combinational output.
W: Timing-4087: Port 'LED[3]' is not constrained, it is treated as combinational output.
W: Timing-4087: Port 'LED[4]' is not constrained, it is treated as combinational output.
W: Timing-4087: Port 'LED[5]' is not constrained, it is treated as combinational output.
W: Timing-4087: Port 'LED[6]' is not constrained, it is treated as combinational output.
W: Timing-4087: Port 'LED[7]' is not constrained, it is treated as combinational output.
W: Timing-4087: Port 'SevenSegAn[0]' is not constrained, it is treated as combinational output.
W: Timing-4087: Port 'SevenSegAn[1]' is not constrained, it is treated as combinational output.
W: Timing-4087: Port 'SevenSegAn[2]' is not constrained, it is treated as combinational output.
W: Timing-4087: Port 'SevenSegAn[3]' is not constrained, it is treated as combinational output.
W: Timing-4087: Port 'SevenSegAn[4]' is not constrained, it is treated as combinational output.
W: Timing-4087: Port 'SevenSegAn[5]' is not constrained, it is treated as combinational output.
W: Timing-4087: Port 'SevenSegAn[6]' is not constrained, it is treated as combinational output.
W: Timing-4087: Port 'SevenSegAn[7]' is not constrained, it is treated as combinational output.
W: Timing-4087: Port 'SevenSegCatHL[0]' is not constrained, it is treated as combinational output.
W: Timing-4087: Port 'SevenSegCatHL[1]' is not constrained, it is treated as combinational output.
W: Timing-4087: Port 'SevenSegCatHL[2]' is not constrained, it is treated as combinational output.
W: Timing-4087: Port 'SevenSegCatHL[3]' is not constrained, it is treated as combinational output.
W: Timing-4087: Port 'SevenSegCatHL[4]' is not constrained, it is treated as combinational output.
W: Timing-4087: Port 'SevenSegCatHL[5]' is not constrained, it is treated as combinational output.
W: Timing-4087: Port 'SevenSegCatHL[6]' is not constrained, it is treated as combinational output.
W: Timing-4087: Port 'SevenSegCatHL[7]' is not constrained, it is treated as combinational output.
W: Timing-4087: Port 'SevenSegCatHL[8]' is not constrained, it is treated as combinational output.
W: Timing-4087: Port 'SevenSegCatHL[9]' is not constrained, it is treated as combinational output.
W: Timing-4087: Port 'SevenSegCatHL[10]' is not constrained, it is treated as combinational output.
W: Timing-4087: Port 'SevenSegCatHL[11]' is not constrained, it is treated as combinational output.
W: Timing-4087: Port 'SevenSegCatHL[12]' is not constrained, it is treated as combinational output.
W: Timing-4087: Port 'SevenSegCatHL[13]' is not constrained, it is treated as combinational output.
W: Timing-4087: Port 'SevenSegCatHL[14]' is not constrained, it is treated as combinational output.
W: Timing-4087: Port 'SevenSegCatHL[15]' is not constrained, it is treated as combinational output.
W: Timing-4086: Port 'DIP[0]' is not constrained, it is treated as combinational input.
W: Timing-4086: Port 'DIP[1]' is not constrained, it is treated as combinational input.
W: Timing-4086: Port 'DIP[2]' is not constrained, it is treated as combinational input.
W: Timing-4086: Port 'DIP[3]' is not constrained, it is treated as combinational input.
W: Timing-4086: Port 'DIP[4]' is not constrained, it is treated as combinational input.
W: Timing-4086: Port 'DIP[5]' is not constrained, it is treated as combinational input.
W: Timing-4086: Port 'DIP[6]' is not constrained, it is treated as combinational input.
W: Timing-4086: Port 'PAUSE_n' is not constrained, it is treated as combinational input.
W: Timing-4086: Port 'RESET_n' is not constrained, it is treated as combinational input.
W: Timing-4076: Timing propagation is skipped at (blackbox) pin 'wrapper1/ARM1/PC[2]'.
W: Timing-4076: Timing propagation is skipped at (blackbox) pin 'wrapper1/ARM1/PC[3]'.
W: Timing-4076: Timing propagation is skipped at (blackbox) pin 'wrapper1/ARM1/PC[4]'.
W: Timing-4076: Timing propagation is skipped at (blackbox) pin 'wrapper1/ARM1/PC[5]'.
W: Timing-4076: Timing propagation is skipped at (blackbox) pin 'wrapper1/ARM1/PC[6]'.
W: Timing-4076: Timing propagation is skipped at (blackbox) pin 'wrapper1/ARM1/PC[7]'.
W: Timing-4076: Timing propagation is skipped at (blackbox) pin 'wrapper1/ARM1/PC[8]'.
W: Timing-4076: Timing propagation is skipped at (blackbox) pin 'wrapper1/ARM1/PC[12]'.
W: Timing-4076: Timing propagation is skipped at (blackbox) pin 'wrapper1/ARM1/PC[13]'.
W: Timing-4076: Timing propagation is skipped at (blackbox) pin 'wrapper1/ARM1/PC[14]'.
W: Timing-4076: Timing propagation is skipped at (blackbox) pin 'wrapper1/ARM1/PC[15]'.
W: Timing-4076: Timing propagation is skipped at (blackbox) pin 'wrapper1/ARM1/PC[16]'.
W: Timing-4076: Timing propagation is skipped at (blackbox) pin 'wrapper1/ARM1/PC[17]'.
W: Timing-4076: Timing propagation is skipped at (blackbox) pin 'wrapper1/ARM1/PC[18]'.
W: Timing-4076: Timing propagation is skipped at (blackbox) pin 'wrapper1/ARM1/PC[19]'.
W: Timing-4076: Timing propagation is skipped at (blackbox) pin 'wrapper1/ARM1/PC[20]'.
W: Timing-4076: Timing propagation is skipped at (blackbox) pin 'wrapper1/ARM1/PC[21]'.
W: Timing-4076: Timing propagation is skipped at (blackbox) pin 'wrapper1/ARM1/PC[22]'.
W: Timing-4076: Timing propagation is skipped at (blackbox) pin 'wrapper1/ARM1/PC[23]'.
W: Timing-4076: Timing propagation is skipped at (blackbox) pin 'wrapper1/ARM1/PC[24]'.
W: Timing-4076: Timing propagation is skipped at (blackbox) pin 'wrapper1/ARM1/PC[25]'.
W: Timing-4076: Timing propagation is skipped at (blackbox) pin 'wrapper1/ARM1/PC[26]'.
W: Timing-4076: Timing propagation is skipped at (blackbox) pin 'wrapper1/ARM1/PC[27]'.
W: Timing-4076: Timing propagation is skipped at (blackbox) pin 'wrapper1/ARM1/PC[28]'.
W: Timing-4076: Timing propagation is skipped at (blackbox) pin 'wrapper1/ARM1/PC[29]'.
W: Timing-4076: Timing propagation is skipped at (blackbox) pin 'wrapper1/ARM1/PC[10]'.
W: Timing-4076: Timing propagation is skipped at (blackbox) pin 'wrapper1/ARM1/PC[11]'.
W: Timing-4076: Timing propagation is skipped at (blackbox) pin 'wrapper1/ARM1/PC[30]'.
W: Timing-4076: Timing propagation is skipped at (blackbox) pin 'wrapper1/ARM1/PC[31]'.
W: Timing-4076: Timing propagation is skipped at (blackbox) pin 'wrapper1/ARM1/PC[9]'.
W: Timing-4076: Timing propagation is skipped at (blackbox) pin 'wrapper1/ARM1/PC[0]'.
W: Timing-4076: Timing propagation is skipped at (blackbox) pin 'wrapper1/ARM1/PC[1]'.
W: Timing-4076: Timing propagation is skipped at (blackbox) pin 'wrapper1/ARM1/ALUResult[8]'.
W: Timing-4076: Timing propagation is skipped at (blackbox) pin 'wrapper1/ARM1/ALUResult[7]'.
W: Timing-4076: Timing propagation is skipped at (blackbox) pin 'wrapper1/ARM1/ALUResult[6]'.
W: Timing-4076: Timing propagation is skipped at (blackbox) pin 'wrapper1/ARM1/ALUResult[5]'.
W: Timing-4076: Timing propagation is skipped at (blackbox) pin 'wrapper1/ARM1/ALUResult[4]'.
W: Timing-4076: Timing propagation is skipped at (blackbox) pin 'wrapper1/ARM1/ALUResult[3]'.
W: Timing-4076: Timing propagation is skipped at (blackbox) pin 'wrapper1/ARM1/ALUResult[2]'.
W: Timing-4076: Timing propagation is skipped at (blackbox) pin 'wrapper1/ARM1/ALUResult[9]'.
W: Timing-4076: Timing propagation is skipped at (blackbox) pin 'wrapper1/ARM1/ALUResult[11]'.
W: Timing-4076: Timing propagation is skipped at (blackbox) pin 'wrapper1/ARM1/ALUResult[30]'.
W: Timing-4076: Timing propagation is skipped at (blackbox) pin 'wrapper1/ARM1/ALUResult[31]'.
W: Timing-4076: Timing propagation is skipped at (blackbox) pin 'wrapper1/ARM1/ALUResult[12]'.
W: Timing-4076: Timing propagation is skipped at (blackbox) pin 'wrapper1/ARM1/ALUResult[13]'.
W: Timing-4076: Timing propagation is skipped at (blackbox) pin 'wrapper1/ARM1/ALUResult[14]'.
W: Timing-4076: Timing propagation is skipped at (blackbox) pin 'wrapper1/ARM1/ALUResult[15]'.
W: Timing-4076: Timing propagation is skipped at (blackbox) pin 'wrapper1/ARM1/ALUResult[16]'.
W: Timing-4076: Timing propagation is skipped at (blackbox) pin 'wrapper1/ARM1/ALUResult[17]'.
W: Timing-4076: Timing propagation is skipped at (blackbox) pin 'wrapper1/ARM1/ALUResult[18]'.
W: Timing-4076: Timing propagation is skipped at (blackbox) pin 'wrapper1/ARM1/ALUResult[19]'.
W: Timing-4076: Timing propagation is skipped at (blackbox) pin 'wrapper1/ARM1/ALUResult[20]'.
W: Timing-4076: Timing propagation is skipped at (blackbox) pin 'wrapper1/ARM1/ALUResult[21]'.
W: Timing-4076: Timing propagation is skipped at (blackbox) pin 'wrapper1/ARM1/ALUResult[22]'.
W: Timing-4076: Timing propagation is skipped at (blackbox) pin 'wrapper1/ARM1/ALUResult[23]'.
W: Timing-4076: Timing propagation is skipped at (blackbox) pin 'wrapper1/ARM1/ALUResult[24]'.
W: Timing-4076: Timing propagation is skipped at (blackbox) pin 'wrapper1/ARM1/ALUResult[25]'.
W: Timing-4076: Timing propagation is skipped at (blackbox) pin 'wrapper1/ARM1/ALUResult[26]'.
W: Timing-4076: Timing propagation is skipped at (blackbox) pin 'wrapper1/ARM1/ALUResult[27]'.
W: Timing-4076: Timing propagation is skipped at (blackbox) pin 'wrapper1/ARM1/ALUResult[28]'.
W: Timing-4076: Timing propagation is skipped at (blackbox) pin 'wrapper1/ARM1/ALUResult[29]'.
W: Timing-4076: Timing propagation is skipped at (blackbox) pin 'wrapper1/ARM1/ALUResult[10]'.
W: Timing-4076: Timing propagation is skipped at (blackbox) pin 'wrapper1/ARM1/ALUResult[0]'.
W: Timing-4076: Timing propagation is skipped at (blackbox) pin 'wrapper1/ARM1/ALUResult[1]'.
W: Timing-4077: Timing on node 'wrapper1/ARM1/Reset' is not backward propagated.
W: Timing-4077: Timing on node 'wrapper1/ARM1/ReadData[24]' is not backward propagated.
W: Timing-4077: Timing on node 'wrapper1/ARM1/ReadData[18]' is not backward propagated.
W: Timing-4077: Timing on node 'wrapper1/ARM1/ReadData[17]' is not backward propagated.
W: Timing-4077: Timing on node 'wrapper1/ARM1/ReadData[11]' is not backward propagated.
W: Timing-4077: Timing on node 'wrapper1/ARM1/ReadData[5]' is not backward propagated.
W: Timing-4077: Timing on node 'wrapper1/ARM1/ReadData[4]' is not backward propagated.
W: Timing-4077: Timing on node 'wrapper1/ARM1/ReadData[2]' is not backward propagated.
W: Timing-4077: Timing on node 'wrapper1/ARM1/ReadData[1]' is not backward propagated.
W: Timing-4077: Timing on node 'wrapper1/ARM1/ReadData[0]' is not backward propagated.
W: Timing-4077: Timing on node 'wrapper1/ARM1/ReadData[13]' is not backward propagated.
W: Timing-4077: Timing on node 'wrapper1/ARM1/ReadData[31]' is not backward propagated.
W: Timing-4077: Timing on node 'wrapper1/ARM1/ReadData[16]' is not backward propagated.
W: Timing-4077: Timing on node 'wrapper1/ARM1/ReadData[30]' is not backward propagated.
W: Timing-4077: Timing on node 'wrapper1/ARM1/ReadData[29]' is not backward propagated.
W: Timing-4077: Timing on node 'wrapper1/ARM1/ReadData[19]' is not backward propagated.
W: Timing-4077: Timing on node 'wrapper1/ARM1/ReadData[28]' is not backward propagated.
W: Timing-4077: Timing on node 'wrapper1/ARM1/ReadData[20]' is not backward propagated.
W: Timing-4077: Timing on node 'wrapper1/ARM1/ReadData[27]' is not backward propagated.
W: Timing-4077: Timing on node 'wrapper1/ARM1/ReadData[21]' is not backward propagated.
W: Timing-4077: Timing on node 'wrapper1/ARM1/ReadData[26]' is not backward propagated.
W: Timing-4077: Timing on node 'wrapper1/ARM1/ReadData[22]' is not backward propagated.
W: Timing-4077: Timing on node 'wrapper1/ARM1/ReadData[25]' is not backward propagated.
W: Timing-4077: Timing on node 'wrapper1/ARM1/ReadData[23]' is not backward propagated.
W: Timing-4077: Timing on node 'wrapper1/ARM1/ReadData[15]' is not backward propagated.
W: Timing-4077: Timing on node 'wrapper1/ARM1/ReadData[14]' is not backward propagated.
W: Timing-4077: Timing on node 'wrapper1/ARM1/ReadData[12]' is not backward propagated.
W: Timing-4077: Timing on node 'wrapper1/ARM1/ReadData[10]' is not backward propagated.
W: Timing-4077: Timing on node 'wrapper1/ARM1/ReadData[9]' is not backward propagated.
W: Timing-4077: Timing on node 'wrapper1/ARM1/ReadData[3]' is not backward propagated.
W: Timing-4077: Timing on node 'wrapper1/ARM1/ReadData[8]' is not backward propagated.
W: Timing-4077: Timing on node 'wrapper1/ARM1/ReadData[6]' is not backward propagated.
W: Timing-4077: Timing on node 'wrapper1/ARM1/ReadData[7]' is not backward propagated.
W: Timing-4077: Timing on node 'wrapper1/ARM1/Instr[28]' is not backward propagated.
W: Timing-4077: Timing on node 'wrapper1/ARM1/Instr[31]' is not backward propagated.
W: Timing-4077: Timing on node 'wrapper1/ARM1/Instr[30]' is not backward propagated.
W: Timing-4077: Timing on node 'wrapper1/ARM1/Instr[29]' is not backward propagated.
W: Timing-4077: Timing on node 'wrapper1/ARM1/Instr[26]' is not backward propagated.
W: Timing-4077: Timing on node 'wrapper1/ARM1/Instr[27]' is not backward propagated.
W: Timing-4077: Timing on node 'wrapper1/ARM1/Instr[21]' is not backward propagated.
W: Timing-4077: Timing on node 'wrapper1/ARM1/Instr[25]' is not backward propagated.
W: Timing-4077: Timing on node 'wrapper1/ARM1/Instr[23]' is not backward propagated.
W: Timing-4077: Timing on node 'wrapper1/ARM1/Instr[24]' is not backward propagated.
W: Timing-4077: Timing on node 'wrapper1/ARM1/Instr[19]' is not backward propagated.
W: Timing-4077: Timing on node 'wrapper1/ARM1/Instr[22]' is not backward propagated.
W: Timing-4077: Timing on node 'wrapper1/ARM1/Instr[20]' is not backward propagated.
W: Timing-4077: Timing on node 'wrapper1/ARM1/Instr[18]' is not backward propagated.
W: Timing-4077: Timing on node 'wrapper1/ARM1/Instr[16]' is not backward propagated.
W: Timing-4077: Timing on node 'wrapper1/ARM1/Instr[17]' is not backward propagated.
W: Timing-4077: Timing on node 'wrapper1/ARM1/Instr[1]' is not backward propagated.
W: Timing-4077: Timing on node 'wrapper1/ARM1/Instr[15]' is not backward propagated.
W: Timing-4077: Timing on node 'wrapper1/ARM1/Instr[8]' is not backward propagated.
W: Timing-4077: Timing on node 'wrapper1/ARM1/Instr[14]' is not backward propagated.
W: Timing-4077: Timing on node 'wrapper1/ARM1/Instr[9]' is not backward propagated.
W: Timing-4077: Timing on node 'wrapper1/ARM1/Instr[13]' is not backward propagated.
W: Timing-4077: Timing on node 'wrapper1/ARM1/Instr[2]' is not backward propagated.
W: Timing-4077: Timing on node 'wrapper1/ARM1/Instr[12]' is not backward propagated.
W: Timing-4077: Timing on node 'wrapper1/ARM1/Instr[7]' is not backward propagated.
W: Timing-4077: Timing on node 'wrapper1/ARM1/Instr[11]' is not backward propagated.
W: Timing-4077: Timing on node 'wrapper1/ARM1/Instr[3]' is not backward propagated.
W: Timing-4077: Timing on node 'wrapper1/ARM1/Instr[10]' is not backward propagated.
W: Timing-4077: Timing on node 'wrapper1/ARM1/Instr[4]' is not backward propagated.
W: Timing-4077: Timing on node 'wrapper1/ARM1/Instr[6]' is not backward propagated.
W: Timing-4077: Timing on node 'wrapper1/ARM1/Instr[0]' is not backward propagated.
W: Timing-4077: Timing on node 'wrapper1/ARM1/Instr[5]' is not backward propagated.
W: Timing-4077: Timing on node 'wrapper1/ARM1/CLK' is not backward propagated.
Action synthesize: Real time elapsed is 0h:0m:10s
Action synthesize: CPU time elapsed is 0h:0m:3s
Action synthesize: Process CPU time elapsed is 0h:0m:3s
Current time: Fri Nov  8 19:21:54 2024
Action synthesize: Peak memory pool usage is 284 MB
Process "Synthesize" done.


Process "Device Map" started.
Current time: Fri Nov  8 19:21:55 2024
Compiling architecture definition.
Analyzing project file 'F:/SME_files/SME309/codes/SME209_codes/lab2/PDS_Lab2_Template/Hardware/Design_Source/project.pds'.
Compiling verification operator library.
Compiling common defs.
Loading technology operator library.
Compiling technology operator library.
Compiling technology operator (valence) library.
Compiling operator packing rules.
Compiling prim grid devices.
Compiling gate devices.
Compiling gate operators.
Compiling tech operator impls.
Building architecture model.
Loading device packaging model.
Reading design from translate DB.
NOTE: The technology fpga was specified.
NOTE: delay_model specified was generic_cmos.
NOTE: Using the fpga syntax tables...
Totals:
 Calls to malloc = 0
 Calls to calloc = 149883

C: SDC-2025: Clock source 'n:genblk1.clk_counter [24]' need a clock constraint, please use 'create_clock' or 'create_generate_clock' to generate.
Flattening design 'TOP'
Device mapping started.
Optimizing circuit logic.
Checking design netlist.
Processing tech operator.
I: The instance clkbufg_0(GTP_CLKBUFG) has been inserted on the net nt_CLK_undiv in design, driver pin O(instance CLK_undiv_ibuf) -> load pin CLK(instance count_fast[0]).
Converting tech operator to gate operator.
Processing gate operator.
I: Infer CARRY group, base inst: N8_0_1/gateop, insts:24.
I: Infer CARRY group, base inst: N14_0_1/gateop, insts:16.
Device mapping done.
Total device mapping takes 0.03 sec.

Device Utilization Summary:
+------------------------------------------------------------------------+
| Logic Utilization     | Used     | Available     | Utilization(%)     
+------------------------------------------------------------------------+
| APM                   | 0        | 120           | 0                  
| FF                    | 59       | 71600         | 1                  
| LUT                   | 233      | 35800         | 1                  
| Distributed RAM       | 64       | 9500          | 1                  
| DRM                   | 0.5      | 85            | 1                  
| IO                    | 42       | 209           | 21                 
| RCKB                  | 0        | 20            | 0                  
| SCANCHAIN             | 0        | 1             | 0                  
| USCM                  | 1        | 32            | 4                  
| CCS                   | 1        | 1             | 100                
| ADC                   | 0        | 1             | 0                  
| DDR_PHY               | 0        | 20            | 0                  
| HSSTLP                | 0        | 1             | 0                  
| GPLL                  | 0        | 5             | 0                  
| PPLL                  | 0        | 5             | 0                  
| DDRPHY_CPD            | 0        | 10            | 0                  
| HCKB                  | 0        | 72            | 0                  
| IOCKB                 | 0        | 20            | 0                  
| MRCKB                 | 0        | 10            | 0                  
| PCIE                  | 0        | 1             | 0                  
| DDRPHY_IOCLK_DIV      | 0        | 5             | 0                  
| ANALOG                | 0        | 1             | 0                  
| TSERDES               | 0        | 40            | 0                  
| KEYRAM                | 0        | 1             | 0                  
+------------------------------------------------------------------------+

Design 'TOP' has been successfully mapped to architecture-specific objects.
Saving design to DB.
Action dev_map: Real time elapsed is 0h:0m:12s
Action dev_map: CPU time elapsed is 0h:0m:3s
Action dev_map: Process CPU time elapsed is 0h:0m:3s
Current time: Fri Nov  8 19:22:06 2024
Action dev_map: Peak memory pool usage is 300 MB
Process "Device Map" done.


Process "Place & Route" started.
Current time: Fri Nov  8 19:22:06 2024
Compiling architecture definition.
Analyzing project file 'F:/SME_files/SME309/codes/SME209_codes/lab2/PDS_Lab2_Template/Hardware/Design_Source/project.pds'.
Compiling verification operator library.
Compiling common defs.
Compiling prim grid devices.
Compiling gate devices.
Compiling gate operators.
Building architecture model.
Loading device packaging model.
Building architecture floorplan logic view.
Constraint check start.
Executing : def_port {LED[0]} LOC=K2 VCCIO=3.3 IOSTANDARD=LVCMOS33 DRIVE=4 SLEW=FAST NONE=TRUE
Executing : def_port {LED[0]} LOC=K2 VCCIO=3.3 IOSTANDARD=LVCMOS33 DRIVE=4 SLEW=FAST NONE=TRUE successfully
Executing : def_port {LED[1]} LOC=J2 VCCIO=3.3 IOSTANDARD=LVCMOS33 DRIVE=4 SLEW=FAST NONE=TRUE
Executing : def_port {LED[1]} LOC=J2 VCCIO=3.3 IOSTANDARD=LVCMOS33 DRIVE=4 SLEW=FAST NONE=TRUE successfully
Executing : def_port {LED[2]} LOC=J3 VCCIO=3.3 IOSTANDARD=LVCMOS33 DRIVE=4 SLEW=FAST NONE=TRUE
Executing : def_port {LED[2]} LOC=J3 VCCIO=3.3 IOSTANDARD=LVCMOS33 DRIVE=4 SLEW=FAST NONE=TRUE successfully
Executing : def_port {LED[3]} LOC=H4 VCCIO=3.3 IOSTANDARD=LVCMOS33 DRIVE=4 SLEW=FAST NONE=TRUE
Executing : def_port {LED[3]} LOC=H4 VCCIO=3.3 IOSTANDARD=LVCMOS33 DRIVE=4 SLEW=FAST NONE=TRUE successfully
Executing : def_port {LED[4]} LOC=J4 VCCIO=3.3 IOSTANDARD=LVCMOS33 DRIVE=4 SLEW=FAST NONE=TRUE
Executing : def_port {LED[4]} LOC=J4 VCCIO=3.3 IOSTANDARD=LVCMOS33 DRIVE=4 SLEW=FAST NONE=TRUE successfully
Executing : def_port {LED[5]} LOC=G3 VCCIO=3.3 IOSTANDARD=LVCMOS33 DRIVE=4 SLEW=FAST NONE=TRUE
Executing : def_port {LED[5]} LOC=G3 VCCIO=3.3 IOSTANDARD=LVCMOS33 DRIVE=4 SLEW=FAST NONE=TRUE successfully
Executing : def_port {LED[6]} LOC=G4 VCCIO=3.3 IOSTANDARD=LVCMOS33 DRIVE=4 SLEW=FAST NONE=TRUE
Executing : def_port {LED[6]} LOC=G4 VCCIO=3.3 IOSTANDARD=LVCMOS33 DRIVE=4 SLEW=FAST NONE=TRUE successfully
Executing : def_port {LED[7]} LOC=F6 VCCIO=3.3 IOSTANDARD=LVCMOS33 DRIVE=4 SLEW=FAST NONE=TRUE
Executing : def_port {LED[7]} LOC=F6 VCCIO=3.3 IOSTANDARD=LVCMOS33 DRIVE=4 SLEW=FAST NONE=TRUE successfully
Executing : def_port {SevenSegAn[0]} LOC=G1 VCCIO=3.3 IOSTANDARD=LVCMOS33 DRIVE=4 SLEW=FAST UNUSED=TRUE
Executing : def_port {SevenSegAn[0]} LOC=G1 VCCIO=3.3 IOSTANDARD=LVCMOS33 DRIVE=4 SLEW=FAST UNUSED=TRUE successfully
Executing : def_port {SevenSegAn[1]} LOC=F1 VCCIO=3.3 IOSTANDARD=LVCMOS33 DRIVE=4 SLEW=FAST NONE=TRUE
Executing : def_port {SevenSegAn[1]} LOC=F1 VCCIO=3.3 IOSTANDARD=LVCMOS33 DRIVE=4 SLEW=FAST NONE=TRUE successfully
Executing : def_port {SevenSegAn[2]} LOC=E1 VCCIO=3.3 IOSTANDARD=LVCMOS33 DRIVE=4 SLEW=FAST NONE=TRUE
Executing : def_port {SevenSegAn[2]} LOC=E1 VCCIO=3.3 IOSTANDARD=LVCMOS33 DRIVE=4 SLEW=FAST NONE=TRUE successfully
Executing : def_port {SevenSegAn[3]} LOC=G6 VCCIO=3.3 IOSTANDARD=LVCMOS33 DRIVE=4 SLEW=FAST NONE=TRUE
Executing : def_port {SevenSegAn[3]} LOC=G6 VCCIO=3.3 IOSTANDARD=LVCMOS33 DRIVE=4 SLEW=FAST NONE=TRUE successfully
Executing : def_port {SevenSegAn[4]} LOC=G2 VCCIO=3.3 IOSTANDARD=LVCMOS33 DRIVE=4 SLEW=FAST NONE=TRUE
Executing : def_port {SevenSegAn[4]} LOC=G2 VCCIO=3.3 IOSTANDARD=LVCMOS33 DRIVE=4 SLEW=FAST NONE=TRUE successfully
Executing : def_port {SevenSegAn[5]} LOC=C2 VCCIO=3.3 IOSTANDARD=LVCMOS33 DRIVE=4 SLEW=FAST NONE=TRUE
Executing : def_port {SevenSegAn[5]} LOC=C2 VCCIO=3.3 IOSTANDARD=LVCMOS33 DRIVE=4 SLEW=FAST NONE=TRUE successfully
Executing : def_port {SevenSegAn[6]} LOC=C1 VCCIO=3.3 IOSTANDARD=LVCMOS33 DRIVE=4 SLEW=FAST NONE=TRUE
Executing : def_port {SevenSegAn[6]} LOC=C1 VCCIO=3.3 IOSTANDARD=LVCMOS33 DRIVE=4 SLEW=FAST NONE=TRUE successfully
Executing : def_port {SevenSegAn[7]} LOC=H1 VCCIO=3.3 IOSTANDARD=LVCMOS33 DRIVE=4 SLEW=FAST NONE=TRUE
Executing : def_port {SevenSegAn[7]} LOC=H1 VCCIO=3.3 IOSTANDARD=LVCMOS33 DRIVE=4 SLEW=FAST NONE=TRUE successfully
Executing : def_port {SevenSegCatHL[0]} LOC=D4 VCCIO=3.3 IOSTANDARD=LVCMOS33 DRIVE=4 SLEW=FAST NONE=TRUE
Executing : def_port {SevenSegCatHL[0]} LOC=D4 VCCIO=3.3 IOSTANDARD=LVCMOS33 DRIVE=4 SLEW=FAST NONE=TRUE successfully
Executing : def_port {SevenSegCatHL[1]} LOC=E3 VCCIO=3.3 IOSTANDARD=LVCMOS33 DRIVE=4 SLEW=FAST NONE=TRUE
Executing : def_port {SevenSegCatHL[1]} LOC=E3 VCCIO=3.3 IOSTANDARD=LVCMOS33 DRIVE=4 SLEW=FAST NONE=TRUE successfully
Executing : def_port {SevenSegCatHL[2]} LOC=D3 VCCIO=3.3 IOSTANDARD=LVCMOS33 DRIVE=4 SLEW=FAST NONE=TRUE
Executing : def_port {SevenSegCatHL[2]} LOC=D3 VCCIO=3.3 IOSTANDARD=LVCMOS33 DRIVE=4 SLEW=FAST NONE=TRUE successfully
Executing : def_port {SevenSegCatHL[3]} LOC=F4 VCCIO=3.3 IOSTANDARD=LVCMOS33 DRIVE=4 SLEW=FAST NONE=TRUE
Executing : def_port {SevenSegCatHL[3]} LOC=F4 VCCIO=3.3 IOSTANDARD=LVCMOS33 DRIVE=4 SLEW=FAST NONE=TRUE successfully
Executing : def_port {SevenSegCatHL[4]} LOC=F3 VCCIO=3.3 IOSTANDARD=LVCMOS33 DRIVE=4 SLEW=FAST NONE=TRUE
Executing : def_port {SevenSegCatHL[4]} LOC=F3 VCCIO=3.3 IOSTANDARD=LVCMOS33 DRIVE=4 SLEW=FAST NONE=TRUE successfully
Executing : def_port {SevenSegCatHL[5]} LOC=E2 VCCIO=3.3 IOSTANDARD=LVCMOS33 DRIVE=4 SLEW=FAST NONE=TRUE
Executing : def_port {SevenSegCatHL[5]} LOC=E2 VCCIO=3.3 IOSTANDARD=LVCMOS33 DRIVE=4 SLEW=FAST NONE=TRUE successfully
Executing : def_port {SevenSegCatHL[6]} LOC=D2 VCCIO=3.3 IOSTANDARD=LVCMOS33 DRIVE=4 SLEW=FAST NONE=TRUE
Executing : def_port {SevenSegCatHL[6]} LOC=D2 VCCIO=3.3 IOSTANDARD=LVCMOS33 DRIVE=4 SLEW=FAST NONE=TRUE successfully
Executing : def_port {SevenSegCatHL[7]} LOC=H2 VCCIO=3.3 IOSTANDARD=LVCMOS33 DRIVE=4 SLEW=FAST NONE=TRUE
Executing : def_port {SevenSegCatHL[7]} LOC=H2 VCCIO=3.3 IOSTANDARD=LVCMOS33 DRIVE=4 SLEW=FAST NONE=TRUE successfully
Executing : def_port {SevenSegCatHL[8]} LOC=B4 VCCIO=3.3 IOSTANDARD=LVCMOS33 DRIVE=4 SLEW=FAST NONE=TRUE
C: ConstraintEditor-2002: [F:/SME_files/SME309/codes/SME209_codes/lab2/PDS_Lab2_Template/Hardware/Design_Source/device_map/TOP.pcf(line number: 27)] | Port SevenSegCatHL[8] has been placed at location B4, whose type is share pin.
Executing : def_port {SevenSegCatHL[8]} LOC=B4 VCCIO=3.3 IOSTANDARD=LVCMOS33 DRIVE=4 SLEW=FAST NONE=TRUE successfully
Executing : def_port {SevenSegCatHL[9]} LOC=A4 VCCIO=3.3 IOSTANDARD=LVCMOS33 DRIVE=4 SLEW=FAST NONE=TRUE
C: ConstraintEditor-2002: [F:/SME_files/SME309/codes/SME209_codes/lab2/PDS_Lab2_Template/Hardware/Design_Source/device_map/TOP.pcf(line number: 28)] | Port SevenSegCatHL[9] has been placed at location A4, whose type is share pin.
Executing : def_port {SevenSegCatHL[9]} LOC=A4 VCCIO=3.3 IOSTANDARD=LVCMOS33 DRIVE=4 SLEW=FAST NONE=TRUE successfully
Executing : def_port {SevenSegCatHL[10]} LOC=A3 VCCIO=3.3 IOSTANDARD=LVCMOS33 DRIVE=4 SLEW=FAST NONE=TRUE
C: ConstraintEditor-2002: [F:/SME_files/SME309/codes/SME209_codes/lab2/PDS_Lab2_Template/Hardware/Design_Source/device_map/TOP.pcf(line number: 29)] | Port SevenSegCatHL[10] has been placed at location A3, whose type is share pin.
Executing : def_port {SevenSegCatHL[10]} LOC=A3 VCCIO=3.3 IOSTANDARD=LVCMOS33 DRIVE=4 SLEW=FAST NONE=TRUE successfully
Executing : def_port {SevenSegCatHL[11]} LOC=B1 VCCIO=3.3 IOSTANDARD=LVCMOS33 DRIVE=4 SLEW=FAST NONE=TRUE
C: ConstraintEditor-2002: [F:/SME_files/SME309/codes/SME209_codes/lab2/PDS_Lab2_Template/Hardware/Design_Source/device_map/TOP.pcf(line number: 30)] | Port SevenSegCatHL[11] has been placed at location B1, whose type is share pin.
Executing : def_port {SevenSegCatHL[11]} LOC=B1 VCCIO=3.3 IOSTANDARD=LVCMOS33 DRIVE=4 SLEW=FAST NONE=TRUE successfully
Executing : def_port {SevenSegCatHL[12]} LOC=A1 VCCIO=3.3 IOSTANDARD=LVCMOS33 DRIVE=4 SLEW=FAST NONE=TRUE
C: ConstraintEditor-2002: [F:/SME_files/SME309/codes/SME209_codes/lab2/PDS_Lab2_Template/Hardware/Design_Source/device_map/TOP.pcf(line number: 31)] | Port SevenSegCatHL[12] has been placed at location A1, whose type is share pin.
Executing : def_port {SevenSegCatHL[12]} LOC=A1 VCCIO=3.3 IOSTANDARD=LVCMOS33 DRIVE=4 SLEW=FAST NONE=TRUE successfully
Executing : def_port {SevenSegCatHL[13]} LOC=B3 VCCIO=3.3 IOSTANDARD=LVCMOS33 DRIVE=4 SLEW=FAST NONE=TRUE
C: ConstraintEditor-2002: [F:/SME_files/SME309/codes/SME209_codes/lab2/PDS_Lab2_Template/Hardware/Design_Source/device_map/TOP.pcf(line number: 32)] | Port SevenSegCatHL[13] has been placed at location B3, whose type is share pin.
Executing : def_port {SevenSegCatHL[13]} LOC=B3 VCCIO=3.3 IOSTANDARD=LVCMOS33 DRIVE=4 SLEW=FAST NONE=TRUE successfully
Executing : def_port {SevenSegCatHL[14]} LOC=B2 VCCIO=3.3 IOSTANDARD=LVCMOS33 DRIVE=4 SLEW=FAST NONE=TRUE
C: ConstraintEditor-2002: [F:/SME_files/SME309/codes/SME209_codes/lab2/PDS_Lab2_Template/Hardware/Design_Source/device_map/TOP.pcf(line number: 33)] | Port SevenSegCatHL[14] has been placed at location B2, whose type is share pin.
Executing : def_port {SevenSegCatHL[14]} LOC=B2 VCCIO=3.3 IOSTANDARD=LVCMOS33 DRIVE=4 SLEW=FAST NONE=TRUE successfully
Executing : def_port {SevenSegCatHL[15]} LOC=D5 VCCIO=3.3 IOSTANDARD=LVCMOS33 DRIVE=4 SLEW=FAST NONE=TRUE
Executing : def_port {SevenSegCatHL[15]} LOC=D5 VCCIO=3.3 IOSTANDARD=LVCMOS33 DRIVE=4 SLEW=FAST NONE=TRUE successfully
Executing : def_port {CLK_undiv} LOC=P17 VCCIO=3.3 IOSTANDARD=LVCMOS33 UNUSED=TRUE
Executing : def_port {CLK_undiv} LOC=P17 VCCIO=3.3 IOSTANDARD=LVCMOS33 UNUSED=TRUE successfully
Executing : def_port {DIP[0]} LOC=R1 VCCIO=3.3 IOSTANDARD=LVCMOS33 UNUSED=TRUE
Executing : def_port {DIP[0]} LOC=R1 VCCIO=3.3 IOSTANDARD=LVCMOS33 UNUSED=TRUE successfully
Executing : def_port {DIP[1]} LOC=N4 VCCIO=3.3 IOSTANDARD=LVCMOS33 UNUSED=TRUE
Executing : def_port {DIP[1]} LOC=N4 VCCIO=3.3 IOSTANDARD=LVCMOS33 UNUSED=TRUE successfully
Executing : def_port {DIP[2]} LOC=M4 VCCIO=3.3 IOSTANDARD=LVCMOS33 UNUSED=TRUE
Executing : def_port {DIP[2]} LOC=M4 VCCIO=3.3 IOSTANDARD=LVCMOS33 UNUSED=TRUE successfully
Executing : def_port {DIP[3]} LOC=R2 VCCIO=3.3 IOSTANDARD=LVCMOS33 UNUSED=TRUE
Executing : def_port {DIP[3]} LOC=R2 VCCIO=3.3 IOSTANDARD=LVCMOS33 UNUSED=TRUE successfully
Executing : def_port {DIP[4]} LOC=P2 VCCIO=3.3 IOSTANDARD=LVCMOS33 UNUSED=TRUE
Executing : def_port {DIP[4]} LOC=P2 VCCIO=3.3 IOSTANDARD=LVCMOS33 UNUSED=TRUE successfully
Executing : def_port {DIP[5]} LOC=P3 VCCIO=3.3 IOSTANDARD=LVCMOS33 NONE=TRUE
Executing : def_port {DIP[5]} LOC=P3 VCCIO=3.3 IOSTANDARD=LVCMOS33 NONE=TRUE successfully
Executing : def_port {DIP[6]} LOC=P4 VCCIO=3.3 IOSTANDARD=LVCMOS33 NONE=TRUE
Executing : def_port {DIP[6]} LOC=P4 VCCIO=3.3 IOSTANDARD=LVCMOS33 NONE=TRUE successfully
Executing : def_port {PAUSE_n} LOC=L3 VCCIO=3.3 IOSTANDARD=LVCMOS33 NONE=TRUE
Executing : def_port {PAUSE_n} LOC=L3 VCCIO=3.3 IOSTANDARD=LVCMOS33 NONE=TRUE successfully
Executing : def_port {RESET_n} LOC=L1 VCCIO=3.3 IOSTANDARD=LVCMOS33 NONE=TRUE
Executing : def_port {RESET_n} LOC=L1 VCCIO=3.3 IOSTANDARD=LVCMOS33 NONE=TRUE successfully
Constraint check end.
NOTE: The technology fpga was specified.
NOTE: delay_model specified was generic_cmos.
NOTE: Using the fpga syntax tables...
Totals:
 Calls to malloc = 0
 Calls to calloc = 4002569

I: Column Clock Check open.
Read Column Clock Map.

Placement started.
Phase 1 Pre global placement started.
E: CompilerVal-0174: Unable to execute operator 'ARM'. It has not been analyzed.
Program Error Out.
Action pnr: Real time elapsed is 0h:0m:14s
Action pnr: CPU time elapsed is 0h:0m:2s
Action pnr: Process CPU time elapsed is 0h:0m:2s
Current time: Fri Nov  8 19:22:19 2024
Action pnr: Peak memory pool usage is 781 MB
W: Public-4009: File F:/SME_files/SME309/codes/SME209_codes/lab2/PDS_Lab2_Template/Hardware/Design_Source/ARM.v already exists.
