#Build: Fabric Compiler 2022.1, Build 99559, Jul 12 00:20 2022
#Install: D:\Program Files\PDS\PDS_2022.1\bin
#Application name: pds.exe
#OS: Windows 10 10.0.22631
#Hostname: HTY‘sLaptop
Generated by Fabric Compiler (version 2022.1 build 99559) at Thu Oct 31 20:13:12 2024
Parse module hierarchy of project 'F:/SME_files/SME309/codes/SME209_codes/lab2/PDS_Lab2_Template/Hardware/Design_Source/temp_projects/Main_Flow/Main_Flow.pds' (ADS Parser)
E: Verilog-4005: [F:/SME_files/SME309/codes/SME209_codes/lab2/PDS_Lab2_Template/Hardware/Design_Source/Decoder.v(line number: 39)] Syntax error near <<<
E: Verilog-4005: [F:/SME_files/SME309/codes/SME209_codes/lab2/PDS_Lab2_Template/Hardware/Design_Source/Decoder.v(line number: 41)] Syntax error near ===
E: Verilog-4005: [F:/SME_files/SME309/codes/SME209_codes/lab2/PDS_Lab2_Template/Hardware/Design_Source/Decoder.v(line number: 43)] Syntax error near >>>
E: Verilog-4068: [F:/SME_files/SME309/codes/SME209_codes/lab2/PDS_Lab2_Template/Hardware/Design_Source/Decoder.v(line number: 41)] Only one default statement can be specified within a case statement
E: Verilog-4068: [F:/SME_files/SME309/codes/SME209_codes/lab2/PDS_Lab2_Template/Hardware/Design_Source/Decoder.v(line number: 43)] Only one default statement can be specified within a case statement
E: Verilog-4068: [F:/SME_files/SME309/codes/SME209_codes/lab2/PDS_Lab2_Template/Hardware/Design_Source/Decoder.v(line number: 55)] Only one default statement can be specified within a case statement
E: Parsing ERROR.
Parse module hierarchy of project 'F:/SME_files/SME309/codes/SME209_codes/lab2/PDS_Lab2_Template/Hardware/Design_Source/temp_projects/Main_Flow/Main_Flow.pds' (ADS Parser)
I: Flow-6004: Design file modified: "F:/SME_files/SME309/codes/SME209_codes/lab2/PDS_Lab2_Template/Hardware/Design_Source/Decoder.v". 
E: Verilog-4039: [F:/SME_files/SME309/codes/SME209_codes/lab2/PDS_Lab2_Template/Hardware/Design_Source/Decoder.v(line number: 24)] Identifier Op is not declared
E: Parsing ERROR.
Parse module hierarchy of project 'F:/SME_files/SME309/codes/SME209_codes/lab2/PDS_Lab2_Template/Hardware/Design_Source/temp_projects/Main_Flow/Main_Flow.pds' (ADS Parser)
I: Flow-6004: Design file modified: "F:/SME_files/SME309/codes/SME209_codes/lab2/PDS_Lab2_Template/Hardware/Design_Source/Decoder.v". 
E: Verilog-4102: [F:/SME_files/SME309/codes/SME209_codes/lab2/PDS_Lab2_Template/Hardware/Design_Source/Decoder.v(line number: 46)] It's illegal to do bit or part select on the scalar variable ALUOp
Parse module hierarchy of project 'F:/SME_files/SME309/codes/SME209_codes/lab2/PDS_Lab2_Template/Hardware/Design_Source/temp_projects/Main_Flow/Main_Flow.pds' (ADS Parser)
I: Flow-6004: Design file modified: "F:/SME_files/SME309/codes/SME209_codes/lab2/PDS_Lab2_Template/Hardware/Design_Source/Decoder.v". 
E: Verilog-4070: [F:/SME_files/SME309/codes/SME209_codes/lab2/PDS_Lab2_Template/Hardware/Design_Source/Decoder.v(line number: 26)] Illegal reference to array variable ALUOp
E: Verilog-4070: [F:/SME_files/SME309/codes/SME209_codes/lab2/PDS_Lab2_Template/Hardware/Design_Source/Decoder.v(line number: 28)] Illegal reference to array variable ALUOp
E: Verilog-4070: [F:/SME_files/SME309/codes/SME209_codes/lab2/PDS_Lab2_Template/Hardware/Design_Source/Decoder.v(line number: 30)] Illegal reference to array variable ALUOp
E: Verilog-4070: [F:/SME_files/SME309/codes/SME209_codes/lab2/PDS_Lab2_Template/Hardware/Design_Source/Decoder.v(line number: 32)] Illegal reference to array variable ALUOp
E: Verilog-4070: [F:/SME_files/SME309/codes/SME209_codes/lab2/PDS_Lab2_Template/Hardware/Design_Source/Decoder.v(line number: 34)] Illegal reference to array variable ALUOp
E: Verilog-4070: [F:/SME_files/SME309/codes/SME209_codes/lab2/PDS_Lab2_Template/Hardware/Design_Source/Decoder.v(line number: 36)] Illegal reference to array variable ALUOp
E: Verilog-4070: [F:/SME_files/SME309/codes/SME209_codes/lab2/PDS_Lab2_Template/Hardware/Design_Source/Decoder.v(line number: 38)] Illegal reference to array variable ALUOp
E: Verilog-4070: [F:/SME_files/SME309/codes/SME209_codes/lab2/PDS_Lab2_Template/Hardware/Design_Source/Decoder.v(line number: 40)] Illegal reference to array variable ALUOp
E: Verilog-4058: [F:/SME_files/SME309/codes/SME209_codes/lab2/PDS_Lab2_Template/Hardware/Design_Source/Decoder.v(line number: 46)] A part-select expression is used unreasonably
E: Parsing ERROR.
Parse module hierarchy of project 'F:/SME_files/SME309/codes/SME209_codes/lab2/PDS_Lab2_Template/Hardware/Design_Source/temp_projects/Main_Flow/Main_Flow.pds' (ADS Parser)
I: Flow-6004: Design file modified: "F:/SME_files/SME309/codes/SME209_codes/lab2/PDS_Lab2_Template/Hardware/Design_Source/Decoder.v". 
