#Build: Fabric Compiler 2022.1, Build 99559, Jul 12 00:20 2022
#Install: D:\Program Files\PDS\PDS_2022.1\bin
#Application name: pds.exe
#OS: Windows 10 10.0.22631
#Hostname: HTY‘sLaptop
Generated by Fabric Compiler (version 2022.1 build 99559) at Fri Sep 20 19:06:09 2024
Parse module hierarchy of project 'F:/SME files/SME309/codes/SME209_codes/lab1/project/temp_projects/Main_Flow/Main_Flow.pds' (ADS Parser)
Parse module hierarchy of project 'F:/SME files/SME309/codes/SME209_codes/lab1/project/temp_projects/Main_Flow/Main_Flow.pds' (ADS Parser)
I: Flow-6004: Design file modified: "F:/SME files/SME309/codes/SME209_codes/lab1/project/control.v". 
E: Verilog-4005: [F:/SME files/SME309/codes/SME209_codes/lab1/project/control.v(line number: 33)] Syntax error near end
E: Verilog-4005: [F:/SME files/SME309/codes/SME209_codes/lab1/project/control.v(line number: 37)] Syntax error near end
E: Verilog-4005: [F:/SME files/SME309/codes/SME209_codes/lab1/project/control.v(line number: 50)] Syntax error near end
E: Verilog-4005: [F:/SME files/SME309/codes/SME209_codes/lab1/project/control.v(line number: 54)] Syntax error near end
E: Verilog-4005: [F:/SME files/SME309/codes/SME209_codes/lab1/project/control.v(line number: 67)] Syntax error near end
E: Verilog-4005: [F:/SME files/SME309/codes/SME209_codes/lab1/project/control.v(line number: 71)] Syntax error near end
E: Verilog-4005: [F:/SME files/SME309/codes/SME209_codes/lab1/project/control.v(line number: 81)] Syntax error near end
E: Parsing ERROR.
Parse module hierarchy of project 'F:/SME files/SME309/codes/SME209_codes/lab1/project/temp_projects/Main_Flow/Main_Flow.pds' (ADS Parser)
I: Flow-6004: Design file modified: "F:/SME files/SME309/codes/SME209_codes/lab1/project/control.v". 
E: Verilog-4005: [F:/SME files/SME309/codes/SME209_codes/lab1/project/control.v(line number: 81)] Syntax error near end
E: Parsing ERROR.
Parse module hierarchy of project 'F:/SME files/SME309/codes/SME209_codes/lab1/project/temp_projects/Main_Flow/Main_Flow.pds' (ADS Parser)
I: Flow-6004: Design file modified: "F:/SME files/SME309/codes/SME209_codes/lab1/project/control.v". 
E: Verilog-4005: [F:/SME files/SME309/codes/SME209_codes/lab1/project/control.v(line number: 84)] Syntax error near end
E: Parsing ERROR.
Parse module hierarchy of project 'F:/SME files/SME309/codes/SME209_codes/lab1/project/temp_projects/Main_Flow/Main_Flow.pds' (ADS Parser)
I: Flow-6004: Design file modified: "F:/SME files/SME309/codes/SME209_codes/lab1/project/control.v". 
E: Verilog-4005: [F:/SME files/SME309/codes/SME209_codes/lab1/project/control.v(line number: 83)] Syntax error near end
E: Parsing ERROR.
Parse module hierarchy of project 'F:/SME files/SME309/codes/SME209_codes/lab1/project/temp_projects/Main_Flow/Main_Flow.pds' (ADS Parser)
I: Flow-6004: Design file modified: "F:/SME files/SME309/codes/SME209_codes/lab1/project/control.v". 
E: Verilog-4005: [F:/SME files/SME309/codes/SME209_codes/lab1/project/control.v(line number: 83)] Syntax error near end
E: Parsing ERROR.
Parse module hierarchy of project 'F:/SME files/SME309/codes/SME209_codes/lab1/project/temp_projects/Main_Flow/Main_Flow.pds' (ADS Parser)
I: Flow-6004: Design file modified: "F:/SME files/SME309/codes/SME209_codes/lab1/project/control.v". 
E: Verilog-4005: [F:/SME files/SME309/codes/SME209_codes/lab1/project/control.v(line number: 83)] Syntax error near end
E: Parsing ERROR.
Parse module hierarchy of project 'F:/SME files/SME309/codes/SME209_codes/lab1/project/temp_projects/Main_Flow/Main_Flow.pds' (ADS Parser)
I: Flow-6004: Design file modified: "F:/SME files/SME309/codes/SME209_codes/lab1/project/control.v". 
E: Verilog-4005: [F:/SME files/SME309/codes/SME209_codes/lab1/project/control.v(line number: 83)] Syntax error near end
E: Parsing ERROR.
Parse module hierarchy of project 'F:/SME files/SME309/codes/SME209_codes/lab1/project/temp_projects/Main_Flow/Main_Flow.pds' (ADS Parser)
I: Flow-6004: Design file modified: "F:/SME files/SME309/codes/SME209_codes/lab1/project/control.v". 
E: Verilog-4005: [F:/SME files/SME309/codes/SME209_codes/lab1/project/control.v(line number: 83)] Syntax error near end
E: Parsing ERROR.
