#Build: Fabric Compiler 2022.1, Build 99559, Jul 12 00:20 2022
#Install: D:\Program Files\PDS\PDS_2022.1\bin
#Application name: pds.exe
#OS: Windows 10 10.0.22631
#Hostname: HTY‘sLaptop
Generated by Fabric Compiler (version 2022.1 build 99559) at Fri Sep 20 10:45:14 2024
Parse module hierarchy of project 'F:/SME files/SME309/codes/SME209_codes/lab1/project/temp_projects/Main_Flow/Main_Flow.pds' (ADS Parser)
C: Flow-2001: Design file missing: "F:/SME files/SME309/codes/SME209_codes/lab1/project/mem.v". 
File "F:/SME files/SME309/codes/SME209_codes/lab1/project/mem.v" has been removed from project successfully. 
Parse module hierarchy of project 'F:/SME files/SME309/codes/SME209_codes/lab1/project/temp_projects/Main_Flow/Main_Flow.pds' (ADS Parser)
File "F:/SME files/SME309/codes/SME209_codes/lab1/project/instr_mem.v" has been added to project successfully. 
Parse module hierarchy of project 'F:/SME files/SME309/codes/SME209_codes/lab1/project/temp_projects/Main_Flow/Main_Flow.pds' (ADS Parser)
Parse module hierarchy of project 'F:/SME files/SME309/codes/SME209_codes/lab1/project/temp_projects/Main_Flow/Main_Flow.pds' (ADS Parser)
I: Flow-6004: Design file modified: "F:/SME files/SME309/codes/SME209_codes/lab1/project/instr_mem.v". 
E: Verilog-4039: [F:/SME files/SME309/codes/SME209_codes/lab1/project/instr_mem.v(line number: 14)] Identifier rst_n is not declared
E: Verilog-4039: [F:/SME files/SME309/codes/SME209_codes/lab1/project/instr_mem.v(line number: 15)] Identifier rst_n is not declared
E: Parsing ERROR.
Parse module hierarchy of project 'F:/SME files/SME309/codes/SME209_codes/lab1/project/temp_projects/Main_Flow/Main_Flow.pds' (ADS Parser)
I: Flow-6004: Design file modified: "F:/SME files/SME309/codes/SME209_codes/lab1/project/instr_mem.v". 
Parse module hierarchy of project 'F:/SME files/SME309/codes/SME209_codes/lab1/project/temp_projects/Main_Flow/Main_Flow.pds' (ADS Parser)
I: Flow-6004: Design file modified: "F:/SME files/SME309/codes/SME209_codes/lab1/project/instr_mem.v". 
E: Verilog-4005: [F:/SME files/SME309/codes/SME209_codes/lab1/project/instr_mem.v(line number: 80)] Syntax error near '
E: Verilog-4067: [F:/SME files/SME309/codes/SME209_codes/lab1/project/instr_mem.v(line number: 80)] Expecting definition for function or task e73cd882
E: Parsing ERROR.
Parse module hierarchy of project 'F:/SME files/SME309/codes/SME209_codes/lab1/project/temp_projects/Main_Flow/Main_Flow.pds' (ADS Parser)
I: Flow-6004: Design file modified: "F:/SME files/SME309/codes/SME209_codes/lab1/project/instr_mem.v". 
Parse module hierarchy of project 'F:/SME files/SME309/codes/SME209_codes/lab1/project/temp_projects/Main_Flow/Main_Flow.pds' (ADS Parser)
I: Flow-6004: Design file modified: "F:/SME files/SME309/codes/SME209_codes/lab1/project/instr_mem.v". 
File "F:/SME files/SME309/codes/SME209_codes/lab1/project/source/data_mem.v" has been added to project successfully. 
Parse module hierarchy of project 'F:/SME files/SME309/codes/SME209_codes/lab1/project/temp_projects/Main_Flow/Main_Flow.pds' (ADS Parser)
Parse module hierarchy of project 'F:/SME files/SME309/codes/SME209_codes/lab1/project/temp_projects/Main_Flow/Main_Flow.pds' (ADS Parser)
I: Flow-6004: Design file modified: "F:/SME files/SME309/codes/SME209_codes/lab1/project/source/data_mem.v". 
Parse module hierarchy of project 'F:/SME files/SME309/codes/SME209_codes/lab1/project/temp_projects/Main_Flow/Main_Flow.pds' (ADS Parser)
I: Flow-6004: Design file modified: "F:/SME files/SME309/codes/SME209_codes/lab1/project/source/data_mem.v". 
E: Verilog-4005: [F:/SME files/SME309/codes/SME209_codes/lab1/project/source/data_mem.v(line number: 38)] Syntax error near '
E: Verilog-4005: [F:/SME files/SME309/codes/SME209_codes/lab1/project/source/data_mem.v(line number: 68)] Syntax error near '
E: Verilog-4067: [F:/SME files/SME309/codes/SME209_codes/lab1/project/source/data_mem.v(line number: 38)] Expecting definition for function or task fef5d252
E: Verilog-4067: [F:/SME files/SME309/codes/SME209_codes/lab1/project/source/data_mem.v(line number: 68)] Expecting definition for function or task f64750e3
E: Parsing ERROR.
Parse module hierarchy of project 'F:/SME files/SME309/codes/SME209_codes/lab1/project/temp_projects/Main_Flow/Main_Flow.pds' (ADS Parser)
I: Flow-6004: Design file modified: "F:/SME files/SME309/codes/SME209_codes/lab1/project/source/data_mem.v". 
E: Verilog-4005: [F:/SME files/SME309/codes/SME209_codes/lab1/project/source/data_mem.v(line number: 68)] Syntax error near '
E: Verilog-4067: [F:/SME files/SME309/codes/SME209_codes/lab1/project/source/data_mem.v(line number: 68)] Expecting definition for function or task f64750e3
E: Parsing ERROR.
Parse module hierarchy of project 'F:/SME files/SME309/codes/SME209_codes/lab1/project/temp_projects/Main_Flow/Main_Flow.pds' (ADS Parser)
I: Flow-6004: Design file modified: "F:/SME files/SME309/codes/SME209_codes/lab1/project/source/data_mem.v". 
E: Verilog-4005: [F:/SME files/SME309/codes/SME209_codes/lab1/project/source/data_mem.v(line number: 68)] Syntax error near '
E: Verilog-4067: [F:/SME files/SME309/codes/SME209_codes/lab1/project/source/data_mem.v(line number: 68)] Expecting definition for function or task f64750e03
E: Parsing ERROR.
Parse module hierarchy of project 'F:/SME files/SME309/codes/SME209_codes/lab1/project/temp_projects/Main_Flow/Main_Flow.pds' (ADS Parser)
I: Flow-6004: Design file modified: "F:/SME files/SME309/codes/SME209_codes/lab1/project/source/data_mem.v". 
