#Build: Fabric Compiler 2022.1, Build 99559, Jul 12 00:20 2022
#Install: D:\Program Files\PDS\PDS_2022.1\bin
#Application name: pds.exe
#OS: Windows 10 10.0.22631
#Hostname: HTY‘sLaptop
Generated by Fabric Compiler (version 2022.1 build 99559) at Mon Oct  7 15:46:59 2024
Parse module hierarchy of project 'F:/SME files/SME309/codes/SME209_codes/lab1/project/temp_projects/Main_Flow/Main_Flow.pds' (ADS Parser)
File "F:/SME files/SME309/codes/SME209_codes/lab1/project/source/tb_top.v" has been added to project successfully. 
Parse module hierarchy of project 'F:/SME files/SME309/codes/SME209_codes/lab1/project/temp_projects/Main_Flow/Main_Flow.pds' (ADS Parser)
File "F:/SME files/SME309/codes/SME209_codes/lab1/project/source/tb_data_mem.v" has been added to project successfully. 
File "F:/SME files/SME309/codes/SME209_codes/lab1/project/source/tb_instr_mem.v" has been added to project successfully. 
Parse module hierarchy of project 'F:/SME files/SME309/codes/SME209_codes/lab1/project/temp_projects/Main_Flow/Main_Flow.pds' (ADS Parser)
Parse module hierarchy of project 'F:/SME files/SME309/codes/SME209_codes/lab1/project/temp_projects/Main_Flow/Main_Flow.pds' (ADS Parser)
Parse module hierarchy of project 'F:/SME files/SME309/codes/SME209_codes/lab1/project/temp_projects/Main_Flow/Main_Flow.pds' (ADS Parser)
Parse module hierarchy of project 'F:/SME files/SME309/codes/SME209_codes/lab1/project/temp_projects/Main_Flow/Main_Flow.pds' (ADS Parser)
Parse module hierarchy of project 'F:/SME files/SME309/codes/SME209_codes/lab1/project/temp_projects/Main_Flow/Main_Flow.pds' (ADS Parser)
Parse module hierarchy of project 'F:/SME files/SME309/codes/SME209_codes/lab1/project/temp_projects/Main_Flow/Main_Flow.pds' (ADS Parser)
Parse module hierarchy of project 'F:/SME files/SME309/codes/SME209_codes/lab1/project/temp_projects/Main_Flow/Main_Flow.pds' (ADS Parser)
Parse module hierarchy of project 'F:/SME files/SME309/codes/SME209_codes/lab1/project/temp_projects/Main_Flow/Main_Flow.pds' (ADS Parser)
I: Flow-6004: Design file modified: "F:/SME files/SME309/codes/SME209_codes/lab1/project/Seven_Seg.v". 
Parse module hierarchy of project 'F:/SME files/SME309/codes/SME209_codes/lab1/project/temp_projects/Main_Flow/Main_Flow.pds' (ADS Parser)
Parse module hierarchy of project 'F:/SME files/SME309/codes/SME209_codes/lab1/project/temp_projects/Main_Flow/Main_Flow.pds' (ADS Parser)
Parse module hierarchy of project 'F:/SME files/SME309/codes/SME209_codes/lab1/project/temp_projects/Main_Flow/Main_Flow.pds' (ADS Parser)
Parse module hierarchy of project 'F:/SME files/SME309/codes/SME209_codes/lab1/project/temp_projects/Main_Flow/Main_Flow.pds' (ADS Parser)
Parse module hierarchy of project 'F:/SME files/SME309/codes/SME209_codes/lab1/project/temp_projects/Main_Flow/Main_Flow.pds' (ADS Parser)
Parse module hierarchy of project 'F:/SME files/SME309/codes/SME209_codes/lab1/project/temp_projects/Main_Flow/Main_Flow.pds' (ADS Parser)
Parse module hierarchy of project 'F:/SME files/SME309/codes/SME209_codes/lab1/project/temp_projects/Main_Flow/Main_Flow.pds' (ADS Parser)
Parse module hierarchy of project 'F:/SME files/SME309/codes/SME209_codes/lab1/project/temp_projects/Main_Flow/Main_Flow.pds' (ADS Parser)
Parse module hierarchy of project 'F:/SME files/SME309/codes/SME209_codes/lab1/project/temp_projects/Main_Flow/Main_Flow.pds' (ADS Parser)
Parse module hierarchy of project 'F:/SME files/SME309/codes/SME209_codes/lab1/project/temp_projects/Main_Flow/Main_Flow.pds' (ADS Parser)
Parse module hierarchy of project 'F:/SME files/SME309/codes/SME209_codes/lab1/project/temp_projects/Main_Flow/Main_Flow.pds' (ADS Parser)
Parse module hierarchy of project 'F:/SME files/SME309/codes/SME209_codes/lab1/project/temp_projects/Main_Flow/Main_Flow.pds' (ADS Parser)
