#Build: Fabric Compiler 2022.1, Build 99559, Jul 12 00:20 2022
#Install: D:\Program Files\PDS\PDS_2022.1\bin
#Application name: pds.exe
#OS: Windows 10 10.0.22631
#Hostname: HTY‘sLaptop
Generated by Fabric Compiler (version 2022.1 build 99559) at Mon Oct  7 19:34:09 2024
Parse module hierarchy of project 'F:/SME_files/SME309/codes/SME209_codes/lab1/project/temp_projects/Main_Flow/Main_Flow.pds' (ADS Parser)
C: Flow-2001: Design file missing: "F:/SME_files/SME309/codes/SME209_codes/lab1/project/control.v". 
C: Flow-2001: Design file missing: "F:/SME_files/SME309/codes/SME209_codes/lab1/project/Seven_Seg.v". 
C: Flow-2001: Design file missing: "F:/SME_files/SME309/codes/SME209_codes/lab1/project/top.v". 
C: Flow-2001: Design file missing: "F:/SME_files/SME309/codes/SME209_codes/lab1/project/instr_mem.v". 
File "F:/SME_files/SME309/codes/SME209_codes/lab1/project/control_tb.v" has been removed from project successfully. 
Parse module hierarchy of project 'F:/SME_files/SME309/codes/SME209_codes/lab1/project/temp_projects/Main_Flow/Main_Flow.pds' (ADS Parser)
File "F:/SME_files/SME309/codes/SME209_codes/lab1/project/source/control_tb.v" has been added to project successfully. 
Parse module hierarchy of project 'F:/SME_files/SME309/codes/SME209_codes/lab1/project/temp_projects/Main_Flow/Main_Flow.pds' (ADS Parser)
File "F:/SME_files/SME309/codes/SME209_codes/lab1/project/instr_mem.v" has been removed from project successfully. 
Parse module hierarchy of project 'F:/SME_files/SME309/codes/SME209_codes/lab1/project/temp_projects/Main_Flow/Main_Flow.pds' (ADS Parser)
File "F:/SME_files/SME309/codes/SME209_codes/lab1/project/Seven_Seg.v" has been removed from project successfully. 
File "F:/SME_files/SME309/codes/SME209_codes/lab1/project/control.v" has been removed from project successfully. 
File "F:/SME_files/SME309/codes/SME209_codes/lab1/project/top.v" has been removed from project successfully. 
Parse module hierarchy of project 'F:/SME_files/SME309/codes/SME209_codes/lab1/project/temp_projects/Main_Flow/Main_Flow.pds' (ADS Parser)
File "F:/SME_files/SME309/codes/SME209_codes/lab1/project/source/control.v" has been added to project successfully. 
W: Public-4009: File F:/SME_files/SME309/codes/SME209_codes/lab1/project/source/data_mem.v already exists.
File "F:/SME_files/SME309/codes/SME209_codes/lab1/project/source/instr_mem.v" has been added to project successfully. 
W: Public-4009: File F:/SME_files/SME309/codes/SME209_codes/lab1/project/source/seg_decoder.v already exists.
File "F:/SME_files/SME309/codes/SME209_codes/lab1/project/source/Seven_Seg.v" has been added to project successfully. 
File "F:/SME_files/SME309/codes/SME209_codes/lab1/project/source/top.v" has been added to project successfully. 
Parse module hierarchy of project 'F:/SME_files/SME309/codes/SME209_codes/lab1/project/temp_projects/Main_Flow/Main_Flow.pds' (ADS Parser)
Parse module hierarchy of project 'F:/SME_files/SME309/codes/SME209_codes/lab1/project/temp_projects/Main_Flow/Main_Flow.pds' (ADS Parser)
Parse module hierarchy of project 'F:/SME_files/SME309/codes/SME209_codes/lab1/project/temp_projects/Main_Flow/Main_Flow.pds' (ADS Parser)
Parse module hierarchy of project 'F:/SME_files/SME309/codes/SME209_codes/lab1/project/temp_projects/Main_Flow/Main_Flow.pds' (ADS Parser)
Parse module hierarchy of project 'F:/SME_files/SME309/codes/SME209_codes/lab1/project/temp_projects/Main_Flow/Main_Flow.pds' (ADS Parser)
