#Build: Fabric Compiler 2022.1, Build 99559, Jul 12 00:20 2022
#Install: D:\Program Files\PDS\PDS_2022.1\bin
#Application name: pds.exe
#OS: Windows 10 10.0.22631
#Hostname: HTY‘sLaptop
Generated by Fabric Compiler (version 2022.1 build 99559) at Fri Sep 27 18:45:39 2024
Parse module hierarchy of project 'F:/SME files/SME309/codes/SME209_codes/lab1/project/temp_projects/Main_Flow/Main_Flow.pds' (ADS Parser)


Process "Compile" started.
Current time: Fri Sep 27 18:59:02 2024
Compiling architecture definition.
Analyzing project file 'F:/SME files/SME309/codes/SME209_codes/lab1/project/project.pds'.
License checkout: fabric_ads
Compiling verification operator library.
Loading technology operator library.
Compiling technology operator library.
Compiling technology operator (valence) library.
I: Enable Verilog2k features and keywords
Start rtl-analyze.
Executing : .rtl_analyze -work work -include_path {{F:/SME files/SME309/codes/SME209_codes/lab1/project}} {F:/SME files/SME309/codes/SME209_codes/lab1/project/control.v}
I: Verilog-0001: Analyzing file F:/SME files/SME309/codes/SME209_codes/lab1/project/control.v
I: Verilog-0002: [F:/SME files/SME309/codes/SME209_codes/lab1/project/control.v(line number: 3)] Analyzing module control (library work)
Parsing done.
Executing : .rtl_analyze -work work -include_path {{F:/SME files/SME309/codes/SME209_codes/lab1/project}} {F:/SME files/SME309/codes/SME209_codes/lab1/project/control.v} successfully.
Executing : .rtl_analyze -work work -include_path {{F:/SME files/SME309/codes/SME209_codes/lab1/project}} {F:/SME files/SME309/codes/SME209_codes/lab1/project/Seven_Seg.v}
I: Verilog-0001: Analyzing file F:/SME files/SME309/codes/SME209_codes/lab1/project/Seven_Seg.v
I: Verilog-0002: [F:/SME files/SME309/codes/SME209_codes/lab1/project/Seven_Seg.v(line number: 3)] Analyzing module Seven_Seg (library work)
Parsing done.
Executing : .rtl_analyze -work work -include_path {{F:/SME files/SME309/codes/SME209_codes/lab1/project}} {F:/SME files/SME309/codes/SME209_codes/lab1/project/Seven_Seg.v} successfully.
Executing : .rtl_analyze -work work -include_path {{F:/SME files/SME309/codes/SME209_codes/lab1/project}} {F:/SME files/SME309/codes/SME209_codes/lab1/project/top.v}
I: Verilog-0001: Analyzing file F:/SME files/SME309/codes/SME209_codes/lab1/project/top.v
I: Verilog-0002: [F:/SME files/SME309/codes/SME209_codes/lab1/project/top.v(line number: 3)] Analyzing module top (library work)
Parsing done.
Executing : .rtl_analyze -work work -include_path {{F:/SME files/SME309/codes/SME209_codes/lab1/project}} {F:/SME files/SME309/codes/SME209_codes/lab1/project/top.v} successfully.
Executing : .rtl_analyze -work work -include_path {{F:/SME files/SME309/codes/SME209_codes/lab1/project}} {F:/SME files/SME309/codes/SME209_codes/lab1/project/instr_mem.v}
I: Verilog-0001: Analyzing file F:/SME files/SME309/codes/SME209_codes/lab1/project/instr_mem.v
I: Verilog-0002: [F:/SME files/SME309/codes/SME209_codes/lab1/project/instr_mem.v(line number: 3)] Analyzing module instr_mem (library work)
W: Verilog-2010: [F:/SME files/SME309/codes/SME209_codes/lab1/project/instr_mem.v(line number: 27)] Ignore initial statements except memory $readmemh/$readmemb initialization statements
Parsing done.
Executing : .rtl_analyze -work work -include_path {{F:/SME files/SME309/codes/SME209_codes/lab1/project}} {F:/SME files/SME309/codes/SME209_codes/lab1/project/instr_mem.v} successfully.
Executing : .rtl_analyze -work work -include_path {{F:/SME files/SME309/codes/SME209_codes/lab1/project}} {F:/SME files/SME309/codes/SME209_codes/lab1/project/source/data_mem.v}
I: Verilog-0001: Analyzing file F:/SME files/SME309/codes/SME209_codes/lab1/project/source/data_mem.v
I: Verilog-0002: [F:/SME files/SME309/codes/SME209_codes/lab1/project/source/data_mem.v(line number: 1)] Analyzing module data_mem (library work)
W: Verilog-2010: [F:/SME files/SME309/codes/SME209_codes/lab1/project/source/data_mem.v(line number: 24)] Ignore initial statements except memory $readmemh/$readmemb initialization statements
Parsing done.
Executing : .rtl_analyze -work work -include_path {{F:/SME files/SME309/codes/SME209_codes/lab1/project}} {F:/SME files/SME309/codes/SME209_codes/lab1/project/source/data_mem.v} successfully.
Executing : .rtl_analyze -work work -include_path {{F:/SME files/SME309/codes/SME209_codes/lab1/project}} {F:/SME files/SME309/codes/SME209_codes/lab1/project/source/seg_decoder.v}
I: Verilog-0001: Analyzing file F:/SME files/SME309/codes/SME209_codes/lab1/project/source/seg_decoder.v
I: Verilog-0002: [F:/SME files/SME309/codes/SME209_codes/lab1/project/source/seg_decoder.v(line number: 1)] Analyzing module seg_decoder (library work)
Parsing done.
Executing : .rtl_analyze -work work -include_path {{F:/SME files/SME309/codes/SME209_codes/lab1/project}} {F:/SME files/SME309/codes/SME209_codes/lab1/project/source/seg_decoder.v} successfully.
I: Module "top" is set as top module.
Executing : rtl-analyze successfully. Time elapsed: 2.151s wall, 0.000s user + 0.047s system = 0.047s CPU (2.2%)

Start rtl-elaborate.
I: Verilog-0003: [F:/SME files/SME309/codes/SME209_codes/lab1/project/top.v(line number: 3)] Elaborating module top
I: Module instance {top} parameter value:
    CLK_FREQ = 32'b00000101111101011110000100000000
I: Verilog-0004: [F:/SME files/SME309/codes/SME209_codes/lab1/project/top.v(line number: 33)] Elaborating instance ctrl
I: Verilog-0003: [F:/SME files/SME309/codes/SME209_codes/lab1/project/control.v(line number: 3)] Elaborating module control
I: Verilog-0004: [F:/SME files/SME309/codes/SME209_codes/lab1/project/top.v(line number: 42)] Elaborating instance ss
I: Verilog-0003: [F:/SME files/SME309/codes/SME209_codes/lab1/project/Seven_Seg.v(line number: 3)] Elaborating module Seven_Seg
I: Module instance {top.ss} parameter value:
    CLK_FREQ = 28'b0101111101011110000100000000
I: Verilog-0004: [F:/SME files/SME309/codes/SME209_codes/lab1/project/Seven_Seg.v(line number: 23)] Elaborating instance uu_seg_decoder
I: Verilog-0003: [F:/SME files/SME309/codes/SME209_codes/lab1/project/source/seg_decoder.v(line number: 1)] Elaborating module seg_decoder
I: Verilog-0004: [F:/SME files/SME309/codes/SME209_codes/lab1/project/top.v(line number: 54)] Elaborating instance u_instr_mem
I: Verilog-0003: [F:/SME files/SME309/codes/SME209_codes/lab1/project/instr_mem.v(line number: 3)] Elaborating module instr_mem
I: Verilog-0004: [F:/SME files/SME309/codes/SME209_codes/lab1/project/top.v(line number: 62)] Elaborating instance u_data_mem
I: Verilog-0003: [F:/SME files/SME309/codes/SME209_codes/lab1/project/source/data_mem.v(line number: 1)] Elaborating module data_mem
W: Verilog-2023: [F:/SME files/SME309/codes/SME209_codes/lab1/project/top.v(line number: 42)] Give initial value 0 for the no drive pin states in module instance top.ss
W: Verilog-2036: [F:/SME files/SME309/codes/SME209_codes/lab1/project/top.v(line number: 54)] Net addr[6:0] connected to input port of module instance top.u_instr_mem has no driver, tie it to 0
W: Verilog-2036: [F:/SME files/SME309/codes/SME209_codes/lab1/project/top.v(line number: 54)] Net addr[7] connected to input port of module instance top.u_instr_mem has no driver, tie it to 0
Executing : rtl-elaborate successfully. Time elapsed: 0.018s wall, 0.000s user + 0.000s system = 0.000s CPU (n/a%)

Start rtl-prep.
Executing : rtl-prep successfully. Time elapsed: 0.005s wall, 0.000s user + 0.000s system = 0.000s CPU (n/a%)

Start rtl-infer.
Start DFF-inference.
W: Sdm-2004: [F:/SME files/SME309/codes/SME209_codes/lab1/project/Seven_Seg.v(line number: 22)] Latch is generated for signal num, possible missing assignment in an if or case statement.
W: Sdm-2004: [F:/SME files/SME309/codes/SME209_codes/lab1/project/Seven_Seg.v(line number: 61)] Latch is generated for signal count_limit, possible missing assignment in an if or case statement.
Executing : DFF-inference successfully.
Executing : rtl-infer successfully. Time elapsed: 0.077s wall, 0.016s user + 0.047s system = 0.062s CPU (81.2%)

Start rtl-control-opt.
Executing : rtl-control-opt successfully. Time elapsed: 0.001s wall, 0.000s user + 0.000s system = 0.000s CPU (n/a%)

Start rtl-data-opt.
Executing : rtl-data-opt successfully. Time elapsed: 0.006s wall, 0.000s user + 0.000s system = 0.000s CPU (n/a%)

Start FSM inference.
Executing : FSM inference successfully. Time elapsed: 0.001s wall, 0.016s user + 0.000s system = 0.016s CPU (1164.0%)

Start sdm2adm.
W: Loop was found during constant probe.
W: Loop was found during constant probe.
W: Loop was found during constant probe.
I: Constant propagation done on N126 (bmsWIDEMUX).
I: Constant propagation done on N11 (bmsWIDEMUX).
I: Constant propagation done on N21 (bmsWIDEMUX).
I: Constant propagation done on N33 (bmsWIDEMUX).
I: Constant propagation done on N13 (bmsWIDEINV).
I: Constant propagation done on N7 (bmsWIDEMUX).
Executing : sdm2adm successfully. Time elapsed: 0.027s wall, 0.016s user + 0.000s system = 0.016s CPU (58.5%)

Saving design to DB.
Action compile: Real time elapsed is 0h:0m:4s
Action compile: CPU time elapsed is 0h:0m:0s
Action compile: Process CPU time elapsed is 0h:0m:0s
Current time: Fri Sep 27 18:59:06 2024
Action compile: Peak memory pool usage is 131 MB
Process "Compile" done.


Process "Synthesize" started.
Current time: Fri Sep 27 18:59:06 2024
Compiling architecture definition.
Analyzing project file 'F:/SME files/SME309/codes/SME209_codes/lab1/project/project.pds'.
License checkout: fabric_ads
Compiling verification operator library.
Compiling common defs.
Loading technology operator library.
Compiling technology operator library.
Compiling technology operator (valence) library.
Reading design from compile DB
Reading design from compile DB successfully.
NOTE: The technology fpga was specified.
NOTE: delay_model specified was generic_cmos.
NOTE: Using the fpga syntax tables...
Totals:
 Calls to malloc = 0
 Calls to calloc = 149883

Constraint check start.
Compiling prim grid devices.
Building architecture model.
Loading device packaging model.
Building architecture floorplan logic view.
C: ConstraintEditor-2002: [F:/SME files/SME309/codes/SME209_codes/lab1/project/top.fdc(line number: 114)] | Port SevenSegCatHL[14] has been placed at location B2, whose type is share pin.
C: ConstraintEditor-2002: [F:/SME files/SME309/codes/SME209_codes/lab1/project/top.fdc(line number: 122)] | Port SevenSegCatHL[13] has been placed at location B3, whose type is share pin.
C: ConstraintEditor-2002: [F:/SME files/SME309/codes/SME209_codes/lab1/project/top.fdc(line number: 130)] | Port SevenSegCatHL[12] has been placed at location A1, whose type is share pin.
C: ConstraintEditor-2002: [F:/SME files/SME309/codes/SME209_codes/lab1/project/top.fdc(line number: 138)] | Port SevenSegCatHL[11] has been placed at location B1, whose type is share pin.
C: ConstraintEditor-2002: [F:/SME files/SME309/codes/SME209_codes/lab1/project/top.fdc(line number: 146)] | Port SevenSegCatHL[10] has been placed at location A3, whose type is share pin.
C: ConstraintEditor-2002: [F:/SME files/SME309/codes/SME209_codes/lab1/project/top.fdc(line number: 154)] | Port SevenSegCatHL[9] has been placed at location A4, whose type is share pin.
C: ConstraintEditor-2002: [F:/SME files/SME309/codes/SME209_codes/lab1/project/top.fdc(line number: 162)] | Port SevenSegCatHL[8] has been placed at location B4, whose type is share pin.
W: ConstraintEditor-4019: Port 'rst_n' unspecified I/O constraint.
Constraint check end.
C: SDC-2025: Clock source 'n:ss/N136' need a clock constraint, please use 'create_clock' or 'create_generate_clock' to generate.
C: SDC-2025: Clock source 'n:ss/N132' need a clock constraint, please use 'create_clock' or 'create_generate_clock' to generate.
C: SDC-2025: Clock source 'n:clk' need a clock constraint, please use 'create_clock' or 'create_generate_clock' to generate.
Executing : get_ports clk
Executing : get_ports clk successfully.
Executing : create_clock -name top|clk [get_ports clk] -period 1000.000 -waveform {0.000 500.000} -add
Executing : create_clock -name top|clk [get_ports clk] -period 1000.000 -waveform {0.000 500.000} -add successfully.
Executing : set_clock_groups -name Inferred_clock_group_0 -asynchronous -group top|clk
Executing : set_clock_groups -name Inferred_clock_group_0 -asynchronous -group top|clk successfully.
Start pre-mapping.
W: Public-4008: Instance 'u_instr_mem/instr_out[31:0]' of 'bmsWIDEDFFCPE' unit is dangling and will be cleaned.
Executing : pre-mapping successfully. Time elapsed: 0.021s wall, 0.016s user + 0.000s system = 0.016s CPU (73.1%)

Start mod-gen.
W: Public-4008: Instance 'ctrl/status[1:0]' of 'bmsWIDEDFFPATCE' unit is dangling and will be cleaned.
W: Public-4008: Instance 'ctrl/status_save[1:0]' of 'bmsWIDEDFFPATCE' unit is dangling and will be cleaned.
W: Public-4008: Instance 'ss/addr_counter[7:0]' of 'bmsWIDEDFFCPE' unit is dangling and will be cleaned.
W: Public-4008: Instance 'ss/clk_counter[25:0]' of 'bmsWIDEDFFCPE' unit is dangling and will be cleaned.
W: Public-4008: Instance 'ss/count_limit[3:0]' of 'bmsWIDEDLATCHCP' unit is dangling and will be cleaned.
W: Public-4008: Instance 'ss/counter[3:0]' of 'bmsWIDEDFFCPE' unit is dangling and will be cleaned.
W: Public-4008: Instance 'ss/valid' of 'bmsWIDEDFFCPE' unit is dangling and will be cleaned.
I: Constant propagation done on N6 (bmsWIDEMUX).
I: Constant propagation done on out_xor (bmsREDXOR).
I: Constant propagation done on out_xor_1 (bmsREDXOR).
I: Constant propagation done on out_xor_2 (bmsREDXOR).
I: Constant propagation done on out_xor_3 (bmsREDXOR).
I: Constant propagation done on out_xor_4 (bmsREDXOR).
I: Constant propagation done on out_xor_5 (bmsREDXOR).
I: Constant propagation done on out_xor_6 (bmsREDXOR).
I: Constant propagation done on out_xor_7 (bmsREDXOR).
I: Constant propagation done on out_xor_8 (bmsREDXOR).
Executing : mod-gen successfully. Time elapsed: 0.033s wall, 0.047s user + 0.000s system = 0.047s CPU (143.4%)

Start logic-optimization.
Executing : logic-optimization successfully. Time elapsed: 0.315s wall, 0.234s user + 0.000s system = 0.234s CPU (74.3%)

Start tech-mapping phase 1.
Executing : tech-mapping phase 1 successfully. Time elapsed: 0.005s wall, 0.016s user + 0.000s system = 0.016s CPU (295.7%)

Start tech-mapping phase 2.
Executing : tech-mapping phase 2 successfully. Time elapsed: 0.049s wall, 0.016s user + 0.016s system = 0.031s CPU (63.9%)

Start tech-optimization.
Executing : tech-optimization successfully. Time elapsed: 0.014s wall, 0.016s user + 0.000s system = 0.016s CPU (107.9%)

Start phys-optimization.
Executing : phys-optimization successfully. Time elapsed: 0.000s wall, 0.000s user + 0.000s system = 0.000s CPU (n/a%)

Start restore-hierarchy.
Executing : restore-hierarchy successfully. Time elapsed: 0.002s wall, 0.000s user + 0.000s system = 0.000s CPU (n/a%)


Cell Usage:
GTP_DFF_C                    17 uses
GTP_DFF_CE                    1 use
GTP_DFF_PE                    7 uses
GTP_DLATCH                    4 uses
GTP_DRM18K_E1                 1 use
GTP_GRS                       1 use
GTP_INV                       1 use
GTP_LUT2                      1 use
GTP_LUT3                      4 uses
GTP_LUT4                      3 uses
GTP_LUT5                     12 uses
GTP_LUT6                      3 uses
GTP_LUT6CARRY                16 uses
GTP_LUT6D                    11 uses

I/O ports: 34
GTP_INBUF                   2 uses
GTP_OUTBUF                 32 uses

Mapping Summary:
Total LUTs: 50 of 35800 (0.14%)
	LUTs as dram: 0 of 9500 (0.00%)
	LUTs as logic: 50
Total Registers: 25 of 71600 (0.03%)
Total Latches: 4

DRM36K/FIFO:
Total DRM = 0.5 of 85 (0.59%)

APMs:
Total APMs = 0.00 of 120 (0.00%)

Total I/O ports = 34 of 209 (16.27%)


Overview of Control Sets:

Number of unique control sets : 3

Histogram:
**************************************************************
  Fanout      | Count    | Sync Set/Reset    Async Set/Reset
--------------------------------------------------------------
  [0, 2)      | 0        | 0                 0
  [2, 4)      | 0        | 0                 0
  [4, 6)      | 1        | 0                 1
  [6, 8)      | 0        | 0                 0
  [8, 10)     | 1        | 0                 1
  [10, 12)    | 0        | 0                 0
  [12, 14)    | 0        | 0                 0
  [14, 16)    | 0        | 0                 0
  [16, Inf)   | 1        | 0                 1
--------------------------------------------------------------
  The maximum fanout: 17
==============================================================

Flip-Flop Distribution:
************************************************************************
  Clock Enable    Sync Set/Reset    Async Set/Reset    Total Registers
------------------------------------------------------------------------
  NO              NO                NO                 0
  NO              NO                YES                17
  NO              YES               NO                 0
  YES             NO                NO                 0
  YES             NO                YES                8
  YES             YES               NO                 0
========================================================================

Latch Distribution:
************************************************
  Gate Enable    Preset/Clear    Total Latches
************************************************
  NO             NO              4
  NO             YES             0
  YES            NO              0
  YES            YES             0
************************************************

Design 'top' has been successfully synthesized to architecture-specific objects.
Saving design to DB.
Saving design to top_syn.vm
Constructing timing graph ...
Timing graph has been constructed successfully
W: STA-3011: Clock pin 'ss/num[0]/G' (GTP_DLATCH.G) has no clock, timing propagation is disabled at the pin.
W: STA-3011: Clock pin 'ss/num[1]/G' (GTP_DLATCH.G) has no clock, timing propagation is disabled at the pin.
W: STA-3011: Clock pin 'ss/num[2]/G' (GTP_DLATCH.G) has no clock, timing propagation is disabled at the pin.
W: STA-3011: Clock pin 'ss/num[3]/G' (GTP_DLATCH.G) has no clock, timing propagation is disabled at the pin.
W: Timing-4087: Port 'SevenSegCatHL[0]' is not constrained, it is treated as combinational output.
W: Timing-4087: Port 'SevenSegCatHL[1]' is not constrained, it is treated as combinational output.
W: Timing-4087: Port 'SevenSegCatHL[2]' is not constrained, it is treated as combinational output.
W: Timing-4087: Port 'SevenSegCatHL[3]' is not constrained, it is treated as combinational output.
W: Timing-4087: Port 'SevenSegCatHL[4]' is not constrained, it is treated as combinational output.
W: Timing-4087: Port 'SevenSegCatHL[5]' is not constrained, it is treated as combinational output.
W: Timing-4087: Port 'SevenSegCatHL[6]' is not constrained, it is treated as combinational output.
W: Timing-4087: Port 'SevenSegCatHL[7]' is not constrained, it is treated as combinational output.
W: Timing-4087: Port 'SevenSegCatHL[8]' is not constrained, it is treated as combinational output.
W: Timing-4087: Port 'SevenSegCatHL[9]' is not constrained, it is treated as combinational output.
W: Timing-4087: Port 'SevenSegCatHL[10]' is not constrained, it is treated as combinational output.
W: Timing-4087: Port 'SevenSegCatHL[11]' is not constrained, it is treated as combinational output.
W: Timing-4087: Port 'SevenSegCatHL[12]' is not constrained, it is treated as combinational output.
W: Timing-4087: Port 'SevenSegCatHL[13]' is not constrained, it is treated as combinational output.
W: Timing-4087: Port 'SevenSegCatHL[14]' is not constrained, it is treated as combinational output.
W: Timing-4087: Port 'SevenSegCatHL[15]' is not constrained, it is treated as combinational output.
W: Timing-4087: Port 'anode[0]' is not constrained, it is treated as combinational output.
W: Timing-4087: Port 'anode[1]' is not constrained, it is treated as combinational output.
W: Timing-4087: Port 'anode[2]' is not constrained, it is treated as combinational output.
W: Timing-4087: Port 'anode[3]' is not constrained, it is treated as combinational output.
W: Timing-4087: Port 'anode[4]' is not constrained, it is treated as combinational output.
W: Timing-4087: Port 'anode[5]' is not constrained, it is treated as combinational output.
W: Timing-4087: Port 'anode[6]' is not constrained, it is treated as combinational output.
W: Timing-4087: Port 'anode[7]' is not constrained, it is treated as combinational output.
W: Timing-4087: Port 'led[0]' is not constrained, it is treated as combinational output.
W: Timing-4087: Port 'led[1]' is not constrained, it is treated as combinational output.
W: Timing-4087: Port 'led[2]' is not constrained, it is treated as combinational output.
W: Timing-4087: Port 'led[3]' is not constrained, it is treated as combinational output.
W: Timing-4087: Port 'led[4]' is not constrained, it is treated as combinational output.
W: Timing-4087: Port 'led[5]' is not constrained, it is treated as combinational output.
W: Timing-4087: Port 'led[6]' is not constrained, it is treated as combinational output.
W: Timing-4087: Port 'led[7]' is not constrained, it is treated as combinational output.
W: Timing-4086: Port 'btn_p' is not constrained, it is treated as combinational input.
W: Timing-4086: Port 'btn_spddn' is not constrained, it is treated as combinational input.
W: Timing-4086: Port 'btn_spdup' is not constrained, it is treated as combinational input.
W: Timing-4086: Port 'rst_n' is not constrained, it is treated as combinational input.
Action synthesize: Real time elapsed is 0h:0m:12s
Action synthesize: CPU time elapsed is 0h:0m:8s
Action synthesize: Process CPU time elapsed is 0h:0m:8s
Current time: Fri Sep 27 18:59:18 2024
Action synthesize: Peak memory pool usage is 282 MB
Process "Synthesize" done.


Process "Device Map" started.
Current time: Fri Sep 27 18:59:19 2024
Compiling architecture definition.
Analyzing project file 'F:/SME files/SME309/codes/SME209_codes/lab1/project/project.pds'.
Compiling verification operator library.
Compiling common defs.
Loading technology operator library.
Compiling technology operator library.
Compiling technology operator (valence) library.
Compiling operator packing rules.
Compiling prim grid devices.
Compiling gate devices.
Compiling gate operators.
Compiling tech operator impls.
Building architecture model.
Loading device packaging model.
Reading design from translate DB.
NOTE: The technology fpga was specified.
NOTE: delay_model specified was generic_cmos.
NOTE: Using the fpga syntax tables...
Totals:
 Calls to malloc = 0
 Calls to calloc = 149883

Flattening design 'top'
Device mapping started.
Optimizing circuit logic.
Checking design netlist.
Processing tech operator.
I: The instance clkbufg_0(GTP_CLKBUFG) has been inserted on the net nt_clk in design, driver pin O(instance clk_ibuf) -> load pin CLK(instance ss/anode_cnt[0]).
Converting tech operator to gate operator.
Processing gate operator.
I: Infer CARRY group, base inst: ss/N11_0_1/gateop, insts:16.
Device mapping done.
Total device mapping takes 0.02 sec.

Device Utilization Summary:
+------------------------------------------------------------------------+
| Logic Utilization     | Used     | Available     | Utilization(%)     
+------------------------------------------------------------------------+
| APM                   | 0        | 120           | 0                  
| FF                    | 29       | 71600         | 1                  
| LUT                   | 50       | 35800         | 1                  
| Distributed RAM       | 0        | 9500          | 0                  
| DRM                   | 0.5      | 85            | 1                  
| IO                    | 34       | 209           | 17                 
| RCKB                  | 0        | 20            | 0                  
| SCANCHAIN             | 0        | 1             | 0                  
| USCM                  | 1        | 32            | 4                  
| CCS                   | 1        | 1             | 100                
| ADC                   | 0        | 1             | 0                  
| DDR_PHY               | 0        | 20            | 0                  
| HSSTLP                | 0        | 1             | 0                  
| GPLL                  | 0        | 5             | 0                  
| PPLL                  | 0        | 5             | 0                  
| DDRPHY_CPD            | 0        | 10            | 0                  
| HCKB                  | 0        | 72            | 0                  
| IOCKB                 | 0        | 20            | 0                  
| MRCKB                 | 0        | 10            | 0                  
| PCIE                  | 0        | 1             | 0                  
| DDRPHY_IOCLK_DIV      | 0        | 5             | 0                  
| ANALOG                | 0        | 1             | 0                  
| TSERDES               | 0        | 40            | 0                  
| KEYRAM                | 0        | 1             | 0                  
+------------------------------------------------------------------------+

Design 'top' has been successfully mapped to architecture-specific objects.
Saving design to DB.
W: Public-4010: Pcf file F:/SME files/SME309/codes/SME209_codes/lab1/project/device_map/top.pcf has been covered.
Action dev_map: Real time elapsed is 0h:0m:15s
Action dev_map: CPU time elapsed is 0h:0m:11s
Action dev_map: Process CPU time elapsed is 0h:0m:11s
Current time: Fri Sep 27 18:59:33 2024
Action dev_map: Peak memory pool usage is 300 MB
Process "Device Map" done.


Process "Place & Route" started.
Current time: Fri Sep 27 18:59:33 2024
Compiling architecture definition.
Analyzing project file 'F:/SME files/SME309/codes/SME209_codes/lab1/project/project.pds'.
Compiling verification operator library.
Compiling common defs.
Compiling prim grid devices.
Compiling gate devices.
Compiling gate operators.
Building architecture model.
Loading device packaging model.
Building architecture floorplan logic view.
Constraint check start.
Executing : def_port {SevenSegCatHL[0]} LOC=D4 VCCIO=3.3 IOSTANDARD=LVCMOS33 DRIVE=4 SLEW=FAST NONE=TRUE
Executing : def_port {SevenSegCatHL[0]} LOC=D4 VCCIO=3.3 IOSTANDARD=LVCMOS33 DRIVE=4 SLEW=FAST NONE=TRUE successfully
Executing : def_port {SevenSegCatHL[1]} LOC=E3 VCCIO=3.3 IOSTANDARD=LVCMOS33 DRIVE=4 SLEW=FAST NONE=TRUE
Executing : def_port {SevenSegCatHL[1]} LOC=E3 VCCIO=3.3 IOSTANDARD=LVCMOS33 DRIVE=4 SLEW=FAST NONE=TRUE successfully
Executing : def_port {SevenSegCatHL[2]} LOC=D3 VCCIO=3.3 IOSTANDARD=LVCMOS33 DRIVE=4 SLEW=FAST NONE=TRUE
Executing : def_port {SevenSegCatHL[2]} LOC=D3 VCCIO=3.3 IOSTANDARD=LVCMOS33 DRIVE=4 SLEW=FAST NONE=TRUE successfully
Executing : def_port {SevenSegCatHL[3]} LOC=F4 VCCIO=3.3 IOSTANDARD=LVCMOS33 DRIVE=4 SLEW=FAST NONE=TRUE
Executing : def_port {SevenSegCatHL[3]} LOC=F4 VCCIO=3.3 IOSTANDARD=LVCMOS33 DRIVE=4 SLEW=FAST NONE=TRUE successfully
Executing : def_port {SevenSegCatHL[4]} LOC=F3 VCCIO=3.3 IOSTANDARD=LVCMOS33 DRIVE=4 SLEW=FAST NONE=TRUE
Executing : def_port {SevenSegCatHL[4]} LOC=F3 VCCIO=3.3 IOSTANDARD=LVCMOS33 DRIVE=4 SLEW=FAST NONE=TRUE successfully
Executing : def_port {SevenSegCatHL[5]} LOC=E2 VCCIO=3.3 IOSTANDARD=LVCMOS33 DRIVE=4 SLEW=FAST NONE=TRUE
Executing : def_port {SevenSegCatHL[5]} LOC=E2 VCCIO=3.3 IOSTANDARD=LVCMOS33 DRIVE=4 SLEW=FAST NONE=TRUE successfully
Executing : def_port {SevenSegCatHL[6]} LOC=D2 VCCIO=3.3 IOSTANDARD=LVCMOS33 DRIVE=4 SLEW=FAST NONE=TRUE
Executing : def_port {SevenSegCatHL[6]} LOC=D2 VCCIO=3.3 IOSTANDARD=LVCMOS33 DRIVE=4 SLEW=FAST NONE=TRUE successfully
Executing : def_port {SevenSegCatHL[7]} LOC=H2 VCCIO=3.3 IOSTANDARD=LVCMOS33 DRIVE=4 SLEW=FAST NONE=TRUE
Executing : def_port {SevenSegCatHL[7]} LOC=H2 VCCIO=3.3 IOSTANDARD=LVCMOS33 DRIVE=4 SLEW=FAST NONE=TRUE successfully
Executing : def_port {SevenSegCatHL[8]} LOC=B4 VCCIO=3.3 IOSTANDARD=LVCMOS33 DRIVE=4 SLEW=FAST NONE=TRUE
C: ConstraintEditor-2002: [F:/SME files/SME309/codes/SME209_codes/lab1/project/device_map/top.pcf(line number: 11)] | Port SevenSegCatHL[8] has been placed at location B4, whose type is share pin.
Executing : def_port {SevenSegCatHL[8]} LOC=B4 VCCIO=3.3 IOSTANDARD=LVCMOS33 DRIVE=4 SLEW=FAST NONE=TRUE successfully
Executing : def_port {SevenSegCatHL[9]} LOC=A4 VCCIO=3.3 IOSTANDARD=LVCMOS33 DRIVE=4 SLEW=FAST NONE=TRUE
C: ConstraintEditor-2002: [F:/SME files/SME309/codes/SME209_codes/lab1/project/device_map/top.pcf(line number: 12)] | Port SevenSegCatHL[9] has been placed at location A4, whose type is share pin.
Executing : def_port {SevenSegCatHL[9]} LOC=A4 VCCIO=3.3 IOSTANDARD=LVCMOS33 DRIVE=4 SLEW=FAST NONE=TRUE successfully
Executing : def_port {SevenSegCatHL[10]} LOC=A3 VCCIO=3.3 IOSTANDARD=LVCMOS33 DRIVE=4 SLEW=FAST NONE=TRUE
C: ConstraintEditor-2002: [F:/SME files/SME309/codes/SME209_codes/lab1/project/device_map/top.pcf(line number: 13)] | Port SevenSegCatHL[10] has been placed at location A3, whose type is share pin.
Executing : def_port {SevenSegCatHL[10]} LOC=A3 VCCIO=3.3 IOSTANDARD=LVCMOS33 DRIVE=4 SLEW=FAST NONE=TRUE successfully
Executing : def_port {SevenSegCatHL[11]} LOC=B1 VCCIO=3.3 IOSTANDARD=LVCMOS33 DRIVE=4 SLEW=FAST NONE=TRUE
C: ConstraintEditor-2002: [F:/SME files/SME309/codes/SME209_codes/lab1/project/device_map/top.pcf(line number: 14)] | Port SevenSegCatHL[11] has been placed at location B1, whose type is share pin.
Executing : def_port {SevenSegCatHL[11]} LOC=B1 VCCIO=3.3 IOSTANDARD=LVCMOS33 DRIVE=4 SLEW=FAST NONE=TRUE successfully
Executing : def_port {SevenSegCatHL[12]} LOC=A1 VCCIO=3.3 IOSTANDARD=LVCMOS33 DRIVE=4 SLEW=FAST NONE=TRUE
C: ConstraintEditor-2002: [F:/SME files/SME309/codes/SME209_codes/lab1/project/device_map/top.pcf(line number: 15)] | Port SevenSegCatHL[12] has been placed at location A1, whose type is share pin.
Executing : def_port {SevenSegCatHL[12]} LOC=A1 VCCIO=3.3 IOSTANDARD=LVCMOS33 DRIVE=4 SLEW=FAST NONE=TRUE successfully
Executing : def_port {SevenSegCatHL[13]} LOC=B3 VCCIO=3.3 IOSTANDARD=LVCMOS33 DRIVE=4 SLEW=FAST NONE=TRUE
C: ConstraintEditor-2002: [F:/SME files/SME309/codes/SME209_codes/lab1/project/device_map/top.pcf(line number: 16)] | Port SevenSegCatHL[13] has been placed at location B3, whose type is share pin.
Executing : def_port {SevenSegCatHL[13]} LOC=B3 VCCIO=3.3 IOSTANDARD=LVCMOS33 DRIVE=4 SLEW=FAST NONE=TRUE successfully
Executing : def_port {SevenSegCatHL[14]} LOC=B2 VCCIO=3.3 IOSTANDARD=LVCMOS33 DRIVE=4 SLEW=FAST NONE=TRUE
C: ConstraintEditor-2002: [F:/SME files/SME309/codes/SME209_codes/lab1/project/device_map/top.pcf(line number: 17)] | Port SevenSegCatHL[14] has been placed at location B2, whose type is share pin.
Executing : def_port {SevenSegCatHL[14]} LOC=B2 VCCIO=3.3 IOSTANDARD=LVCMOS33 DRIVE=4 SLEW=FAST NONE=TRUE successfully
Executing : def_port {SevenSegCatHL[15]} LOC=D5 VCCIO=3.3 IOSTANDARD=LVCMOS33 DRIVE=4 SLEW=FAST NONE=TRUE
Executing : def_port {SevenSegCatHL[15]} LOC=D5 VCCIO=3.3 IOSTANDARD=LVCMOS33 DRIVE=4 SLEW=FAST NONE=TRUE successfully
Executing : def_port {anode[0]} LOC=G1 VCCIO=3.3 IOSTANDARD=LVCMOS33 DRIVE=4 SLEW=FAST UNUSED=TRUE
Executing : def_port {anode[0]} LOC=G1 VCCIO=3.3 IOSTANDARD=LVCMOS33 DRIVE=4 SLEW=FAST UNUSED=TRUE successfully
Executing : def_port {anode[1]} LOC=F1 VCCIO=3.3 IOSTANDARD=LVCMOS33 DRIVE=4 SLEW=FAST NONE=TRUE
Executing : def_port {anode[1]} LOC=F1 VCCIO=3.3 IOSTANDARD=LVCMOS33 DRIVE=4 SLEW=FAST NONE=TRUE successfully
Executing : def_port {anode[2]} LOC=E1 VCCIO=3.3 IOSTANDARD=LVCMOS33 DRIVE=4 SLEW=FAST NONE=TRUE
Executing : def_port {anode[2]} LOC=E1 VCCIO=3.3 IOSTANDARD=LVCMOS33 DRIVE=4 SLEW=FAST NONE=TRUE successfully
Executing : def_port {anode[3]} LOC=G6 VCCIO=3.3 IOSTANDARD=LVCMOS33 DRIVE=4 SLEW=FAST NONE=TRUE
Executing : def_port {anode[3]} LOC=G6 VCCIO=3.3 IOSTANDARD=LVCMOS33 DRIVE=4 SLEW=FAST NONE=TRUE successfully
Executing : def_port {anode[4]} LOC=G2 VCCIO=3.3 IOSTANDARD=LVCMOS33 DRIVE=4 SLEW=FAST NONE=TRUE
Executing : def_port {anode[4]} LOC=G2 VCCIO=3.3 IOSTANDARD=LVCMOS33 DRIVE=4 SLEW=FAST NONE=TRUE successfully
Executing : def_port {anode[5]} LOC=C2 VCCIO=3.3 IOSTANDARD=LVCMOS33 DRIVE=4 SLEW=FAST NONE=TRUE
Executing : def_port {anode[5]} LOC=C2 VCCIO=3.3 IOSTANDARD=LVCMOS33 DRIVE=4 SLEW=FAST NONE=TRUE successfully
Executing : def_port {anode[6]} LOC=C1 VCCIO=3.3 IOSTANDARD=LVCMOS33 DRIVE=4 SLEW=FAST NONE=TRUE
Executing : def_port {anode[6]} LOC=C1 VCCIO=3.3 IOSTANDARD=LVCMOS33 DRIVE=4 SLEW=FAST NONE=TRUE successfully
Executing : def_port {anode[7]} LOC=H1 VCCIO=3.3 IOSTANDARD=LVCMOS33 DRIVE=4 SLEW=FAST NONE=TRUE
Executing : def_port {anode[7]} LOC=H1 VCCIO=3.3 IOSTANDARD=LVCMOS33 DRIVE=4 SLEW=FAST NONE=TRUE successfully
Executing : def_port {led[0]} LOC=K2 VCCIO=3.3 IOSTANDARD=LVCMOS33 DRIVE=4 SLEW=FAST NONE=TRUE
Executing : def_port {led[0]} LOC=K2 VCCIO=3.3 IOSTANDARD=LVCMOS33 DRIVE=4 SLEW=FAST NONE=TRUE successfully
Executing : def_port {led[1]} LOC=J2 VCCIO=3.3 IOSTANDARD=LVCMOS33 DRIVE=4 SLEW=FAST NONE=TRUE
Executing : def_port {led[1]} LOC=J2 VCCIO=3.3 IOSTANDARD=LVCMOS33 DRIVE=4 SLEW=FAST NONE=TRUE successfully
Executing : def_port {led[2]} LOC=J3 VCCIO=3.3 IOSTANDARD=LVCMOS33 DRIVE=4 SLEW=FAST NONE=TRUE
Executing : def_port {led[2]} LOC=J3 VCCIO=3.3 IOSTANDARD=LVCMOS33 DRIVE=4 SLEW=FAST NONE=TRUE successfully
Executing : def_port {led[3]} LOC=H4 VCCIO=3.3 IOSTANDARD=LVCMOS33 DRIVE=4 SLEW=FAST NONE=TRUE
Executing : def_port {led[3]} LOC=H4 VCCIO=3.3 IOSTANDARD=LVCMOS33 DRIVE=4 SLEW=FAST NONE=TRUE successfully
Executing : def_port {led[4]} LOC=J4 VCCIO=3.3 IOSTANDARD=LVCMOS33 DRIVE=4 SLEW=FAST NONE=TRUE
Executing : def_port {led[4]} LOC=J4 VCCIO=3.3 IOSTANDARD=LVCMOS33 DRIVE=4 SLEW=FAST NONE=TRUE successfully
Executing : def_port {led[5]} LOC=G3 VCCIO=3.3 IOSTANDARD=LVCMOS33 DRIVE=4 SLEW=FAST NONE=TRUE
Executing : def_port {led[5]} LOC=G3 VCCIO=3.3 IOSTANDARD=LVCMOS33 DRIVE=4 SLEW=FAST NONE=TRUE successfully
Executing : def_port {led[6]} LOC=G4 VCCIO=3.3 IOSTANDARD=LVCMOS33 DRIVE=4 SLEW=FAST NONE=TRUE
Executing : def_port {led[6]} LOC=G4 VCCIO=3.3 IOSTANDARD=LVCMOS33 DRIVE=4 SLEW=FAST NONE=TRUE successfully
Executing : def_port {led[7]} LOC=F6 VCCIO=3.3 IOSTANDARD=LVCMOS33 DRIVE=4 SLEW=FAST NONE=TRUE
Executing : def_port {led[7]} LOC=F6 VCCIO=3.3 IOSTANDARD=LVCMOS33 DRIVE=4 SLEW=FAST NONE=TRUE successfully
Executing : def_port {btn_p} LOC=M1 VCCIO=3.3 IOSTANDARD=LVCMOS33 NONE=TRUE
C: ConstraintEditor-2001: [F:/SME files/SME309/codes/SME209_codes/lab1/project/device_map/top.pcf(line number: 35)] Object 'btn_p' is dangling, which has no connection. it will be ignored.
Executing : def_port {btn_p} LOC=M1 VCCIO=3.3 IOSTANDARD=LVCMOS33 NONE=TRUE failed
Executing : def_port {btn_spddn} LOC=L1 VCCIO=3.3 IOSTANDARD=LVCMOS33 NONE=TRUE
C: ConstraintEditor-2001: [F:/SME files/SME309/codes/SME209_codes/lab1/project/device_map/top.pcf(line number: 36)] Object 'btn_spddn' is dangling, which has no connection. it will be ignored.
Executing : def_port {btn_spddn} LOC=L1 VCCIO=3.3 IOSTANDARD=LVCMOS33 NONE=TRUE failed
Executing : def_port {btn_spdup} LOC=L3 VCCIO=3.3 IOSTANDARD=LVCMOS33 NONE=TRUE
C: ConstraintEditor-2001: [F:/SME files/SME309/codes/SME209_codes/lab1/project/device_map/top.pcf(line number: 37)] Object 'btn_spdup' is dangling, which has no connection. it will be ignored.
Executing : def_port {btn_spdup} LOC=L3 VCCIO=3.3 IOSTANDARD=LVCMOS33 NONE=TRUE failed
Executing : def_port {clk} LOC=P17 VCCIO=3.3 IOSTANDARD=LVCMOS33 UNUSED=TRUE
Executing : def_port {clk} LOC=P17 VCCIO=3.3 IOSTANDARD=LVCMOS33 UNUSED=TRUE successfully
W: ConstraintEditor-4019: Port 'rst_n' unspecified I/O constraint.
Constraint check end.
NOTE: The technology fpga was specified.
NOTE: delay_model specified was generic_cmos.
NOTE: Using the fpga syntax tables...
Totals:
 Calls to malloc = 0
 Calls to calloc = 4002569

I: Column Clock Check open.
Read Column Clock Map.

Placement started.
Phase 1 Pre global placement started.
Mapping instance GRS_INST/grs_ccs to CCS_75_10.
Phase 1.1 1st GP placement started.
Design Utilization : 1%.
Wirelength after clock region global placement is 1306.
1st GP placement takes 1.31 sec.

Phase 1.2 Clock placement started.
Mapping instance clkbufg_0/gopclkbufg to USCM_167_270.
Clock placement takes 0.91 sec.

Pre global placement takes 3.03 sec.

Phase 2 Global placement started.
Phase 2.1 Fixed placement started.
Placed fixed group with base inst SevenSegCatHL_obuf[0]/opit_1 on IOLHR_292_474.
Placed fixed group with base inst SevenSegCatHL_obuf[1]/opit_1 on IOLHR_292_468.
Placed fixed group with base inst SevenSegCatHL_obuf[2]/opit_1 on IOLHR_292_462.
Placed fixed group with base inst SevenSegCatHL_obuf[3]/opit_1 on IOLHR_292_450.
Placed fixed group with base inst SevenSegCatHL_obuf[4]/opit_1 on IOLHR_292_444.
Placed fixed group with base inst SevenSegCatHL_obuf[5]/opit_1 on IOLHR_292_438.
Placed fixed group with base inst SevenSegCatHL_obuf[6]/opit_1 on IOLHR_292_432.
Placed fixed group with base inst SevenSegCatHL_obuf[7]/opit_1 on IOLHR_292_426.
Placed fixed group with base inst SevenSegCatHL_obuf[8]/opit_1 on IOLHR_292_522.
Placed fixed group with base inst SevenSegCatHL_obuf[9]/opit_1 on IOLHR_292_516.
Placed fixed group with base inst SevenSegCatHL_obuf[10]/opit_1 on IOLHR_292_510.
Placed fixed group with base inst SevenSegCatHL_obuf[11]/opit_1 on IOLHR_292_504.
Placed fixed group with base inst SevenSegCatHL_obuf[12]/opit_1 on IOLHR_292_498.
Placed fixed group with base inst SevenSegCatHL_obuf[13]/opit_1 on IOLHR_292_492.
Placed fixed group with base inst SevenSegCatHL_obuf[14]/opit_1 on IOLHR_292_486.
Placed fixed group with base inst SevenSegCatHL_obuf[15]/opit_1 on IOLHR_292_480.
Placed fixed group with base inst anode_obuf[0]/opit_1 on IOLHR_292_396.
Placed fixed group with base inst anode_obuf[1]/opit_1 on IOLHR_292_390.
Placed fixed group with base inst anode_obuf[2]/opit_1 on IOLHR_292_384.
Placed fixed group with base inst anode_obuf[3]/opit_1 on IOLHR_292_378.
Placed fixed group with base inst anode_obuf[4]/opit_1 on IOLHR_292_420.
Placed fixed group with base inst anode_obuf[5]/opit_1 on IOLHR_292_414.
Placed fixed group with base inst anode_obuf[6]/opit_1 on IOLHR_292_408.
Placed fixed group with base inst anode_obuf[7]/opit_1 on IOLHR_292_402.
Placed fixed group with base inst clk_ibuf/opit_1 on IOLHR_16_162.
Placed fixed group with base inst led_obuf[0]/opit_1 on IOLHR_292_330.
Placed fixed group with base inst led_obuf[1]/opit_1 on IOLHR_292_336.
Placed fixed group with base inst led_obuf[2]/opit_1 on IOLHR_292_342.
Placed fixed group with base inst led_obuf[3]/opit_1 on IOLHR_292_348.
Placed fixed group with base inst led_obuf[4]/opit_1 on IOLHR_292_354.
Placed fixed group with base inst led_obuf[5]/opit_1 on IOLHR_292_360.
Placed fixed group with base inst led_obuf[6]/opit_1 on IOLHR_292_366.
Placed fixed group with base inst led_obuf[7]/opit_1 on IOLHR_292_372.
Placed fixed instance GRS_INST/grs_ccs on CCS_75_10.
Placed fixed instance clkbufg_0/gopclkbufg on USCM_167_270.
Placed fixed instance BKCL_auto_0 on BKCL_1_34.
Placed fixed instance BKCL_auto_1 on BKCL_301_340.
Fixed placement takes 0.00 sec.

Phase 2.2 Process placement started.
Process placement takes 0.00 sec.

Phase 2.3 IO placement started.
IO placement takes 0.02 sec.

Phase 2.4 2nd GP placement started.
Run super clustering :
	Initial slack 995492.
	1 iterations finished.
	Final slack 995492.
Super clustering done.
Design Utilization : 1%.
2nd GP placement takes 0.91 sec.

Wirelength after global placement is 1169.
Global placement takes 0.92 sec.

Phase 3 Post global placement started.
Packing LUT6D started.
I: LUT6D pack result: There are 22 LUT6 in collection, pack success:2
Packing LUT6D takes 0.02 sec.
Phase 3.1 Macro cell placement started.
Wirelength after macro cell placement is 1167.
Macro cell placement takes 0.00 sec.

Phase 3.2 3rd GP placement started.
Run super clustering :
	Initial slack 995486.
	1 iterations finished.
	Final slack 995486.
Super clustering done.
Design Utilization : 1%.
3rd GP placement takes 0.95 sec.

Wirelength after post global placement is 988.
Packing LUT6D started.
I: LUT6D pack result: There are 18 LUT6 in collection, pack success:0
Packing LUT6D takes 0.02 sec.
Post global placement takes 1.00 sec.

Phase 4 Legalization started.
The average distance in LP is 0.403509.
Wirelength after legalization is 1044.
Legalization takes 0.00 sec.

Phase 5 Timing-driven detailed placement started.
Phase 5.1 Replication placement started.
Worst slack before Replication Place is 997876.
Replication placement takes 0.02 sec.

Wirelength after replication placement is 1044.
Phase 5.2 Swapping placement started.
Worst slack before detailed placement is 997876, TNS before detailed placement is 0. 
Worst slack after detailed placement is 997876, TNS after detailed placement is 0. 
Swapping placement takes 0.02 sec.

Wirelength after detailed placement is 1044.
Timing-driven detailed placement takes 0.03 sec.

Worst slack is 997876, TNS after placement is 0.
Placement done.
Total placement takes 5.03 sec.
Finished placement. (CPU time elapsed 0h:00m:05s)

Routing started.
Enter timing driven router mode.
Route thread size: 4
I: clock_dedicated_route = 0
Building routing graph takes 1.86 sec.
Setup STE netlist take 7 msec.
Dispose control chain take 3 msec.
Collect const net info take 39 msec.
Total nets for routing: 110.
Total loads for routing: 364.
Direct connect net size: 77
Build all design net take 4 msec.
Processing design graph takes 0.05 sec.
Delay table total memory: 0.45728493 MB
Route graph total memory: 76.85728264 MB
Route design total memory: 1.04164886 MB
Worst slack is 997876, TNS before global route is 0.
Global Routing step 1 take 0.00 sec.
Global Routing step 2 take 0.00 sec.
Global Routing step 3 take 0.00 sec.
Global routing takes 0.00 sec.
Total 108 subnets.
Unrouted clock nets at iteration 0 (0.112 sec): 1
Unrouted clock nets at iteration 1 (0.111 sec): 1
Unrouted clock nets at iteration 2 (0.111 sec): 1
Unrouted clock nets at iteration 3 (0.110 sec): 1
Unrouted clock nets at iteration 4 (0.000 sec): 0
Total route nets size: 106
Unrouted general nets at iteration 5 (MT total route time: 0.092 sec): 79(overused: 300)
Unrouted general nets at iteration 6 (MT total route time: 0.011 sec): 57(overused: 164)
Unrouted general nets at iteration 7 (MT total route time: 0.006 sec): 30(overused: 80)
Unrouted general nets at iteration 8 (MT total route time: 0.003 sec): 27(overused: 64)
Unrouted general nets at iteration 9 (MT total route time: 0.003 sec): 16(overused: 34)
Unrouted general nets at iteration 10 (MT total route time: 0.001 sec): 8(overused: 16)
Unrouted general nets at iteration 11 (MT total route time: 0.001 sec): 2(overused: 4)
Unrouted general nets at iteration 12 (MT total route time: 0.000 sec): 0(overused: 0)
----General net take 0.000 sec(route net take 0.000 sec, inc cost take 0.000 sec, iter times: 1)
----const net route take 0.001 sec
Unrouted nets at iteration 13 (0.002 sec): 0
Detailed routing takes 0.57 sec.
C: Route-2036: The clock path from CLMA_273_396:Y1 to CLMA_273_402:CLK is routed by SRB.
Re Route After Detail Route takes 0.00 sec.
Setup Violation Fix in router takes 0.00 sec.
No hold violation.
Hold Violation Fix in router takes 0.17 sec.
Sort Original Nets take 0.000 sec
Total net: 110, route succeed net: 110
Generate routing result take 0.000 sec
Handle PERMUX permutation take 0.022 sec
Handle const net take 0.001 sec
Handle route through take 0.001 sec
Handle loads' routing node take 0.000 sec
Used SRB routing arc is 738.
Finish routing takes 0.03 sec.
Total routing takes 2.74 sec.


Device Utilization Summary :
+------------------------------------------------------------------------------+
| Logic Utilization           | Used     | Available     | Utilization(%)     
+------------------------------------------------------------------------------+
| Use of ADC                  | 0        | 1             | 0                  
| Use of ANALOG               | 0        | 1             | 0                  
| Use of APM                  | 0        | 120           | 0                  
| Use of BKCL                 | 2        | 5             | 40                 
| Use of CCS                  | 1        | 1             | 100                
| Use of CLMA                 | 26       | 6575          | 1                  
|   FF                        | 21       | 52600         | 1                  
|   LUT                       | 50       | 26300         | 1                  
|   LUT-FF pairs              | 15       | 26300         | 1                  
| Use of CLMS                 | 7        | 2375          | 1                  
|   FF                        | 8        | 19000         | 1                  
|   LUT                       | 24       | 9500          | 1                  
|   LUT-FF pairs              | 0        | 9500          | 0                  
|   Distributed RAM           | 0        | 9500          | 0                  
| Use of DDRPHY_CPD           | 0        | 10            | 0                  
| Use of DDRPHY_IOCLK_DIV     | 0        | 5             | 0                  
| Use of DDR_PHY              | 0        | 20            | 0                  
| Use of DRM                  | 0.5      | 85            | 1                  
| Use of GCLK_INBUF_SYN       | 0        | 20            | 0                  
| Use of GPLL                 | 0        | 5             | 0                  
| Use of GSEB                 | 0        | 123           | 0                  
| Use of HARD0                | 11       | 5850          | 1                  
| Use of HCKB                 | 1        | 72            | 2                  
| Use of HCKMUX_TEST          | 0        | 6             | 0                  
| Use of HSSTLP               | 0        | 1             | 0                  
| Use of IO                   | 34       | 210           | 17                 
|   IOBD                      | 17       | 100           | 17                 
|   IOBS                      | 17       | 110           | 16                 
| Use of IOCKB                | 0        | 20            | 0                  
| Use of IOCKMUX_TEST         | 0        | 5             | 0                  
| Use of IOLHR                | 34       | 250           | 14                 
| Use of KEYRAM               | 0        | 1             | 0                  
| Use of MFG_TEST             | 0        | 1             | 0                  
| Use of MRCKB                | 0        | 10            | 0                  
| Use of MRCKMUX_TEST         | 0        | 5             | 0                  
| Use of MRPOSTMUX_TEST       | 0        | 5             | 0                  
| Use of PCIE                 | 0        | 1             | 0                  
| Use of PCKMUX_TEST          | 0        | 10            | 0                  
| Use of PLLMRMUX_TEST        | 0        | 5             | 0                  
| Use of PLLREFMUX_TEST       | 0        | 5             | 0                  
| Use of PPLL                 | 0        | 5             | 0                  
| Use of PREGMUXC_TEST        | 0        | 3             | 0                  
| Use of PREGMUXLR_TEST       | 0        | 5             | 0                  
| Use of RCKB                 | 0        | 20            | 0                  
| Use of RCKMUX_TEST          | 0        | 5             | 0                  
| Use of SCANCHAIN            | 0        | 1             | 0                  
| Use of SCKMUX_TEST          | 0        | 10            | 0                  
| Use of SFB                  | 0        | 1375          | 0                  
| Use of TSERDES              | 0        | 40            | 0                  
| Use of USCM                 | 1        | 32            | 4                  
| Use of USCMMUX_TEST         | 0        | 32            | 0                  
+------------------------------------------------------------------------------+

Finished routing. (CPU time elapsed 0h:00m:02s)
Design 'top' has been placed and routed successfully.
Saving design to DB.
Finished placement and routing. (CPU time elapsed 0h:00m:20s)
Action pnr: Real time elapsed is 0h:0m:30s
Action pnr: CPU time elapsed is 0h:0m:19s
Action pnr: Process CPU time elapsed is 0h:0m:21s
Current time: Fri Sep 27 19:00:02 2024
Action pnr: Peak memory pool usage is 880 MB
Process "Place & Route" done.


Process "Report Timing" started.
Current time: Fri Sep 27 19:00:02 2024
Compiling architecture definition.
Analyzing project file 'F:/SME files/SME309/codes/SME209_codes/lab1/project/project.pds'.
Compiling verification operator library.
Compiling common defs.
Compiling prim grid devices.
Compiling gate devices.
Compiling gate operators.
Building architecture model.
Loading device packaging model.
Reading design from pnr DB.
Start Report Post-PnR timing.
NOTE: The technology fpga was specified.
NOTE: delay_model specified was generic_cmos.
NOTE: Using the fpga syntax tables...
Totals:
 Calls to malloc = 0
 Calls to calloc = 4002569

Constructing timing graph ...
Timing graph has been constructed successfully
W: STA-3011: Clock pin 'ss/num[0]/opit_0/CLK' (gopLATCH.CLK) has no clock, timing propagation is disabled at the pin.
W: STA-3011: Clock pin 'ss/num[1]/opit_0/CLK' (gopLATCH.CLK) has no clock, timing propagation is disabled at the pin.
W: STA-3011: Clock pin 'ss/num[2]/opit_0/CLK' (gopLATCH.CLK) has no clock, timing propagation is disabled at the pin.
W: STA-3011: Clock pin 'ss/num[3]/opit_0/CLK' (gopLATCH.CLK) has no clock, timing propagation is disabled at the pin.
W: Timing-4087: Port 'SevenSegCatHL[0]' is not constrained, it is treated as combinational output.
W: Timing-4087: Port 'SevenSegCatHL[1]' is not constrained, it is treated as combinational output.
W: Timing-4087: Port 'SevenSegCatHL[2]' is not constrained, it is treated as combinational output.
W: Timing-4087: Port 'SevenSegCatHL[3]' is not constrained, it is treated as combinational output.
W: Timing-4087: Port 'SevenSegCatHL[4]' is not constrained, it is treated as combinational output.
W: Timing-4087: Port 'SevenSegCatHL[5]' is not constrained, it is treated as combinational output.
W: Timing-4087: Port 'SevenSegCatHL[6]' is not constrained, it is treated as combinational output.
W: Timing-4087: Port 'SevenSegCatHL[7]' is not constrained, it is treated as combinational output.
W: Timing-4087: Port 'SevenSegCatHL[8]' is not constrained, it is treated as combinational output.
W: Timing-4087: Port 'SevenSegCatHL[9]' is not constrained, it is treated as combinational output.
W: Timing-4087: Port 'SevenSegCatHL[10]' is not constrained, it is treated as combinational output.
W: Timing-4087: Port 'SevenSegCatHL[11]' is not constrained, it is treated as combinational output.
W: Timing-4087: Port 'SevenSegCatHL[12]' is not constrained, it is treated as combinational output.
W: Timing-4087: Port 'SevenSegCatHL[13]' is not constrained, it is treated as combinational output.
W: Timing-4087: Port 'SevenSegCatHL[14]' is not constrained, it is treated as combinational output.
W: Timing-4087: Port 'SevenSegCatHL[15]' is not constrained, it is treated as combinational output.
W: Timing-4087: Port 'anode[0]' is not constrained, it is treated as combinational output.
W: Timing-4087: Port 'anode[1]' is not constrained, it is treated as combinational output.
W: Timing-4087: Port 'anode[2]' is not constrained, it is treated as combinational output.
W: Timing-4087: Port 'anode[3]' is not constrained, it is treated as combinational output.
W: Timing-4087: Port 'anode[4]' is not constrained, it is treated as combinational output.
W: Timing-4087: Port 'anode[5]' is not constrained, it is treated as combinational output.
W: Timing-4087: Port 'anode[6]' is not constrained, it is treated as combinational output.
W: Timing-4087: Port 'anode[7]' is not constrained, it is treated as combinational output.
W: Timing-4087: Port 'led[0]' is not constrained, it is treated as combinational output.
W: Timing-4087: Port 'led[1]' is not constrained, it is treated as combinational output.
W: Timing-4087: Port 'led[2]' is not constrained, it is treated as combinational output.
W: Timing-4087: Port 'led[3]' is not constrained, it is treated as combinational output.
W: Timing-4087: Port 'led[4]' is not constrained, it is treated as combinational output.
W: Timing-4087: Port 'led[5]' is not constrained, it is treated as combinational output.
W: Timing-4087: Port 'led[6]' is not constrained, it is treated as combinational output.
W: Timing-4087: Port 'led[7]' is not constrained, it is treated as combinational output.
W: Timing-4086: Port 'btn_p' is not constrained, it is treated as combinational input.
W: Timing-4086: Port 'btn_spddn' is not constrained, it is treated as combinational input.
W: Timing-4086: Port 'btn_spdup' is not constrained, it is treated as combinational input.
W: Timing-4086: Port 'rst_n' is not constrained, it is treated as combinational input.
Report timing is finished successfully.
Action report_timing: Real time elapsed is 0h:0m:20s
Action report_timing: CPU time elapsed is 0h:0m:4s
Action report_timing: Process CPU time elapsed is 0h:0m:4s
Current time: Fri Sep 27 19:00:21 2024
Action report_timing: Peak memory pool usage is 794 MB
Process "Report Timing" done.


Process "Generate Netlist" started.
Current time: Fri Sep 27 19:00:21 2024
Compiling architecture definition.
Analyzing project file 'F:/SME files/SME309/codes/SME209_codes/lab1/project/project.pds'.
Compiling verification operator library.
Compiling common defs.
Compiling prim grid devices.
Compiling gate devices.
Compiling gate operators.
Building architecture model.
Loading device packaging model.
Reading design from DB.
Start Generate Netlist.
NOTE: The technology fpga was specified.
NOTE: delay_model specified was generic_cmos.
NOTE: Using the fpga syntax tables...
Totals:
 Calls to malloc = 0
 Calls to calloc = 4002569

Generate Netlist is finished successfully.
Action gen_netlist: Real time elapsed is 0h:0m:14s
Action gen_netlist: CPU time elapsed is 0h:0m:1s
Action gen_netlist: Process CPU time elapsed is 0h:0m:1s
Current time: Fri Sep 27 19:00:34 2024
Action gen_netlist: Peak memory pool usage is 793 MB
Process "Generate Netlist" done.


Process "Generate Bitstream" started.
Current time: Fri Sep 27 19:01:00 2024
Compiling architecture definition.
Analyzing project file 'F:/SME files/SME309/codes/SME209_codes/lab1/project/project.pds'.
Compiling verification operator library.
Compiling common defs.
Compiling prim grid devices.
Compiling gate devices.
Compiling gate operators.
Building architecture model.
Loading device packaging model.
Reading design from DB.
Start Generating Programming File...
Reading design from DB takes 0.093750 sec.
Generating architecture configuration.
The bitstream file is "F:/SME files/SME309/codes/SME209_codes/lab1/project/generate_bitstream/top.sbit"
Generate programming file takes 2.906250 sec.
Generating Programming File done.
Action gen_bit_stream: Real time elapsed is 0h:0m:23s
Action gen_bit_stream: CPU time elapsed is 0h:0m:9s
Action gen_bit_stream: Process CPU time elapsed is 0h:0m:9s
Current time: Fri Sep 27 19:01:22 2024
Action gen_bit_stream: Peak memory pool usage is 721 MB
Process "Generate Bitstream" done.
Process exit normally.
Process exit normally.
Process exit normally.
