#Build: Fabric Compiler 2022.1, Build 99559, Jul 12 00:20 2022
#Install: D:\Program Files\PDS\PDS_2022.1\bin
#Application name: pds.exe
#OS: Windows 10 10.0.22631
#Hostname: HTY‘sLaptop
Generated by Fabric Compiler (version 2022.1 build 99559) at Thu Sep 19 20:32:48 2024
Parse module hierarchy of project 'F:/FPGA/SME309/lab1/project/temp_projects/Main_Flow/Main_Flow.pds' (TEXT Parser)
File "F:/FPGA/SME309/lab1/project/control.v" has been added to project successfully. 
File "F:/FPGA/SME309/lab1/project/control_tb.v" has been added to project successfully. 
File "F:/FPGA/SME309/lab1/project/mem.v" has been added to project successfully. 
File "F:/FPGA/SME309/lab1/project/Seven_Seg.v" has been added to project successfully. 
File "F:/FPGA/SME309/lab1/project/top.v" has been added to project successfully. 
Parse module hierarchy of project 'F:/FPGA/SME309/lab1/project/temp_projects/Main_Flow/Main_Flow.pds' (ADS Parser)
E: Verilog-4031: [F:/FPGA/SME309/lab1/project/control_tb.v(line number: 15)] Forever statement is not supported for synthesis
E: Parsing ERROR.
File "F:/FPGA/SME309/lab1/project/control_tb.v" has been removed from project successfully. 
Parse module hierarchy of project 'F:/FPGA/SME309/lab1/project/temp_projects/Main_Flow/Main_Flow.pds' (ADS Parser)
File "F:/FPGA/SME309/lab1/project/control_tb.v" has been added to project successfully. 
Parse module hierarchy of project 'F:/FPGA/SME309/lab1/project/temp_projects/Main_Flow/Main_Flow.pds' (ADS Parser)
E: Verilog-4031: [F:/FPGA/SME309/lab1/project/control_tb.v(line number: 15)] Forever statement is not supported for synthesis
E: Parsing ERROR.
File "F:/FPGA/SME309/lab1/project/control_tb.v" has been removed from project successfully. 
Parse module hierarchy of project 'F:/FPGA/SME309/lab1/project/temp_projects/Main_Flow/Main_Flow.pds' (ADS Parser)
File "F:/FPGA/SME309/lab1/project/control_tb.v" has been added to project successfully. 
Parse module hierarchy of project 'F:/FPGA/SME309/lab1/project/temp_projects/Main_Flow/Main_Flow.pds' (ADS Parser)
