#Build: Fabric Compiler 2022.1, Build 99559, Jul 12 00:20 2022
#Install: D:\Program Files\PDS\PDS_2022.1\bin
#Application name: pds_shell.exe
#OS: Windows 10 10.0.22631
#Hostname: HTY‘sLaptop
Generated by Fabric Compiler (version 2022.1 build 99559) at Fri Sep 27 19:01:01 2024
Compiling verification operator library.
Compiling common defs.
Compiling prim grid devices.
Compiling gate devices.
Compiling gate operators.
Building architecture model.
Loading device packaging model.
Reading design from DB.
Start Generating Programming File...
Reading design from DB takes 0.093750 sec.
Generating architecture configuration.
The bitstream file is "F:/SME files/SME309/codes/SME209_codes/lab1/project/generate_bitstream/top.sbit"
Generate programming file takes 2.906250 sec.
Generating Programming File done.
Action gen_bit_stream: Real time elapsed is 0h:0m:23s
Action gen_bit_stream: CPU time elapsed is 0h:0m:9s
Action gen_bit_stream: Process CPU time elapsed is 0h:0m:9s
Current time: Fri Sep 27 19:01:22 2024
Action gen_bit_stream: Peak memory pool usage is 721 MB
