#Build: Fabric Compiler 2022.1, Build 99559, Jul 12 00:20 2022
#Install: D:\Program Files\PDS\PDS_2022.1\bin
#Application name: pds_shell.exe
#OS: Windows 10 10.0.22631
#Hostname: HTY‘sLaptop
Generated by Fabric Compiler (version 2022.1 build 99559) at Mon Nov 11 14:50:40 2024
License checkout: fabric_ads
Compiling verification operator library.
Compiling common defs.
Loading technology operator library.
Compiling technology operator library.
Compiling technology operator (valence) library.
Reading design from compile DB
Reading design from compile DB successfully.
Constraint check start.
Compiling prim grid devices.
Building architecture model.
Loading device packaging model.
Building architecture floorplan logic view.
C: ConstraintEditor-2002: [F:/SME_files/SME309/codes/SME209_codes/lab2/PDS_Lab2_Template/Hardware/Constraint_Source/Top.fdc(line number: 159)] | Port SevenSegCatHL[14] has been placed at location B2, whose type is share pin.
C: ConstraintEditor-2002: [F:/SME_files/SME309/codes/SME209_codes/lab2/PDS_Lab2_Template/Hardware/Constraint_Source/Top.fdc(line number: 167)] | Port SevenSegCatHL[13] has been placed at location B3, whose type is share pin.
C: ConstraintEditor-2002: [F:/SME_files/SME309/codes/SME209_codes/lab2/PDS_Lab2_Template/Hardware/Constraint_Source/Top.fdc(line number: 175)] | Port SevenSegCatHL[12] has been placed at location A1, whose type is share pin.
C: ConstraintEditor-2002: [F:/SME_files/SME309/codes/SME209_codes/lab2/PDS_Lab2_Template/Hardware/Constraint_Source/Top.fdc(line number: 183)] | Port SevenSegCatHL[11] has been placed at location B1, whose type is share pin.
C: ConstraintEditor-2002: [F:/SME_files/SME309/codes/SME209_codes/lab2/PDS_Lab2_Template/Hardware/Constraint_Source/Top.fdc(line number: 191)] | Port SevenSegCatHL[10] has been placed at location A3, whose type is share pin.
C: ConstraintEditor-2002: [F:/SME_files/SME309/codes/SME209_codes/lab2/PDS_Lab2_Template/Hardware/Constraint_Source/Top.fdc(line number: 199)] | Port SevenSegCatHL[9] has been placed at location A4, whose type is share pin.
C: ConstraintEditor-2002: [F:/SME_files/SME309/codes/SME209_codes/lab2/PDS_Lab2_Template/Hardware/Constraint_Source/Top.fdc(line number: 207)] | Port SevenSegCatHL[8] has been placed at location B4, whose type is share pin.
Constraint check end.
C: SDC-2025: Clock source 'n:CLK_undiv' need a clock constraint, please use 'create_clock' or 'create_generate_clock' to generate.
Executing : get_ports CLK_undiv
Executing : get_ports CLK_undiv successfully.
Executing : create_clock -name TOP|CLK_undiv [get_ports CLK_undiv] -period 1000.000 -waveform {0.000 500.000} -add
Executing : create_clock -name TOP|CLK_undiv [get_ports CLK_undiv] -period 1000.000 -waveform {0.000 500.000} -add successfully.
Executing : set_clock_groups -name Inferred_clock_group_0 -asynchronous -group TOP|CLK_undiv
Executing : set_clock_groups -name Inferred_clock_group_0 -asynchronous -group TOP|CLK_undiv successfully.
C: SDC-2025: Clock source 'n:genblk1.clk_counter [24]' need a clock constraint, please use 'create_clock' or 'create_generate_clock' to generate.
C: SDC-2025: Clock source 'n:wrapper1/ARM1/Extend1/N24' need a clock constraint, please use 'create_clock' or 'create_generate_clock' to generate.
Start pre-mapping.
Executing : pre-mapping successfully. Time elapsed: 0.044s wall, 0.016s user + 0.000s system = 0.016s CPU (35.7%)

Start mod-gen.
I: Constant propagation done on out_xor (bmsREDXOR).
I: Constant propagation done on out_xor_1 (bmsREDXOR).
I: Constant propagation done on out_xor_2 (bmsREDXOR).
I: Constant propagation done on out_xor_3 (bmsREDXOR).
I: Constant propagation done on out_xor_4 (bmsREDXOR).
I: Constant propagation done on out_xor_5 (bmsREDXOR).
I: Constant propagation done on out_xor_6 (bmsREDXOR).
I: Constant propagation done on out_xor_7 (bmsREDXOR).
I: Constant propagation done on out_xor (bmsREDXOR).
I: Constant propagation done on out_xor_1 (bmsREDXOR).
W: Public-4008: Instance 'wrapper1/ARM1/Extend1/ExtImm[26]' of 'GTP_DLATCH' unit is dangling and will be cleaned.
W: Public-4008: Instance 'wrapper1/ARM1/Extend1/ExtImm[27]' of 'GTP_DLATCH' unit is dangling and will be cleaned.
W: Public-4008: Instance 'wrapper1/ARM1/Extend1/ExtImm[28]' of 'GTP_DLATCH' unit is dangling and will be cleaned.
W: Public-4008: Instance 'wrapper1/ARM1/Extend1/ExtImm[29]' of 'GTP_DLATCH' unit is dangling and will be cleaned.
W: Public-4008: Instance 'wrapper1/ARM1/Extend1/ExtImm[30]' of 'GTP_DLATCH' unit is dangling and will be cleaned.
W: Public-4008: Instance 'wrapper1/ARM1/Extend1/ExtImm[31]' of 'GTP_DLATCH' unit is dangling and will be cleaned.
W: Public-4008: Instance 'wrapper1/ARM1/u_Control/CondLogic1/C' of 'bmsWIDEDFFRSE' unit is dangling and will be cleaned.
W: Public-4008: Instance 'wrapper1/ARM1/u_Control/CondLogic1/N' of 'bmsWIDEDFFRSE' unit is dangling and will be cleaned.
W: Public-4008: Instance 'wrapper1/ARM1/u_Control/CondLogic1/V' of 'bmsWIDEDFFRSE' unit is dangling and will be cleaned.
Executing : mod-gen successfully. Time elapsed: 0.248s wall, 0.109s user + 0.000s system = 0.109s CPU (44.2%)

Start logic-optimization.
Executing : logic-optimization successfully. Time elapsed: 1.202s wall, 0.594s user + 0.031s system = 0.625s CPU (52.0%)

Start tech-mapping phase 1.
W: Public-4008: Instance 'wrapper1/LED[0]' of 'bmsWIDEDFFCPE' unit is dangling and will be cleaned.
W: Public-4008: Instance 'wrapper1/LED[1]' of 'bmsWIDEDFFCPE' unit is dangling and will be cleaned.
W: Public-4008: Instance 'wrapper1/LED[10]' of 'bmsWIDEDFFCPE' unit is dangling and will be cleaned.
W: Public-4008: Instance 'wrapper1/LED[11]' of 'bmsWIDEDFFCPE' unit is dangling and will be cleaned.
W: Public-4008: Instance 'wrapper1/LED[12]' of 'bmsWIDEDFFCPE' unit is dangling and will be cleaned.
W: Public-4008: Instance 'wrapper1/LED[13]' of 'bmsWIDEDFFCPE' unit is dangling and will be cleaned.
W: Public-4008: Instance 'wrapper1/LED[14]' of 'bmsWIDEDFFCPE' unit is dangling and will be cleaned.
W: Public-4008: Instance 'wrapper1/LED[15]' of 'bmsWIDEDFFCPE' unit is dangling and will be cleaned.
Executing : tech-mapping phase 1 successfully. Time elapsed: 0.036s wall, 0.047s user + 0.000s system = 0.047s CPU (130.0%)

Start tech-mapping phase 2.
Executing : tech-mapping phase 2 successfully. Time elapsed: 0.615s wall, 0.391s user + 0.000s system = 0.391s CPU (63.5%)

Start tech-optimization.
Executing : tech-optimization successfully. Time elapsed: 0.126s wall, 0.062s user + 0.000s system = 0.062s CPU (49.5%)

Start phys-optimization.
Executing : phys-optimization successfully. Time elapsed: 0.000s wall, 0.000s user + 0.000s system = 0.000s CPU (n/a%)

Start restore-hierarchy.
Executing : restore-hierarchy successfully. Time elapsed: 0.049s wall, 0.016s user + 0.000s system = 0.016s CPU (32.1%)

W: Unable to honor max fanout constraint for gtp_inv driven net RESET
W: Unable to honor max fanout constraint for gtp_inv driven net RESET
W: syn_maxfan of lutcarry N15_0_29 is more than 10000 on net R15[31], but wasn't replicated.
W: syn_maxfan of lutcarry N15_0_28 is more than 10000 on net R15[30], but wasn't replicated.
W: syn_maxfan of lutcarry N15_0_27 is more than 10000 on net R15[29], but wasn't replicated.
W: syn_maxfan of lutcarry N15_0_26 is more than 10000 on net R15[28], but wasn't replicated.
W: syn_maxfan of lutcarry N15_0_25 is more than 10000 on net R15[27], but wasn't replicated.
W: syn_maxfan of lutcarry N15_0_24 is more than 10000 on net R15[26], but wasn't replicated.
W: syn_maxfan of lutcarry N15_0_23 is more than 10000 on net R15[25], but wasn't replicated.
W: syn_maxfan of lutcarry N15_0_22 is more than 10000 on net R15[24], but wasn't replicated.
W: syn_maxfan of lutcarry N15_0_21 is more than 10000 on net R15[23], but wasn't replicated.
W: syn_maxfan of lutcarry N15_0_20 is more than 10000 on net R15[22], but wasn't replicated.
W: syn_maxfan of lutcarry N15_0_19 is more than 10000 on net R15[21], but wasn't replicated.
W: syn_maxfan of lutcarry N15_0_18 is more than 10000 on net R15[20], but wasn't replicated.
W: syn_maxfan of lutcarry N15_0_17 is more than 10000 on net R15[19], but wasn't replicated.
W: syn_maxfan of lutcarry N15_0_16 is more than 10000 on net R15[18], but wasn't replicated.
W: syn_maxfan of lutcarry N15_0_15 is more than 10000 on net R15[17], but wasn't replicated.
W: syn_maxfan of lutcarry N15_0_14 is more than 10000 on net R15[16], but wasn't replicated.
W: syn_maxfan of lutcarry N15_0_13 is more than 10000 on net R15[15], but wasn't replicated.
W: syn_maxfan of lutcarry N15_0_12 is more than 10000 on net R15[14], but wasn't replicated.
W: syn_maxfan of lutcarry N15_0_11 is more than 10000 on net R15[13], but wasn't replicated.
W: syn_maxfan of lutcarry N15_0_10 is more than 10000 on net R15[12], but wasn't replicated.
W: syn_maxfan of lutcarry N15_0_9 is more than 10000 on net R15[11], but wasn't replicated.
W: syn_maxfan of lutcarry N15_0_8 is more than 10000 on net R15[10], but wasn't replicated.
W: syn_maxfan of lutcarry N15_0_7 is more than 10000 on net R15[9], but wasn't replicated.
W: syn_maxfan of lutcarry N15_0_6 is more than 10000 on net R15[8], but wasn't replicated.
W: syn_maxfan of lutcarry N15_0_5 is more than 10000 on net R15[7], but wasn't replicated.
W: syn_maxfan of lutcarry N15_0_4 is more than 10000 on net R15[6], but wasn't replicated.
W: syn_maxfan of lutcarry N15_0_3 is more than 10000 on net R15[5], but wasn't replicated.
W: syn_maxfan of lutcarry N15_0_2 is more than 10000 on net R15[4], but wasn't replicated.
W: syn_maxfan of lutcarry N15_0_1 is more than 10000 on net R15[3], but wasn't replicated.
W: syn_maxfan of lutcarry N15_0_29 is more than 10000 on net R15[31], but wasn't replicated.
W: syn_maxfan of lutcarry N15_0_28 is more than 10000 on net R15[30], but wasn't replicated.
W: syn_maxfan of lutcarry N15_0_27 is more than 10000 on net R15[29], but wasn't replicated.
W: syn_maxfan of lutcarry N15_0_26 is more than 10000 on net R15[28], but wasn't replicated.
W: syn_maxfan of lutcarry N15_0_25 is more than 10000 on net R15[27], but wasn't replicated.
W: syn_maxfan of lutcarry N15_0_24 is more than 10000 on net R15[26], but wasn't replicated.
W: syn_maxfan of lutcarry N15_0_23 is more than 10000 on net R15[25], but wasn't replicated.
W: syn_maxfan of lutcarry N15_0_22 is more than 10000 on net R15[24], but wasn't replicated.
W: syn_maxfan of lutcarry N15_0_21 is more than 10000 on net R15[23], but wasn't replicated.
W: syn_maxfan of lutcarry N15_0_20 is more than 10000 on net R15[22], but wasn't replicated.
W: syn_maxfan of lutcarry N15_0_19 is more than 10000 on net R15[21], but wasn't replicated.
W: syn_maxfan of lutcarry N15_0_18 is more than 10000 on net R15[20], but wasn't replicated.
W: syn_maxfan of lutcarry N15_0_17 is more than 10000 on net R15[19], but wasn't replicated.
W: syn_maxfan of lutcarry N15_0_16 is more than 10000 on net R15[18], but wasn't replicated.
W: syn_maxfan of lutcarry N15_0_15 is more than 10000 on net R15[17], but wasn't replicated.
W: syn_maxfan of lutcarry N15_0_14 is more than 10000 on net R15[16], but wasn't replicated.
W: syn_maxfan of lutcarry N15_0_13 is more than 10000 on net R15[15], but wasn't replicated.
W: syn_maxfan of lutcarry N15_0_12 is more than 10000 on net R15[14], but wasn't replicated.
W: syn_maxfan of lutcarry N15_0_11 is more than 10000 on net R15[13], but wasn't replicated.
W: syn_maxfan of lutcarry N15_0_10 is more than 10000 on net R15[12], but wasn't replicated.
W: syn_maxfan of lutcarry N15_0_9 is more than 10000 on net R15[11], but wasn't replicated.
W: syn_maxfan of lutcarry N15_0_8 is more than 10000 on net R15[10], but wasn't replicated.
W: syn_maxfan of lutcarry N15_0_7 is more than 10000 on net R15[9], but wasn't replicated.
W: syn_maxfan of lutcarry N15_0_6 is more than 10000 on net R15[8], but wasn't replicated.
W: syn_maxfan of lutcarry N15_0_5 is more than 10000 on net R15[7], but wasn't replicated.
W: syn_maxfan of lutcarry N15_0_4 is more than 10000 on net R15[6], but wasn't replicated.
W: syn_maxfan of lutcarry N15_0_3 is more than 10000 on net R15[5], but wasn't replicated.
W: syn_maxfan of lutcarry N15_0_2 is more than 10000 on net R15[4], but wasn't replicated.
W: syn_maxfan of lutcarry N15_0_1 is more than 10000 on net R15[3], but wasn't replicated.

Cell Usage:
GTP_DFF_C                    26 uses
GTP_DFF_CE                   32 uses
GTP_DFF_E                     1 use
GTP_DFF_PE                    1 use
GTP_DFF_R                    30 uses
GTP_DFF_RE                    2 uses
GTP_DRM18K_E1                 1 use
GTP_GRS                       1 use
GTP_INV                       1 use
GTP_LUT1                      7 uses
GTP_LUT2                     14 uses
GTP_LUT3                      1 use
GTP_LUT4                      8 uses
GTP_LUT5                    127 uses
GTP_LUT6                    271 uses
GTP_LUT6CARRY               163 uses
GTP_LUT6D                    87 uses
GTP_MUX2LUT7                 29 uses
GTP_RAM128X1SP               32 uses
GTP_RAM32X2X4                11 uses
GTP_ROM64X1                  36 uses

I/O ports: 42
GTP_INBUF                  10 uses
GTP_OUTBUF                 32 uses

Mapping Summary:
Total LUTs: 822 of 35800 (2.30%)
	LUTs as dram: 108 of 9500 (1.14%)
	LUTs as logic: 714
Total Registers: 92 of 71600 (0.13%)
Total Latches: 0

DRM36K/FIFO:
Total DRM = 0.5 of 85 (0.59%)

APMs:
Total APMs = 0.00 of 120 (0.00%)

Total I/O ports = 42 of 209 (20.10%)


Overview of Control Sets:

Number of unique control sets : 7

Histogram:
**************************************************************
  Fanout      | Count    | Sync Set/Reset    Async Set/Reset
--------------------------------------------------------------
  [0, 2)      | 1        | 1                 0
  [2, 4)      | 1        | 1                 0
  [4, 6)      | 0        | 0                 0
  [6, 8)      | 0        | 0                 0
  [8, 10)     | 2        | 0                 2
  [10, 12)    | 0        | 0                 0
  [12, 14)    | 0        | 0                 0
  [14, 16)    | 0        | 0                 0
  [16, Inf)   | 3        | 1                 2
--------------------------------------------------------------
  The maximum fanout: 30
==============================================================

Flip-Flop Distribution:
************************************************************************
  Clock Enable    Sync Set/Reset    Async Set/Reset    Total Registers
------------------------------------------------------------------------
  NO              NO                NO                 0
  NO              NO                YES                26
  NO              YES               NO                 30
  YES             NO                NO                 1
  YES             NO                YES                33
  YES             YES               NO                 2
========================================================================

Latch Distribution:
************************************************
  Gate Enable    Preset/Clear    Total Latches
************************************************
  NO             NO              0
  NO             YES             0
  YES            NO              0
  YES            YES             0
************************************************

Design 'TOP' has been successfully synthesized to architecture-specific objects.
Saving design to DB.
Saving design to TOP_syn.vm
Constructing timing graph ...
Timing graph has been constructed successfully
W: STA-3011: Clock pin 'wrapper1/ARM1/u_Control/CondLogic1/Z/CLK' (GTP_DFF_E.CLK) has no clock, timing propagation is disabled at the pin.
W: STA-3011: Clock pin 'wrapper1/ARM1/u_PC/current_PC[0]/CLK' (GTP_DFF_RE.CLK) has no clock, timing propagation is disabled at the pin.
W: STA-3011: Clock pin 'wrapper1/ARM1/u_PC/current_PC[1]/CLK' (GTP_DFF_RE.CLK) has no clock, timing propagation is disabled at the pin.
W: STA-3011: Clock pin 'wrapper1/ARM1/u_PC/current_PC[2]/CLK' (GTP_DFF_R.CLK) has no clock, timing propagation is disabled at the pin.
W: STA-3011: Clock pin 'wrapper1/ARM1/u_PC/current_PC[3]/CLK' (GTP_DFF_R.CLK) has no clock, timing propagation is disabled at the pin.
W: STA-3011: Clock pin 'wrapper1/ARM1/u_PC/current_PC[4]/CLK' (GTP_DFF_R.CLK) has no clock, timing propagation is disabled at the pin.
W: STA-3011: Clock pin 'wrapper1/ARM1/u_PC/current_PC[5]/CLK' (GTP_DFF_R.CLK) has no clock, timing propagation is disabled at the pin.
W: STA-3011: Clock pin 'wrapper1/ARM1/u_PC/current_PC[6]/CLK' (GTP_DFF_R.CLK) has no clock, timing propagation is disabled at the pin.
W: STA-3011: Clock pin 'wrapper1/ARM1/u_PC/current_PC[7]/CLK' (GTP_DFF_R.CLK) has no clock, timing propagation is disabled at the pin.
W: STA-3011: Clock pin 'wrapper1/ARM1/u_PC/current_PC[8]/CLK' (GTP_DFF_R.CLK) has no clock, timing propagation is disabled at the pin.
W: STA-3011: Clock pin 'wrapper1/ARM1/u_PC/current_PC[9]/CLK' (GTP_DFF_R.CLK) has no clock, timing propagation is disabled at the pin.
W: STA-3011: Clock pin 'wrapper1/ARM1/u_PC/current_PC[10]/CLK' (GTP_DFF_R.CLK) has no clock, timing propagation is disabled at the pin.
W: STA-3011: Clock pin 'wrapper1/ARM1/u_PC/current_PC[11]/CLK' (GTP_DFF_R.CLK) has no clock, timing propagation is disabled at the pin.
W: STA-3011: Clock pin 'wrapper1/ARM1/u_PC/current_PC[12]/CLK' (GTP_DFF_R.CLK) has no clock, timing propagation is disabled at the pin.
W: STA-3011: Clock pin 'wrapper1/ARM1/u_PC/current_PC[13]/CLK' (GTP_DFF_R.CLK) has no clock, timing propagation is disabled at the pin.
W: STA-3011: Clock pin 'wrapper1/ARM1/u_PC/current_PC[14]/CLK' (GTP_DFF_R.CLK) has no clock, timing propagation is disabled at the pin.
W: STA-3011: Clock pin 'wrapper1/ARM1/u_PC/current_PC[15]/CLK' (GTP_DFF_R.CLK) has no clock, timing propagation is disabled at the pin.
W: STA-3011: Clock pin 'wrapper1/ARM1/u_PC/current_PC[16]/CLK' (GTP_DFF_R.CLK) has no clock, timing propagation is disabled at the pin.
W: STA-3011: Clock pin 'wrapper1/ARM1/u_PC/current_PC[17]/CLK' (GTP_DFF_R.CLK) has no clock, timing propagation is disabled at the pin.
W: STA-3011: Clock pin 'wrapper1/ARM1/u_PC/current_PC[18]/CLK' (GTP_DFF_R.CLK) has no clock, timing propagation is disabled at the pin.
W: STA-3011: Clock pin 'wrapper1/ARM1/u_PC/current_PC[19]/CLK' (GTP_DFF_R.CLK) has no clock, timing propagation is disabled at the pin.
W: STA-3011: Clock pin 'wrapper1/ARM1/u_PC/current_PC[20]/CLK' (GTP_DFF_R.CLK) has no clock, timing propagation is disabled at the pin.
W: STA-3011: Clock pin 'wrapper1/ARM1/u_PC/current_PC[21]/CLK' (GTP_DFF_R.CLK) has no clock, timing propagation is disabled at the pin.
W: STA-3011: Clock pin 'wrapper1/ARM1/u_PC/current_PC[22]/CLK' (GTP_DFF_R.CLK) has no clock, timing propagation is disabled at the pin.
W: STA-3011: Clock pin 'wrapper1/ARM1/u_PC/current_PC[23]/CLK' (GTP_DFF_R.CLK) has no clock, timing propagation is disabled at the pin.
W: STA-3011: Clock pin 'wrapper1/ARM1/u_PC/current_PC[24]/CLK' (GTP_DFF_R.CLK) has no clock, timing propagation is disabled at the pin.
W: STA-3011: Clock pin 'wrapper1/ARM1/u_PC/current_PC[25]/CLK' (GTP_DFF_R.CLK) has no clock, timing propagation is disabled at the pin.
W: STA-3011: Clock pin 'wrapper1/ARM1/u_PC/current_PC[26]/CLK' (GTP_DFF_R.CLK) has no clock, timing propagation is disabled at the pin.
W: STA-3011: Clock pin 'wrapper1/ARM1/u_PC/current_PC[27]/CLK' (GTP_DFF_R.CLK) has no clock, timing propagation is disabled at the pin.
W: STA-3011: Clock pin 'wrapper1/ARM1/u_PC/current_PC[28]/CLK' (GTP_DFF_R.CLK) has no clock, timing propagation is disabled at the pin.
W: STA-3011: Clock pin 'wrapper1/ARM1/u_PC/current_PC[29]/CLK' (GTP_DFF_R.CLK) has no clock, timing propagation is disabled at the pin.
W: STA-3011: Clock pin 'wrapper1/ARM1/u_PC/current_PC[30]/CLK' (GTP_DFF_R.CLK) has no clock, timing propagation is disabled at the pin.
W: STA-3011: Clock pin 'wrapper1/ARM1/u_PC/current_PC[31]/CLK' (GTP_DFF_R.CLK) has no clock, timing propagation is disabled at the pin.
W: STA-3011: Clock pin 'wrapper1/ARM1/u_RegisterFile/RegBank_0_x2x4/WCLK' (GTP_RAM32X2X4.WCLK) has no clock, timing propagation is disabled at the pin.
W: STA-3011: Clock pin 'wrapper1/ARM1/u_RegisterFile/RegBank_1_2_x2x4/WCLK' (GTP_RAM32X2X4.WCLK) has no clock, timing propagation is disabled at the pin.
W: STA-3011: Clock pin 'wrapper1/ARM1/u_RegisterFile/RegBank_1_5_x2x4/WCLK' (GTP_RAM32X2X4.WCLK) has no clock, timing propagation is disabled at the pin.
W: STA-3011: Clock pin 'wrapper1/ARM1/u_RegisterFile/RegBank_1_8_x2x4/WCLK' (GTP_RAM32X2X4.WCLK) has no clock, timing propagation is disabled at the pin.
W: STA-3011: Clock pin 'wrapper1/ARM1/u_RegisterFile/RegBank_1_11_x2x4/WCLK' (GTP_RAM32X2X4.WCLK) has no clock, timing propagation is disabled at the pin.
W: STA-3011: Clock pin 'wrapper1/ARM1/u_RegisterFile/RegBank_1_14_x2x4/WCLK' (GTP_RAM32X2X4.WCLK) has no clock, timing propagation is disabled at the pin.
W: STA-3011: Clock pin 'wrapper1/ARM1/u_RegisterFile/RegBank_4_x2x4/WCLK' (GTP_RAM32X2X4.WCLK) has no clock, timing propagation is disabled at the pin.
W: STA-3011: Clock pin 'wrapper1/ARM1/u_RegisterFile/RegBank_7_x2x4/WCLK' (GTP_RAM32X2X4.WCLK) has no clock, timing propagation is disabled at the pin.
W: STA-3011: Clock pin 'wrapper1/ARM1/u_RegisterFile/RegBank_10_x2x4/WCLK' (GTP_RAM32X2X4.WCLK) has no clock, timing propagation is disabled at the pin.
W: STA-3011: Clock pin 'wrapper1/ARM1/u_RegisterFile/RegBank_13_x2x4/WCLK' (GTP_RAM32X2X4.WCLK) has no clock, timing propagation is disabled at the pin.
W: STA-3011: Clock pin 'wrapper1/ARM1/u_RegisterFile/RegBank_16_x2x4/WCLK' (GTP_RAM32X2X4.WCLK) has no clock, timing propagation is disabled at the pin.
W: STA-3011: Clock pin 'wrapper1/DATA_VAR_MEM_a_0/WCLK' (GTP_RAM128X1SP.WCLK) has no clock, timing propagation is disabled at the pin.
W: STA-3011: Clock pin 'wrapper1/DATA_VAR_MEM_a_1/WCLK' (GTP_RAM128X1SP.WCLK) has no clock, timing propagation is disabled at the pin.
W: STA-3011: Clock pin 'wrapper1/DATA_VAR_MEM_a_2/WCLK' (GTP_RAM128X1SP.WCLK) has no clock, timing propagation is disabled at the pin.
W: STA-3011: Clock pin 'wrapper1/DATA_VAR_MEM_a_3/WCLK' (GTP_RAM128X1SP.WCLK) has no clock, timing propagation is disabled at the pin.
W: STA-3011: Clock pin 'wrapper1/DATA_VAR_MEM_a_4/WCLK' (GTP_RAM128X1SP.WCLK) has no clock, timing propagation is disabled at the pin.
W: STA-3011: Clock pin 'wrapper1/DATA_VAR_MEM_a_5/WCLK' (GTP_RAM128X1SP.WCLK) has no clock, timing propagation is disabled at the pin.
W: STA-3011: Clock pin 'wrapper1/DATA_VAR_MEM_a_6/WCLK' (GTP_RAM128X1SP.WCLK) has no clock, timing propagation is disabled at the pin.
W: STA-3011: Clock pin 'wrapper1/DATA_VAR_MEM_a_7/WCLK' (GTP_RAM128X1SP.WCLK) has no clock, timing propagation is disabled at the pin.
W: STA-3011: Clock pin 'wrapper1/DATA_VAR_MEM_a_8/WCLK' (GTP_RAM128X1SP.WCLK) has no clock, timing propagation is disabled at the pin.
W: STA-3011: Clock pin 'wrapper1/DATA_VAR_MEM_a_9/WCLK' (GTP_RAM128X1SP.WCLK) has no clock, timing propagation is disabled at the pin.
W: STA-3011: Clock pin 'wrapper1/DATA_VAR_MEM_a_10/WCLK' (GTP_RAM128X1SP.WCLK) has no clock, timing propagation is disabled at the pin.
W: STA-3011: Clock pin 'wrapper1/DATA_VAR_MEM_a_11/WCLK' (GTP_RAM128X1SP.WCLK) has no clock, timing propagation is disabled at the pin.
W: STA-3011: Clock pin 'wrapper1/DATA_VAR_MEM_a_12/WCLK' (GTP_RAM128X1SP.WCLK) has no clock, timing propagation is disabled at the pin.
W: STA-3011: Clock pin 'wrapper1/DATA_VAR_MEM_a_13/WCLK' (GTP_RAM128X1SP.WCLK) has no clock, timing propagation is disabled at the pin.
W: STA-3011: Clock pin 'wrapper1/DATA_VAR_MEM_a_14/WCLK' (GTP_RAM128X1SP.WCLK) has no clock, timing propagation is disabled at the pin.
W: STA-3011: Clock pin 'wrapper1/DATA_VAR_MEM_a_15/WCLK' (GTP_RAM128X1SP.WCLK) has no clock, timing propagation is disabled at the pin.
W: STA-3011: Clock pin 'wrapper1/DATA_VAR_MEM_a_16/WCLK' (GTP_RAM128X1SP.WCLK) has no clock, timing propagation is disabled at the pin.
W: STA-3011: Clock pin 'wrapper1/DATA_VAR_MEM_a_17/WCLK' (GTP_RAM128X1SP.WCLK) has no clock, timing propagation is disabled at the pin.
W: STA-3011: Clock pin 'wrapper1/DATA_VAR_MEM_a_18/WCLK' (GTP_RAM128X1SP.WCLK) has no clock, timing propagation is disabled at the pin.
W: STA-3011: Clock pin 'wrapper1/DATA_VAR_MEM_a_19/WCLK' (GTP_RAM128X1SP.WCLK) has no clock, timing propagation is disabled at the pin.
W: STA-3011: Clock pin 'wrapper1/DATA_VAR_MEM_a_20/WCLK' (GTP_RAM128X1SP.WCLK) has no clock, timing propagation is disabled at the pin.
W: STA-3011: Clock pin 'wrapper1/DATA_VAR_MEM_a_21/WCLK' (GTP_RAM128X1SP.WCLK) has no clock, timing propagation is disabled at the pin.
W: STA-3011: Clock pin 'wrapper1/DATA_VAR_MEM_a_22/WCLK' (GTP_RAM128X1SP.WCLK) has no clock, timing propagation is disabled at the pin.
W: STA-3011: Clock pin 'wrapper1/DATA_VAR_MEM_a_23/WCLK' (GTP_RAM128X1SP.WCLK) has no clock, timing propagation is disabled at the pin.
W: STA-3011: Clock pin 'wrapper1/DATA_VAR_MEM_a_24/WCLK' (GTP_RAM128X1SP.WCLK) has no clock, timing propagation is disabled at the pin.
W: STA-3011: Clock pin 'wrapper1/DATA_VAR_MEM_a_25/WCLK' (GTP_RAM128X1SP.WCLK) has no clock, timing propagation is disabled at the pin.
W: STA-3011: Clock pin 'wrapper1/DATA_VAR_MEM_a_26/WCLK' (GTP_RAM128X1SP.WCLK) has no clock, timing propagation is disabled at the pin.
W: STA-3011: Clock pin 'wrapper1/DATA_VAR_MEM_a_27/WCLK' (GTP_RAM128X1SP.WCLK) has no clock, timing propagation is disabled at the pin.
W: STA-3011: Clock pin 'wrapper1/DATA_VAR_MEM_a_28/WCLK' (GTP_RAM128X1SP.WCLK) has no clock, timing propagation is disabled at the pin.
W: STA-3011: Clock pin 'wrapper1/DATA_VAR_MEM_a_29/WCLK' (GTP_RAM128X1SP.WCLK) has no clock, timing propagation is disabled at the pin.
W: STA-3011: Clock pin 'wrapper1/DATA_VAR_MEM_a_30/WCLK' (GTP_RAM128X1SP.WCLK) has no clock, timing propagation is disabled at the pin.
W: STA-3011: Clock pin 'wrapper1/DATA_VAR_MEM_a_31/WCLK' (GTP_RAM128X1SP.WCLK) has no clock, timing propagation is disabled at the pin.
W: STA-3011: Clock pin 'wrapper1/DATA_VAR_MEM_b/CLKA' (GTP_DRM18K_E1.CLKA) has no clock, timing propagation is disabled at the pin.
W: STA-3011: Clock pin 'wrapper1/DATA_VAR_MEM_b/CLKB' (GTP_DRM18K_E1.CLKB) has no clock, timing propagation is disabled at the pin.
W: STA-3011: Clock pin 'wrapper1/LED[2]/CLK' (GTP_DFF_C.CLK) has no clock, timing propagation is disabled at the pin.
W: STA-3011: Clock pin 'wrapper1/LED[3]/CLK' (GTP_DFF_C.CLK) has no clock, timing propagation is disabled at the pin.
W: STA-3011: Clock pin 'wrapper1/LED[4]/CLK' (GTP_DFF_C.CLK) has no clock, timing propagation is disabled at the pin.
W: STA-3011: Clock pin 'wrapper1/LED[5]/CLK' (GTP_DFF_C.CLK) has no clock, timing propagation is disabled at the pin.
W: STA-3011: Clock pin 'wrapper1/LED[6]/CLK' (GTP_DFF_C.CLK) has no clock, timing propagation is disabled at the pin.
W: STA-3011: Clock pin 'wrapper1/LED[7]/CLK' (GTP_DFF_C.CLK) has no clock, timing propagation is disabled at the pin.
W: STA-3011: Clock pin 'wrapper1/LED[8]/CLK' (GTP_DFF_C.CLK) has no clock, timing propagation is disabled at the pin.
W: STA-3011: Clock pin 'wrapper1/LED[9]/CLK' (GTP_DFF_C.CLK) has no clock, timing propagation is disabled at the pin.
W: Timing-4087: Port 'LED[0]' is not constrained, it is treated as combinational output.
W: Timing-4087: Port 'LED[1]' is not constrained, it is treated as combinational output.
W: Timing-4087: Port 'LED[2]' is not constrained, it is treated as combinational output.
W: Timing-4087: Port 'LED[3]' is not constrained, it is treated as combinational output.
W: Timing-4087: Port 'LED[4]' is not constrained, it is treated as combinational output.
W: Timing-4087: Port 'LED[5]' is not constrained, it is treated as combinational output.
W: Timing-4087: Port 'LED[6]' is not constrained, it is treated as combinational output.
W: Timing-4087: Port 'LED[7]' is not constrained, it is treated as combinational output.
W: Timing-4087: Port 'SevenSegAn[0]' is not constrained, it is treated as combinational output.
W: Timing-4087: Port 'SevenSegAn[1]' is not constrained, it is treated as combinational output.
W: Timing-4087: Port 'SevenSegAn[2]' is not constrained, it is treated as combinational output.
W: Timing-4087: Port 'SevenSegAn[3]' is not constrained, it is treated as combinational output.
W: Timing-4087: Port 'SevenSegAn[4]' is not constrained, it is treated as combinational output.
W: Timing-4087: Port 'SevenSegAn[5]' is not constrained, it is treated as combinational output.
W: Timing-4087: Port 'SevenSegAn[6]' is not constrained, it is treated as combinational output.
W: Timing-4087: Port 'SevenSegAn[7]' is not constrained, it is treated as combinational output.
W: Timing-4087: Port 'SevenSegCatHL[0]' is not constrained, it is treated as combinational output.
W: Timing-4087: Port 'SevenSegCatHL[1]' is not constrained, it is treated as combinational output.
W: Timing-4087: Port 'SevenSegCatHL[2]' is not constrained, it is treated as combinational output.
W: Timing-4087: Port 'SevenSegCatHL[3]' is not constrained, it is treated as combinational output.
W: Timing-4087: Port 'SevenSegCatHL[4]' is not constrained, it is treated as combinational output.
W: Timing-4087: Port 'SevenSegCatHL[5]' is not constrained, it is treated as combinational output.
W: Timing-4087: Port 'SevenSegCatHL[6]' is not constrained, it is treated as combinational output.
W: Timing-4087: Port 'SevenSegCatHL[7]' is not constrained, it is treated as combinational output.
W: Timing-4087: Port 'SevenSegCatHL[8]' is not constrained, it is treated as combinational output.
W: Timing-4087: Port 'SevenSegCatHL[9]' is not constrained, it is treated as combinational output.
W: Timing-4087: Port 'SevenSegCatHL[10]' is not constrained, it is treated as combinational output.
W: Timing-4087: Port 'SevenSegCatHL[11]' is not constrained, it is treated as combinational output.
W: Timing-4087: Port 'SevenSegCatHL[12]' is not constrained, it is treated as combinational output.
W: Timing-4087: Port 'SevenSegCatHL[13]' is not constrained, it is treated as combinational output.
W: Timing-4087: Port 'SevenSegCatHL[14]' is not constrained, it is treated as combinational output.
W: Timing-4087: Port 'SevenSegCatHL[15]' is not constrained, it is treated as combinational output.
W: Timing-4086: Port 'DIP[0]' is not constrained, it is treated as combinational input.
W: Timing-4086: Port 'DIP[1]' is not constrained, it is treated as combinational input.
W: Timing-4086: Port 'DIP[2]' is not constrained, it is treated as combinational input.
W: Timing-4086: Port 'DIP[3]' is not constrained, it is treated as combinational input.
W: Timing-4086: Port 'DIP[4]' is not constrained, it is treated as combinational input.
W: Timing-4086: Port 'DIP[5]' is not constrained, it is treated as combinational input.
W: Timing-4086: Port 'DIP[6]' is not constrained, it is treated as combinational input.
W: Timing-4086: Port 'PAUSE_n' is not constrained, it is treated as combinational input.
W: Timing-4086: Port 'RESET_n' is not constrained, it is treated as combinational input.
Action synthesize: Real time elapsed is 0h:0m:12s
Action synthesize: CPU time elapsed is 0h:0m:3s
Action synthesize: Process CPU time elapsed is 0h:0m:3s
Current time: Mon Nov 11 14:50:51 2024
Action synthesize: Peak memory pool usage is 303 MB
