[Info] [2024-11-26 19:15:25] /***************************Start Configuration***************************/
[Info] [2024-11-26 19:15:25] Path: D:/Program Files/PDS/PDS_2022.1/bin
[Info] [2024-11-26 19:15:25] Version: 99559
[Info] [2024-11-26 19:15:26] Current Path: F:/SME_files/SME309/codes/SME209_codes/lab3/PDS_lab3_MyCycle/Hardware/Design_Source
[Info] [2024-11-26 19:15:26] PDS Dir Path: F:/SME_files/SME309/codes/SME209_codes/lab3/PDS_lab3_MyCycle/Hardware/Design_Source
[Info] [2024-11-26 19:15:31] Configuration is not connect with server. connect first then scan chain.
[Debug] [2024-11-26 19:15:31] Client Local host name:HTY?sLaptop
[Debug] [2024-11-26 19:15:31] Client Local Address:10.13.216.131
[Debug] [2024-11-26 19:15:31] Server Address:127.0.0.1, Port:65420
[Info] [2024-11-26 19:15:32] Connect OK, Server: 127.0.0.1  Port: 65420
[Debug] [2024-11-26 19:15:32] Finish.
[Info] [2024-11-26 19:15:32] Connect server succeeded
[Debug] [2024-11-26 19:15:32] Send RPC:1
[Debug] [2024-11-26 19:15:32] Send cmd [check version information:40005] OK
[Debug] [2024-11-26 19:15:34] Send RPC:2
[Debug] [2024-11-26 19:15:34] Send cmd [get_cable_paras:40011] OK
[Debug] [2024-11-26 19:15:34] Begin to send initialize chain cmd...
[Debug] [2024-11-26 19:15:34] Send RPC:3
[Debug] [2024-11-26 19:15:34] Send cmd [Open config cable:20001] OK
[Debug] [2024-11-26 19:15:34] End to send initialize chain cmd.
[Debug] [2024-11-26 19:15:34] COMMAND[check version information] execute successfully, takes 2.7 secs.
[Debug] [2024-11-26 19:15:36] COMMAND[get_cable_paras] execute successfully, takes 1.5 secs.
[Debug] [2024-11-26 19:15:37] begin the exec of open cable cmd...
[Debug] [2024-11-26 19:15:37] Begin to deal with chain from server...
[Debug] [2024-11-26 19:15:37] Begin to set user chain...
[Debug] [2024-11-26 19:15:37] End to set user chain.
[Debug] [2024-11-26 19:15:37] Begin to update graphic item and tree item ...
[Debug] [2024-11-26 19:15:37] End to update graphic item and tree item ...
[Info] [2024-11-26 19:15:38] set OpenLastPath: F:/SME_files/SME309/codes/SME209_codes/lab3/PDS_lab3_MyCycle/Hardware/Design_Source/generate_bitstream/TOP.sbit
[Debug] [2024-11-26 19:15:38] begin to get device info from CFG file...
[Debug] [2024-11-26 19:15:38] end to get device info from CFG file...
[Debug] [2024-11-26 19:15:38] Begin to update graphic item and tree item ...
[Debug] [2024-11-26 19:15:38] End to update graphic item and tree item ...
[Debug] [2024-11-26 19:15:38] End to deal wiht chain from server.
[Debug] [2024-11-26 19:15:38] end the exec of open cable cmd.
[Debug] [2024-11-26 19:15:38] COMMAND[Open config cable] execute successfully, takes 3.8 secs.
[Debug] [2024-11-26 19:15:40] Begin to send programming cmd...
[Debug] [2024-11-26 19:15:40] Send RPC:4
[Debug] [2024-11-26 19:15:40] Begin to send program data.
[Debug] [2024-11-26 19:15:40] End to send program data.
[Debug] [2024-11-26 19:15:40] Send cmd [Program:20002] OK
[Debug] [2024-11-26 19:15:40] The value of Progress is 6
[Debug] [2024-11-26 19:15:40] The value of Progress is 10
[Debug] [2024-11-26 19:15:40] The value of Progress is 15
[Debug] [2024-11-26 19:15:40] The value of Progress is 20
[Debug] [2024-11-26 19:15:40] The value of Progress is 25
[Debug] [2024-11-26 19:15:40] The value of Progress is 30
[Debug] [2024-11-26 19:15:41] The value of Progress is 35
[Debug] [2024-11-26 19:15:41] The value of Progress is 40
[Debug] [2024-11-26 19:15:41] The value of Progress is 45
[Debug] [2024-11-26 19:15:41] The value of Progress is 50
[Debug] [2024-11-26 19:15:41] The value of Progress is 55
[Debug] [2024-11-26 19:15:41] The value of Progress is 60
[Debug] [2024-11-26 19:15:41] The value of Progress is 65
[Debug] [2024-11-26 19:15:41] The value of Progress is 70
[Debug] [2024-11-26 19:15:41] The value of Progress is 75
[Debug] [2024-11-26 19:15:41] The value of Progress is 80
[Debug] [2024-11-26 19:15:41] The value of Progress is 85
[Debug] [2024-11-26 19:15:42] The value of Progress is 90
[Debug] [2024-11-26 19:15:42] The value of Progress is 95
[Debug] [2024-11-26 19:15:42] The value of Progress is 100
[Debug] [2024-11-26 19:15:42] COMMAND[Program] execute successfully, takes 2.2 secs.
[Debug] [2024-11-26 19:15:42] End to send programming cmd.
[Debug] [2024-11-26 19:16:43] Begin to send programming cmd...
[Debug] [2024-11-26 19:16:43] Send RPC:5
[Debug] [2024-11-26 19:16:43] Begin to send program data.
[Debug] [2024-11-26 19:16:43] End to send program data.
[Debug] [2024-11-26 19:16:43] Send cmd [Program:20002] OK
[Debug] [2024-11-26 19:16:43] The value of Progress is 6
[Debug] [2024-11-26 19:16:43] The value of Progress is 10
[Debug] [2024-11-26 19:16:43] The value of Progress is 15
[Debug] [2024-11-26 19:16:43] The value of Progress is 20
[Debug] [2024-11-26 19:16:43] The value of Progress is 25
[Debug] [2024-11-26 19:16:43] The value of Progress is 30
[Debug] [2024-11-26 19:16:43] The value of Progress is 35
[Debug] [2024-11-26 19:16:43] The value of Progress is 40
[Debug] [2024-11-26 19:16:44] The value of Progress is 45
[Debug] [2024-11-26 19:16:44] The value of Progress is 50
[Debug] [2024-11-26 19:16:44] The value of Progress is 55
[Debug] [2024-11-26 19:16:44] The value of Progress is 60
[Debug] [2024-11-26 19:16:44] The value of Progress is 65
[Debug] [2024-11-26 19:16:44] The value of Progress is 70
[Debug] [2024-11-26 19:16:44] The value of Progress is 75
[Debug] [2024-11-26 19:16:44] The value of Progress is 80
[Debug] [2024-11-26 19:16:44] The value of Progress is 85
[Debug] [2024-11-26 19:16:44] The value of Progress is 90
[Debug] [2024-11-26 19:16:44] The value of Progress is 95
[Debug] [2024-11-26 19:16:45] The value of Progress is 100
[Debug] [2024-11-26 19:16:45] COMMAND[Program] execute successfully, takes 2.2 secs.
[Debug] [2024-11-26 19:16:45] End to send programming cmd.
[Info] [2024-11-26 19:21:31] /***************************End Configration***************************/
[Info] [2024-11-26 19:31:45] /***************************Start Configuration***************************/
[Info] [2024-11-26 19:31:45] Path: D:/Program Files/PDS/PDS_2022.1/bin
[Info] [2024-11-26 19:31:45] Version: 99559
[Info] [2024-11-26 19:31:46] Current Path: F:/SME_files/SME309/codes/SME209_codes/lab3/PDS_lab3_MyCycle/Hardware/Design_Source
[Info] [2024-11-26 19:31:46] PDS Dir Path: F:/SME_files/SME309/codes/SME209_codes/lab3/PDS_lab3_MyCycle/Hardware/Design_Source
[Info] [2024-11-26 19:31:49] Configuration is not connect with server. connect first then scan chain.
[Debug] [2024-11-26 19:31:49] Client Local host name:HTY?sLaptop
[Debug] [2024-11-26 19:31:49] Client Local Address:10.13.216.131
[Debug] [2024-11-26 19:31:49] Server Address:127.0.0.1, Port:65420
[Info] [2024-11-26 19:31:49] Connect OK, Server: 127.0.0.1  Port: 65420
[Debug] [2024-11-26 19:31:49] Finish.
[Info] [2024-11-26 19:31:49] Connect server succeeded
[Debug] [2024-11-26 19:31:49] Send RPC:1
[Debug] [2024-11-26 19:31:49] Send cmd [check version information:40005] OK
[Debug] [2024-11-26 19:31:50] Send RPC:2
[Debug] [2024-11-26 19:31:50] Send cmd [get_cable_paras:40011] OK
[Debug] [2024-11-26 19:31:50] Begin to send initialize chain cmd...
[Debug] [2024-11-26 19:31:50] Send RPC:3
[Debug] [2024-11-26 19:31:50] Send cmd [Open config cable:20001] OK
[Debug] [2024-11-26 19:31:50] End to send initialize chain cmd.
[Debug] [2024-11-26 19:31:50] COMMAND[check version information] execute successfully, takes 0.3 secs.
[Debug] [2024-11-26 19:31:51] COMMAND[get_cable_paras] execute successfully, takes 1.1 secs.
[Debug] [2024-11-26 19:31:51] begin the exec of open cable cmd...
[Debug] [2024-11-26 19:31:51] Begin to deal with chain from server...
[Debug] [2024-11-26 19:31:51] Begin to set user chain...
[Debug] [2024-11-26 19:31:51] End to set user chain.
[Debug] [2024-11-26 19:31:51] Begin to update graphic item and tree item ...
[Debug] [2024-11-26 19:31:51] End to update graphic item and tree item ...
[Info] [2024-11-26 19:31:53] set OpenLastPath: F:/SME_files/SME309/codes/SME209_codes/lab3/PDS_lab3_MyCycle/Hardware/Design_Source/generate_bitstream/TOP.sbit
[Debug] [2024-11-26 19:31:53] begin to get device info from CFG file...
[Debug] [2024-11-26 19:31:53] end to get device info from CFG file...
[Debug] [2024-11-26 19:31:53] Begin to update graphic item and tree item ...
[Debug] [2024-11-26 19:31:53] End to update graphic item and tree item ...
[Debug] [2024-11-26 19:31:53] End to deal wiht chain from server.
[Debug] [2024-11-26 19:31:53] end the exec of open cable cmd.
[Debug] [2024-11-26 19:31:53] COMMAND[Open config cable] execute successfully, takes 3.6 secs.
[Debug] [2024-11-26 19:32:08] Begin to send programming cmd...
[Debug] [2024-11-26 19:32:08] Send RPC:4
[Debug] [2024-11-26 19:32:08] Begin to send program data.
[Debug] [2024-11-26 19:32:08] End to send program data.
[Debug] [2024-11-26 19:32:08] Send cmd [Program:20002] OK
[Debug] [2024-11-26 19:32:08] The value of Progress is 6
[Debug] [2024-11-26 19:32:08] The value of Progress is 10
[Debug] [2024-11-26 19:32:09] The value of Progress is 15
[Debug] [2024-11-26 19:32:09] The value of Progress is 20
[Debug] [2024-11-26 19:32:09] The value of Progress is 25
[Debug] [2024-11-26 19:32:09] The value of Progress is 30
[Debug] [2024-11-26 19:32:09] The value of Progress is 35
[Debug] [2024-11-26 19:32:09] The value of Progress is 40
[Debug] [2024-11-26 19:32:09] The value of Progress is 45
[Debug] [2024-11-26 19:32:09] The value of Progress is 50
[Debug] [2024-11-26 19:32:09] The value of Progress is 55
[Debug] [2024-11-26 19:32:09] The value of Progress is 60
[Debug] [2024-11-26 19:32:09] The value of Progress is 65
[Debug] [2024-11-26 19:32:10] The value of Progress is 70
[Debug] [2024-11-26 19:32:10] The value of Progress is 75
[Debug] [2024-11-26 19:32:10] The value of Progress is 80
[Debug] [2024-11-26 19:32:10] The value of Progress is 85
[Debug] [2024-11-26 19:32:10] The value of Progress is 90
[Debug] [2024-11-26 19:32:10] The value of Progress is 95
[Debug] [2024-11-26 19:32:10] The value of Progress is 100
[Debug] [2024-11-26 19:32:10] COMMAND[Program] execute successfully, takes 2.0 secs.
[Debug] [2024-11-26 19:32:10] End to send programming cmd.
[Info] [2024-11-26 19:32:45] /***************************End Configration***************************/
