#Build: Fabric Compiler 2022.1, Build 99559, Jul 12 00:20 2022
#Install: D:\Program Files\PDS\PDS_2022.1\bin
#Application name: pds_shell.exe
#OS: Windows 10 10.0.22631
#Hostname: HTY‘sLaptop
Generated by Fabric Compiler (version 2022.1 build 99559) at Mon Nov 25 22:29:28 2024
License checkout: fabric_ads
Compiling verification operator library.
Loading technology operator library.
Compiling technology operator library.
Compiling technology operator (valence) library.
I: Enable Verilog2k features and keywords
Start rtl-analyze.
Executing : .rtl_analyze -work work -include_path {F:/SME_files/SME309/codes/SME209_codes/lab3/PDS_lab3_MyCycle/Hardware/Design_Source} F:/SME_files/SME309/codes/SME209_codes/lab3/PDS_lab3_MyCycle/Hardware/Design_Source/MCycle_template.v
I: Verilog-0001: Analyzing file F:/SME_files/SME309/codes/SME209_codes/lab3/PDS_lab3_MyCycle/Hardware/Design_Source/MCycle_template.v
I: Verilog-0002: [F:/SME_files/SME309/codes/SME209_codes/lab3/PDS_lab3_MyCycle/Hardware/Design_Source/MCycle_template.v(line number: 2)] Analyzing module MCycle (library work)
Parsing done.
Executing : .rtl_analyze -work work -include_path {F:/SME_files/SME309/codes/SME209_codes/lab3/PDS_lab3_MyCycle/Hardware/Design_Source} F:/SME_files/SME309/codes/SME209_codes/lab3/PDS_lab3_MyCycle/Hardware/Design_Source/MCycle_template.v successfully.
Executing : .rtl_analyze -work work -include_path {F:/SME_files/SME309/codes/SME209_codes/lab3/PDS_lab3_MyCycle/Hardware/Design_Source} F:/SME_files/SME309/codes/SME209_codes/lab3/PDS_lab3_MyCycle/Hardware/Design_Source/ALU.v
I: Verilog-0001: Analyzing file F:/SME_files/SME309/codes/SME209_codes/lab3/PDS_lab3_MyCycle/Hardware/Design_Source/ALU.v
I: Verilog-0002: [F:/SME_files/SME309/codes/SME209_codes/lab3/PDS_lab3_MyCycle/Hardware/Design_Source/ALU.v(line number: 1)] Analyzing module ALU (library work)
Parsing done.
Executing : .rtl_analyze -work work -include_path {F:/SME_files/SME309/codes/SME209_codes/lab3/PDS_lab3_MyCycle/Hardware/Design_Source} F:/SME_files/SME309/codes/SME209_codes/lab3/PDS_lab3_MyCycle/Hardware/Design_Source/ALU.v successfully.
Executing : .rtl_analyze -work work -include_path {F:/SME_files/SME309/codes/SME209_codes/lab3/PDS_lab3_MyCycle/Hardware/Design_Source} F:/SME_files/SME309/codes/SME209_codes/lab3/PDS_lab3_MyCycle/Hardware/Design_Source/ARM.v
I: Verilog-0001: Analyzing file F:/SME_files/SME309/codes/SME209_codes/lab3/PDS_lab3_MyCycle/Hardware/Design_Source/ARM.v
I: Verilog-0002: [F:/SME_files/SME309/codes/SME209_codes/lab3/PDS_lab3_MyCycle/Hardware/Design_Source/ARM.v(line number: 1)] Analyzing module ARM (library work)
Parsing done.
Executing : .rtl_analyze -work work -include_path {F:/SME_files/SME309/codes/SME209_codes/lab3/PDS_lab3_MyCycle/Hardware/Design_Source} F:/SME_files/SME309/codes/SME209_codes/lab3/PDS_lab3_MyCycle/Hardware/Design_Source/ARM.v successfully.
Executing : .rtl_analyze -work work -include_path {F:/SME_files/SME309/codes/SME209_codes/lab3/PDS_lab3_MyCycle/Hardware/Design_Source} F:/SME_files/SME309/codes/SME209_codes/lab3/PDS_lab3_MyCycle/Hardware/Design_Source/CondLogic.v
I: Verilog-0001: Analyzing file F:/SME_files/SME309/codes/SME209_codes/lab3/PDS_lab3_MyCycle/Hardware/Design_Source/CondLogic.v
I: Verilog-0002: [F:/SME_files/SME309/codes/SME209_codes/lab3/PDS_lab3_MyCycle/Hardware/Design_Source/CondLogic.v(line number: 2)] Analyzing module CondLogic (library work)
Parsing done.
Executing : .rtl_analyze -work work -include_path {F:/SME_files/SME309/codes/SME209_codes/lab3/PDS_lab3_MyCycle/Hardware/Design_Source} F:/SME_files/SME309/codes/SME209_codes/lab3/PDS_lab3_MyCycle/Hardware/Design_Source/CondLogic.v successfully.
Executing : .rtl_analyze -work work -include_path {F:/SME_files/SME309/codes/SME209_codes/lab3/PDS_lab3_MyCycle/Hardware/Design_Source} F:/SME_files/SME309/codes/SME209_codes/lab3/PDS_lab3_MyCycle/Hardware/Design_Source/ControlUnit.v
I: Verilog-0001: Analyzing file F:/SME_files/SME309/codes/SME209_codes/lab3/PDS_lab3_MyCycle/Hardware/Design_Source/ControlUnit.v
I: Verilog-0002: [F:/SME_files/SME309/codes/SME209_codes/lab3/PDS_lab3_MyCycle/Hardware/Design_Source/ControlUnit.v(line number: 1)] Analyzing module ControlUnit (library work)
Parsing done.
Executing : .rtl_analyze -work work -include_path {F:/SME_files/SME309/codes/SME209_codes/lab3/PDS_lab3_MyCycle/Hardware/Design_Source} F:/SME_files/SME309/codes/SME209_codes/lab3/PDS_lab3_MyCycle/Hardware/Design_Source/ControlUnit.v successfully.
Executing : .rtl_analyze -work work -include_path {F:/SME_files/SME309/codes/SME209_codes/lab3/PDS_lab3_MyCycle/Hardware/Design_Source} F:/SME_files/SME309/codes/SME209_codes/lab3/PDS_lab3_MyCycle/Hardware/Design_Source/Decoder.v
I: Verilog-0001: Analyzing file F:/SME_files/SME309/codes/SME209_codes/lab3/PDS_lab3_MyCycle/Hardware/Design_Source/Decoder.v
I: Verilog-0002: [F:/SME_files/SME309/codes/SME209_codes/lab3/PDS_lab3_MyCycle/Hardware/Design_Source/Decoder.v(line number: 1)] Analyzing module Decoder (library work)
Parsing done.
Executing : .rtl_analyze -work work -include_path {F:/SME_files/SME309/codes/SME209_codes/lab3/PDS_lab3_MyCycle/Hardware/Design_Source} F:/SME_files/SME309/codes/SME209_codes/lab3/PDS_lab3_MyCycle/Hardware/Design_Source/Decoder.v successfully.
Executing : .rtl_analyze -work work -include_path {F:/SME_files/SME309/codes/SME209_codes/lab3/PDS_lab3_MyCycle/Hardware/Design_Source} F:/SME_files/SME309/codes/SME209_codes/lab3/PDS_lab3_MyCycle/Hardware/Design_Source/Extend.v
I: Verilog-0001: Analyzing file F:/SME_files/SME309/codes/SME209_codes/lab3/PDS_lab3_MyCycle/Hardware/Design_Source/Extend.v
I: Verilog-0002: [F:/SME_files/SME309/codes/SME209_codes/lab3/PDS_lab3_MyCycle/Hardware/Design_Source/Extend.v(line number: 1)] Analyzing module Extend (library work)
Parsing done.
Executing : .rtl_analyze -work work -include_path {F:/SME_files/SME309/codes/SME209_codes/lab3/PDS_lab3_MyCycle/Hardware/Design_Source} F:/SME_files/SME309/codes/SME209_codes/lab3/PDS_lab3_MyCycle/Hardware/Design_Source/Extend.v successfully.
Executing : .rtl_analyze -work work -include_path {F:/SME_files/SME309/codes/SME209_codes/lab3/PDS_lab3_MyCycle/Hardware/Design_Source} F:/SME_files/SME309/codes/SME209_codes/lab3/PDS_lab3_MyCycle/Hardware/Design_Source/ProgramCounter.v
I: Verilog-0001: Analyzing file F:/SME_files/SME309/codes/SME209_codes/lab3/PDS_lab3_MyCycle/Hardware/Design_Source/ProgramCounter.v
I: Verilog-0002: [F:/SME_files/SME309/codes/SME209_codes/lab3/PDS_lab3_MyCycle/Hardware/Design_Source/ProgramCounter.v(line number: 1)] Analyzing module ProgramCounter (library work)
Parsing done.
Executing : .rtl_analyze -work work -include_path {F:/SME_files/SME309/codes/SME209_codes/lab3/PDS_lab3_MyCycle/Hardware/Design_Source} F:/SME_files/SME309/codes/SME209_codes/lab3/PDS_lab3_MyCycle/Hardware/Design_Source/ProgramCounter.v successfully.
Executing : .rtl_analyze -work work -include_path {F:/SME_files/SME309/codes/SME209_codes/lab3/PDS_lab3_MyCycle/Hardware/Design_Source} F:/SME_files/SME309/codes/SME209_codes/lab3/PDS_lab3_MyCycle/Hardware/Design_Source/RegisterFile.v
I: Verilog-0001: Analyzing file F:/SME_files/SME309/codes/SME209_codes/lab3/PDS_lab3_MyCycle/Hardware/Design_Source/RegisterFile.v
I: Verilog-0002: [F:/SME_files/SME309/codes/SME209_codes/lab3/PDS_lab3_MyCycle/Hardware/Design_Source/RegisterFile.v(line number: 1)] Analyzing module RegisterFile (library work)
Parsing done.
Executing : .rtl_analyze -work work -include_path {F:/SME_files/SME309/codes/SME209_codes/lab3/PDS_lab3_MyCycle/Hardware/Design_Source} F:/SME_files/SME309/codes/SME209_codes/lab3/PDS_lab3_MyCycle/Hardware/Design_Source/RegisterFile.v successfully.
Executing : .rtl_analyze -work work -include_path {F:/SME_files/SME309/codes/SME209_codes/lab3/PDS_lab3_MyCycle/Hardware/Design_Source} F:/SME_files/SME309/codes/SME209_codes/lab3/PDS_lab3_MyCycle/Hardware/Design_Source/Shifter.v
I: Verilog-0001: Analyzing file F:/SME_files/SME309/codes/SME209_codes/lab3/PDS_lab3_MyCycle/Hardware/Design_Source/Shifter.v
I: Verilog-0002: [F:/SME_files/SME309/codes/SME209_codes/lab3/PDS_lab3_MyCycle/Hardware/Design_Source/Shifter.v(line number: 1)] Analyzing module Shifter (library work)
Parsing done.
Executing : .rtl_analyze -work work -include_path {F:/SME_files/SME309/codes/SME209_codes/lab3/PDS_lab3_MyCycle/Hardware/Design_Source} F:/SME_files/SME309/codes/SME209_codes/lab3/PDS_lab3_MyCycle/Hardware/Design_Source/Shifter.v successfully.
Executing : .rtl_analyze -work work -include_path {F:/SME_files/SME309/codes/SME209_codes/lab3/PDS_lab3_MyCycle/Hardware/Design_Source} F:/SME_files/SME309/codes/SME209_codes/lab3/PDS_lab3_MyCycle/Hardware/Design_Source/TOP_Pango.v
I: Verilog-0001: Analyzing file F:/SME_files/SME309/codes/SME209_codes/lab3/PDS_lab3_MyCycle/Hardware/Design_Source/TOP_Pango.v
I: Verilog-0002: [F:/SME_files/SME309/codes/SME209_codes/lab3/PDS_lab3_MyCycle/Hardware/Design_Source/TOP_Pango.v(line number: 4)] Analyzing module TOP (library work)
Parsing done.
Executing : .rtl_analyze -work work -include_path {F:/SME_files/SME309/codes/SME209_codes/lab3/PDS_lab3_MyCycle/Hardware/Design_Source} F:/SME_files/SME309/codes/SME209_codes/lab3/PDS_lab3_MyCycle/Hardware/Design_Source/TOP_Pango.v successfully.
Executing : .rtl_analyze -work work -include_path {F:/SME_files/SME309/codes/SME209_codes/lab3/PDS_lab3_MyCycle/Hardware/Design_Source} F:/SME_files/SME309/codes/SME209_codes/lab3/PDS_lab3_MyCycle/Hardware/Design_Source/Wrapper.v
I: Verilog-0001: Analyzing file F:/SME_files/SME309/codes/SME209_codes/lab3/PDS_lab3_MyCycle/Hardware/Design_Source/Wrapper.v
I: Verilog-0002: [F:/SME_files/SME309/codes/SME209_codes/lab3/PDS_lab3_MyCycle/Hardware/Design_Source/Wrapper.v(line number: 4)] Analyzing module Wrapper (library work)
W: Verilog-2010: [F:/SME_files/SME309/codes/SME209_codes/lab3/PDS_lab3_MyCycle/Hardware/Design_Source/Wrapper.v(line number: 49)] Ignore initial statements except memory $readmemh/$readmemb initialization statements
W: Verilog-2010: [F:/SME_files/SME309/codes/SME209_codes/lab3/PDS_lab3_MyCycle/Hardware/Design_Source/Wrapper.v(line number: 120)] Ignore initial statements except memory $readmemh/$readmemb initialization statements
W: Verilog-2010: [F:/SME_files/SME309/codes/SME209_codes/lab3/PDS_lab3_MyCycle/Hardware/Design_Source/Wrapper.v(line number: 136)] Ignore initial statements except memory $readmemh/$readmemb initialization statements
Parsing done.
Executing : .rtl_analyze -work work -include_path {F:/SME_files/SME309/codes/SME209_codes/lab3/PDS_lab3_MyCycle/Hardware/Design_Source} F:/SME_files/SME309/codes/SME209_codes/lab3/PDS_lab3_MyCycle/Hardware/Design_Source/Wrapper.v successfully.
I: Module "MCycle" is set as top module.
Executing : rtl-analyze successfully. Time elapsed: 1.884s wall, 0.000s user + 0.031s system = 0.031s CPU (1.7%)

Start rtl-elaborate.
I: Verilog-0003: [F:/SME_files/SME309/codes/SME209_codes/lab3/PDS_lab3_MyCycle/Hardware/Design_Source/MCycle_template.v(line number: 2)] Elaborating module MCycle
I: Module instance {MCycle} parameter value:
    width = 32'b00000000000000000000000000100000
Executing : rtl-elaborate successfully. Time elapsed: 0.005s wall, 0.000s user + 0.000s system = 0.000s CPU (n/a%)

Start rtl-prep.
Executing : rtl-prep successfully. Time elapsed: 0.003s wall, 0.000s user + 0.000s system = 0.000s CPU (n/a%)

Start rtl-infer.
Start DFF-inference.
Executing : DFF-inference successfully.
Executing : rtl-infer successfully. Time elapsed: 0.050s wall, 0.000s user + 0.000s system = 0.000s CPU (n/a%)

Start rtl-control-opt.
Executing : rtl-control-opt successfully. Time elapsed: 0.000s wall, 0.000s user + 0.000s system = 0.000s CPU (n/a%)

Start rtl-data-opt.
Executing : rtl-data-opt successfully. Time elapsed: 0.002s wall, 0.000s user + 0.000s system = 0.000s CPU (n/a%)

Start FSM inference.
W: Loop was found during constant probe.
Executing : FSM inference successfully. Time elapsed: 0.000s wall, 0.000s user + 0.000s system = 0.000s CPU (n/a%)

Start sdm2adm.
W: Loop was found during constant probe.
W: Loop was found during constant probe.
W: Loop was found during constant probe.
W: Loop was found during constant probe.
W: Loop was found during constant probe.
W: Loop was found during constant probe.
I: Constant propagation done on N154 (bmsWIDEMUX).
I: Constant propagation done on N54[63:32] (bmsWIDEMUX).
I: Constant propagation done on N213 (bmsPMUX).
I: Constant propagation done on N142 (bmsPMUX).
I: Constant propagation done on N191 (bmsPMUX).
Executing : sdm2adm successfully. Time elapsed: 0.011s wall, 0.000s user + 0.000s system = 0.000s CPU (n/a%)

Saving design to DB.
Action compile: Real time elapsed is 0h:0m:4s
Action compile: CPU time elapsed is 0h:0m:0s
Action compile: Process CPU time elapsed is 0h:0m:0s
Current time: Mon Nov 25 22:29:30 2024
Action compile: Peak memory pool usage is 132 MB
