#Build: Fabric Compiler 2022.1, Build 99559, Jul 12 00:20 2022
#Install: D:\Program Files\PDS\PDS_2022.1\bin
#Application name: pds_shell.exe
#OS: Windows 10 10.0.22631
#Hostname: HTY‘sLaptop
Generated by Fabric Compiler (version 2022.1 build 99559) at Tue Nov 26 19:26:03 2024
License checkout: fabric_ads
Compiling verification operator library.
Loading technology operator library.
Compiling technology operator library.
Compiling technology operator (valence) library.
I: Enable Verilog2k features and keywords
Start rtl-analyze.
Executing : .rtl_analyze -work work -include_path {F:/SME_files/SME309/codes/SME209_codes/lab3/PDS_lab3_MyCycle/Hardware/Design_Source} F:/SME_files/SME309/codes/SME209_codes/lab3/PDS_lab3_MyCycle/Hardware/Design_Source/MCycle_template.v
I: Verilog-0001: Analyzing file F:/SME_files/SME309/codes/SME209_codes/lab3/PDS_lab3_MyCycle/Hardware/Design_Source/MCycle_template.v
I: Verilog-0002: [F:/SME_files/SME309/codes/SME209_codes/lab3/PDS_lab3_MyCycle/Hardware/Design_Source/MCycle_template.v(line number: 2)] Analyzing module MCycle (library work)
Parsing done.
Executing : .rtl_analyze -work work -include_path {F:/SME_files/SME309/codes/SME209_codes/lab3/PDS_lab3_MyCycle/Hardware/Design_Source} F:/SME_files/SME309/codes/SME209_codes/lab3/PDS_lab3_MyCycle/Hardware/Design_Source/MCycle_template.v successfully.
Executing : .rtl_analyze -work work -include_path {F:/SME_files/SME309/codes/SME209_codes/lab3/PDS_lab3_MyCycle/Hardware/Design_Source} F:/SME_files/SME309/codes/SME209_codes/lab3/PDS_lab3_MyCycle/Hardware/Design_Source/ALU.v
I: Verilog-0001: Analyzing file F:/SME_files/SME309/codes/SME209_codes/lab3/PDS_lab3_MyCycle/Hardware/Design_Source/ALU.v
I: Verilog-0002: [F:/SME_files/SME309/codes/SME209_codes/lab3/PDS_lab3_MyCycle/Hardware/Design_Source/ALU.v(line number: 1)] Analyzing module ALU (library work)
Parsing done.
Executing : .rtl_analyze -work work -include_path {F:/SME_files/SME309/codes/SME209_codes/lab3/PDS_lab3_MyCycle/Hardware/Design_Source} F:/SME_files/SME309/codes/SME209_codes/lab3/PDS_lab3_MyCycle/Hardware/Design_Source/ALU.v successfully.
Executing : .rtl_analyze -work work -include_path {F:/SME_files/SME309/codes/SME209_codes/lab3/PDS_lab3_MyCycle/Hardware/Design_Source} F:/SME_files/SME309/codes/SME209_codes/lab3/PDS_lab3_MyCycle/Hardware/Design_Source/ARM.v
I: Verilog-0001: Analyzing file F:/SME_files/SME309/codes/SME209_codes/lab3/PDS_lab3_MyCycle/Hardware/Design_Source/ARM.v
I: Verilog-0002: [F:/SME_files/SME309/codes/SME209_codes/lab3/PDS_lab3_MyCycle/Hardware/Design_Source/ARM.v(line number: 1)] Analyzing module ARM (library work)
Parsing done.
Executing : .rtl_analyze -work work -include_path {F:/SME_files/SME309/codes/SME209_codes/lab3/PDS_lab3_MyCycle/Hardware/Design_Source} F:/SME_files/SME309/codes/SME209_codes/lab3/PDS_lab3_MyCycle/Hardware/Design_Source/ARM.v successfully.
Executing : .rtl_analyze -work work -include_path {F:/SME_files/SME309/codes/SME209_codes/lab3/PDS_lab3_MyCycle/Hardware/Design_Source} F:/SME_files/SME309/codes/SME209_codes/lab3/PDS_lab3_MyCycle/Hardware/Design_Source/CondLogic.v
I: Verilog-0001: Analyzing file F:/SME_files/SME309/codes/SME209_codes/lab3/PDS_lab3_MyCycle/Hardware/Design_Source/CondLogic.v
I: Verilog-0002: [F:/SME_files/SME309/codes/SME209_codes/lab3/PDS_lab3_MyCycle/Hardware/Design_Source/CondLogic.v(line number: 2)] Analyzing module CondLogic (library work)
Parsing done.
Executing : .rtl_analyze -work work -include_path {F:/SME_files/SME309/codes/SME209_codes/lab3/PDS_lab3_MyCycle/Hardware/Design_Source} F:/SME_files/SME309/codes/SME209_codes/lab3/PDS_lab3_MyCycle/Hardware/Design_Source/CondLogic.v successfully.
Executing : .rtl_analyze -work work -include_path {F:/SME_files/SME309/codes/SME209_codes/lab3/PDS_lab3_MyCycle/Hardware/Design_Source} F:/SME_files/SME309/codes/SME209_codes/lab3/PDS_lab3_MyCycle/Hardware/Design_Source/ControlUnit.v
I: Verilog-0001: Analyzing file F:/SME_files/SME309/codes/SME209_codes/lab3/PDS_lab3_MyCycle/Hardware/Design_Source/ControlUnit.v
I: Verilog-0002: [F:/SME_files/SME309/codes/SME209_codes/lab3/PDS_lab3_MyCycle/Hardware/Design_Source/ControlUnit.v(line number: 1)] Analyzing module ControlUnit (library work)
Parsing done.
Executing : .rtl_analyze -work work -include_path {F:/SME_files/SME309/codes/SME209_codes/lab3/PDS_lab3_MyCycle/Hardware/Design_Source} F:/SME_files/SME309/codes/SME209_codes/lab3/PDS_lab3_MyCycle/Hardware/Design_Source/ControlUnit.v successfully.
Executing : .rtl_analyze -work work -include_path {F:/SME_files/SME309/codes/SME209_codes/lab3/PDS_lab3_MyCycle/Hardware/Design_Source} F:/SME_files/SME309/codes/SME209_codes/lab3/PDS_lab3_MyCycle/Hardware/Design_Source/Decoder.v
I: Verilog-0001: Analyzing file F:/SME_files/SME309/codes/SME209_codes/lab3/PDS_lab3_MyCycle/Hardware/Design_Source/Decoder.v
I: Verilog-0002: [F:/SME_files/SME309/codes/SME209_codes/lab3/PDS_lab3_MyCycle/Hardware/Design_Source/Decoder.v(line number: 1)] Analyzing module Decoder (library work)
Parsing done.
Executing : .rtl_analyze -work work -include_path {F:/SME_files/SME309/codes/SME209_codes/lab3/PDS_lab3_MyCycle/Hardware/Design_Source} F:/SME_files/SME309/codes/SME209_codes/lab3/PDS_lab3_MyCycle/Hardware/Design_Source/Decoder.v successfully.
Executing : .rtl_analyze -work work -include_path {F:/SME_files/SME309/codes/SME209_codes/lab3/PDS_lab3_MyCycle/Hardware/Design_Source} F:/SME_files/SME309/codes/SME209_codes/lab3/PDS_lab3_MyCycle/Hardware/Design_Source/Extend.v
I: Verilog-0001: Analyzing file F:/SME_files/SME309/codes/SME209_codes/lab3/PDS_lab3_MyCycle/Hardware/Design_Source/Extend.v
I: Verilog-0002: [F:/SME_files/SME309/codes/SME209_codes/lab3/PDS_lab3_MyCycle/Hardware/Design_Source/Extend.v(line number: 1)] Analyzing module Extend (library work)
Parsing done.
Executing : .rtl_analyze -work work -include_path {F:/SME_files/SME309/codes/SME209_codes/lab3/PDS_lab3_MyCycle/Hardware/Design_Source} F:/SME_files/SME309/codes/SME209_codes/lab3/PDS_lab3_MyCycle/Hardware/Design_Source/Extend.v successfully.
Executing : .rtl_analyze -work work -include_path {F:/SME_files/SME309/codes/SME209_codes/lab3/PDS_lab3_MyCycle/Hardware/Design_Source} F:/SME_files/SME309/codes/SME209_codes/lab3/PDS_lab3_MyCycle/Hardware/Design_Source/ProgramCounter.v
I: Verilog-0001: Analyzing file F:/SME_files/SME309/codes/SME209_codes/lab3/PDS_lab3_MyCycle/Hardware/Design_Source/ProgramCounter.v
I: Verilog-0002: [F:/SME_files/SME309/codes/SME209_codes/lab3/PDS_lab3_MyCycle/Hardware/Design_Source/ProgramCounter.v(line number: 1)] Analyzing module ProgramCounter (library work)
Parsing done.
Executing : .rtl_analyze -work work -include_path {F:/SME_files/SME309/codes/SME209_codes/lab3/PDS_lab3_MyCycle/Hardware/Design_Source} F:/SME_files/SME309/codes/SME209_codes/lab3/PDS_lab3_MyCycle/Hardware/Design_Source/ProgramCounter.v successfully.
Executing : .rtl_analyze -work work -include_path {F:/SME_files/SME309/codes/SME209_codes/lab3/PDS_lab3_MyCycle/Hardware/Design_Source} F:/SME_files/SME309/codes/SME209_codes/lab3/PDS_lab3_MyCycle/Hardware/Design_Source/RegisterFile.v
I: Verilog-0001: Analyzing file F:/SME_files/SME309/codes/SME209_codes/lab3/PDS_lab3_MyCycle/Hardware/Design_Source/RegisterFile.v
I: Verilog-0002: [F:/SME_files/SME309/codes/SME209_codes/lab3/PDS_lab3_MyCycle/Hardware/Design_Source/RegisterFile.v(line number: 1)] Analyzing module RegisterFile (library work)
Parsing done.
Executing : .rtl_analyze -work work -include_path {F:/SME_files/SME309/codes/SME209_codes/lab3/PDS_lab3_MyCycle/Hardware/Design_Source} F:/SME_files/SME309/codes/SME209_codes/lab3/PDS_lab3_MyCycle/Hardware/Design_Source/RegisterFile.v successfully.
Executing : .rtl_analyze -work work -include_path {F:/SME_files/SME309/codes/SME209_codes/lab3/PDS_lab3_MyCycle/Hardware/Design_Source} F:/SME_files/SME309/codes/SME209_codes/lab3/PDS_lab3_MyCycle/Hardware/Design_Source/Shifter.v
I: Verilog-0001: Analyzing file F:/SME_files/SME309/codes/SME209_codes/lab3/PDS_lab3_MyCycle/Hardware/Design_Source/Shifter.v
I: Verilog-0002: [F:/SME_files/SME309/codes/SME209_codes/lab3/PDS_lab3_MyCycle/Hardware/Design_Source/Shifter.v(line number: 1)] Analyzing module Shifter (library work)
Parsing done.
Executing : .rtl_analyze -work work -include_path {F:/SME_files/SME309/codes/SME209_codes/lab3/PDS_lab3_MyCycle/Hardware/Design_Source} F:/SME_files/SME309/codes/SME209_codes/lab3/PDS_lab3_MyCycle/Hardware/Design_Source/Shifter.v successfully.
Executing : .rtl_analyze -work work -include_path {F:/SME_files/SME309/codes/SME209_codes/lab3/PDS_lab3_MyCycle/Hardware/Design_Source} F:/SME_files/SME309/codes/SME209_codes/lab3/PDS_lab3_MyCycle/Hardware/Design_Source/TOP_Pango.v
I: Verilog-0001: Analyzing file F:/SME_files/SME309/codes/SME209_codes/lab3/PDS_lab3_MyCycle/Hardware/Design_Source/TOP_Pango.v
I: Verilog-0002: [F:/SME_files/SME309/codes/SME209_codes/lab3/PDS_lab3_MyCycle/Hardware/Design_Source/TOP_Pango.v(line number: 4)] Analyzing module TOP (library work)
Parsing done.
Executing : .rtl_analyze -work work -include_path {F:/SME_files/SME309/codes/SME209_codes/lab3/PDS_lab3_MyCycle/Hardware/Design_Source} F:/SME_files/SME309/codes/SME209_codes/lab3/PDS_lab3_MyCycle/Hardware/Design_Source/TOP_Pango.v successfully.
Executing : .rtl_analyze -work work -include_path {F:/SME_files/SME309/codes/SME209_codes/lab3/PDS_lab3_MyCycle/Hardware/Design_Source} F:/SME_files/SME309/codes/SME209_codes/lab3/PDS_lab3_MyCycle/Hardware/Design_Source/Wrapper.v
I: Verilog-0001: Analyzing file F:/SME_files/SME309/codes/SME209_codes/lab3/PDS_lab3_MyCycle/Hardware/Design_Source/Wrapper.v
I: Verilog-0002: [F:/SME_files/SME309/codes/SME209_codes/lab3/PDS_lab3_MyCycle/Hardware/Design_Source/Wrapper.v(line number: 4)] Analyzing module Wrapper (library work)
W: Verilog-2010: [F:/SME_files/SME309/codes/SME209_codes/lab3/PDS_lab3_MyCycle/Hardware/Design_Source/Wrapper.v(line number: 49)] Ignore initial statements except memory $readmemh/$readmemb initialization statements
W: Verilog-2010: [F:/SME_files/SME309/codes/SME209_codes/lab3/PDS_lab3_MyCycle/Hardware/Design_Source/Wrapper.v(line number: 87)] Ignore initial statements except memory $readmemh/$readmemb initialization statements
W: Verilog-2010: [F:/SME_files/SME309/codes/SME209_codes/lab3/PDS_lab3_MyCycle/Hardware/Design_Source/Wrapper.v(line number: 102)] Ignore initial statements except memory $readmemh/$readmemb initialization statements
Parsing done.
Executing : .rtl_analyze -work work -include_path {F:/SME_files/SME309/codes/SME209_codes/lab3/PDS_lab3_MyCycle/Hardware/Design_Source} F:/SME_files/SME309/codes/SME209_codes/lab3/PDS_lab3_MyCycle/Hardware/Design_Source/Wrapper.v successfully.
I: Module "TOP" is set as top module.
Executing : rtl-analyze successfully. Time elapsed: 2.195s wall, 0.000s user + 0.125s system = 0.125s CPU (5.7%)

Start rtl-elaborate.
I: Verilog-0003: [F:/SME_files/SME309/codes/SME209_codes/lab3/PDS_lab3_MyCycle/Hardware/Design_Source/TOP_Pango.v(line number: 4)] Elaborating module TOP
I: Module instance {TOP} parameter value:
    N_LEDs_OUT = 32'b00000000000000000000000000001000
    N_DIPs = 32'b00000000000000000000000000000111
    N_SEVEN_SEG_DIGITs = 32'b00000000000000000000000000001000
    CLK_DIV_BITS = 32'b00000000000000000000000000011000
I: Verilog-0004: [F:/SME_files/SME309/codes/SME209_codes/lab3/PDS_lab3_MyCycle/Hardware/Design_Source/TOP_Pango.v(line number: 36)] Elaborating instance wrapper1
I: Verilog-0003: [F:/SME_files/SME309/codes/SME209_codes/lab3/PDS_lab3_MyCycle/Hardware/Design_Source/Wrapper.v(line number: 4)] Elaborating module Wrapper
I: Module instance {TOP.wrapper1} parameter value:
    N_LEDs = 32'b00000000000000000000000000010000
    N_DIPs = 32'b00000000000000000000000000000111
I: Verilog-0004: [F:/SME_files/SME309/codes/SME209_codes/lab3/PDS_lab3_MyCycle/Hardware/Design_Source/Wrapper.v(line number: 112)] Elaborating instance ARM1
I: Verilog-0003: [F:/SME_files/SME309/codes/SME209_codes/lab3/PDS_lab3_MyCycle/Hardware/Design_Source/ARM.v(line number: 1)] Elaborating module ARM
I: Verilog-0004: [F:/SME_files/SME309/codes/SME209_codes/lab3/PDS_lab3_MyCycle/Hardware/Design_Source/ARM.v(line number: 22)] Elaborating instance u_PC
I: Verilog-0003: [F:/SME_files/SME309/codes/SME209_codes/lab3/PDS_lab3_MyCycle/Hardware/Design_Source/ProgramCounter.v(line number: 1)] Elaborating module ProgramCounter
I: Verilog-0004: [F:/SME_files/SME309/codes/SME209_codes/lab3/PDS_lab3_MyCycle/Hardware/Design_Source/ARM.v(line number: 40)] Elaborating instance u_Control
I: Verilog-0003: [F:/SME_files/SME309/codes/SME209_codes/lab3/PDS_lab3_MyCycle/Hardware/Design_Source/ControlUnit.v(line number: 1)] Elaborating module ControlUnit
I: Verilog-0004: [F:/SME_files/SME309/codes/SME209_codes/lab3/PDS_lab3_MyCycle/Hardware/Design_Source/ControlUnit.v(line number: 26)] Elaborating instance CondLogic1
I: Verilog-0003: [F:/SME_files/SME309/codes/SME209_codes/lab3/PDS_lab3_MyCycle/Hardware/Design_Source/CondLogic.v(line number: 2)] Elaborating module CondLogic
I: Verilog-0004: [F:/SME_files/SME309/codes/SME209_codes/lab3/PDS_lab3_MyCycle/Hardware/Design_Source/ControlUnit.v(line number: 43)] Elaborating instance Decoder1
I: Verilog-0003: [F:/SME_files/SME309/codes/SME209_codes/lab3/PDS_lab3_MyCycle/Hardware/Design_Source/Decoder.v(line number: 1)] Elaborating module Decoder
W: Verilog-2038: [F:/SME_files/SME309/codes/SME209_codes/lab3/PDS_lab3_MyCycle/Hardware/Design_Source/Decoder.v(line number: 41)] Case condition never applies
W: Verilog-2038: [F:/SME_files/SME309/codes/SME209_codes/lab3/PDS_lab3_MyCycle/Hardware/Design_Source/Decoder.v(line number: 43)] Case condition never applies
W: Verilog-2038: [F:/SME_files/SME309/codes/SME209_codes/lab3/PDS_lab3_MyCycle/Hardware/Design_Source/Decoder.v(line number: 45)] Case condition never applies
W: Verilog-2038: [F:/SME_files/SME309/codes/SME209_codes/lab3/PDS_lab3_MyCycle/Hardware/Design_Source/Decoder.v(line number: 47)] Case condition never applies
W: Verilog-2038: [F:/SME_files/SME309/codes/SME209_codes/lab3/PDS_lab3_MyCycle/Hardware/Design_Source/Decoder.v(line number: 49)] Case condition never applies
E: Verilog-4119: [F:/SME_files/SME309/codes/SME209_codes/lab3/PDS_lab3_MyCycle/Hardware/Design_Source/ARM.v(line number: 40)] Referenced port name 'MCycleOp' was not defined in module 'ControlUnit'
Program Error Out.
Action compile: Real time elapsed is 0h:0m:4s
Action compile: CPU time elapsed is 0h:0m:0s
Action compile: Process CPU time elapsed is 0h:0m:0s
Current time: Tue Nov 26 19:26:05 2024
Action compile: Peak memory pool usage is 129 MB
