#Build: Fabric Compiler 2022.1, Build 99559, Jul 12 00:20 2022
#Install: D:\Program Files\PDS\PDS_2022.1\bin
#Application name: pds_shell.exe
#OS: Windows 10 10.0.22631
#Hostname: HTY‘sLaptop
Generated by Fabric Compiler (version 2022.1 build 99559) at Thu Sep 26 20:45:25 2024
License checkout: fabric_ads
Compiling verification operator library.
Loading technology operator library.
Compiling technology operator library.
Compiling technology operator (valence) library.
I: Enable Verilog2k features and keywords
Start rtl-analyze.
Executing : .rtl_analyze -work work -include_path {{F:/SME files/SME309/codes/SME209_codes/lab1/project}} {F:/SME files/SME309/codes/SME209_codes/lab1/project/control.v}
I: Verilog-0001: Analyzing file F:/SME files/SME309/codes/SME209_codes/lab1/project/control.v
I: Verilog-0002: [F:/SME files/SME309/codes/SME209_codes/lab1/project/control.v(line number: 3)] Analyzing module control (library work)
Parsing done.
Executing : .rtl_analyze -work work -include_path {{F:/SME files/SME309/codes/SME209_codes/lab1/project}} {F:/SME files/SME309/codes/SME209_codes/lab1/project/control.v} successfully.
Executing : .rtl_analyze -work work -include_path {{F:/SME files/SME309/codes/SME209_codes/lab1/project}} {F:/SME files/SME309/codes/SME209_codes/lab1/project/Seven_Seg.v}
I: Verilog-0001: Analyzing file F:/SME files/SME309/codes/SME209_codes/lab1/project/Seven_Seg.v
I: Verilog-0002: [F:/SME files/SME309/codes/SME209_codes/lab1/project/Seven_Seg.v(line number: 3)] Analyzing module Seven_Seg (library work)
Parsing done.
Executing : .rtl_analyze -work work -include_path {{F:/SME files/SME309/codes/SME209_codes/lab1/project}} {F:/SME files/SME309/codes/SME209_codes/lab1/project/Seven_Seg.v} successfully.
Executing : .rtl_analyze -work work -include_path {{F:/SME files/SME309/codes/SME209_codes/lab1/project}} {F:/SME files/SME309/codes/SME209_codes/lab1/project/top.v}
I: Verilog-0001: Analyzing file F:/SME files/SME309/codes/SME209_codes/lab1/project/top.v
I: Verilog-0002: [F:/SME files/SME309/codes/SME209_codes/lab1/project/top.v(line number: 3)] Analyzing module top (library work)
Parsing done.
Executing : .rtl_analyze -work work -include_path {{F:/SME files/SME309/codes/SME209_codes/lab1/project}} {F:/SME files/SME309/codes/SME209_codes/lab1/project/top.v} successfully.
Executing : .rtl_analyze -work work -include_path {{F:/SME files/SME309/codes/SME209_codes/lab1/project}} {F:/SME files/SME309/codes/SME209_codes/lab1/project/instr_mem.v}
I: Verilog-0001: Analyzing file F:/SME files/SME309/codes/SME209_codes/lab1/project/instr_mem.v
I: Verilog-0002: [F:/SME files/SME309/codes/SME209_codes/lab1/project/instr_mem.v(line number: 3)] Analyzing module instr_mem (library work)
W: Verilog-2010: [F:/SME files/SME309/codes/SME209_codes/lab1/project/instr_mem.v(line number: 27)] Ignore initial statements except memory $readmemh/$readmemb initialization statements
Parsing done.
Executing : .rtl_analyze -work work -include_path {{F:/SME files/SME309/codes/SME209_codes/lab1/project}} {F:/SME files/SME309/codes/SME209_codes/lab1/project/instr_mem.v} successfully.
Executing : .rtl_analyze -work work -include_path {{F:/SME files/SME309/codes/SME209_codes/lab1/project}} {F:/SME files/SME309/codes/SME209_codes/lab1/project/source/data_mem.v}
I: Verilog-0001: Analyzing file F:/SME files/SME309/codes/SME209_codes/lab1/project/source/data_mem.v
I: Verilog-0002: [F:/SME files/SME309/codes/SME209_codes/lab1/project/source/data_mem.v(line number: 1)] Analyzing module data_mem (library work)
W: Verilog-2010: [F:/SME files/SME309/codes/SME209_codes/lab1/project/source/data_mem.v(line number: 24)] Ignore initial statements except memory $readmemh/$readmemb initialization statements
Parsing done.
Executing : .rtl_analyze -work work -include_path {{F:/SME files/SME309/codes/SME209_codes/lab1/project}} {F:/SME files/SME309/codes/SME209_codes/lab1/project/source/data_mem.v} successfully.
Executing : .rtl_analyze -work work -include_path {{F:/SME files/SME309/codes/SME209_codes/lab1/project}} {F:/SME files/SME309/codes/SME209_codes/lab1/project/source/seg_decoder.v}
I: Verilog-0001: Analyzing file F:/SME files/SME309/codes/SME209_codes/lab1/project/source/seg_decoder.v
I: Verilog-0002: [F:/SME files/SME309/codes/SME209_codes/lab1/project/source/seg_decoder.v(line number: 1)] Analyzing module seg_decoder (library work)
Parsing done.
Executing : .rtl_analyze -work work -include_path {{F:/SME files/SME309/codes/SME209_codes/lab1/project}} {F:/SME files/SME309/codes/SME209_codes/lab1/project/source/seg_decoder.v} successfully.
I: Module "top" is set as top module.
Executing : rtl-analyze successfully. Time elapsed: 1.695s wall, 0.000s user + 0.031s system = 0.031s CPU (1.8%)

Start rtl-elaborate.
I: Verilog-0003: [F:/SME files/SME309/codes/SME209_codes/lab1/project/top.v(line number: 3)] Elaborating module top
I: Module instance {top} parameter value:
    CLK_FREQ = 32'b00000101111101011110000100000000
I: Verilog-0004: [F:/SME files/SME309/codes/SME209_codes/lab1/project/top.v(line number: 30)] Elaborating instance ctrl
I: Verilog-0003: [F:/SME files/SME309/codes/SME209_codes/lab1/project/control.v(line number: 3)] Elaborating module control
I: Verilog-0004: [F:/SME files/SME309/codes/SME209_codes/lab1/project/top.v(line number: 39)] Elaborating instance ss
I: Verilog-0003: [F:/SME files/SME309/codes/SME209_codes/lab1/project/Seven_Seg.v(line number: 3)] Elaborating module Seven_Seg
I: Module instance {top.ss} parameter value:
    CLK_FREQ = 28'b0101111101011110000100000000
I: Verilog-0004: [F:/SME files/SME309/codes/SME209_codes/lab1/project/Seven_Seg.v(line number: 23)] Elaborating instance uu_seg_decoder
I: Verilog-0003: [F:/SME files/SME309/codes/SME209_codes/lab1/project/source/seg_decoder.v(line number: 1)] Elaborating module seg_decoder
I: Verilog-0004: [F:/SME files/SME309/codes/SME209_codes/lab1/project/top.v(line number: 51)] Elaborating instance u_instr_mem
I: Verilog-0003: [F:/SME files/SME309/codes/SME209_codes/lab1/project/instr_mem.v(line number: 3)] Elaborating module instr_mem
E: Verilog-4133: [F:/SME files/SME309/codes/SME209_codes/lab1/project/top.v(line number: 51)] Connection data for output of module instantiation is not wire
Program Error Out.
Action compile: Real time elapsed is 0h:0m:3s
Action compile: CPU time elapsed is 0h:0m:0s
Action compile: Process CPU time elapsed is 0h:0m:0s
Current time: Thu Sep 26 20:45:27 2024
Action compile: Peak memory pool usage is 129 MB
