C9|IOBD_0_786|BANKL3|DIFFIO_L3_G1_10P_GSCLK|||
B8|IOBD_0_774|BANKL3|DIFFIO_L3_G1_11P_GMCLK|||
C11|IOBD_0_756|BANKL3|DIFFIO_L3_G2_12P_GMCLK|||
A10|IOBD_0_744|BANKL3|DIFFIO_L3_G2_13P_GSCLK|||
D9|IOBS_0_840|BANKL3|DIFFIO_L3_G0_05N_VREF|||
B9|IOBS_0_780|BANKL3|DIFFIO_L3_G1_10N_GSCLK|||
A8|IOBS_0_768|BANKL3|DIFFIO_L3_G1_11N_GMCLK|||
C10|IOBS_0_750|BANKL3|DIFFIO_L3_G2_12N_GMCLK|||
A9|IOBS_0_738|BANKL3|DIFFIO_L3_G2_13N_GSCLK|||
D10|IOBS_0_678|BANKL3|DIFFIO_L3_G3_18N_VREF|||
D14|IOBD_0_600|BANKL4|DIFFIO_L4_G0_00P_VAA1P|||
B13|IOBD_0_588|BANKL4|DIFFIO_L4_G0_01P_VAA2P|||
C12|IOBD_0_576|BANKL4|DIFFIO_L4_G0_02P_DQS_VAA3P|||
B11|IOBD_0_564|BANKL4|DIFFIO_L4_G0_03P|||
F13|IOBD_0_552|BANKL4|DIFFIO_L4_G0_04P_VAA5P|||
D12|IOBD_0_540|BANKL4|DIFFIO_L4_G0_05P|||
B16|IOBD_0_528|BANKL4|DIFFIO_L4_G1_06P_VAA7P|||
A15|IOBD_0_516|BANKL4|DIFFIO_L4_G1_07P_VAA8P|||
A13|IOBD_0_504|BANKL4|DIFFIO_L4_G1_08P_DQS_VAA9P|||
B18|IOBD_0_492|BANKL4|DIFFIO_L4_G1_09P_VAA10P|||
E15|IOBD_0_480|BANKL4|DIFFIO_L4_G1_10P_GSCLK|||
D15|IOBD_0_468|BANKL4|DIFFIO_L4_G1_11P_GMCLK|||
H16|IOBD_0_450|BANKL4|DIFFIO_L4_G2_12P_GMCLK|||
F15|IOBD_0_438|BANKL4|DIFFIO_L4_G2_13P_GSCLK|||
H14|IOBD_0_426|BANKL4|DIFFIO_L4_G2_14P_DQS|||
E17|IOBD_0_414|BANKL4|DIFFIO_L4_G2_15P_A28|||
K13|IOBD_0_402|BANKL4|DIFFIO_L4_G2_16P_A26|||
H17|IOBD_0_390|BANKL4|DIFFIO_L4_G2_17P_A24|||
J14|IOBD_0_378|BANKL4|DIFFIO_L4_G3_18P_A22|||
C16|IOBD_0_366|BANKL4|DIFFIO_L4_G3_19P_A20|||
E18|IOBD_0_354|BANKL4|DIFFIO_L4_G3_20P_DQS|||
G18|IOBD_0_342|BANKL4|DIFFIO_L4_G3_21P_A17|||
J17|IOBD_0_330|BANKL4|DIFFIO_L4_G3_22P_BFOE_N|||
K15|IOBD_0_318|BANKL4|DIFFIO_L4_G3_23P_VS1|||
G13|IOBS_0_606|BANKL4|SIO_L4_00|||
C14|IOBS_0_594|BANKL4|DIFFIO_L4_G0_00N_VAA1N|||
B14|IOBS_0_582|BANKL4|DIFFIO_L4_G0_01N_VAA2N|||
B12|IOBS_0_570|BANKL4|DIFFIO_L4_G0_02N_DQS_VAA3N|||
A11|IOBS_0_558|BANKL4|DIFFIO_L4_G0_03N|||
F14|IOBS_0_546|BANKL4|DIFFIO_L4_G0_04N_VAA5N|||
D13|IOBS_0_534|BANKL4|DIFFIO_L4_G0_05N_VREF|||
B17|IOBS_0_522|BANKL4|DIFFIO_L4_G1_06N_VAA7N|||
A16|IOBS_0_510|BANKL4|DIFFIO_L4_G1_07N_VAA8N|||
A14|IOBS_0_498|BANKL4|DIFFIO_L4_G1_08N_DQS_VAA9N|||
A18|IOBS_0_486|BANKL4|DIFFIO_L4_G1_09N_VAA10N|||
E16|IOBS_0_474|BANKL4|DIFFIO_L4_G1_10N_GSCLK|||
C15|IOBS_0_462|BANKL4|DIFFIO_L4_G1_11N_GMCLK|||
G16|IOBS_0_444|BANKL4|DIFFIO_L4_G2_12N_GMCLK|||
F16|IOBS_0_432|BANKL4|DIFFIO_L4_G2_13N_GSCLK|||
G14|IOBS_0_420|BANKL4|DIFFIO_L4_G2_14N_DQS_BADRVO_N|||
D17|IOBS_0_408|BANKL4|DIFFIO_L4_G2_15N_A27|||
J13|IOBS_0_396|BANKL4|DIFFIO_L4_G2_16N_A25|||
G17|IOBS_0_384|BANKL4|DIFFIO_L4_G2_17N_A23|||
H15|IOBS_0_372|BANKL4|DIFFIO_L4_G3_18N_VREF_A21|||
C17|IOBS_0_360|BANKL4|DIFFIO_L4_G3_19N_A19|||
D18|IOBS_0_348|BANKL4|DIFFIO_L4_G3_20N_DQS_A18|||
F18|IOBS_0_336|BANKL4|DIFFIO_L4_G3_21N_A16|||
J18|IOBS_0_324|BANKL4|DIFFIO_L4_G3_22N_BFWE_FCS2_N|||
J15|IOBS_0_312|BANKL4|DIFFIO_L4_G3_23N_VS0|||
K16|IOBS_0_306|BANKL4|SIO_L4_01|||
K17|IOBD_0_294|BANKL5|DIFFIO_L5_G0_00P_MOSI_D0|||
L14|IOBD_0_282|BANKL5|DIFFIO_L5_G0_01P_D2|||
L15|IOBD_0_270|BANKL5|DIFFIO_L5_G0_02P_DQS_IO_STATUS_C|||
L18|IOBD_0_258|BANKL5|DIFFIO_L5_G0_03P_D4|||
R12|IOBD_0_246|BANKL5|DIFFIO_L5_G0_04P_D6|||
L13|IOBD_0_234|BANKL5|DIFFIO_L5_G0_05P_FCS_N|||
R18|IOBD_0_222|BANKL5|DIFFIO_L5_G1_06P_D9|||
N14|IOBD_0_210|BANKL5|DIFFIO_L5_G1_07P_D11|||
N17|IOBD_0_198|BANKL5|DIFFIO_L5_G1_08P_DQS_N|||
M16|IOBD_0_186|BANKL5|DIFFIO_L5_G1_09P_D14|||
N15|IOBD_0_174|BANKL5|DIFFIO_L5_G1_10P_GSCLK|||
P17|IOBD_0_162|BANKL5|DIFFIO_L5_G1_11P_GMCLK|clk|input|YES
P15|IOBD_0_144|BANKL5|DIFFIO_L5_G2_12P_GMCLK|||
T14|IOBD_0_132|BANKL5|DIFFIO_L5_G2_13P_GSCLK|||
R16|IOBD_0_120|BANKL5|DIFFIO_L5_G2_14P_DQS_RWSEL|||
V15|IOBD_0_108|BANKL5|DIFFIO_L5_G2_15P_CS_N|||
U17|IOBD_0_96|BANKL5|DIFFIO_L5_G2_16P_D30_A14|||
U16|IOBD_0_84|BANKL5|DIFFIO_L5_G2_17P_D28_A12|||
T11|IOBD_0_72|BANKL5|DIFFIO_L5_G3_18P_D26_A10|||
U12|IOBD_0_60|BANKL5|DIFFIO_L5_G3_19P_D24_A8|||
V10|IOBD_0_48|BANKL5|DIFFIO_L5_G3_20P_DQS|||
U14|IOBD_0_36|BANKL5|DIFFIO_L5_G3_21P_D21_A5|||
T13|IOBD_0_24|BANKL5|DIFFIO_L5_G3_22P_D19_A3|||
T9|IOBD_0_12|BANKL5|DIFFIO_L5_G3_23P_D17_A1|||
R11|IOBS_0_300|BANKL5|SIO_L5_00|||
K18|IOBS_0_288|BANKL5|DIFFIO_L5_G0_00N_MISO_D1_DI|||
M14|IOBS_0_276|BANKL5|DIFFIO_L5_G0_01N_D3|||
L16|IOBS_0_264|BANKL5|DIFFIO_L5_G0_02N_DQS_ECCLKIN|||
M18|IOBS_0_252|BANKL5|DIFFIO_L5_G0_03N_D5|||
R13|IOBS_0_240|BANKL5|DIFFIO_L5_G0_04N_D7|||
M13|IOBS_0_228|BANKL5|DIFFIO_L5_G0_05N_VREF_D8|||
T18|IOBS_0_216|BANKL5|DIFFIO_L5_G1_06N_D10|||
P14|IOBS_0_204|BANKL5|DIFFIO_L5_G1_07N_D12|||
P18|IOBS_0_192|BANKL5|DIFFIO_L5_G1_08N_DQS_D13|||
M17|IOBS_0_180|BANKL5|DIFFIO_L5_G1_09N_D15|||
N16|IOBS_0_168|BANKL5|DIFFIO_L5_G1_10N_GSCLK|||
R17|IOBS_0_156|BANKL5|DIFFIO_L5_G1_11N_GMCLK|||
R15|IOBS_0_138|BANKL5|DIFFIO_L5_G2_12N_GMCLK|||
T15|IOBS_0_126|BANKL5|DIFFIO_L5_G2_13N_GSCLK|||
T16|IOBS_0_114|BANKL5|DIFFIO_L5_G2_14N_DQS_CSO_DOUT|||
V16|IOBS_0_102|BANKL5|DIFFIO_L5_G2_15N_D31_A15|||
U18|IOBS_0_90|BANKL5|DIFFIO_L5_G2_16N_D29_A13|||
V17|IOBS_0_78|BANKL5|DIFFIO_L5_G2_17N_D27_A11|||
U11|IOBS_0_66|BANKL5|DIFFIO_L5_G3_18N_VREF_D25_A9|||
V12|IOBS_0_54|BANKL5|DIFFIO_L5_G3_19N_D23_A7|||
V11|IOBS_0_42|BANKL5|DIFFIO_L5_G3_20N_DQS_D22_A6|||
V14|IOBS_0_30|BANKL5|DIFFIO_L5_G3_21N_D20_A4|||
U13|IOBS_0_18|BANKL5|DIFFIO_L5_G3_22N_D18_A2|||
T10|IOBS_0_6|BANKL5|DIFFIO_L5_G3_23N_D16_A0|||
R10|IOBS_0_0|BANKL5|SIO_L5_01|||
C6|IOBD_300_600|BANKR4|DIFFIO_R4_G0_00P_VAA4P|||
B7|IOBD_300_588|BANKR4|DIFFIO_R4_G0_01P_VAA6P|||
A6|IOBD_300_576|BANKR4|DIFFIO_R4_G0_02P_DQS_VAA11P|||
D8|IOBD_300_564|BANKR4|DIFFIO_R4_G0_03P|||
E6|IOBD_300_552|BANKR4|DIFFIO_R4_G0_04P_VAA12P|||
E7|IOBD_300_540|BANKR4|DIFFIO_R4_G0_05P|||
C4|IOBD_300_528|BANKR4|DIFFIO_R4_G1_06P_VAA13P|||
A4|IOBD_300_516|BANKR4|DIFFIO_R4_G1_07P_VAA14P|SevenSegCatHL[9]|output|YES
B1|IOBD_300_504|BANKR4|DIFFIO_R4_G1_08P_DQS_VAA15P|SevenSegCatHL[11]|output|YES
B3|IOBD_300_492|BANKR4|DIFFIO_R4_G1_09P_VAA0P|SevenSegCatHL[13]|output|YES
D5|IOBD_300_480|BANKR4|DIFFIO_R4_G1_10P_GSCLK|SevenSegCatHL[15]|output|YES
E3|IOBD_300_468|BANKR4|DIFFIO_R4_G1_11P_GMCLK|SevenSegCatHL[1]|output|YES
F4|IOBD_300_450|BANKR4|DIFFIO_R4_G2_12P_GMCLK|SevenSegCatHL[3]|output|YES
E2|IOBD_300_438|BANKR4|DIFFIO_R4_G2_13P_GSCLK|SevenSegCatHL[5]|output|YES
H2|IOBD_300_426|BANKR4|DIFFIO_R4_G2_14P_DQS|SevenSegCatHL[7]|output|YES
C2|IOBD_300_414|BANKR4|DIFFIO_R4_G2_15P|anode[5]|output|YES
H1|IOBD_300_402|BANKR4|DIFFIO_R4_G2_16P|anode[7]|output|YES
F1|IOBD_300_390|BANKR4|DIFFIO_R4_G2_17P|anode[1]|output|YES
G6|IOBD_300_378|BANKR4|DIFFIO_R4_G3_18P|anode[3]|output|YES
G4|IOBD_300_366|BANKR4|DIFFIO_R4_G3_19P|led[6]|output|YES
J4|IOBD_300_354|BANKR4|DIFFIO_R4_G3_20P_DQS|led[4]|output|YES
J3|IOBD_300_342|BANKR4|DIFFIO_R4_G3_21P|led[2]|output|YES
K2|IOBD_300_330|BANKR4|DIFFIO_R4_G3_22P|led[0]|output|YES
H6|IOBD_300_318|BANKR4|DIFFIO_R4_G3_23P|||
F5|IOBS_300_606|BANKR4|SIO_R4_00|||
C5|IOBS_300_594|BANKR4|DIFFIO_R4_G0_00N_VAA4N|||
B6|IOBS_300_582|BANKR4|DIFFIO_R4_G0_01N_VAA6N|||
A5|IOBS_300_570|BANKR4|DIFFIO_R4_G0_02N_DQS_VAA11N|||
C7|IOBS_300_558|BANKR4|DIFFIO_R4_G0_03N|||
E5|IOBS_300_546|BANKR4|DIFFIO_R4_G0_04N_VAA12N|||
D7|IOBS_300_534|BANKR4|DIFFIO_R4_G0_05N_VREF|||
B4|IOBS_300_522|BANKR4|DIFFIO_R4_G1_06N_VAA13N|SevenSegCatHL[8]|output|YES
A3|IOBS_300_510|BANKR4|DIFFIO_R4_G1_07N_VAA14N|SevenSegCatHL[10]|output|YES
A1|IOBS_300_498|BANKR4|DIFFIO_R4_G1_08N_DQS_VAA15N|SevenSegCatHL[12]|output|YES
B2|IOBS_300_486|BANKR4|DIFFIO_R4_G1_09N_VAA0N|SevenSegCatHL[14]|output|YES
D4|IOBS_300_474|BANKR4|DIFFIO_R4_G1_10N_GSCLK|SevenSegCatHL[0]|output|YES
D3|IOBS_300_462|BANKR4|DIFFIO_R4_G1_11N_GMCLK|SevenSegCatHL[2]|output|YES
F3|IOBS_300_444|BANKR4|DIFFIO_R4_G2_12N_GMCLK|SevenSegCatHL[4]|output|YES
D2|IOBS_300_432|BANKR4|DIFFIO_R4_G2_13N_GSCLK|SevenSegCatHL[6]|output|YES
G2|IOBS_300_420|BANKR4|DIFFIO_R4_G2_14N_DQS|anode[4]|output|YES
C1|IOBS_300_408|BANKR4|DIFFIO_R4_G2_15N|anode[6]|output|YES
G1|IOBS_300_396|BANKR4|DIFFIO_R4_G2_16N|anode[0]|output|YES
E1|IOBS_300_384|BANKR4|DIFFIO_R4_G2_17N|anode[2]|output|YES
F6|IOBS_300_372|BANKR4|DIFFIO_R4_G3_18N_VREF|led[7]|output|YES
G3|IOBS_300_360|BANKR4|DIFFIO_R4_G3_19N|led[5]|output|YES
H4|IOBS_300_348|BANKR4|DIFFIO_R4_G3_20N_DQS|led[3]|output|YES
J2|IOBS_300_336|BANKR4|DIFFIO_R4_G3_21N|led[1]|output|YES
K1|IOBS_300_324|BANKR4|DIFFIO_R4_G3_22N|rst_n|input|NO
H5|IOBS_300_312|BANKR4|DIFFIO_R4_G3_23N|||
J5|IOBS_300_306|BANKR4|SIO_R4_01|||
L1|IOBD_300_294|BANKR5|DIFFIO_R5_G0_00P|btn_spddn|input|YES
K3|IOBD_300_282|BANKR5|DIFFIO_R5_G0_01P|||
N2|IOBD_300_270|BANKR5|DIFFIO_R5_G0_02P_DQS|||
M3|IOBD_300_258|BANKR5|DIFFIO_R5_G0_03P|||
K5|IOBD_300_246|BANKR5|DIFFIO_R5_G0_04P|||
L6|IOBD_300_234|BANKR5|DIFFIO_R5_G0_05P|||
U1|IOBD_300_222|BANKR5|DIFFIO_R5_G1_06P|||
U4|IOBD_300_210|BANKR5|DIFFIO_R5_G1_07P|||
U2|IOBD_300_198|BANKR5|DIFFIO_R5_G1_08P_DQS|||
V5|IOBD_300_186|BANKR5|DIFFIO_R5_G1_09P|||
R3|IOBD_300_174|BANKR5|DIFFIO_R5_G1_10P_GSCLK|||
T5|IOBD_300_162|BANKR5|DIFFIO_R5_G1_11P_GMCLK|||
N5|IOBD_300_144|BANKR5|DIFFIO_R5_G2_12P_GMCLK|||
P4|IOBD_300_132|BANKR5|DIFFIO_R5_G2_13P_GSCLK|||
P2|IOBD_300_120|BANKR5|DIFFIO_R5_G2_14P_DQS|||
M4|IOBD_300_108|BANKR5|DIFFIO_R5_G2_15P|||
R1|IOBD_300_96|BANKR5|DIFFIO_R5_G2_16P|||
M6|IOBD_300_84|BANKR5|DIFFIO_R5_G2_17P|||
R6|IOBD_300_72|BANKR5|DIFFIO_R5_G3_18P|||
V7|IOBD_300_60|BANKR5|DIFFIO_R5_G3_19P|||
U9|IOBD_300_48|BANKR5|DIFFIO_R5_G3_20P_DQS|||
U7|IOBD_300_36|BANKR5|DIFFIO_R5_G3_21P|||
R7|IOBD_300_24|BANKR5|DIFFIO_R5_G3_22P|||
R8|IOBD_300_12|BANKR5|DIFFIO_R5_G3_23P|||
K6|IOBS_300_300|BANKR5|SIO_R5_00|||
M1|IOBS_300_288|BANKR5|DIFFIO_R5_G0_00N|btn_p|input|YES
L3|IOBS_300_276|BANKR5|DIFFIO_R5_G0_01N|btn_spdup|input|YES
N1|IOBS_300_264|BANKR5|DIFFIO_R5_G0_02N_DQS|||
M2|IOBS_300_252|BANKR5|DIFFIO_R5_G0_03N|||
L4|IOBS_300_240|BANKR5|DIFFIO_R5_G0_04N|||
L5|IOBS_300_228|BANKR5|DIFFIO_R5_G0_05N_VREF|||
V1|IOBS_300_216|BANKR5|DIFFIO_R5_G1_06N|||
U3|IOBS_300_204|BANKR5|DIFFIO_R5_G1_07N|||
V2|IOBS_300_192|BANKR5|DIFFIO_R5_G1_08N_DQS|||
V4|IOBS_300_180|BANKR5|DIFFIO_R5_G1_09N|||
T3|IOBS_300_168|BANKR5|DIFFIO_R5_G1_10N_GSCLK|||
T4|IOBS_300_156|BANKR5|DIFFIO_R5_G1_11N_GMCLK|||
P5|IOBS_300_138|BANKR5|DIFFIO_R5_G2_12N_GMCLK|||
P3|IOBS_300_126|BANKR5|DIFFIO_R5_G2_13N_GSCLK|||
R2|IOBS_300_114|BANKR5|DIFFIO_R5_G2_14N_DQS|||
N4|IOBS_300_102|BANKR5|DIFFIO_R5_G2_15N|||
T1|IOBS_300_90|BANKR5|DIFFIO_R5_G2_16N|||
N6|IOBS_300_78|BANKR5|DIFFIO_R5_G2_17N|||
R5|IOBS_300_66|BANKR5|DIFFIO_R5_G3_18N_VREF|||
V6|IOBS_300_54|BANKR5|DIFFIO_R5_G3_19N|||
V9|IOBS_300_42|BANKR5|DIFFIO_R5_G3_20N_DQS|||
U6|IOBS_300_30|BANKR5|DIFFIO_R5_G3_21N|||
T6|IOBS_300_18|BANKR5|DIFFIO_R5_G3_22N|||
T8|IOBS_300_6|BANKR5|DIFFIO_R5_G3_23N|||
U8|IOBS_300_0|BANKR5|SIO_R5_01|||
