#Build: Fabric Compiler 2022.1, Build 99559, Jul 12 00:20 2022
#Install: D:\Program Files\PDS\PDS_2022.1\bin
#Application name: pds.exe
#OS: Windows 10 10.0.22631
#Hostname: HTY‘sLaptop
Generated by Fabric Compiler (version 2022.1 build 99559) at Tue Nov 26 10:17:31 2024
Parse module hierarchy of project 'F:/SME_files/SME309/codes/SME209_codes/lab3/PDS_lab3_MyCycle/Hardware/Design_Source/temp_projects/Main_Flow/Main_Flow.pds' (ADS Parser)
Parse module hierarchy of project 'F:/SME_files/SME309/codes/SME209_codes/lab3/PDS_lab3_MyCycle/Hardware/Design_Source/temp_projects/Main_Flow/Main_Flow.pds' (ADS Parser)
I: Flow-6004: Design file modified: "F:/SME_files/SME309/codes/SME209_codes/lab3/PDS_lab3_MyCycle/Hardware/Design_Source/ControlUnit.v". 
Parse module hierarchy of project 'F:/SME_files/SME309/codes/SME209_codes/lab3/PDS_lab3_MyCycle/Hardware/Design_Source/temp_projects/Main_Flow/Main_Flow.pds' (ADS Parser)
I: Flow-6004: Design file modified: "F:/SME_files/SME309/codes/SME209_codes/lab3/PDS_lab3_MyCycle/Hardware/Design_Source/ProgramCounter.v". 
Parse module hierarchy of project 'F:/SME_files/SME309/codes/SME209_codes/lab3/PDS_lab3_MyCycle/Hardware/Design_Source/temp_projects/Main_Flow/Main_Flow.pds' (ADS Parser)
I: Flow-6004: Design file modified: "F:/SME_files/SME309/codes/SME209_codes/lab3/PDS_lab3_MyCycle/Hardware/Design_Source/ARM.v". 
E: Verilog-4039: [F:/SME_files/SME309/codes/SME209_codes/lab3/PDS_lab3_MyCycle/Hardware/Design_Source/ARM.v(line number: 20)] Identifier M_Write is not declared
E: Verilog-4039: [F:/SME_files/SME309/codes/SME209_codes/lab3/PDS_lab3_MyCycle/Hardware/Design_Source/ARM.v(line number: 20)] Identifier MCycleResult is not declared
E: Parsing ERROR.
Parse module hierarchy of project 'F:/SME_files/SME309/codes/SME209_codes/lab3/PDS_lab3_MyCycle/Hardware/Design_Source/temp_projects/Main_Flow/Main_Flow.pds' (ADS Parser)
I: Flow-6004: Design file modified: "F:/SME_files/SME309/codes/SME209_codes/lab3/PDS_lab3_MyCycle/Hardware/Design_Source/ARM.v". 
E: Verilog-4039: [F:/SME_files/SME309/codes/SME209_codes/lab3/PDS_lab3_MyCycle/Hardware/Design_Source/ARM.v(line number: 20)] Identifier MCycleResult is not declared
E: Parsing ERROR.
Parse module hierarchy of project 'F:/SME_files/SME309/codes/SME209_codes/lab3/PDS_lab3_MyCycle/Hardware/Design_Source/temp_projects/Main_Flow/Main_Flow.pds' (ADS Parser)
I: Flow-6004: Design file modified: "F:/SME_files/SME309/codes/SME209_codes/lab3/PDS_lab3_MyCycle/Hardware/Design_Source/ARM.v". 
