#Build: Fabric Compiler 2022.1, Build 99559, Jul 12 00:20 2022
#Install: D:\Program Files\PDS\PDS_2022.1\bin
#Application name: pds_shell.exe
#OS: Windows 10 10.0.22631
#Hostname: HTY‘sLaptop
Generated by Fabric Compiler (version 2022.1 build 99559) at Thu Sep 19 22:03:09 2024
License checkout: fabric_ads
Compiling verification operator library.
Compiling common defs.
Loading technology operator library.
Compiling technology operator library.
Compiling technology operator (valence) library.
Reading design from compile DB
Reading design from compile DB successfully.
Constraint check start.
W: ConstraintEditor-4030: No constraint files found, so all ports are unspecified I/O constraint.
Constraint check end.
Start pre-mapping.
Executing : pre-mapping successfully. Time elapsed: 0.016s wall, 0.000s user + 0.000s system = 0.000s CPU (n/a%)

Start mod-gen.
I: Constant propagation done on out_xor (bmsREDXOR).
I: Constant propagation done on out_xor_1 (bmsREDXOR).
I: Constant propagation done on out_xor_2 (bmsREDXOR).
I: Constant propagation done on out_xor_3 (bmsREDXOR).
I: Constant propagation done on out_xor_4 (bmsREDXOR).
I: Constant propagation done on out_xor_5 (bmsREDXOR).
I: Constant propagation done on out_xor_6 (bmsREDXOR).
I: Constant propagation done on out_xor_7 (bmsREDXOR).
I: Constant propagation done on out_xor_8 (bmsREDXOR).
I: Constant propagation done on out_xor_9 (bmsREDXOR).
Executing : mod-gen successfully. Time elapsed: 0.004s wall, 0.016s user + 0.000s system = 0.016s CPU (365.3%)

Start logic-optimization.
Executing : logic-optimization successfully. Time elapsed: 0.025s wall, 0.000s user + 0.016s system = 0.016s CPU (62.3%)

Start tech-mapping phase 1.
Executing : tech-mapping phase 1 successfully. Time elapsed: 0.001s wall, 0.000s user + 0.000s system = 0.000s CPU (n/a%)

Start tech-mapping phase 2.
Executing : tech-mapping phase 2 successfully. Time elapsed: 0.006s wall, 0.016s user + 0.000s system = 0.016s CPU (240.7%)

Start tech-optimization.
Executing : tech-optimization successfully. Time elapsed: 0.008s wall, 0.000s user + 0.000s system = 0.000s CPU (n/a%)

Start phys-optimization.
Executing : phys-optimization successfully. Time elapsed: 0.000s wall, 0.000s user + 0.000s system = 0.000s CPU (n/a%)

Start restore-hierarchy.
Executing : restore-hierarchy successfully. Time elapsed: 0.000s wall, 0.000s user + 0.000s system = 0.000s CPU (n/a%)


Cell Usage:
GTP_GRS                       1 use
GTP_LUT6D                     8 uses
Seven_Seg                     1 use

I/O ports: 33
GTP_INBUF                   1 use
GTP_OUTBUF                 24 uses
GTP_OUTBUFT                 8 uses

Mapping Summary:
Total LUTs: 8 of 35800 (0.02%)
	LUTs as dram: 0 of 9500 (0.00%)
	LUTs as logic: 8
Total Registers: 0 of 71600 (0.00%)
Total Latches: 0

DRM36K/FIFO:
Total DRM = 0.0 of 85 (0.00%)

APMs:
Total APMs = 0.00 of 120 (0.00%)

Total I/O ports = 33 of 209 (15.79%)


Overview of Control Sets:

Number of unique control sets : 0

Histogram:
*************************************************************
  Fanout     | Count    | Sync Set/Reset    Async Set/Reset
-------------------------------------------------------------
  [0, Inf)   | 0        | 0                 0
-------------------------------------------------------------
  The maximum fanout: 0
=============================================================

Flip-Flop Distribution:
************************************************************************
  Clock Enable    Sync Set/Reset    Async Set/Reset    Total Registers
------------------------------------------------------------------------
  NO              NO                NO                 0
  NO              NO                YES                0
  NO              YES               NO                 0
  YES             NO                NO                 0
  YES             NO                YES                0
  YES             YES               NO                 0
========================================================================

Latch Distribution:
************************************************
  Gate Enable    Preset/Clear    Total Latches
************************************************
  NO             NO              0
  NO             YES             0
  YES            NO              0
  YES            YES             0
************************************************

Design 'top' has been successfully synthesized to architecture-specific objects.
Saving design to DB.
Saving design to top_syn.vm
Constructing timing graph ...
Timing graph has been constructed successfully
W: Timing-4087: Port 'SevenSegCatHL[0]' is not constrained, it is treated as combinational output.
W: Timing-4087: Port 'SevenSegCatHL[1]' is not constrained, it is treated as combinational output.
W: Timing-4087: Port 'SevenSegCatHL[2]' is not constrained, it is treated as combinational output.
W: Timing-4087: Port 'SevenSegCatHL[3]' is not constrained, it is treated as combinational output.
W: Timing-4087: Port 'SevenSegCatHL[4]' is not constrained, it is treated as combinational output.
W: Timing-4087: Port 'SevenSegCatHL[5]' is not constrained, it is treated as combinational output.
W: Timing-4087: Port 'SevenSegCatHL[6]' is not constrained, it is treated as combinational output.
W: Timing-4087: Port 'SevenSegCatHL[7]' is not constrained, it is treated as combinational output.
W: Timing-4087: Port 'SevenSegCatHL[8]' is not constrained, it is treated as combinational output.
W: Timing-4087: Port 'SevenSegCatHL[9]' is not constrained, it is treated as combinational output.
W: Timing-4087: Port 'SevenSegCatHL[10]' is not constrained, it is treated as combinational output.
W: Timing-4087: Port 'SevenSegCatHL[11]' is not constrained, it is treated as combinational output.
W: Timing-4087: Port 'SevenSegCatHL[12]' is not constrained, it is treated as combinational output.
W: Timing-4087: Port 'SevenSegCatHL[13]' is not constrained, it is treated as combinational output.
W: Timing-4087: Port 'SevenSegCatHL[14]' is not constrained, it is treated as combinational output.
W: Timing-4087: Port 'SevenSegCatHL[15]' is not constrained, it is treated as combinational output.
W: Timing-4087: Port 'anode[0]' is not constrained, it is treated as combinational output.
W: Timing-4087: Port 'anode[1]' is not constrained, it is treated as combinational output.
W: Timing-4087: Port 'anode[2]' is not constrained, it is treated as combinational output.
W: Timing-4087: Port 'anode[3]' is not constrained, it is treated as combinational output.
W: Timing-4087: Port 'anode[4]' is not constrained, it is treated as combinational output.
W: Timing-4087: Port 'anode[5]' is not constrained, it is treated as combinational output.
W: Timing-4087: Port 'anode[6]' is not constrained, it is treated as combinational output.
W: Timing-4087: Port 'anode[7]' is not constrained, it is treated as combinational output.
W: Timing-4087: Port 'led[0]' is not constrained, it is treated as combinational output.
W: Timing-4087: Port 'led[1]' is not constrained, it is treated as combinational output.
W: Timing-4087: Port 'led[2]' is not constrained, it is treated as combinational output.
W: Timing-4087: Port 'led[3]' is not constrained, it is treated as combinational output.
W: Timing-4087: Port 'led[4]' is not constrained, it is treated as combinational output.
W: Timing-4087: Port 'led[5]' is not constrained, it is treated as combinational output.
W: Timing-4087: Port 'led[6]' is not constrained, it is treated as combinational output.
W: Timing-4087: Port 'led[7]' is not constrained, it is treated as combinational output.
W: Timing-4086: Port 'btn_p' is not constrained, it is treated as combinational input.
W: Timing-4086: Port 'btn_spddn' is not constrained, it is treated as combinational input.
W: Timing-4086: Port 'btn_spdup' is not constrained, it is treated as combinational input.
W: Timing-4086: Port 'clk' is not constrained, it is treated as combinational input.
W: Timing-4076: Timing propagation is skipped at (blackbox) pin 'ss/anode[0]'.
W: Timing-4076: Timing propagation is skipped at (blackbox) pin 'ss/anode[1]'.
W: Timing-4076: Timing propagation is skipped at (blackbox) pin 'ss/anode[2]'.
W: Timing-4076: Timing propagation is skipped at (blackbox) pin 'ss/anode[3]'.
W: Timing-4076: Timing propagation is skipped at (blackbox) pin 'ss/cathode[0]'.
W: Timing-4076: Timing propagation is skipped at (blackbox) pin 'ss/cathode[1]'.
W: Timing-4076: Timing propagation is skipped at (blackbox) pin 'ss/cathode[2]'.
W: Timing-4076: Timing propagation is skipped at (blackbox) pin 'ss/cathode[3]'.
W: Timing-4076: Timing propagation is skipped at (blackbox) pin 'ss/cathode[4]'.
W: Timing-4076: Timing propagation is skipped at (blackbox) pin 'ss/cathode[5]'.
W: Timing-4076: Timing propagation is skipped at (blackbox) pin 'ss/cathode[6]'.
W: Timing-4076: Timing propagation is skipped at (blackbox) pin 'ss/dp'.
W: Timing-4076: Timing propagation is skipped at (blackbox) pin 'ss/anode[4]'.
W: Timing-4076: Timing propagation is skipped at (blackbox) pin 'ss/anode[5]'.
W: Timing-4076: Timing propagation is skipped at (blackbox) pin 'ss/anode[6]'.
W: Timing-4076: Timing propagation is skipped at (blackbox) pin 'ss/anode[7]'.
W: Timing-4077: Timing on node 'ss/clk' is not backward propagated.
Action synthesize: Real time elapsed is 0h:0m:3s
Action synthesize: CPU time elapsed is 0h:0m:0s
Action synthesize: Process CPU time elapsed is 0h:0m:0s
Current time: Thu Sep 19 22:03:10 2024
Action synthesize: Peak memory pool usage is 142 MB
