#Build: Fabric Compiler 2022.1, Build 99559, Jul 12 00:20 2022
#Install: D:\Program Files\PDS\PDS_2022.1\bin
#Application name: pds_shell.exe
#OS: Windows 10 10.0.22631
#Hostname: HTY‘sLaptop
Generated by Fabric Compiler (version 2022.1 build 99559) at Thu Sep 26 20:43:42 2024
License checkout: fabric_ads
Compiling verification operator library.
Compiling common defs.
Loading technology operator library.
Compiling technology operator library.
Compiling technology operator (valence) library.
Reading design from compile DB
Reading design from compile DB successfully.
Constraint check start.
Compiling prim grid devices.
Building architecture model.
Loading device packaging model.
Building architecture floorplan logic view.
C: ConstraintEditor-2002: [F:/SME files/SME309/codes/SME209_codes/lab1/project/top.fdc(line number: 114)] | Port SevenSegCatHL[14] has been placed at location B2, whose type is share pin.
C: ConstraintEditor-2002: [F:/SME files/SME309/codes/SME209_codes/lab1/project/top.fdc(line number: 122)] | Port SevenSegCatHL[13] has been placed at location B3, whose type is share pin.
C: ConstraintEditor-2002: [F:/SME files/SME309/codes/SME209_codes/lab1/project/top.fdc(line number: 130)] | Port SevenSegCatHL[12] has been placed at location A1, whose type is share pin.
C: ConstraintEditor-2002: [F:/SME files/SME309/codes/SME209_codes/lab1/project/top.fdc(line number: 138)] | Port SevenSegCatHL[11] has been placed at location B1, whose type is share pin.
C: ConstraintEditor-2002: [F:/SME files/SME309/codes/SME209_codes/lab1/project/top.fdc(line number: 146)] | Port SevenSegCatHL[10] has been placed at location A3, whose type is share pin.
C: ConstraintEditor-2002: [F:/SME files/SME309/codes/SME209_codes/lab1/project/top.fdc(line number: 154)] | Port SevenSegCatHL[9] has been placed at location A4, whose type is share pin.
C: ConstraintEditor-2002: [F:/SME files/SME309/codes/SME209_codes/lab1/project/top.fdc(line number: 162)] | Port SevenSegCatHL[8] has been placed at location B4, whose type is share pin.
W: ConstraintEditor-4019: Port 'rst_n' unspecified I/O constraint.
Constraint check end.
C: SDC-2025: Clock source 'n:ss/N136' need a clock constraint, please use 'create_clock' or 'create_generate_clock' to generate.
C: SDC-2025: Clock source 'n:ss/N132' need a clock constraint, please use 'create_clock' or 'create_generate_clock' to generate.
C: SDC-2025: Clock source 'n:clk' need a clock constraint, please use 'create_clock' or 'create_generate_clock' to generate.
Executing : get_ports clk
Executing : get_ports clk successfully.
Executing : create_clock -name top|clk [get_ports clk] -period 1000.000 -waveform {0.000 500.000} -add
Executing : create_clock -name top|clk [get_ports clk] -period 1000.000 -waveform {0.000 500.000} -add successfully.
Executing : set_clock_groups -name Inferred_clock_group_0 -asynchronous -group top|clk
Executing : set_clock_groups -name Inferred_clock_group_0 -asynchronous -group top|clk successfully.
Start pre-mapping.
E: Net data[0] [F:/SME files/SME309/codes/SME209_codes/lab1/project/top.v(line number:28)] has multiple drivers in module top (see run.log for details).
    module 'bmsWIDEDFFCPE' inst 'u_data_mem/data_out[31:0] [F:/SME files/SME309/codes/SME209_codes/lab1/project/source/data_mem.v(line number:11)]' out pin 'Q[0]'
    module 'bmsWIDEDFFCPE' inst 'u_instr_mem/instr_out[31:0] [F:/SME files/SME309/codes/SME209_codes/lab1/project/instr_mem.v(line number:14)]' out pin 'Q[0]'

E: Net data[1] [F:/SME files/SME309/codes/SME209_codes/lab1/project/top.v(line number:28)] has multiple drivers in module top (see run.log for details).
    module 'bmsWIDEDFFCPE' inst 'u_data_mem/data_out[31:0] [F:/SME files/SME309/codes/SME209_codes/lab1/project/source/data_mem.v(line number:11)]' out pin 'Q[1]'
    module 'bmsWIDEDFFCPE' inst 'u_instr_mem/instr_out[31:0] [F:/SME files/SME309/codes/SME209_codes/lab1/project/instr_mem.v(line number:14)]' out pin 'Q[1]'

E: Net data[2] [F:/SME files/SME309/codes/SME209_codes/lab1/project/top.v(line number:28)] has multiple drivers in module top (see run.log for details).
    module 'bmsWIDEDFFCPE' inst 'u_data_mem/data_out[31:0] [F:/SME files/SME309/codes/SME209_codes/lab1/project/source/data_mem.v(line number:11)]' out pin 'Q[2]'
    module 'bmsWIDEDFFCPE' inst 'u_instr_mem/instr_out[31:0] [F:/SME files/SME309/codes/SME209_codes/lab1/project/instr_mem.v(line number:14)]' out pin 'Q[2]'

E: Net data[3] [F:/SME files/SME309/codes/SME209_codes/lab1/project/top.v(line number:28)] has multiple drivers in module top (see run.log for details).
    module 'bmsWIDEDFFCPE' inst 'u_data_mem/data_out[31:0] [F:/SME files/SME309/codes/SME209_codes/lab1/project/source/data_mem.v(line number:11)]' out pin 'Q[3]'
    module 'bmsWIDEDFFCPE' inst 'u_instr_mem/instr_out[31:0] [F:/SME files/SME309/codes/SME209_codes/lab1/project/instr_mem.v(line number:14)]' out pin 'Q[3]'

E: Net data[4] [F:/SME files/SME309/codes/SME209_codes/lab1/project/top.v(line number:28)] has multiple drivers in module top (see run.log for details).
    module 'bmsWIDEDFFCPE' inst 'u_data_mem/data_out[31:0] [F:/SME files/SME309/codes/SME209_codes/lab1/project/source/data_mem.v(line number:11)]' out pin 'Q[4]'
    module 'bmsWIDEDFFCPE' inst 'u_instr_mem/instr_out[31:0] [F:/SME files/SME309/codes/SME209_codes/lab1/project/instr_mem.v(line number:14)]' out pin 'Q[4]'

E: Net data[5] [F:/SME files/SME309/codes/SME209_codes/lab1/project/top.v(line number:28)] has multiple drivers in module top (see run.log for details).
    module 'bmsWIDEDFFCPE' inst 'u_data_mem/data_out[31:0] [F:/SME files/SME309/codes/SME209_codes/lab1/project/source/data_mem.v(line number:11)]' out pin 'Q[5]'
    module 'bmsWIDEDFFCPE' inst 'u_instr_mem/instr_out[31:0] [F:/SME files/SME309/codes/SME209_codes/lab1/project/instr_mem.v(line number:14)]' out pin 'Q[5]'

E: Net data[6] [F:/SME files/SME309/codes/SME209_codes/lab1/project/top.v(line number:28)] has multiple drivers in module top (see run.log for details).
    module 'bmsWIDEDFFCPE' inst 'u_data_mem/data_out[31:0] [F:/SME files/SME309/codes/SME209_codes/lab1/project/source/data_mem.v(line number:11)]' out pin 'Q[6]'
    module 'bmsWIDEDFFCPE' inst 'u_instr_mem/instr_out[31:0] [F:/SME files/SME309/codes/SME209_codes/lab1/project/instr_mem.v(line number:14)]' out pin 'Q[6]'

E: Net data[7] [F:/SME files/SME309/codes/SME209_codes/lab1/project/top.v(line number:28)] has multiple drivers in module top (see run.log for details).
    module 'bmsWIDEDFFCPE' inst 'u_data_mem/data_out[31:0] [F:/SME files/SME309/codes/SME209_codes/lab1/project/source/data_mem.v(line number:11)]' out pin 'Q[7]'
    module 'bmsWIDEDFFCPE' inst 'u_instr_mem/instr_out[31:0] [F:/SME files/SME309/codes/SME209_codes/lab1/project/instr_mem.v(line number:14)]' out pin 'Q[7]'

E: Net data[8] [F:/SME files/SME309/codes/SME209_codes/lab1/project/top.v(line number:28)] has multiple drivers in module top (see run.log for details).
    module 'bmsWIDEDFFCPE' inst 'u_data_mem/data_out[31:0] [F:/SME files/SME309/codes/SME209_codes/lab1/project/source/data_mem.v(line number:11)]' out pin 'Q[8]'
    module 'bmsWIDEDFFCPE' inst 'u_instr_mem/instr_out[31:0] [F:/SME files/SME309/codes/SME209_codes/lab1/project/instr_mem.v(line number:14)]' out pin 'Q[8]'

E: Net data[9] [F:/SME files/SME309/codes/SME209_codes/lab1/project/top.v(line number:28)] has multiple drivers in module top (see run.log for details).
    module 'bmsWIDEDFFCPE' inst 'u_data_mem/data_out[31:0] [F:/SME files/SME309/codes/SME209_codes/lab1/project/source/data_mem.v(line number:11)]' out pin 'Q[9]'
    module 'bmsWIDEDFFCPE' inst 'u_instr_mem/instr_out[31:0] [F:/SME files/SME309/codes/SME209_codes/lab1/project/instr_mem.v(line number:14)]' out pin 'Q[9]'

E: Net data[10] [F:/SME files/SME309/codes/SME209_codes/lab1/project/top.v(line number:28)] has multiple drivers in module top (see run.log for details).
    module 'bmsWIDEDFFCPE' inst 'u_data_mem/data_out[31:0] [F:/SME files/SME309/codes/SME209_codes/lab1/project/source/data_mem.v(line number:11)]' out pin 'Q[10]'
    module 'bmsWIDEDFFCPE' inst 'u_instr_mem/instr_out[31:0] [F:/SME files/SME309/codes/SME209_codes/lab1/project/instr_mem.v(line number:14)]' out pin 'Q[10]'

E: Net data[11] [F:/SME files/SME309/codes/SME209_codes/lab1/project/top.v(line number:28)] has multiple drivers in module top (see run.log for details).
    module 'bmsWIDEDFFCPE' inst 'u_data_mem/data_out[31:0] [F:/SME files/SME309/codes/SME209_codes/lab1/project/source/data_mem.v(line number:11)]' out pin 'Q[11]'
    module 'bmsWIDEDFFCPE' inst 'u_instr_mem/instr_out[31:0] [F:/SME files/SME309/codes/SME209_codes/lab1/project/instr_mem.v(line number:14)]' out pin 'Q[11]'

E: Net data[12] [F:/SME files/SME309/codes/SME209_codes/lab1/project/top.v(line number:28)] has multiple drivers in module top (see run.log for details).
    module 'bmsWIDEDFFCPE' inst 'u_data_mem/data_out[31:0] [F:/SME files/SME309/codes/SME209_codes/lab1/project/source/data_mem.v(line number:11)]' out pin 'Q[12]'
    module 'bmsWIDEDFFCPE' inst 'u_instr_mem/instr_out[31:0] [F:/SME files/SME309/codes/SME209_codes/lab1/project/instr_mem.v(line number:14)]' out pin 'Q[12]'

E: Net data[13] [F:/SME files/SME309/codes/SME209_codes/lab1/project/top.v(line number:28)] has multiple drivers in module top (see run.log for details).
    module 'bmsWIDEDFFCPE' inst 'u_data_mem/data_out[31:0] [F:/SME files/SME309/codes/SME209_codes/lab1/project/source/data_mem.v(line number:11)]' out pin 'Q[13]'
    module 'bmsWIDEDFFCPE' inst 'u_instr_mem/instr_out[31:0] [F:/SME files/SME309/codes/SME209_codes/lab1/project/instr_mem.v(line number:14)]' out pin 'Q[13]'

E: Net data[14] [F:/SME files/SME309/codes/SME209_codes/lab1/project/top.v(line number:28)] has multiple drivers in module top (see run.log for details).
    module 'bmsWIDEDFFCPE' inst 'u_data_mem/data_out[31:0] [F:/SME files/SME309/codes/SME209_codes/lab1/project/source/data_mem.v(line number:11)]' out pin 'Q[14]'
    module 'bmsWIDEDFFCPE' inst 'u_instr_mem/instr_out[31:0] [F:/SME files/SME309/codes/SME209_codes/lab1/project/instr_mem.v(line number:14)]' out pin 'Q[14]'

E: Net data[15] [F:/SME files/SME309/codes/SME209_codes/lab1/project/top.v(line number:28)] has multiple drivers in module top (see run.log for details).
    module 'bmsWIDEDFFCPE' inst 'u_data_mem/data_out[31:0] [F:/SME files/SME309/codes/SME209_codes/lab1/project/source/data_mem.v(line number:11)]' out pin 'Q[15]'
    module 'bmsWIDEDFFCPE' inst 'u_instr_mem/instr_out[31:0] [F:/SME files/SME309/codes/SME209_codes/lab1/project/instr_mem.v(line number:14)]' out pin 'Q[15]'

E: Net data[16] [F:/SME files/SME309/codes/SME209_codes/lab1/project/top.v(line number:28)] has multiple drivers in module top (see run.log for details).
    module 'bmsWIDEDFFCPE' inst 'u_data_mem/data_out[31:0] [F:/SME files/SME309/codes/SME209_codes/lab1/project/source/data_mem.v(line number:11)]' out pin 'Q[16]'
    module 'bmsWIDEDFFCPE' inst 'u_instr_mem/instr_out[31:0] [F:/SME files/SME309/codes/SME209_codes/lab1/project/instr_mem.v(line number:14)]' out pin 'Q[16]'

E: Net data[17] [F:/SME files/SME309/codes/SME209_codes/lab1/project/top.v(line number:28)] has multiple drivers in module top (see run.log for details).
    module 'bmsWIDEDFFCPE' inst 'u_data_mem/data_out[31:0] [F:/SME files/SME309/codes/SME209_codes/lab1/project/source/data_mem.v(line number:11)]' out pin 'Q[17]'
    module 'bmsWIDEDFFCPE' inst 'u_instr_mem/instr_out[31:0] [F:/SME files/SME309/codes/SME209_codes/lab1/project/instr_mem.v(line number:14)]' out pin 'Q[17]'

E: Net data[18] [F:/SME files/SME309/codes/SME209_codes/lab1/project/top.v(line number:28)] has multiple drivers in module top (see run.log for details).
    module 'bmsWIDEDFFCPE' inst 'u_data_mem/data_out[31:0] [F:/SME files/SME309/codes/SME209_codes/lab1/project/source/data_mem.v(line number:11)]' out pin 'Q[18]'
    module 'bmsWIDEDFFCPE' inst 'u_instr_mem/instr_out[31:0] [F:/SME files/SME309/codes/SME209_codes/lab1/project/instr_mem.v(line number:14)]' out pin 'Q[18]'

E: Net data[19] [F:/SME files/SME309/codes/SME209_codes/lab1/project/top.v(line number:28)] has multiple drivers in module top (see run.log for details).
    module 'bmsWIDEDFFCPE' inst 'u_data_mem/data_out[31:0] [F:/SME files/SME309/codes/SME209_codes/lab1/project/source/data_mem.v(line number:11)]' out pin 'Q[19]'
    module 'bmsWIDEDFFCPE' inst 'u_instr_mem/instr_out[31:0] [F:/SME files/SME309/codes/SME209_codes/lab1/project/instr_mem.v(line number:14)]' out pin 'Q[19]'

E: Net data[20] [F:/SME files/SME309/codes/SME209_codes/lab1/project/top.v(line number:28)] has multiple drivers in module top (see run.log for details).
    module 'bmsWIDEDFFCPE' inst 'u_data_mem/data_out[31:0] [F:/SME files/SME309/codes/SME209_codes/lab1/project/source/data_mem.v(line number:11)]' out pin 'Q[20]'
    module 'bmsWIDEDFFCPE' inst 'u_instr_mem/instr_out[31:0] [F:/SME files/SME309/codes/SME209_codes/lab1/project/instr_mem.v(line number:14)]' out pin 'Q[20]'

E: Net data[21] [F:/SME files/SME309/codes/SME209_codes/lab1/project/top.v(line number:28)] has multiple drivers in module top (see run.log for details).
    module 'bmsWIDEDFFCPE' inst 'u_data_mem/data_out[31:0] [F:/SME files/SME309/codes/SME209_codes/lab1/project/source/data_mem.v(line number:11)]' out pin 'Q[21]'
    module 'bmsWIDEDFFCPE' inst 'u_instr_mem/instr_out[31:0] [F:/SME files/SME309/codes/SME209_codes/lab1/project/instr_mem.v(line number:14)]' out pin 'Q[21]'

E: Net data[22] [F:/SME files/SME309/codes/SME209_codes/lab1/project/top.v(line number:28)] has multiple drivers in module top (see run.log for details).
    module 'bmsWIDEDFFCPE' inst 'u_data_mem/data_out[31:0] [F:/SME files/SME309/codes/SME209_codes/lab1/project/source/data_mem.v(line number:11)]' out pin 'Q[22]'
    module 'bmsWIDEDFFCPE' inst 'u_instr_mem/instr_out[31:0] [F:/SME files/SME309/codes/SME209_codes/lab1/project/instr_mem.v(line number:14)]' out pin 'Q[22]'

E: Net data[23] [F:/SME files/SME309/codes/SME209_codes/lab1/project/top.v(line number:28)] has multiple drivers in module top (see run.log for details).
    module 'bmsWIDEDFFCPE' inst 'u_data_mem/data_out[31:0] [F:/SME files/SME309/codes/SME209_codes/lab1/project/source/data_mem.v(line number:11)]' out pin 'Q[23]'
    module 'bmsWIDEDFFCPE' inst 'u_instr_mem/instr_out[31:0] [F:/SME files/SME309/codes/SME209_codes/lab1/project/instr_mem.v(line number:14)]' out pin 'Q[23]'

E: Net data[24] [F:/SME files/SME309/codes/SME209_codes/lab1/project/top.v(line number:28)] has multiple drivers in module top (see run.log for details).
    module 'bmsWIDEDFFCPE' inst 'u_data_mem/data_out[31:0] [F:/SME files/SME309/codes/SME209_codes/lab1/project/source/data_mem.v(line number:11)]' out pin 'Q[24]'
    module 'bmsWIDEDFFCPE' inst 'u_instr_mem/instr_out[31:0] [F:/SME files/SME309/codes/SME209_codes/lab1/project/instr_mem.v(line number:14)]' out pin 'Q[24]'

E: Net data[25] [F:/SME files/SME309/codes/SME209_codes/lab1/project/top.v(line number:28)] has multiple drivers in module top (see run.log for details).
    module 'bmsWIDEDFFCPE' inst 'u_data_mem/data_out[31:0] [F:/SME files/SME309/codes/SME209_codes/lab1/project/source/data_mem.v(line number:11)]' out pin 'Q[25]'
    module 'bmsWIDEDFFCPE' inst 'u_instr_mem/instr_out[31:0] [F:/SME files/SME309/codes/SME209_codes/lab1/project/instr_mem.v(line number:14)]' out pin 'Q[25]'

E: Net data[26] [F:/SME files/SME309/codes/SME209_codes/lab1/project/top.v(line number:28)] has multiple drivers in module top (see run.log for details).
    module 'bmsWIDEDFFCPE' inst 'u_data_mem/data_out[31:0] [F:/SME files/SME309/codes/SME209_codes/lab1/project/source/data_mem.v(line number:11)]' out pin 'Q[26]'
    module 'bmsWIDEDFFCPE' inst 'u_instr_mem/instr_out[31:0] [F:/SME files/SME309/codes/SME209_codes/lab1/project/instr_mem.v(line number:14)]' out pin 'Q[26]'

E: Net data[27] [F:/SME files/SME309/codes/SME209_codes/lab1/project/top.v(line number:28)] has multiple drivers in module top (see run.log for details).
    module 'bmsWIDEDFFCPE' inst 'u_data_mem/data_out[31:0] [F:/SME files/SME309/codes/SME209_codes/lab1/project/source/data_mem.v(line number:11)]' out pin 'Q[27]'
    module 'bmsWIDEDFFCPE' inst 'u_instr_mem/instr_out[31:0] [F:/SME files/SME309/codes/SME209_codes/lab1/project/instr_mem.v(line number:14)]' out pin 'Q[27]'

E: Net data[28] [F:/SME files/SME309/codes/SME209_codes/lab1/project/top.v(line number:28)] has multiple drivers in module top (see run.log for details).
    module 'bmsWIDEDFFCPE' inst 'u_data_mem/data_out[31:0] [F:/SME files/SME309/codes/SME209_codes/lab1/project/source/data_mem.v(line number:11)]' out pin 'Q[28]'
    module 'bmsWIDEDFFCPE' inst 'u_instr_mem/instr_out[31:0] [F:/SME files/SME309/codes/SME209_codes/lab1/project/instr_mem.v(line number:14)]' out pin 'Q[28]'

E: Net data[29] [F:/SME files/SME309/codes/SME209_codes/lab1/project/top.v(line number:28)] has multiple drivers in module top (see run.log for details).
    module 'bmsWIDEDFFCPE' inst 'u_data_mem/data_out[31:0] [F:/SME files/SME309/codes/SME209_codes/lab1/project/source/data_mem.v(line number:11)]' out pin 'Q[29]'
    module 'bmsWIDEDFFCPE' inst 'u_instr_mem/instr_out[31:0] [F:/SME files/SME309/codes/SME209_codes/lab1/project/instr_mem.v(line number:14)]' out pin 'Q[29]'

E: Net data[30] [F:/SME files/SME309/codes/SME209_codes/lab1/project/top.v(line number:28)] has multiple drivers in module top (see run.log for details).
    module 'bmsWIDEDFFCPE' inst 'u_data_mem/data_out[31:0] [F:/SME files/SME309/codes/SME209_codes/lab1/project/source/data_mem.v(line number:11)]' out pin 'Q[30]'
    module 'bmsWIDEDFFCPE' inst 'u_instr_mem/instr_out[31:0] [F:/SME files/SME309/codes/SME209_codes/lab1/project/instr_mem.v(line number:14)]' out pin 'Q[30]'

E: Net data[31] [F:/SME files/SME309/codes/SME209_codes/lab1/project/top.v(line number:28)] has multiple drivers in module top (see run.log for details).
    module 'bmsWIDEDFFCPE' inst 'u_data_mem/data_out[31:0] [F:/SME files/SME309/codes/SME209_codes/lab1/project/source/data_mem.v(line number:11)]' out pin 'Q[31]'
    module 'bmsWIDEDFFCPE' inst 'u_instr_mem/instr_out[31:0] [F:/SME files/SME309/codes/SME209_codes/lab1/project/instr_mem.v(line number:14)]' out pin 'Q[31]'

Program Error Out.
Action synthesize: Real time elapsed is 0h:0m:10s
Action synthesize: CPU time elapsed is 0h:0m:5s
Action synthesize: Process CPU time elapsed is 0h:0m:5s
Current time: Thu Sep 26 20:43:50 2024
Action synthesize: Peak memory pool usage is 250 MB
