[Info] [2024-9-27 19:01:54] /***************************Start jtagserver***************************/
[Info] [2024-9-27 19:01:54] Path: D:/Program Files/PDS/PDS_2022.1/bin
[Info] [2024-9-27 19:01:54] Version: 99559
[Debug] [2024-9-27 19:01:56] Add a new user_thread, socket descriptor is 1236 user_thread id is 0000000000003854
[Debug] [2024-9-27 19:01:56] After adding, map size is : 1
[Debug] [2024-9-27 19:01:56] Add a new user_thread, socket descriptor is 1040 user_thread id is 0000000000003854
[Debug] [2024-9-27 19:01:56] After adding, map size is : 2
[Debug] [2024-9-27 19:01:56] IP address of connecting client is : ::ffff:127.0.0.1
[Debug] [2024-9-27 19:01:56] IP address of connecting client is : ::ffff:127.0.0.1
[Debug] [2024-9-27 19:01:56] Remove the header data from the client, index : 0
[Debug] [2024-9-27 19:01:56] _total_bytes_size : 146
[Debug] [2024-9-27 19:01:56] Remove the header data from the client, index : 0
[Debug] [2024-9-27 19:01:56] _total_bytes_size : 96
[Debug] [2024-9-27 19:01:56] cmd id :40011cmd name : get_cable_paras
[Debug] [2024-9-27 19:01:57] cmd operation get_cable_paras releases locker
[Debug] [2024-9-27 19:01:57] Remove the header data from the client, index : 0
[Debug] [2024-9-27 19:01:57] _total_bytes_size : 101
[Debug] [2024-9-27 19:01:57] cmd id :20001cmd name : Open config cable
[Error] [2024-9-27 19:01:57] Hardware handler is invalid
[Debug] [2024-9-27 19:01:57] cmd operation Open config cable releases locker
[Debug] [2024-9-27 19:02:23] Remove the header data from the client, index : 0
[Debug] [2024-9-27 19:02:23] _total_bytes_size : 101
[Debug] [2024-9-27 19:02:23] cmd id :20001cmd name : Open config cable
[Error] [2024-9-27 19:02:23] Hardware handler is invalid
[Debug] [2024-9-27 19:02:23] cmd operation Open config cable releases locker
[Debug] [2024-9-27 19:02:27] Remove the header data from the client, index : 0
[Debug] [2024-9-27 19:02:27] _total_bytes_size : 101
[Debug] [2024-9-27 19:02:27] cmd id :20001cmd name : Open config cable
[Error] [2024-9-27 19:02:27] Hardware handler is invalid
[Debug] [2024-9-27 19:02:27] cmd operation Open config cable releases locker
[Info] [2024-9-27 19:02:36] /***************************Start jtagserver***************************/
[Info] [2024-9-27 19:02:36] Path: D:/Program Files/PDS/PDS_2022.1/bin
[Info] [2024-9-27 19:02:36] Version: 99559
[Debug] [2024-9-27 19:02:39] Add a new user_thread, socket descriptor is 1164 user_thread id is 0000000000002968
[Debug] [2024-9-27 19:02:39] After adding, map size is : 1
[Debug] [2024-9-27 19:02:39] Add a new user_thread, socket descriptor is 1216 user_thread id is 0000000000002968
[Debug] [2024-9-27 19:02:39] After adding, map size is : 2
[Debug] [2024-9-27 19:02:39] IP address of connecting client is : ::ffff:127.0.0.1
[Debug] [2024-9-27 19:02:39] IP address of connecting client is : ::ffff:127.0.0.1
[Debug] [2024-9-27 19:02:39] Remove the header data from the client, index : 0
[Debug] [2024-9-27 19:02:39] _total_bytes_size : 146
[Debug] [2024-9-27 19:02:39] Remove the header data from the client, index : 0
[Debug] [2024-9-27 19:02:39] _total_bytes_size : 96
[Debug] [2024-9-27 19:02:39] cmd id :40011cmd name : get_cable_paras
[Debug] [2024-9-27 19:02:42] cmd operation get_cable_paras releases locker
[Debug] [2024-9-27 19:02:42] Remove the header data from the client, index : 0
[Debug] [2024-9-27 19:02:42] _total_bytes_size : 101
[Debug] [2024-9-27 19:02:42] cmd id :20001cmd name : Open config cable
[Debug] [2024-9-27 19:02:42] the idcode from the scanning is: 0x601899
[Debug] [2024-9-27 19:02:42] the idcode from the scanning is: 0x0
[Debug] [2024-9-27 19:02:42] the idcode from the scanning is: 0x0
[Debug] [2024-9-27 19:02:42] the idcode from the scanning is: 0x0
[Debug] [2024-9-27 19:02:42] the idcode from the scanning is: 0x0
[Debug] [2024-9-27 19:02:43] cmd operation Open config cable releases locker
[Debug] [2024-9-27 19:02:46] Remove the header data from the client, index : 0
[Debug] [2024-9-27 19:02:46] _total_bytes_size : 284
[Debug] [2024-9-27 19:02:46] cmd id :4e22cmd name : Program
[Debug] [2024-9-27 19:02:47] the idcode from the scanning is: 0x601899
[Debug] [2024-9-27 19:02:47] the idcode from the scanning is: 0x0
[Debug] [2024-9-27 19:02:47] the idcode from the scanning is: 0x0
[Debug] [2024-9-27 19:02:47] the idcode from the scanning is: 0x0
[Debug] [2024-9-27 19:02:47] the idcode from the scanning is: 0x0
[Debug] [2024-9-27 19:02:47] begin to read back config registerregAddr is 4
[Debug] [2024-9-27 19:02:47] progress bar is 6
[Debug] [2024-9-27 19:02:47] progress bar is 10
[Debug] [2024-9-27 19:02:47] progress bar is 15
[Debug] [2024-9-27 19:02:47] progress bar is 20
[Debug] [2024-9-27 19:02:47] progress bar is 25
[Debug] [2024-9-27 19:02:47] progress bar is 30
[Debug] [2024-9-27 19:02:47] progress bar is 35
[Debug] [2024-9-27 19:02:47] progress bar is 40
[Debug] [2024-9-27 19:02:47] progress bar is 45
[Debug] [2024-9-27 19:02:47] progress bar is 50
[Debug] [2024-9-27 19:02:48] progress bar is 55
[Debug] [2024-9-27 19:02:48] progress bar is 60
[Debug] [2024-9-27 19:02:48] progress bar is 65
[Debug] [2024-9-27 19:02:48] progress bar is 70
[Debug] [2024-9-27 19:02:48] progress bar is 75
[Debug] [2024-9-27 19:02:48] progress bar is 80
[Debug] [2024-9-27 19:02:48] progress bar is 85
[Debug] [2024-9-27 19:02:48] progress bar is 90
[Debug] [2024-9-27 19:02:48] progress bar is 95
[Debug] [2024-9-27 19:02:48] progress bar is 100
[Debug] [2024-9-27 19:02:48] the value in the status register is :2096288
[Debug] [2024-9-27 19:02:49] cmd operation Program releases locker
[Debug] [2024-9-27 19:03:27] Remove the header data from the client, index : 0
[Debug] [2024-9-27 19:03:27] _total_bytes_size : 644
[Debug] [2024-9-27 19:03:27] cmd id :20002cmd name : Program
[Debug] [2024-9-27 19:03:27] the idcode from the scanning is: 0x601899
[Debug] [2024-9-27 19:03:27] the idcode from the scanning is: 0x0
[Debug] [2024-9-27 19:03:27] the idcode from the scanning is: 0x0
[Debug] [2024-9-27 19:03:27] the idcode from the scanning is: 0x0
[Debug] [2024-9-27 19:03:27] the idcode from the scanning is: 0x0
[Debug] [2024-9-27 19:03:27] begin to read back config registerregAddr is 4
[Debug] [2024-9-27 19:03:27] progress bar is 6
[Debug] [2024-9-27 19:03:27] progress bar is 10
[Debug] [2024-9-27 19:03:27] progress bar is 15
[Debug] [2024-9-27 19:03:27] progress bar is 20
[Debug] [2024-9-27 19:03:28] progress bar is 25
[Debug] [2024-9-27 19:03:28] progress bar is 30
[Debug] [2024-9-27 19:03:28] progress bar is 35
[Debug] [2024-9-27 19:03:28] progress bar is 40
[Debug] [2024-9-27 19:03:28] progress bar is 45
[Debug] [2024-9-27 19:03:28] progress bar is 50
[Debug] [2024-9-27 19:03:28] progress bar is 55
[Debug] [2024-9-27 19:03:28] progress bar is 60
[Debug] [2024-9-27 19:03:28] progress bar is 65
[Debug] [2024-9-27 19:03:28] progress bar is 70
[Debug] [2024-9-27 19:03:28] progress bar is 75
[Debug] [2024-9-27 19:03:29] progress bar is 80
[Debug] [2024-9-27 19:03:29] progress bar is 85
[Debug] [2024-9-27 19:03:29] progress bar is 90
[Debug] [2024-9-27 19:03:29] progress bar is 95
[Debug] [2024-9-27 19:03:29] progress bar is 100
[Debug] [2024-9-27 19:03:29] the value in the status register is :2096288
[Debug] [2024-9-27 19:03:29] cmd operation Program releases locker
[Info] [2024-9-27 19:38:30] /***************************Start jtagserver***************************/
[Info] [2024-9-27 19:38:30] Path: D:/Program Files/PDS/PDS_2022.1/bin
[Info] [2024-9-27 19:38:30] Version: 99559
[Debug] [2024-9-27 19:38:31] Add a new user_thread, socket descriptor is 1240 user_thread id is 00000000000033B8
[Debug] [2024-9-27 19:38:31] After adding, map size is : 1
[Debug] [2024-9-27 19:38:31] Add a new user_thread, socket descriptor is 1248 user_thread id is 00000000000033B8
[Debug] [2024-9-27 19:38:31] After adding, map size is : 2
[Debug] [2024-9-27 19:38:31] IP address of connecting client is : ::ffff:127.0.0.1
[Debug] [2024-9-27 19:38:31] IP address of connecting client is : ::ffff:127.0.0.1
[Debug] [2024-9-27 19:38:31] Remove the header data from the client, index : 0
[Debug] [2024-9-27 19:38:31] _total_bytes_size : 146
[Debug] [2024-9-27 19:38:31] Remove the header data from the client, index : 0
[Debug] [2024-9-27 19:38:31] _total_bytes_size : 96
[Debug] [2024-9-27 19:38:31] cmd id :40011cmd name : get_cable_paras
[Debug] [2024-9-27 19:38:33] cmd operation get_cable_paras releases locker
[Debug] [2024-9-27 19:38:33] Remove the header data from the client, index : 0
[Debug] [2024-9-27 19:38:33] _total_bytes_size : 101
[Debug] [2024-9-27 19:38:33] cmd id :20001cmd name : Open config cable
[Debug] [2024-9-27 19:38:33] the idcode from the scanning is: 0x601899
[Debug] [2024-9-27 19:38:33] the idcode from the scanning is: 0x0
[Debug] [2024-9-27 19:38:33] the idcode from the scanning is: 0x0
[Debug] [2024-9-27 19:38:33] the idcode from the scanning is: 0x0
[Debug] [2024-9-27 19:38:33] the idcode from the scanning is: 0x0
[Debug] [2024-9-27 19:38:34] cmd operation Open config cable releases locker
[Debug] [2024-9-27 19:38:37] Remove the header data from the client, index : 0
[Debug] [2024-9-27 19:38:37] _total_bytes_size : 284
[Debug] [2024-9-27 19:38:37] cmd id :4e22cmd name : Program
[Debug] [2024-9-27 19:38:37] the idcode from the scanning is: 0x601899
[Debug] [2024-9-27 19:38:37] the idcode from the scanning is: 0x0
[Debug] [2024-9-27 19:38:37] the idcode from the scanning is: 0x0
[Debug] [2024-9-27 19:38:37] the idcode from the scanning is: 0x0
[Debug] [2024-9-27 19:38:37] the idcode from the scanning is: 0x0
[Debug] [2024-9-27 19:38:37] begin to read back config registerregAddr is 4
[Debug] [2024-9-27 19:38:37] progress bar is 6
[Debug] [2024-9-27 19:38:37] progress bar is 10
[Debug] [2024-9-27 19:38:37] progress bar is 15
[Debug] [2024-9-27 19:38:37] progress bar is 20
[Debug] [2024-9-27 19:38:38] progress bar is 25
[Debug] [2024-9-27 19:38:38] progress bar is 30
[Debug] [2024-9-27 19:38:38] progress bar is 35
[Debug] [2024-9-27 19:38:38] progress bar is 40
[Debug] [2024-9-27 19:38:38] progress bar is 45
[Debug] [2024-9-27 19:38:38] progress bar is 50
[Debug] [2024-9-27 19:38:38] progress bar is 55
[Debug] [2024-9-27 19:38:38] progress bar is 60
[Debug] [2024-9-27 19:38:38] progress bar is 65
[Debug] [2024-9-27 19:38:38] progress bar is 70
[Debug] [2024-9-27 19:38:38] progress bar is 75
[Debug] [2024-9-27 19:38:39] progress bar is 80
[Debug] [2024-9-27 19:38:39] progress bar is 85
[Debug] [2024-9-27 19:38:39] progress bar is 90
[Debug] [2024-9-27 19:38:39] progress bar is 95
[Debug] [2024-9-27 19:38:39] progress bar is 100
[Debug] [2024-9-27 19:38:39] the value in the status register is :2096288
[Debug] [2024-9-27 19:38:39] cmd operation Program releases locker
[Debug] [2024-9-27 19:50:14] Remove the header data from the client, index : 0
[Debug] [2024-9-27 19:50:14] _total_bytes_size : 644
[Debug] [2024-9-27 19:50:14] cmd id :20002cmd name : Program
[Debug] [2024-9-27 19:50:17] the idcode from the scanning is: 0x601899
[Debug] [2024-9-27 19:50:17] the idcode from the scanning is: 0x0
[Debug] [2024-9-27 19:50:17] the idcode from the scanning is: 0x0
[Debug] [2024-9-27 19:50:17] the idcode from the scanning is: 0x0
[Debug] [2024-9-27 19:50:17] the idcode from the scanning is: 0x0
[Debug] [2024-9-27 19:50:17] begin to read back config registerregAddr is 4
[Debug] [2024-9-27 19:50:17] progress bar is 6
[Debug] [2024-9-27 19:50:17] progress bar is 10
[Debug] [2024-9-27 19:50:17] progress bar is 15
[Debug] [2024-9-27 19:50:17] progress bar is 20
[Debug] [2024-9-27 19:50:17] progress bar is 25
[Debug] [2024-9-27 19:50:17] progress bar is 30
[Debug] [2024-9-27 19:50:18] progress bar is 35
[Debug] [2024-9-27 19:50:18] progress bar is 40
[Debug] [2024-9-27 19:50:18] progress bar is 45
[Debug] [2024-9-27 19:50:18] progress bar is 50
[Debug] [2024-9-27 19:50:18] progress bar is 55
[Debug] [2024-9-27 19:50:18] progress bar is 60
[Debug] [2024-9-27 19:50:18] progress bar is 65
[Debug] [2024-9-27 19:50:18] progress bar is 70
[Debug] [2024-9-27 19:50:18] progress bar is 75
[Debug] [2024-9-27 19:50:18] progress bar is 80
[Debug] [2024-9-27 19:50:18] progress bar is 85
[Debug] [2024-9-27 19:50:19] progress bar is 90
[Debug] [2024-9-27 19:50:19] progress bar is 95
[Debug] [2024-9-27 19:50:19] progress bar is 100
[Debug] [2024-9-27 19:50:19] the value in the status register is :2096288
[Debug] [2024-9-27 19:50:19] cmd operation Program releases locker
[Info] [2024-9-27 19:52:54] /***************************Start jtagserver***************************/
[Info] [2024-9-27 19:52:54] Path: D:/Program Files/PDS/PDS_2022.1/bin
[Info] [2024-9-27 19:52:54] Version: 99559
[Debug] [2024-9-27 19:52:57] Add a new user_thread, socket descriptor is 1204 user_thread id is 0000000000001318
[Debug] [2024-9-27 19:52:57] After adding, map size is : 1
[Debug] [2024-9-27 19:52:57] Add a new user_thread, socket descriptor is 1220 user_thread id is 0000000000001318
[Debug] [2024-9-27 19:52:57] After adding, map size is : 2
[Debug] [2024-9-27 19:52:57] IP address of connecting client is : ::ffff:127.0.0.1
[Debug] [2024-9-27 19:52:57] IP address of connecting client is : ::ffff:127.0.0.1
[Debug] [2024-9-27 19:52:57] Remove the header data from the client, index : 0
[Debug] [2024-9-27 19:52:57] _total_bytes_size : 146
[Debug] [2024-9-27 19:52:57] Remove the header data from the client, index : 0
[Debug] [2024-9-27 19:52:57] _total_bytes_size : 96
[Debug] [2024-9-27 19:52:57] cmd id :40011cmd name : get_cable_paras
[Debug] [2024-9-27 19:52:59] cmd operation get_cable_paras releases locker
[Debug] [2024-9-27 19:52:59] Remove the header data from the client, index : 0
[Debug] [2024-9-27 19:52:59] _total_bytes_size : 101
[Debug] [2024-9-27 19:52:59] cmd id :20001cmd name : Open config cable
[Debug] [2024-9-27 19:53:00] the idcode from the scanning is: 0x601899
[Debug] [2024-9-27 19:53:00] the idcode from the scanning is: 0x0
[Debug] [2024-9-27 19:53:00] the idcode from the scanning is: 0x0
[Debug] [2024-9-27 19:53:00] the idcode from the scanning is: 0x0
[Debug] [2024-9-27 19:53:00] the idcode from the scanning is: 0x0
[Debug] [2024-9-27 19:53:00] cmd operation Open config cable releases locker
[Debug] [2024-9-27 19:53:04] Remove the header data from the client, index : 0
[Debug] [2024-9-27 19:53:04] _total_bytes_size : 284
[Debug] [2024-9-27 19:53:04] cmd id :4e22cmd name : Program
[Debug] [2024-9-27 19:53:04] the idcode from the scanning is: 0x601899
[Debug] [2024-9-27 19:53:04] the idcode from the scanning is: 0x0
[Debug] [2024-9-27 19:53:04] the idcode from the scanning is: 0x0
[Debug] [2024-9-27 19:53:04] the idcode from the scanning is: 0x0
[Debug] [2024-9-27 19:53:04] the idcode from the scanning is: 0x0
[Debug] [2024-9-27 19:53:04] begin to read back config registerregAddr is 4
[Debug] [2024-9-27 19:53:05] progress bar is 6
[Debug] [2024-9-27 19:53:05] progress bar is 10
[Debug] [2024-9-27 19:53:05] progress bar is 15
[Debug] [2024-9-27 19:53:05] progress bar is 20
[Debug] [2024-9-27 19:53:05] progress bar is 25
[Debug] [2024-9-27 19:53:05] progress bar is 30
[Debug] [2024-9-27 19:53:05] progress bar is 35
[Debug] [2024-9-27 19:53:05] progress bar is 40
[Debug] [2024-9-27 19:53:05] progress bar is 45
[Debug] [2024-9-27 19:53:05] progress bar is 50
[Debug] [2024-9-27 19:53:06] progress bar is 55
[Debug] [2024-9-27 19:53:06] progress bar is 60
[Debug] [2024-9-27 19:53:06] progress bar is 65
[Debug] [2024-9-27 19:53:06] progress bar is 70
[Debug] [2024-9-27 19:53:06] progress bar is 75
[Debug] [2024-9-27 19:53:06] progress bar is 80
[Debug] [2024-9-27 19:53:06] progress bar is 85
[Debug] [2024-9-27 19:53:06] progress bar is 90
[Debug] [2024-9-27 19:53:06] progress bar is 95
[Debug] [2024-9-27 19:53:06] progress bar is 100
[Debug] [2024-9-27 19:53:06] the value in the status register is :2096288
[Debug] [2024-9-27 19:53:07] cmd operation Program releases locker
[Debug] [2024-9-27 19:53:18] Remove the header data from the client, index : 0
[Debug] [2024-9-27 19:53:18] _total_bytes_size : 644
[Debug] [2024-9-27 19:53:18] cmd id :20002cmd name : Program
[Debug] [2024-9-27 19:53:18] the idcode from the scanning is: 0x601899
[Debug] [2024-9-27 19:53:18] the idcode from the scanning is: 0x0
[Debug] [2024-9-27 19:53:18] the idcode from the scanning is: 0x0
[Debug] [2024-9-27 19:53:18] the idcode from the scanning is: 0x0
[Debug] [2024-9-27 19:53:18] the idcode from the scanning is: 0x0
[Debug] [2024-9-27 19:53:18] begin to read back config registerregAddr is 4
[Debug] [2024-9-27 19:53:18] progress bar is 6
[Debug] [2024-9-27 19:53:18] progress bar is 10
[Debug] [2024-9-27 19:53:18] progress bar is 15
[Debug] [2024-9-27 19:53:18] progress bar is 20
[Debug] [2024-9-27 19:53:18] progress bar is 25
[Debug] [2024-9-27 19:53:18] progress bar is 30
[Debug] [2024-9-27 19:53:19] progress bar is 35
[Debug] [2024-9-27 19:53:19] progress bar is 40
[Debug] [2024-9-27 19:53:19] progress bar is 45
[Debug] [2024-9-27 19:53:19] progress bar is 50
[Debug] [2024-9-27 19:53:19] progress bar is 55
[Debug] [2024-9-27 19:53:19] progress bar is 60
[Debug] [2024-9-27 19:53:19] progress bar is 65
[Debug] [2024-9-27 19:53:19] progress bar is 70
[Debug] [2024-9-27 19:53:19] progress bar is 75
[Debug] [2024-9-27 19:53:19] progress bar is 80
[Debug] [2024-9-27 19:53:19] progress bar is 85
[Debug] [2024-9-27 19:53:20] progress bar is 90
[Debug] [2024-9-27 19:53:20] progress bar is 95
[Debug] [2024-9-27 19:53:20] progress bar is 100
[Debug] [2024-9-27 19:53:20] the value in the status register is :2096288
[Debug] [2024-9-27 19:53:20] cmd operation Program releases locker
[Info] [2024-9-27 20:11:43] /***************************Start jtagserver***************************/
[Info] [2024-9-27 20:11:43] Path: D:/Program Files/PDS/PDS_2022.1/bin
[Info] [2024-9-27 20:11:43] Version: 99559
[Debug] [2024-9-27 20:11:46] Add a new user_thread, socket descriptor is 1196 user_thread id is 00000000000006B0
[Debug] [2024-9-27 20:11:46] After adding, map size is : 1
[Debug] [2024-9-27 20:11:46] Add a new user_thread, socket descriptor is 1076 user_thread id is 00000000000006B0
[Debug] [2024-9-27 20:11:46] After adding, map size is : 2
[Debug] [2024-9-27 20:11:46] IP address of connecting client is : ::ffff:127.0.0.1
[Debug] [2024-9-27 20:11:46] IP address of connecting client is : ::ffff:127.0.0.1
[Debug] [2024-9-27 20:11:46] Remove the header data from the client, index : 0
[Debug] [2024-9-27 20:11:46] _total_bytes_size : 146
[Debug] [2024-9-27 20:11:46] Remove the header data from the client, index : 0
[Debug] [2024-9-27 20:11:46] _total_bytes_size : 96
[Debug] [2024-9-27 20:11:46] cmd id :40011cmd name : get_cable_paras
[Debug] [2024-9-27 20:11:48] cmd operation get_cable_paras releases locker
[Debug] [2024-9-27 20:11:48] Remove the header data from the client, index : 0
[Debug] [2024-9-27 20:11:48] _total_bytes_size : 101
[Debug] [2024-9-27 20:11:48] cmd id :20001cmd name : Open config cable
[Debug] [2024-9-27 20:11:49] the idcode from the scanning is: 0x601899
[Debug] [2024-9-27 20:11:49] the idcode from the scanning is: 0x0
[Debug] [2024-9-27 20:11:49] the idcode from the scanning is: 0x0
[Debug] [2024-9-27 20:11:49] the idcode from the scanning is: 0x0
[Debug] [2024-9-27 20:11:49] the idcode from the scanning is: 0x0
[Debug] [2024-9-27 20:11:49] cmd operation Open config cable releases locker
[Debug] [2024-9-27 20:11:52] Remove the header data from the client, index : 0
[Debug] [2024-9-27 20:11:52] _total_bytes_size : 284
[Debug] [2024-9-27 20:11:52] cmd id :4e22cmd name : Program
[Debug] [2024-9-27 20:11:52] the idcode from the scanning is: 0x601899
[Debug] [2024-9-27 20:11:52] the idcode from the scanning is: 0x0
[Debug] [2024-9-27 20:11:52] the idcode from the scanning is: 0x0
[Debug] [2024-9-27 20:11:52] the idcode from the scanning is: 0x0
[Debug] [2024-9-27 20:11:52] the idcode from the scanning is: 0x0
[Debug] [2024-9-27 20:11:52] begin to read back config registerregAddr is 4
[Debug] [2024-9-27 20:11:53] progress bar is 6
[Debug] [2024-9-27 20:11:53] progress bar is 10
[Debug] [2024-9-27 20:11:53] progress bar is 15
[Debug] [2024-9-27 20:11:53] progress bar is 20
[Debug] [2024-9-27 20:11:53] progress bar is 25
[Debug] [2024-9-27 20:11:53] progress bar is 30
[Debug] [2024-9-27 20:11:53] progress bar is 35
[Debug] [2024-9-27 20:11:53] progress bar is 40
[Debug] [2024-9-27 20:11:53] progress bar is 45
[Debug] [2024-9-27 20:11:53] progress bar is 50
[Debug] [2024-9-27 20:11:53] progress bar is 55
[Debug] [2024-9-27 20:11:54] progress bar is 60
[Debug] [2024-9-27 20:11:54] progress bar is 65
[Debug] [2024-9-27 20:11:54] progress bar is 70
[Debug] [2024-9-27 20:11:54] progress bar is 75
[Debug] [2024-9-27 20:11:54] progress bar is 80
[Debug] [2024-9-27 20:11:54] progress bar is 85
[Debug] [2024-9-27 20:11:54] progress bar is 90
[Debug] [2024-9-27 20:11:54] progress bar is 95
[Debug] [2024-9-27 20:11:54] progress bar is 100
[Debug] [2024-9-27 20:11:54] the value in the status register is :2096288
[Debug] [2024-9-27 20:11:55] cmd operation Program releases locker
[Debug] [2024-9-27 20:13:10] Remove the header data from the client, index : 0
[Debug] [2024-9-27 20:13:10] _total_bytes_size : 644
[Debug] [2024-9-27 20:13:10] cmd id :20002cmd name : Program
[Debug] [2024-9-27 20:13:10] the idcode from the scanning is: 0x601899
[Debug] [2024-9-27 20:13:10] the idcode from the scanning is: 0x0
[Debug] [2024-9-27 20:13:10] the idcode from the scanning is: 0x0
[Debug] [2024-9-27 20:13:10] the idcode from the scanning is: 0x0
[Debug] [2024-9-27 20:13:10] the idcode from the scanning is: 0x0
[Debug] [2024-9-27 20:13:10] begin to read back config registerregAddr is 4
[Debug] [2024-9-27 20:13:10] progress bar is 6
[Debug] [2024-9-27 20:13:10] progress bar is 10
[Debug] [2024-9-27 20:13:10] progress bar is 15
[Debug] [2024-9-27 20:13:10] progress bar is 20
[Debug] [2024-9-27 20:13:11] progress bar is 25
[Debug] [2024-9-27 20:13:11] progress bar is 30
[Debug] [2024-9-27 20:13:11] progress bar is 35
[Debug] [2024-9-27 20:13:11] progress bar is 40
[Debug] [2024-9-27 20:13:11] progress bar is 45
[Debug] [2024-9-27 20:13:11] progress bar is 50
[Debug] [2024-9-27 20:13:11] progress bar is 55
[Debug] [2024-9-27 20:13:11] progress bar is 60
[Debug] [2024-9-27 20:13:11] progress bar is 65
[Debug] [2024-9-27 20:13:11] progress bar is 70
[Debug] [2024-9-27 20:13:11] progress bar is 75
[Debug] [2024-9-27 20:13:11] progress bar is 80
[Debug] [2024-9-27 20:13:12] progress bar is 85
[Debug] [2024-9-27 20:13:12] progress bar is 90
[Debug] [2024-9-27 20:13:12] progress bar is 95
[Debug] [2024-9-27 20:13:12] progress bar is 100
[Debug] [2024-9-27 20:13:12] the value in the status register is :2096288
[Debug] [2024-9-27 20:13:12] cmd operation Program releases locker
[Debug] [2024-9-27 20:20:26] Remove the header data from the client, index : 0
[Debug] [2024-9-27 20:20:26] _total_bytes_size : 644
[Debug] [2024-9-27 20:20:26] cmd id :20002cmd name : Program
[Debug] [2024-9-27 20:20:29] the idcode from the scanning is: 0x601899
[Debug] [2024-9-27 20:20:29] the idcode from the scanning is: 0x0
[Debug] [2024-9-27 20:20:29] the idcode from the scanning is: 0x0
[Debug] [2024-9-27 20:20:29] the idcode from the scanning is: 0x0
[Debug] [2024-9-27 20:20:29] the idcode from the scanning is: 0x0
[Debug] [2024-9-27 20:20:29] begin to read back config registerregAddr is 4
[Debug] [2024-9-27 20:20:29] progress bar is 6
[Debug] [2024-9-27 20:20:30] progress bar is 10
[Debug] [2024-9-27 20:20:30] progress bar is 15
[Debug] [2024-9-27 20:20:30] progress bar is 20
[Debug] [2024-9-27 20:20:30] progress bar is 25
[Debug] [2024-9-27 20:20:30] progress bar is 30
[Debug] [2024-9-27 20:20:30] progress bar is 35
[Debug] [2024-9-27 20:20:30] progress bar is 40
[Debug] [2024-9-27 20:20:30] progress bar is 45
[Debug] [2024-9-27 20:20:30] progress bar is 50
[Debug] [2024-9-27 20:20:30] progress bar is 55
[Debug] [2024-9-27 20:20:30] progress bar is 60
[Debug] [2024-9-27 20:20:31] progress bar is 65
[Debug] [2024-9-27 20:20:31] progress bar is 70
[Debug] [2024-9-27 20:20:31] progress bar is 75
[Debug] [2024-9-27 20:20:31] progress bar is 80
[Debug] [2024-9-27 20:20:31] progress bar is 85
[Debug] [2024-9-27 20:20:31] progress bar is 90
[Debug] [2024-9-27 20:20:31] progress bar is 95
[Debug] [2024-9-27 20:20:31] progress bar is 100
[Debug] [2024-9-27 20:20:31] the value in the status register is :2096288
[Debug] [2024-9-27 20:20:31] cmd operation Program releases locker
[Info] [2024-9-27 20:26:41] /***************************Start jtagserver***************************/
[Info] [2024-9-27 20:26:41] Path: D:/Program Files/PDS/PDS_2022.1/bin
[Info] [2024-9-27 20:26:41] Version: 99559
[Debug] [2024-9-27 20:26:42] Add a new user_thread, socket descriptor is 1304 user_thread id is 0000000000000F60
[Debug] [2024-9-27 20:26:42] After adding, map size is : 1
[Debug] [2024-9-27 20:26:42] Add a new user_thread, socket descriptor is 1312 user_thread id is 0000000000000F60
[Debug] [2024-9-27 20:26:42] After adding, map size is : 2
[Debug] [2024-9-27 20:26:42] IP address of connecting client is : ::ffff:127.0.0.1
[Debug] [2024-9-27 20:26:42] IP address of connecting client is : ::ffff:127.0.0.1
[Debug] [2024-9-27 20:26:42] Remove the header data from the client, index : 0
[Debug] [2024-9-27 20:26:42] _total_bytes_size : 146
[Debug] [2024-9-27 20:26:42] Remove the header data from the client, index : 0
[Debug] [2024-9-27 20:26:42] _total_bytes_size : 96
[Debug] [2024-9-27 20:26:42] cmd id :40011cmd name : get_cable_paras
[Debug] [2024-9-27 20:26:44] cmd operation get_cable_paras releases locker
[Debug] [2024-9-27 20:26:44] Remove the header data from the client, index : 0
[Debug] [2024-9-27 20:26:44] _total_bytes_size : 101
[Debug] [2024-9-27 20:26:44] cmd id :20001cmd name : Open config cable
[Error] [2024-9-27 20:26:44] Hardware handler is invalid
[Debug] [2024-9-27 20:26:44] cmd operation Open config cable releases locker
[Debug] [2024-9-27 20:26:45] Remove the header data from the client, index : 0
[Debug] [2024-9-27 20:26:45] _total_bytes_size : 101
[Debug] [2024-9-27 20:26:45] cmd id :20001cmd name : Open config cable
[Error] [2024-9-27 20:26:45] Hardware handler is invalid
[Debug] [2024-9-27 20:26:45] cmd operation Open config cable releases locker
[Info] [2024-9-27 20:26:52] /***************************Start jtagserver***************************/
[Info] [2024-9-27 20:26:52] Path: D:/Program Files/PDS/PDS_2022.1/bin
[Info] [2024-9-27 20:26:52] Version: 99559
[Debug] [2024-9-27 20:26:54] Add a new user_thread, socket descriptor is 1128 user_thread id is 0000000000001FB8
[Debug] [2024-9-27 20:26:54] After adding, map size is : 1
[Debug] [2024-9-27 20:26:54] Add a new user_thread, socket descriptor is 1200 user_thread id is 0000000000001FB8
[Debug] [2024-9-27 20:26:54] After adding, map size is : 2
[Debug] [2024-9-27 20:26:54] IP address of connecting client is : ::ffff:127.0.0.1
[Debug] [2024-9-27 20:26:54] IP address of connecting client is : ::ffff:127.0.0.1
[Debug] [2024-9-27 20:26:54] Remove the header data from the client, index : 0
[Debug] [2024-9-27 20:26:54] _total_bytes_size : 146
[Debug] [2024-9-27 20:26:54] Remove the header data from the client, index : 0
[Debug] [2024-9-27 20:26:54] _total_bytes_size : 96
[Debug] [2024-9-27 20:26:54] cmd id :40011cmd name : get_cable_paras
[Debug] [2024-9-27 20:26:57] cmd operation get_cable_paras releases locker
[Debug] [2024-9-27 20:26:57] Remove the header data from the client, index : 0
[Debug] [2024-9-27 20:26:57] _total_bytes_size : 101
[Debug] [2024-9-27 20:26:57] cmd id :20001cmd name : Open config cable
[Debug] [2024-9-27 20:26:58] the idcode from the scanning is: 0x601899
[Debug] [2024-9-27 20:26:58] the idcode from the scanning is: 0x0
[Debug] [2024-9-27 20:26:58] the idcode from the scanning is: 0x0
[Debug] [2024-9-27 20:26:58] the idcode from the scanning is: 0x0
[Debug] [2024-9-27 20:26:58] the idcode from the scanning is: 0x0
[Debug] [2024-9-27 20:26:58] cmd operation Open config cable releases locker
[Debug] [2024-9-27 20:27:01] Remove the header data from the client, index : 0
[Debug] [2024-9-27 20:27:01] _total_bytes_size : 284
[Debug] [2024-9-27 20:27:01] cmd id :4e22cmd name : Program
[Debug] [2024-9-27 20:27:01] the idcode from the scanning is: 0x601899
[Debug] [2024-9-27 20:27:01] the idcode from the scanning is: 0x0
[Debug] [2024-9-27 20:27:01] the idcode from the scanning is: 0x0
[Debug] [2024-9-27 20:27:01] the idcode from the scanning is: 0x0
[Debug] [2024-9-27 20:27:01] the idcode from the scanning is: 0x0
[Debug] [2024-9-27 20:27:01] begin to read back config registerregAddr is 4
[Debug] [2024-9-27 20:27:01] progress bar is 6
[Debug] [2024-9-27 20:27:01] progress bar is 10
[Debug] [2024-9-27 20:27:01] progress bar is 15
[Debug] [2024-9-27 20:27:01] progress bar is 20
[Debug] [2024-9-27 20:27:01] progress bar is 25
[Debug] [2024-9-27 20:27:02] progress bar is 30
[Debug] [2024-9-27 20:27:02] progress bar is 35
[Debug] [2024-9-27 20:27:02] progress bar is 40
[Debug] [2024-9-27 20:27:02] progress bar is 45
[Debug] [2024-9-27 20:27:02] progress bar is 50
[Debug] [2024-9-27 20:27:02] progress bar is 55
[Debug] [2024-9-27 20:27:02] progress bar is 60
[Debug] [2024-9-27 20:27:02] progress bar is 65
[Debug] [2024-9-27 20:27:02] progress bar is 70
[Debug] [2024-9-27 20:27:02] progress bar is 75
[Debug] [2024-9-27 20:27:02] progress bar is 80
[Debug] [2024-9-27 20:27:03] progress bar is 85
[Debug] [2024-9-27 20:27:03] progress bar is 90
[Debug] [2024-9-27 20:27:03] progress bar is 95
[Debug] [2024-9-27 20:27:03] progress bar is 100
[Debug] [2024-9-27 20:27:03] the value in the status register is :2096288
[Debug] [2024-9-27 20:27:03] cmd operation Program releases locker
[Info] [2024-9-27 20:39:53] /***************************Start jtagserver***************************/
[Info] [2024-9-27 20:39:53] Path: D:/Program Files/PDS/PDS_2022.1/bin
[Info] [2024-9-27 20:39:53] Version: 99559
[Debug] [2024-9-27 20:39:56] Add a new user_thread, socket descriptor is 1012 user_thread id is 0000000000002B6C
[Debug] [2024-9-27 20:39:56] After adding, map size is : 1
[Debug] [2024-9-27 20:39:56] Add a new user_thread, socket descriptor is 1132 user_thread id is 0000000000002B6C
[Debug] [2024-9-27 20:39:56] After adding, map size is : 2
[Debug] [2024-9-27 20:39:56] IP address of connecting client is : ::ffff:127.0.0.1
[Debug] [2024-9-27 20:39:56] IP address of connecting client is : ::ffff:127.0.0.1
[Debug] [2024-9-27 20:39:56] Remove the header data from the client, index : 0
[Debug] [2024-9-27 20:39:56] _total_bytes_size : 146
[Debug] [2024-9-27 20:39:56] Remove the header data from the client, index : 0
[Debug] [2024-9-27 20:39:56] _total_bytes_size : 96
[Debug] [2024-9-27 20:39:56] cmd id :40011cmd name : get_cable_paras
[Debug] [2024-9-27 20:39:58] cmd operation get_cable_paras releases locker
[Debug] [2024-9-27 20:39:58] Remove the header data from the client, index : 0
[Debug] [2024-9-27 20:39:58] _total_bytes_size : 101
[Debug] [2024-9-27 20:39:58] cmd id :20001cmd name : Open config cable
[Debug] [2024-9-27 20:39:59] the idcode from the scanning is: 0x601899
[Debug] [2024-9-27 20:39:59] the idcode from the scanning is: 0x0
[Debug] [2024-9-27 20:39:59] the idcode from the scanning is: 0x0
[Debug] [2024-9-27 20:39:59] the idcode from the scanning is: 0x0
[Debug] [2024-9-27 20:39:59] the idcode from the scanning is: 0x0
[Debug] [2024-9-27 20:39:59] cmd operation Open config cable releases locker
[Debug] [2024-9-27 20:40:05] Remove the header data from the client, index : 0
[Debug] [2024-9-27 20:40:05] _total_bytes_size : 284
[Debug] [2024-9-27 20:40:05] cmd id :4e22cmd name : Program
[Debug] [2024-9-27 20:40:06] the idcode from the scanning is: 0x601899
[Debug] [2024-9-27 20:40:06] the idcode from the scanning is: 0x0
[Debug] [2024-9-27 20:40:06] the idcode from the scanning is: 0x0
[Debug] [2024-9-27 20:40:06] the idcode from the scanning is: 0x0
[Debug] [2024-9-27 20:40:06] the idcode from the scanning is: 0x0
[Debug] [2024-9-27 20:40:06] begin to read back config registerregAddr is 4
[Debug] [2024-9-27 20:40:06] progress bar is 6
[Debug] [2024-9-27 20:40:06] progress bar is 10
[Debug] [2024-9-27 20:40:06] progress bar is 15
[Debug] [2024-9-27 20:40:06] progress bar is 20
[Debug] [2024-9-27 20:40:06] progress bar is 25
[Debug] [2024-9-27 20:40:06] progress bar is 30
[Debug] [2024-9-27 20:40:06] progress bar is 35
[Debug] [2024-9-27 20:40:06] progress bar is 40
[Debug] [2024-9-27 20:40:06] progress bar is 45
[Debug] [2024-9-27 20:40:07] progress bar is 50
[Debug] [2024-9-27 20:40:07] progress bar is 55
[Debug] [2024-9-27 20:40:07] progress bar is 60
[Debug] [2024-9-27 20:40:07] progress bar is 65
[Debug] [2024-9-27 20:40:07] progress bar is 70
[Debug] [2024-9-27 20:40:07] progress bar is 75
[Debug] [2024-9-27 20:40:07] progress bar is 80
[Debug] [2024-9-27 20:40:07] progress bar is 85
[Debug] [2024-9-27 20:40:07] progress bar is 90
[Debug] [2024-9-27 20:40:07] progress bar is 95
[Debug] [2024-9-27 20:40:07] progress bar is 100
[Debug] [2024-9-27 20:40:07] the value in the status register is :2096288
[Debug] [2024-9-27 20:40:08] cmd operation Program releases locker
[Info] [2024-9-27 20:43:40] /***************************Start jtagserver***************************/
[Info] [2024-9-27 20:43:40] Path: D:/Program Files/PDS/PDS_2022.1/bin
[Info] [2024-9-27 20:43:40] Version: 99559
[Debug] [2024-9-27 20:43:43] Add a new user_thread, socket descriptor is 1232 user_thread id is 0000000000003350
[Debug] [2024-9-27 20:43:43] After adding, map size is : 1
[Debug] [2024-9-27 20:43:43] Add a new user_thread, socket descriptor is 1256 user_thread id is 0000000000003350
[Debug] [2024-9-27 20:43:43] After adding, map size is : 2
[Debug] [2024-9-27 20:43:43] IP address of connecting client is : ::ffff:127.0.0.1
[Debug] [2024-9-27 20:43:43] IP address of connecting client is : ::ffff:127.0.0.1
[Debug] [2024-9-27 20:43:43] Remove the header data from the client, index : 0
[Debug] [2024-9-27 20:43:43] _total_bytes_size : 146
[Debug] [2024-9-27 20:43:43] Remove the header data from the client, index : 0
[Debug] [2024-9-27 20:43:43] _total_bytes_size : 96
[Debug] [2024-9-27 20:43:43] cmd id :40011cmd name : get_cable_paras
[Debug] [2024-9-27 20:43:45] cmd operation get_cable_paras releases locker
[Debug] [2024-9-27 20:43:45] Remove the header data from the client, index : 0
[Debug] [2024-9-27 20:43:45] _total_bytes_size : 101
[Debug] [2024-9-27 20:43:45] cmd id :20001cmd name : Open config cable
[Debug] [2024-9-27 20:43:46] the idcode from the scanning is: 0x601899
[Debug] [2024-9-27 20:43:46] the idcode from the scanning is: 0x0
[Debug] [2024-9-27 20:43:46] the idcode from the scanning is: 0x0
[Debug] [2024-9-27 20:43:46] the idcode from the scanning is: 0x0
[Debug] [2024-9-27 20:43:46] the idcode from the scanning is: 0x0
[Debug] [2024-9-27 20:43:46] cmd operation Open config cable releases locker
[Debug] [2024-9-27 20:43:49] Remove the header data from the client, index : 0
[Debug] [2024-9-27 20:43:49] _total_bytes_size : 284
[Debug] [2024-9-27 20:43:49] cmd id :4e22cmd name : Program
[Debug] [2024-9-27 20:43:50] the idcode from the scanning is: 0x601899
[Debug] [2024-9-27 20:43:50] the idcode from the scanning is: 0x0
[Debug] [2024-9-27 20:43:50] the idcode from the scanning is: 0x0
[Debug] [2024-9-27 20:43:50] the idcode from the scanning is: 0x0
[Debug] [2024-9-27 20:43:50] the idcode from the scanning is: 0x0
[Debug] [2024-9-27 20:43:50] begin to read back config registerregAddr is 4
[Debug] [2024-9-27 20:43:50] progress bar is 6
[Debug] [2024-9-27 20:43:50] progress bar is 10
[Debug] [2024-9-27 20:43:50] progress bar is 15
[Debug] [2024-9-27 20:43:50] progress bar is 20
[Debug] [2024-9-27 20:43:50] progress bar is 25
[Debug] [2024-9-27 20:43:50] progress bar is 30
[Debug] [2024-9-27 20:43:50] progress bar is 35
[Debug] [2024-9-27 20:43:50] progress bar is 40
[Debug] [2024-9-27 20:43:51] progress bar is 45
[Debug] [2024-9-27 20:43:51] progress bar is 50
[Debug] [2024-9-27 20:43:51] progress bar is 55
[Debug] [2024-9-27 20:43:51] progress bar is 60
[Debug] [2024-9-27 20:43:51] progress bar is 65
[Debug] [2024-9-27 20:43:51] progress bar is 70
[Debug] [2024-9-27 20:43:51] progress bar is 75
[Debug] [2024-9-27 20:43:51] progress bar is 80
[Debug] [2024-9-27 20:43:51] progress bar is 85
[Debug] [2024-9-27 20:43:51] progress bar is 90
[Debug] [2024-9-27 20:43:51] progress bar is 95
[Debug] [2024-9-27 20:43:51] progress bar is 100
[Debug] [2024-9-27 20:43:51] the value in the status register is :2096288
[Debug] [2024-9-27 20:43:52] cmd operation Program releases locker
[Info] [2024-9-28 10:24:04] /***************************Start jtagserver***************************/
[Info] [2024-9-28 10:24:04] Path: D:/Program Files/PDS/PDS_2022.1/bin
[Info] [2024-9-28 10:24:04] Version: 99559
[Debug] [2024-9-28 10:24:06] Add a new user_thread, socket descriptor is 1068 user_thread id is 0000000000003BC8
[Debug] [2024-9-28 10:24:06] After adding, map size is : 1
[Debug] [2024-9-28 10:24:06] Add a new user_thread, socket descriptor is 1076 user_thread id is 0000000000003BC8
[Debug] [2024-9-28 10:24:06] After adding, map size is : 2
[Debug] [2024-9-28 10:24:06] IP address of connecting client is : ::ffff:127.0.0.1
[Debug] [2024-9-28 10:24:06] IP address of connecting client is : ::ffff:127.0.0.1
[Debug] [2024-9-28 10:24:06] Remove the header data from the client, index : 0
[Debug] [2024-9-28 10:24:06] _total_bytes_size : 146
[Debug] [2024-9-28 10:24:06] Remove the header data from the client, index : 0
[Debug] [2024-9-28 10:24:06] _total_bytes_size : 96
[Debug] [2024-9-28 10:24:06] cmd id :40011cmd name : get_cable_paras
[Debug] [2024-9-28 10:24:09] cmd operation get_cable_paras releases locker
[Debug] [2024-9-28 10:24:09] Remove the header data from the client, index : 0
[Debug] [2024-9-28 10:24:09] _total_bytes_size : 101
[Debug] [2024-9-28 10:24:09] cmd id :20001cmd name : Open config cable
[Debug] [2024-9-28 10:24:10] the idcode from the scanning is: 0x601899
[Debug] [2024-9-28 10:24:10] the idcode from the scanning is: 0x0
[Debug] [2024-9-28 10:24:10] the idcode from the scanning is: 0x0
[Debug] [2024-9-28 10:24:10] the idcode from the scanning is: 0x0
[Debug] [2024-9-28 10:24:10] the idcode from the scanning is: 0x0
[Debug] [2024-9-28 10:24:10] cmd operation Open config cable releases locker
[Debug] [2024-9-28 10:24:13] Remove the header data from the client, index : 0
[Debug] [2024-9-28 10:24:13] _total_bytes_size : 284
[Debug] [2024-9-28 10:24:13] cmd id :4e22cmd name : Program
[Debug] [2024-9-28 10:24:14] the idcode from the scanning is: 0x601899
[Debug] [2024-9-28 10:24:14] the idcode from the scanning is: 0x0
[Debug] [2024-9-28 10:24:14] the idcode from the scanning is: 0x0
[Debug] [2024-9-28 10:24:14] the idcode from the scanning is: 0x0
[Debug] [2024-9-28 10:24:14] the idcode from the scanning is: 0x0
[Debug] [2024-9-28 10:24:14] begin to read back config registerregAddr is 4
[Debug] [2024-9-28 10:24:14] progress bar is 6
[Debug] [2024-9-28 10:24:14] progress bar is 10
[Debug] [2024-9-28 10:24:14] progress bar is 15
[Debug] [2024-9-28 10:24:14] progress bar is 20
[Debug] [2024-9-28 10:24:14] progress bar is 25
[Debug] [2024-9-28 10:24:14] progress bar is 30
[Debug] [2024-9-28 10:24:14] progress bar is 35
[Debug] [2024-9-28 10:24:15] progress bar is 40
[Debug] [2024-9-28 10:24:15] progress bar is 45
[Debug] [2024-9-28 10:24:15] progress bar is 50
[Debug] [2024-9-28 10:24:15] progress bar is 55
[Debug] [2024-9-28 10:24:15] progress bar is 60
[Debug] [2024-9-28 10:24:15] progress bar is 65
[Debug] [2024-9-28 10:24:15] progress bar is 70
[Debug] [2024-9-28 10:24:15] progress bar is 75
[Debug] [2024-9-28 10:24:15] progress bar is 80
[Debug] [2024-9-28 10:24:15] progress bar is 85
[Debug] [2024-9-28 10:24:15] progress bar is 90
[Debug] [2024-9-28 10:24:16] progress bar is 95
[Debug] [2024-9-28 10:24:16] progress bar is 100
[Debug] [2024-9-28 10:24:16] the value in the status register is :2096288
[Debug] [2024-9-28 10:24:16] cmd operation Program releases locker
[Debug] [2024-9-28 10:25:41] Remove the header data from the client, index : 0
[Debug] [2024-9-28 10:25:41] _total_bytes_size : 644
[Debug] [2024-9-28 10:25:41] cmd id :20002cmd name : Program
[Debug] [2024-9-28 10:25:45] the idcode from the scanning is: 0x601899
[Debug] [2024-9-28 10:25:45] the idcode from the scanning is: 0x0
[Debug] [2024-9-28 10:25:45] the idcode from the scanning is: 0x0
[Debug] [2024-9-28 10:25:45] the idcode from the scanning is: 0x0
[Debug] [2024-9-28 10:25:45] the idcode from the scanning is: 0x0
[Debug] [2024-9-28 10:25:45] begin to read back config registerregAddr is 4
[Debug] [2024-9-28 10:25:45] progress bar is 6
[Debug] [2024-9-28 10:25:45] progress bar is 10
[Debug] [2024-9-28 10:25:46] progress bar is 15
[Debug] [2024-9-28 10:25:46] progress bar is 20
[Debug] [2024-9-28 10:25:46] progress bar is 25
[Debug] [2024-9-28 10:25:46] progress bar is 30
[Debug] [2024-9-28 10:25:46] progress bar is 35
[Debug] [2024-9-28 10:25:46] progress bar is 40
[Debug] [2024-9-28 10:25:46] progress bar is 45
[Debug] [2024-9-28 10:25:46] progress bar is 50
[Debug] [2024-9-28 10:25:46] progress bar is 55
[Debug] [2024-9-28 10:25:46] progress bar is 60
[Debug] [2024-9-28 10:25:46] progress bar is 65
[Debug] [2024-9-28 10:25:47] progress bar is 70
[Debug] [2024-9-28 10:25:47] progress bar is 75
[Debug] [2024-9-28 10:25:47] progress bar is 80
[Debug] [2024-9-28 10:25:47] progress bar is 85
[Debug] [2024-9-28 10:25:47] progress bar is 90
[Debug] [2024-9-28 10:25:47] progress bar is 95
[Debug] [2024-9-28 10:25:47] progress bar is 100
[Debug] [2024-9-28 10:25:47] the value in the status register is :2096288
[Debug] [2024-9-28 10:25:47] cmd operation Program releases locker
[Info] [2024-9-28 10:39:59] /***************************Start jtagserver***************************/
[Info] [2024-9-28 10:39:59] Path: D:/Program Files/PDS/PDS_2022.1/bin
[Info] [2024-9-28 10:39:59] Version: 99559
[Debug] [2024-9-28 10:40:02] Add a new user_thread, socket descriptor is 1268 user_thread id is 0000000000000B78
[Debug] [2024-9-28 10:40:02] After adding, map size is : 1
[Debug] [2024-9-28 10:40:02] Add a new user_thread, socket descriptor is 1224 user_thread id is 0000000000000B78
[Debug] [2024-9-28 10:40:02] After adding, map size is : 2
[Debug] [2024-9-28 10:40:02] IP address of connecting client is : ::ffff:127.0.0.1
[Debug] [2024-9-28 10:40:02] IP address of connecting client is : ::ffff:127.0.0.1
[Debug] [2024-9-28 10:40:02] Remove the header data from the client, index : 0
[Debug] [2024-9-28 10:40:02] _total_bytes_size : 146
[Debug] [2024-9-28 10:40:02] Remove the header data from the client, index : 0
[Debug] [2024-9-28 10:40:02] _total_bytes_size : 96
[Debug] [2024-9-28 10:40:02] cmd id :40011cmd name : get_cable_paras
[Debug] [2024-9-28 10:40:04] cmd operation get_cable_paras releases locker
[Debug] [2024-9-28 10:40:04] Remove the header data from the client, index : 0
[Debug] [2024-9-28 10:40:04] _total_bytes_size : 101
[Debug] [2024-9-28 10:40:04] cmd id :20001cmd name : Open config cable
[Debug] [2024-9-28 10:40:05] the idcode from the scanning is: 0x601899
[Debug] [2024-9-28 10:40:05] the idcode from the scanning is: 0x0
[Debug] [2024-9-28 10:40:05] the idcode from the scanning is: 0x0
[Debug] [2024-9-28 10:40:05] the idcode from the scanning is: 0x0
[Debug] [2024-9-28 10:40:05] the idcode from the scanning is: 0x0
[Debug] [2024-9-28 10:40:05] cmd operation Open config cable releases locker
[Debug] [2024-9-28 10:40:08] Remove the header data from the client, index : 0
[Debug] [2024-9-28 10:40:08] _total_bytes_size : 284
[Debug] [2024-9-28 10:40:08] cmd id :4e22cmd name : Program
[Debug] [2024-9-28 10:40:08] the idcode from the scanning is: 0x601899
[Debug] [2024-9-28 10:40:08] the idcode from the scanning is: 0x0
[Debug] [2024-9-28 10:40:08] the idcode from the scanning is: 0x0
[Debug] [2024-9-28 10:40:08] the idcode from the scanning is: 0x0
[Debug] [2024-9-28 10:40:08] the idcode from the scanning is: 0x0
[Debug] [2024-9-28 10:40:08] begin to read back config registerregAddr is 4
[Debug] [2024-9-28 10:40:09] progress bar is 6
[Debug] [2024-9-28 10:40:09] progress bar is 10
[Debug] [2024-9-28 10:40:09] progress bar is 15
[Debug] [2024-9-28 10:40:09] progress bar is 20
[Debug] [2024-9-28 10:40:09] progress bar is 25
[Debug] [2024-9-28 10:40:09] progress bar is 30
[Debug] [2024-9-28 10:40:09] progress bar is 35
[Debug] [2024-9-28 10:40:09] progress bar is 40
[Debug] [2024-9-28 10:40:09] progress bar is 45
[Debug] [2024-9-28 10:40:09] progress bar is 50
[Debug] [2024-9-28 10:40:09] progress bar is 55
[Debug] [2024-9-28 10:40:10] progress bar is 60
[Debug] [2024-9-28 10:40:10] progress bar is 65
[Debug] [2024-9-28 10:40:10] progress bar is 70
[Debug] [2024-9-28 10:40:10] progress bar is 75
[Debug] [2024-9-28 10:40:10] progress bar is 80
[Debug] [2024-9-28 10:40:10] progress bar is 85
[Debug] [2024-9-28 10:40:10] progress bar is 90
[Debug] [2024-9-28 10:40:10] progress bar is 95
[Debug] [2024-9-28 10:40:10] progress bar is 100
[Debug] [2024-9-28 10:40:10] the value in the status register is :2096288
[Debug] [2024-9-28 10:40:11] cmd operation Program releases locker
[Info] [2024-9-29 18:55:54] /***************************Start jtagserver***************************/
[Info] [2024-9-29 18:55:54] Path: D:/Program Files/PDS/PDS_2022.1/bin
[Info] [2024-9-29 18:55:54] Version: 99559
[Debug] [2024-9-29 18:55:57] Add a new user_thread, socket descriptor is 1228 user_thread id is 0000000000004B2C
[Debug] [2024-9-29 18:55:57] After adding, map size is : 1
[Debug] [2024-9-29 18:55:57] Add a new user_thread, socket descriptor is 1008 user_thread id is 0000000000004B2C
[Debug] [2024-9-29 18:55:57] After adding, map size is : 2
[Debug] [2024-9-29 18:55:57] IP address of connecting client is : ::ffff:127.0.0.1
[Debug] [2024-9-29 18:55:57] IP address of connecting client is : ::ffff:127.0.0.1
[Debug] [2024-9-29 18:55:57] Remove the header data from the client, index : 0
[Debug] [2024-9-29 18:55:57] _total_bytes_size : 146
[Debug] [2024-9-29 18:55:57] Remove the header data from the client, index : 0
[Debug] [2024-9-29 18:55:57] _total_bytes_size : 96
[Debug] [2024-9-29 18:55:57] cmd id :40011cmd name : get_cable_paras
[Debug] [2024-9-29 18:55:58] cmd operation get_cable_paras releases locker
[Debug] [2024-9-29 18:55:58] Remove the header data from the client, index : 0
[Debug] [2024-9-29 18:55:58] _total_bytes_size : 101
[Debug] [2024-9-29 18:55:58] cmd id :20001cmd name : Open config cable
[Error] [2024-9-29 18:55:58] E:CM Error: Open FTDI2232H channel a error. In function cdt_cable_manager::PgUsbIIOperator::Init at line 131 in file E:\wf\2022.1\output_files\oem\FAB_Develop\branches\pds_2022.1\source\sw\cdt\cablemgr\CablePgUsb.cpp compiled at Jun 16 2022.
[Error] [2024-9-29 18:55:58] E:CM Error: Cable open failed. In function cdt_cable_manager::CablePgUsb::Open at line 1761 in file E:\wf\2022.1\output_files\oem\FAB_Develop\branches\pds_2022.1\source\sw\cdt\cablemgr\CablePgUsb.cpp compiled at Jun 16 2022.
[Error] [2024-9-29 18:55:58] E:CM Error: Open FTDI2232H channel a error. In function cdt_cable_manager::PgUsbIIOperator::Init at line 131 in file E:\wf\2022.1\output_files\oem\FAB_Develop\branches\pds_2022.1\source\sw\cdt\cablemgr\CablePgUsb.cpp compiled at Jun 16 2022.
[Error] [2024-9-29 18:55:58] E:CM Error: Cable open failed. In function cdt_cable_manager::CablePgUsb::Open at line 1761 in file E:\wf\2022.1\output_files\oem\FAB_Develop\branches\pds_2022.1\source\sw\cdt\cablemgr\CablePgUsb.cpp compiled at Jun 16 2022.
[Error] [2024-9-29 18:55:58] E:CM Error: Open FTDI2232H channel a error. In function cdt_cable_manager::PgUsbIIOperator::Init at line 131 in file E:\wf\2022.1\output_files\oem\FAB_Develop\branches\pds_2022.1\source\sw\cdt\cablemgr\CablePgUsb.cpp compiled at Jun 16 2022.
[Error] [2024-9-29 18:55:58] E:CM Error: Cable open failed. In function cdt_cable_manager::CablePgUsb::Open at line 1761 in file E:\wf\2022.1\output_files\oem\FAB_Develop\branches\pds_2022.1\source\sw\cdt\cablemgr\CablePgUsb.cpp compiled at Jun 16 2022.
[Error] [2024-9-29 18:55:58] E:CM Error: Open FTDI2232H channel a error. In function cdt_cable_manager::PgUsbIIOperator::Init at line 131 in file E:\wf\2022.1\output_files\oem\FAB_Develop\branches\pds_2022.1\source\sw\cdt\cablemgr\CablePgUsb.cpp compiled at Jun 16 2022.
[Error] [2024-9-29 18:55:58] E:CM Error: Cable open failed. In function cdt_cable_manager::CablePgUsb::Open at line 1761 in file E:\wf\2022.1\output_files\oem\FAB_Develop\branches\pds_2022.1\source\sw\cdt\cablemgr\CablePgUsb.cpp compiled at Jun 16 2022.
[Error] [2024-9-29 18:55:58] E:CM Error: Open FTDI2232H channel a error. In function cdt_cable_manager::PgUsbIIOperator::Init at line 131 in file E:\wf\2022.1\output_files\oem\FAB_Develop\branches\pds_2022.1\source\sw\cdt\cablemgr\CablePgUsb.cpp compiled at Jun 16 2022.
[Error] [2024-9-29 18:55:58] E:CM Error: Cable open failed. In function cdt_cable_manager::CablePgUsb::Open at line 1761 in file E:\wf\2022.1\output_files\oem\FAB_Develop\branches\pds_2022.1\source\sw\cdt\cablemgr\CablePgUsb.cpp compiled at Jun 16 2022.
[Error] [2024-9-29 18:55:58] E:CM Error: Open FTDI2232H channel a error. In function cdt_cable_manager::PgUsbIIOperator::Init at line 131 in file E:\wf\2022.1\output_files\oem\FAB_Develop\branches\pds_2022.1\source\sw\cdt\cablemgr\CablePgUsb.cpp compiled at Jun 16 2022.
[Error] [2024-9-29 18:55:58] E:CM Error: Cable open failed. In function cdt_cable_manager::CablePgUsb::Open at line 1761 in file E:\wf\2022.1\output_files\oem\FAB_Develop\branches\pds_2022.1\source\sw\cdt\cablemgr\CablePgUsb.cpp compiled at Jun 16 2022.
[Error] [2024-9-29 18:55:58] E:CM Error: Open FTDI2232H channel a error. In function cdt_cable_manager::PgUsbIIOperator::Init at line 131 in file E:\wf\2022.1\output_files\oem\FAB_Develop\branches\pds_2022.1\source\sw\cdt\cablemgr\CablePgUsb.cpp compiled at Jun 16 2022.
[Error] [2024-9-29 18:55:58] E:CM Error: Cable open failed. In function cdt_cable_manager::CablePgUsb::Open at line 1761 in file E:\wf\2022.1\output_files\oem\FAB_Develop\branches\pds_2022.1\source\sw\cdt\cablemgr\CablePgUsb.cpp compiled at Jun 16 2022.
[Error] [2024-9-29 18:55:58] E:CM Error: Open FTDI2232H channel a error. In function cdt_cable_manager::PgUsbIIOperator::Init at line 131 in file E:\wf\2022.1\output_files\oem\FAB_Develop\branches\pds_2022.1\source\sw\cdt\cablemgr\CablePgUsb.cpp compiled at Jun 16 2022.
[Error] [2024-9-29 18:55:58] E:CM Error: Cable open failed. In function cdt_cable_manager::CablePgUsb::Open at line 1761 in file E:\wf\2022.1\output_files\oem\FAB_Develop\branches\pds_2022.1\source\sw\cdt\cablemgr\CablePgUsb.cpp compiled at Jun 16 2022.
[Error] [2024-9-29 18:55:58] E:CM Error: Open FTDI2232H channel a error. In function cdt_cable_manager::PgUsbIIOperator::Init at line 131 in file E:\wf\2022.1\output_files\oem\FAB_Develop\branches\pds_2022.1\source\sw\cdt\cablemgr\CablePgUsb.cpp compiled at Jun 16 2022.
[Error] [2024-9-29 18:55:58] E:CM Error: Cable open failed. In function cdt_cable_manager::CablePgUsb::Open at line 1761 in file E:\wf\2022.1\output_files\oem\FAB_Develop\branches\pds_2022.1\source\sw\cdt\cablemgr\CablePgUsb.cpp compiled at Jun 16 2022.
[Error] [2024-9-29 18:55:58] E:CM Error: Open FTDI2232H channel a error. In function cdt_cable_manager::PgUsbIIOperator::Init at line 131 in file E:\wf\2022.1\output_files\oem\FAB_Develop\branches\pds_2022.1\source\sw\cdt\cablemgr\CablePgUsb.cpp compiled at Jun 16 2022.
[Error] [2024-9-29 18:55:58] E:CM Error: Cable open failed. In function cdt_cable_manager::CablePgUsb::Open at line 1761 in file E:\wf\2022.1\output_files\oem\FAB_Develop\branches\pds_2022.1\source\sw\cdt\cablemgr\CablePgUsb.cpp compiled at Jun 16 2022.
[Error] [2024-9-29 18:55:58] Hardware handler is invalid
[Debug] [2024-9-29 18:55:58] cmd operation Open config cable releases locker
[Info] [2024-9-29 18:56:15] /***************************Start jtagserver***************************/
[Info] [2024-9-29 18:56:15] Path: D:/Program Files/PDS/PDS_2022.1/bin
[Info] [2024-9-29 18:56:15] Version: 99559
[Debug] [2024-9-29 18:56:16] Add a new user_thread, socket descriptor is 1060 user_thread id is 0000000000003B00
[Debug] [2024-9-29 18:56:16] After adding, map size is : 1
[Debug] [2024-9-29 18:56:16] Add a new user_thread, socket descriptor is 1236 user_thread id is 0000000000003B00
[Debug] [2024-9-29 18:56:16] After adding, map size is : 2
[Debug] [2024-9-29 18:56:16] IP address of connecting client is : ::ffff:127.0.0.1
[Debug] [2024-9-29 18:56:16] IP address of connecting client is : ::ffff:127.0.0.1
[Debug] [2024-9-29 18:56:16] Remove the header data from the client, index : 0
[Debug] [2024-9-29 18:56:16] _total_bytes_size : 146
[Debug] [2024-9-29 18:56:16] Remove the header data from the client, index : 0
[Debug] [2024-9-29 18:56:16] _total_bytes_size : 96
[Debug] [2024-9-29 18:56:16] cmd id :40011cmd name : get_cable_paras
[Debug] [2024-9-29 18:56:17] cmd operation get_cable_paras releases locker
[Debug] [2024-9-29 18:56:17] Remove the header data from the client, index : 0
[Debug] [2024-9-29 18:56:17] _total_bytes_size : 101
[Debug] [2024-9-29 18:56:17] cmd id :20001cmd name : Open config cable
[Debug] [2024-9-29 18:56:18] the idcode from the scanning is: 0x601899
[Debug] [2024-9-29 18:56:18] the idcode from the scanning is: 0x0
[Debug] [2024-9-29 18:56:18] the idcode from the scanning is: 0x0
[Debug] [2024-9-29 18:56:18] the idcode from the scanning is: 0x0
[Debug] [2024-9-29 18:56:18] the idcode from the scanning is: 0x0
[Debug] [2024-9-29 18:56:18] cmd operation Open config cable releases locker
[Debug] [2024-9-29 18:56:20] Remove the header data from the client, index : 0
[Debug] [2024-9-29 18:56:20] _total_bytes_size : 284
[Debug] [2024-9-29 18:56:20] cmd id :4e22cmd name : Program
[Debug] [2024-9-29 18:56:20] the idcode from the scanning is: 0x601899
[Debug] [2024-9-29 18:56:20] the idcode from the scanning is: 0x0
[Debug] [2024-9-29 18:56:20] the idcode from the scanning is: 0x0
[Debug] [2024-9-29 18:56:20] the idcode from the scanning is: 0x0
[Debug] [2024-9-29 18:56:20] the idcode from the scanning is: 0x0
[Debug] [2024-9-29 18:56:20] begin to read back config registerregAddr is 4
[Debug] [2024-9-29 18:56:21] progress bar is 6
[Debug] [2024-9-29 18:56:21] progress bar is 10
[Debug] [2024-9-29 18:56:21] progress bar is 15
[Debug] [2024-9-29 18:56:21] progress bar is 20
[Debug] [2024-9-29 18:56:21] progress bar is 25
[Debug] [2024-9-29 18:56:21] progress bar is 30
[Debug] [2024-9-29 18:56:21] progress bar is 35
[Debug] [2024-9-29 18:56:21] progress bar is 40
[Debug] [2024-9-29 18:56:21] progress bar is 45
[Debug] [2024-9-29 18:56:21] progress bar is 50
[Debug] [2024-9-29 18:56:21] progress bar is 55
[Debug] [2024-9-29 18:56:22] progress bar is 60
[Debug] [2024-9-29 18:56:22] progress bar is 65
[Debug] [2024-9-29 18:56:22] progress bar is 70
[Debug] [2024-9-29 18:56:22] progress bar is 75
[Debug] [2024-9-29 18:56:22] progress bar is 80
[Debug] [2024-9-29 18:56:22] progress bar is 85
[Debug] [2024-9-29 18:56:22] progress bar is 90
[Debug] [2024-9-29 18:56:22] progress bar is 95
[Debug] [2024-9-29 18:56:22] progress bar is 100
[Debug] [2024-9-29 18:56:22] the value in the status register is :2096288
[Debug] [2024-9-29 18:56:22] cmd operation Program releases locker
[Debug] [2024-9-29 18:57:08] Remove the header data from the client, index : 0
[Debug] [2024-9-29 18:57:08] _total_bytes_size : 644
[Debug] [2024-9-29 18:57:08] cmd id :20002cmd name : Program
[Debug] [2024-9-29 18:57:08] the idcode from the scanning is: 0x601899
[Debug] [2024-9-29 18:57:08] the idcode from the scanning is: 0x0
[Debug] [2024-9-29 18:57:08] the idcode from the scanning is: 0x0
[Debug] [2024-9-29 18:57:08] the idcode from the scanning is: 0x0
[Debug] [2024-9-29 18:57:08] the idcode from the scanning is: 0x0
[Debug] [2024-9-29 18:57:08] begin to read back config registerregAddr is 4
[Debug] [2024-9-29 18:57:08] progress bar is 6
[Debug] [2024-9-29 18:57:08] progress bar is 10
[Debug] [2024-9-29 18:57:08] progress bar is 15
[Debug] [2024-9-29 18:57:08] progress bar is 20
[Debug] [2024-9-29 18:57:09] progress bar is 25
[Debug] [2024-9-29 18:57:09] progress bar is 30
[Debug] [2024-9-29 18:57:09] progress bar is 35
[Debug] [2024-9-29 18:57:09] progress bar is 40
[Debug] [2024-9-29 18:57:09] progress bar is 45
[Debug] [2024-9-29 18:57:09] progress bar is 50
[Debug] [2024-9-29 18:57:09] progress bar is 55
[Debug] [2024-9-29 18:57:09] progress bar is 60
[Debug] [2024-9-29 18:57:09] progress bar is 65
[Debug] [2024-9-29 18:57:09] progress bar is 70
[Debug] [2024-9-29 18:57:09] progress bar is 75
[Debug] [2024-9-29 18:57:10] progress bar is 80
[Debug] [2024-9-29 18:57:10] progress bar is 85
[Debug] [2024-9-29 18:57:10] progress bar is 90
[Debug] [2024-9-29 18:57:10] progress bar is 95
[Debug] [2024-9-29 18:57:10] progress bar is 100
[Debug] [2024-9-29 18:57:10] the value in the status register is :2096288
[Debug] [2024-9-29 18:57:10] cmd operation Program releases locker
[Info] [2024-10-9 19:16:32] /***************************Start jtagserver***************************/
[Info] [2024-10-9 19:16:32] Path: D:/Program Files/PDS/PDS_2022.1/bin
[Info] [2024-10-9 19:16:32] Version: 99559
[Debug] [2024-10-9 19:16:33] Add a new user_thread, socket descriptor is 1244 user_thread id is 0000000000000D14
[Debug] [2024-10-9 19:16:33] After adding, map size is : 1
[Debug] [2024-10-9 19:16:33] Add a new user_thread, socket descriptor is 1248 user_thread id is 0000000000000D14
[Debug] [2024-10-9 19:16:33] After adding, map size is : 2
[Debug] [2024-10-9 19:16:33] IP address of connecting client is : ::ffff:127.0.0.1
[Debug] [2024-10-9 19:16:33] IP address of connecting client is : ::ffff:127.0.0.1
[Debug] [2024-10-9 19:16:33] Remove the header data from the client, index : 0
[Debug] [2024-10-9 19:16:33] _total_bytes_size : 146
[Debug] [2024-10-9 19:16:33] Remove the header data from the client, index : 0
[Debug] [2024-10-9 19:16:33] _total_bytes_size : 96
[Debug] [2024-10-9 19:16:33] cmd id :40011cmd name : get_cable_paras
[Debug] [2024-10-9 19:16:34] cmd operation get_cable_paras releases locker
[Debug] [2024-10-9 19:16:34] Remove the header data from the client, index : 0
[Debug] [2024-10-9 19:16:34] _total_bytes_size : 101
[Debug] [2024-10-9 19:16:34] cmd id :20001cmd name : Open config cable
[Debug] [2024-10-9 19:16:34] the idcode from the scanning is: 0x601899
[Debug] [2024-10-9 19:16:34] the idcode from the scanning is: 0x0
[Debug] [2024-10-9 19:16:34] the idcode from the scanning is: 0x0
[Debug] [2024-10-9 19:16:34] the idcode from the scanning is: 0x0
[Debug] [2024-10-9 19:16:34] the idcode from the scanning is: 0x0
[Debug] [2024-10-9 19:16:34] cmd operation Open config cable releases locker
[Debug] [2024-10-9 19:16:37] Remove the header data from the client, index : 0
[Debug] [2024-10-9 19:16:37] _total_bytes_size : 284
[Debug] [2024-10-9 19:16:37] cmd id :4e22cmd name : Program
[Debug] [2024-10-9 19:16:37] the idcode from the scanning is: 0x601899
[Debug] [2024-10-9 19:16:37] the idcode from the scanning is: 0x0
[Debug] [2024-10-9 19:16:37] the idcode from the scanning is: 0x0
[Debug] [2024-10-9 19:16:37] the idcode from the scanning is: 0x0
[Debug] [2024-10-9 19:16:37] the idcode from the scanning is: 0x0
[Debug] [2024-10-9 19:16:37] begin to read back config registerregAddr is 4
[Debug] [2024-10-9 19:16:37] progress bar is 6
[Debug] [2024-10-9 19:16:37] progress bar is 10
[Debug] [2024-10-9 19:16:37] progress bar is 15
[Debug] [2024-10-9 19:16:37] progress bar is 20
[Debug] [2024-10-9 19:16:37] progress bar is 25
[Debug] [2024-10-9 19:16:38] progress bar is 30
[Debug] [2024-10-9 19:16:38] progress bar is 35
[Debug] [2024-10-9 19:16:38] progress bar is 40
[Debug] [2024-10-9 19:16:38] progress bar is 45
[Debug] [2024-10-9 19:16:38] progress bar is 50
[Debug] [2024-10-9 19:16:38] progress bar is 55
[Debug] [2024-10-9 19:16:38] progress bar is 60
[Debug] [2024-10-9 19:16:38] progress bar is 65
[Debug] [2024-10-9 19:16:38] progress bar is 70
[Debug] [2024-10-9 19:16:38] progress bar is 75
[Debug] [2024-10-9 19:16:38] progress bar is 80
[Debug] [2024-10-9 19:16:38] progress bar is 85
[Debug] [2024-10-9 19:16:39] progress bar is 90
[Debug] [2024-10-9 19:16:39] progress bar is 95
[Debug] [2024-10-9 19:16:39] progress bar is 100
[Debug] [2024-10-9 19:16:39] the value in the status register is :2096288
[Debug] [2024-10-9 19:16:39] cmd operation Program releases locker
[Info] [2024-10-10 19:12:19] /***************************Start jtagserver***************************/
[Info] [2024-10-10 19:12:19] Path: D:/Program Files/PDS/PDS_2022.1/bin
[Info] [2024-10-10 19:12:19] Version: 99559
[Debug] [2024-10-10 19:12:21] Add a new user_thread, socket descriptor is 1068 user_thread id is 00000000000020B8
[Debug] [2024-10-10 19:12:21] After adding, map size is : 1
[Debug] [2024-10-10 19:12:21] Add a new user_thread, socket descriptor is 1184 user_thread id is 00000000000020B8
[Debug] [2024-10-10 19:12:21] After adding, map size is : 2
[Debug] [2024-10-10 19:12:21] IP address of connecting client is : ::ffff:127.0.0.1
[Debug] [2024-10-10 19:12:21] IP address of connecting client is : ::ffff:127.0.0.1
[Debug] [2024-10-10 19:12:21] Remove the header data from the client, index : 0
[Debug] [2024-10-10 19:12:21] _total_bytes_size : 146
[Debug] [2024-10-10 19:12:21] Remove the header data from the client, index : 0
[Debug] [2024-10-10 19:12:21] _total_bytes_size : 96
[Debug] [2024-10-10 19:12:21] cmd id :40011cmd name : get_cable_paras
[Debug] [2024-10-10 19:12:23] cmd operation get_cable_paras releases locker
[Debug] [2024-10-10 19:12:23] Remove the header data from the client, index : 0
[Debug] [2024-10-10 19:12:23] _total_bytes_size : 101
[Debug] [2024-10-10 19:12:23] cmd id :20001cmd name : Open config cable
[Debug] [2024-10-10 19:12:23] the idcode from the scanning is: 0x601899
[Debug] [2024-10-10 19:12:23] the idcode from the scanning is: 0x0
[Debug] [2024-10-10 19:12:23] the idcode from the scanning is: 0x0
[Debug] [2024-10-10 19:12:23] the idcode from the scanning is: 0x0
[Debug] [2024-10-10 19:12:23] the idcode from the scanning is: 0x0
[Debug] [2024-10-10 19:12:23] cmd operation Open config cable releases locker
[Debug] [2024-10-10 19:12:26] Remove the header data from the client, index : 0
[Debug] [2024-10-10 19:12:26] _total_bytes_size : 284
[Debug] [2024-10-10 19:12:26] cmd id :4e22cmd name : Program
[Debug] [2024-10-10 19:12:26] the idcode from the scanning is: 0x601899
[Debug] [2024-10-10 19:12:26] the idcode from the scanning is: 0x0
[Debug] [2024-10-10 19:12:26] the idcode from the scanning is: 0x0
[Debug] [2024-10-10 19:12:26] the idcode from the scanning is: 0x0
[Debug] [2024-10-10 19:12:26] the idcode from the scanning is: 0x0
[Debug] [2024-10-10 19:12:26] begin to read back config registerregAddr is 4
[Debug] [2024-10-10 19:12:26] progress bar is 6
[Debug] [2024-10-10 19:12:26] progress bar is 10
[Debug] [2024-10-10 19:12:26] progress bar is 15
[Debug] [2024-10-10 19:12:26] progress bar is 20
[Debug] [2024-10-10 19:12:26] progress bar is 25
[Debug] [2024-10-10 19:12:26] progress bar is 30
[Debug] [2024-10-10 19:12:26] progress bar is 35
[Debug] [2024-10-10 19:12:26] progress bar is 40
[Debug] [2024-10-10 19:12:27] progress bar is 45
[Debug] [2024-10-10 19:12:27] progress bar is 50
[Debug] [2024-10-10 19:12:27] progress bar is 55
[Debug] [2024-10-10 19:12:27] progress bar is 60
[Debug] [2024-10-10 19:12:27] progress bar is 65
[Debug] [2024-10-10 19:12:27] progress bar is 70
[Debug] [2024-10-10 19:12:27] progress bar is 75
[Debug] [2024-10-10 19:12:27] progress bar is 80
[Debug] [2024-10-10 19:12:27] progress bar is 85
[Debug] [2024-10-10 19:12:27] progress bar is 90
[Debug] [2024-10-10 19:12:27] progress bar is 95
[Debug] [2024-10-10 19:12:28] progress bar is 100
[Debug] [2024-10-10 19:12:28] the value in the status register is :2096288
[Debug] [2024-10-10 19:12:28] cmd operation Program releases locker
[Info] [2024-10-10 20:03:53] /***************************Start jtagserver***************************/
[Info] [2024-10-10 20:03:53] Path: D:/Program Files/PDS/PDS_2022.1/bin
[Info] [2024-10-10 20:03:53] Version: 99559
[Debug] [2024-10-10 20:03:54] Add a new user_thread, socket descriptor is 1172 user_thread id is 0000000000003EF8
[Debug] [2024-10-10 20:03:54] After adding, map size is : 1
[Debug] [2024-10-10 20:03:54] Add a new user_thread, socket descriptor is 1228 user_thread id is 0000000000003EF8
[Debug] [2024-10-10 20:03:54] After adding, map size is : 2
[Debug] [2024-10-10 20:03:54] IP address of connecting client is : ::ffff:127.0.0.1
[Debug] [2024-10-10 20:03:54] IP address of connecting client is : ::ffff:127.0.0.1
[Debug] [2024-10-10 20:03:54] Remove the header data from the client, index : 0
[Debug] [2024-10-10 20:03:54] _total_bytes_size : 146
[Debug] [2024-10-10 20:03:54] Remove the header data from the client, index : 0
[Debug] [2024-10-10 20:03:54] _total_bytes_size : 96
[Debug] [2024-10-10 20:03:54] cmd id :40011cmd name : get_cable_paras
[Debug] [2024-10-10 20:03:55] cmd operation get_cable_paras releases locker
[Debug] [2024-10-10 20:03:55] Remove the header data from the client, index : 0
[Debug] [2024-10-10 20:03:55] _total_bytes_size : 101
[Debug] [2024-10-10 20:03:55] cmd id :20001cmd name : Open config cable
[Debug] [2024-10-10 20:03:55] the idcode from the scanning is: 0x601899
[Debug] [2024-10-10 20:03:55] the idcode from the scanning is: 0x0
[Debug] [2024-10-10 20:03:55] the idcode from the scanning is: 0x0
[Debug] [2024-10-10 20:03:55] the idcode from the scanning is: 0x0
[Debug] [2024-10-10 20:03:55] the idcode from the scanning is: 0x0
[Debug] [2024-10-10 20:03:55] cmd operation Open config cable releases locker
[Debug] [2024-10-10 20:03:58] Remove the header data from the client, index : 0
[Debug] [2024-10-10 20:03:58] _total_bytes_size : 284
[Debug] [2024-10-10 20:03:58] cmd id :4e22cmd name : Program
[Debug] [2024-10-10 20:03:58] the idcode from the scanning is: 0x601899
[Debug] [2024-10-10 20:03:58] the idcode from the scanning is: 0x0
[Debug] [2024-10-10 20:03:58] the idcode from the scanning is: 0x0
[Debug] [2024-10-10 20:03:58] the idcode from the scanning is: 0x0
[Debug] [2024-10-10 20:03:58] the idcode from the scanning is: 0x0
[Debug] [2024-10-10 20:03:58] begin to read back config registerregAddr is 4
[Debug] [2024-10-10 20:03:59] progress bar is 6
[Debug] [2024-10-10 20:03:59] progress bar is 10
[Debug] [2024-10-10 20:03:59] progress bar is 15
[Debug] [2024-10-10 20:03:59] progress bar is 20
[Debug] [2024-10-10 20:03:59] progress bar is 25
[Debug] [2024-10-10 20:03:59] progress bar is 30
[Debug] [2024-10-10 20:03:59] progress bar is 35
[Debug] [2024-10-10 20:03:59] progress bar is 40
[Debug] [2024-10-10 20:03:59] progress bar is 45
[Debug] [2024-10-10 20:03:59] progress bar is 50
[Debug] [2024-10-10 20:03:59] progress bar is 55
[Debug] [2024-10-10 20:04:00] progress bar is 60
[Debug] [2024-10-10 20:04:00] progress bar is 65
[Debug] [2024-10-10 20:04:00] progress bar is 70
[Debug] [2024-10-10 20:04:00] progress bar is 75
[Debug] [2024-10-10 20:04:00] progress bar is 80
[Debug] [2024-10-10 20:04:00] progress bar is 85
[Debug] [2024-10-10 20:04:00] progress bar is 90
[Debug] [2024-10-10 20:04:00] progress bar is 95
[Debug] [2024-10-10 20:04:00] progress bar is 100
[Debug] [2024-10-10 20:04:00] the value in the status register is :2096288
[Debug] [2024-10-10 20:04:01] cmd operation Program releases locker
