#Build: Fabric Compiler 2022.1, Build 99559, Jul 12 00:20 2022
#Install: D:\Program Files\PDS\PDS_2022.1\bin
#Application name: pds_shell.exe
#OS: Windows 10 10.0.22631
#Hostname: HTY‘sLaptop
Generated by Fabric Compiler (version 2022.1 build 99559) at Wed Nov 27 21:15:23 2024
Compiling verification operator library.
Compiling common defs.
Compiling prim grid devices.
Compiling gate devices.
Compiling gate operators.
Building architecture model.
Loading device packaging model.
Reading design from DB.
Start Generating Programming File...
Reading design from DB takes 0.140625 sec.
Generating architecture configuration.
The bitstream file is "F:/SME_files/SME309/codes/SME209_codes/lab3/PDS_lab3_MyCycle/Hardware/Design_Source/generate_bitstream/TOP.sbit"
Generate programming file takes 3.203125 sec.
Generating Programming File done.
Action gen_bit_stream: Real time elapsed is 0h:0m:33s
Action gen_bit_stream: CPU time elapsed is 0h:0m:11s
Action gen_bit_stream: Process CPU time elapsed is 0h:0m:11s
Current time: Wed Nov 27 21:15:54 2024
Action gen_bit_stream: Peak memory pool usage is 746 MB
