#Build: Fabric Compiler 2022.1, Build 99559, Jul 12 00:20 2022
#Install: D:\Program Files\PDS\PDS_2022.1\bin
#Application name: pds_shell.exe
#OS: Windows 10 10.0.22631
#Hostname: HTY‘sLaptop
Generated by Fabric Compiler (version 2022.1 build 99559) at Mon Nov 11 14:33:53 2024
License checkout: fabric_ads
Compiling verification operator library.
Loading technology operator library.
Compiling technology operator library.
Compiling technology operator (valence) library.
I: Enable Verilog2k features and keywords
Start rtl-analyze.
Executing : .rtl_analyze -work work -include_path {F:/SME_files/SME309/codes/SME209_codes/lab2/PDS_Lab2_Template/Hardware/Design_Source} F:/SME_files/SME309/codes/SME209_codes/lab2/PDS_Lab2_Template/Hardware/Design_Source/ALU.v
I: Verilog-0001: Analyzing file F:/SME_files/SME309/codes/SME209_codes/lab2/PDS_Lab2_Template/Hardware/Design_Source/ALU.v
I: Verilog-0002: [F:/SME_files/SME309/codes/SME209_codes/lab2/PDS_Lab2_Template/Hardware/Design_Source/ALU.v(line number: 1)] Analyzing module ALU (library work)
Parsing done.
Executing : .rtl_analyze -work work -include_path {F:/SME_files/SME309/codes/SME209_codes/lab2/PDS_Lab2_Template/Hardware/Design_Source} F:/SME_files/SME309/codes/SME209_codes/lab2/PDS_Lab2_Template/Hardware/Design_Source/ALU.v successfully.
Executing : .rtl_analyze -work work -include_path {F:/SME_files/SME309/codes/SME209_codes/lab2/PDS_Lab2_Template/Hardware/Design_Source} F:/SME_files/SME309/codes/SME209_codes/lab2/PDS_Lab2_Template/Hardware/Design_Source/ARM.v
I: Verilog-0001: Analyzing file F:/SME_files/SME309/codes/SME209_codes/lab2/PDS_Lab2_Template/Hardware/Design_Source/ARM.v
I: Verilog-0002: [F:/SME_files/SME309/codes/SME209_codes/lab2/PDS_Lab2_Template/Hardware/Design_Source/ARM.v(line number: 1)] Analyzing module ARM (library work)
Parsing done.
Executing : .rtl_analyze -work work -include_path {F:/SME_files/SME309/codes/SME209_codes/lab2/PDS_Lab2_Template/Hardware/Design_Source} F:/SME_files/SME309/codes/SME209_codes/lab2/PDS_Lab2_Template/Hardware/Design_Source/ARM.v successfully.
Executing : .rtl_analyze -work work -include_path {F:/SME_files/SME309/codes/SME209_codes/lab2/PDS_Lab2_Template/Hardware/Design_Source} F:/SME_files/SME309/codes/SME209_codes/lab2/PDS_Lab2_Template/Hardware/Design_Source/CondLogic.v
I: Verilog-0001: Analyzing file F:/SME_files/SME309/codes/SME209_codes/lab2/PDS_Lab2_Template/Hardware/Design_Source/CondLogic.v
I: Verilog-0002: [F:/SME_files/SME309/codes/SME209_codes/lab2/PDS_Lab2_Template/Hardware/Design_Source/CondLogic.v(line number: 1)] Analyzing module CondLogic (library work)
Parsing done.
Executing : .rtl_analyze -work work -include_path {F:/SME_files/SME309/codes/SME209_codes/lab2/PDS_Lab2_Template/Hardware/Design_Source} F:/SME_files/SME309/codes/SME209_codes/lab2/PDS_Lab2_Template/Hardware/Design_Source/CondLogic.v successfully.
Executing : .rtl_analyze -work work -include_path {F:/SME_files/SME309/codes/SME209_codes/lab2/PDS_Lab2_Template/Hardware/Design_Source} F:/SME_files/SME309/codes/SME209_codes/lab2/PDS_Lab2_Template/Hardware/Design_Source/ControlUnit.v
I: Verilog-0001: Analyzing file F:/SME_files/SME309/codes/SME209_codes/lab2/PDS_Lab2_Template/Hardware/Design_Source/ControlUnit.v
I: Verilog-0002: [F:/SME_files/SME309/codes/SME209_codes/lab2/PDS_Lab2_Template/Hardware/Design_Source/ControlUnit.v(line number: 1)] Analyzing module ControlUnit (library work)
Parsing done.
Executing : .rtl_analyze -work work -include_path {F:/SME_files/SME309/codes/SME209_codes/lab2/PDS_Lab2_Template/Hardware/Design_Source} F:/SME_files/SME309/codes/SME209_codes/lab2/PDS_Lab2_Template/Hardware/Design_Source/ControlUnit.v successfully.
Executing : .rtl_analyze -work work -include_path {F:/SME_files/SME309/codes/SME209_codes/lab2/PDS_Lab2_Template/Hardware/Design_Source} F:/SME_files/SME309/codes/SME209_codes/lab2/PDS_Lab2_Template/Hardware/Design_Source/Decoder.v
I: Verilog-0001: Analyzing file F:/SME_files/SME309/codes/SME209_codes/lab2/PDS_Lab2_Template/Hardware/Design_Source/Decoder.v
I: Verilog-0002: [F:/SME_files/SME309/codes/SME209_codes/lab2/PDS_Lab2_Template/Hardware/Design_Source/Decoder.v(line number: 1)] Analyzing module Decoder (library work)
Parsing done.
Executing : .rtl_analyze -work work -include_path {F:/SME_files/SME309/codes/SME209_codes/lab2/PDS_Lab2_Template/Hardware/Design_Source} F:/SME_files/SME309/codes/SME209_codes/lab2/PDS_Lab2_Template/Hardware/Design_Source/Decoder.v successfully.
Executing : .rtl_analyze -work work -include_path {F:/SME_files/SME309/codes/SME209_codes/lab2/PDS_Lab2_Template/Hardware/Design_Source} F:/SME_files/SME309/codes/SME209_codes/lab2/PDS_Lab2_Template/Hardware/Design_Source/Extend.v
I: Verilog-0001: Analyzing file F:/SME_files/SME309/codes/SME209_codes/lab2/PDS_Lab2_Template/Hardware/Design_Source/Extend.v
I: Verilog-0002: [F:/SME_files/SME309/codes/SME209_codes/lab2/PDS_Lab2_Template/Hardware/Design_Source/Extend.v(line number: 1)] Analyzing module Extend (library work)
Parsing done.
Executing : .rtl_analyze -work work -include_path {F:/SME_files/SME309/codes/SME209_codes/lab2/PDS_Lab2_Template/Hardware/Design_Source} F:/SME_files/SME309/codes/SME209_codes/lab2/PDS_Lab2_Template/Hardware/Design_Source/Extend.v successfully.
Executing : .rtl_analyze -work work -include_path {F:/SME_files/SME309/codes/SME209_codes/lab2/PDS_Lab2_Template/Hardware/Design_Source} F:/SME_files/SME309/codes/SME209_codes/lab2/PDS_Lab2_Template/Hardware/Design_Source/ProgramCounter.v
I: Verilog-0001: Analyzing file F:/SME_files/SME309/codes/SME209_codes/lab2/PDS_Lab2_Template/Hardware/Design_Source/ProgramCounter.v
I: Verilog-0002: [F:/SME_files/SME309/codes/SME209_codes/lab2/PDS_Lab2_Template/Hardware/Design_Source/ProgramCounter.v(line number: 1)] Analyzing module ProgramCounter (library work)
Parsing done.
Executing : .rtl_analyze -work work -include_path {F:/SME_files/SME309/codes/SME209_codes/lab2/PDS_Lab2_Template/Hardware/Design_Source} F:/SME_files/SME309/codes/SME209_codes/lab2/PDS_Lab2_Template/Hardware/Design_Source/ProgramCounter.v successfully.
Executing : .rtl_analyze -work work -include_path {F:/SME_files/SME309/codes/SME209_codes/lab2/PDS_Lab2_Template/Hardware/Design_Source} F:/SME_files/SME309/codes/SME209_codes/lab2/PDS_Lab2_Template/Hardware/Design_Source/RegisterFile.v
I: Verilog-0001: Analyzing file F:/SME_files/SME309/codes/SME209_codes/lab2/PDS_Lab2_Template/Hardware/Design_Source/RegisterFile.v
I: Verilog-0002: [F:/SME_files/SME309/codes/SME209_codes/lab2/PDS_Lab2_Template/Hardware/Design_Source/RegisterFile.v(line number: 1)] Analyzing module RegisterFile (library work)
Parsing done.
Executing : .rtl_analyze -work work -include_path {F:/SME_files/SME309/codes/SME209_codes/lab2/PDS_Lab2_Template/Hardware/Design_Source} F:/SME_files/SME309/codes/SME209_codes/lab2/PDS_Lab2_Template/Hardware/Design_Source/RegisterFile.v successfully.
Executing : .rtl_analyze -work work -include_path {F:/SME_files/SME309/codes/SME209_codes/lab2/PDS_Lab2_Template/Hardware/Design_Source} F:/SME_files/SME309/codes/SME209_codes/lab2/PDS_Lab2_Template/Hardware/Design_Source/Shifter.v
I: Verilog-0001: Analyzing file F:/SME_files/SME309/codes/SME209_codes/lab2/PDS_Lab2_Template/Hardware/Design_Source/Shifter.v
I: Verilog-0002: [F:/SME_files/SME309/codes/SME209_codes/lab2/PDS_Lab2_Template/Hardware/Design_Source/Shifter.v(line number: 1)] Analyzing module Shifter (library work)
Parsing done.
Executing : .rtl_analyze -work work -include_path {F:/SME_files/SME309/codes/SME209_codes/lab2/PDS_Lab2_Template/Hardware/Design_Source} F:/SME_files/SME309/codes/SME209_codes/lab2/PDS_Lab2_Template/Hardware/Design_Source/Shifter.v successfully.
Executing : .rtl_analyze -work work -include_path {F:/SME_files/SME309/codes/SME209_codes/lab2/PDS_Lab2_Template/Hardware/Design_Source} F:/SME_files/SME309/codes/SME209_codes/lab2/PDS_Lab2_Template/Hardware/Design_Source/TOP_Pango.v
I: Verilog-0001: Analyzing file F:/SME_files/SME309/codes/SME209_codes/lab2/PDS_Lab2_Template/Hardware/Design_Source/TOP_Pango.v
I: Verilog-0002: [F:/SME_files/SME309/codes/SME209_codes/lab2/PDS_Lab2_Template/Hardware/Design_Source/TOP_Pango.v(line number: 4)] Analyzing module TOP (library work)
Parsing done.
Executing : .rtl_analyze -work work -include_path {F:/SME_files/SME309/codes/SME209_codes/lab2/PDS_Lab2_Template/Hardware/Design_Source} F:/SME_files/SME309/codes/SME209_codes/lab2/PDS_Lab2_Template/Hardware/Design_Source/TOP_Pango.v successfully.
Executing : .rtl_analyze -work work -include_path {F:/SME_files/SME309/codes/SME209_codes/lab2/PDS_Lab2_Template/Hardware/Design_Source} F:/SME_files/SME309/codes/SME209_codes/lab2/PDS_Lab2_Template/Hardware/Design_Source/Wrapper.v
I: Verilog-0001: Analyzing file F:/SME_files/SME309/codes/SME209_codes/lab2/PDS_Lab2_Template/Hardware/Design_Source/Wrapper.v
I: Verilog-0002: [F:/SME_files/SME309/codes/SME209_codes/lab2/PDS_Lab2_Template/Hardware/Design_Source/Wrapper.v(line number: 4)] Analyzing module Wrapper (library work)
W: Verilog-2010: [F:/SME_files/SME309/codes/SME209_codes/lab2/PDS_Lab2_Template/Hardware/Design_Source/Wrapper.v(line number: 49)] Ignore initial statements except memory $readmemh/$readmemb initialization statements
W: Verilog-2010: [F:/SME_files/SME309/codes/SME209_codes/lab2/PDS_Lab2_Template/Hardware/Design_Source/Wrapper.v(line number: 120)] Ignore initial statements except memory $readmemh/$readmemb initialization statements
W: Verilog-2010: [F:/SME_files/SME309/codes/SME209_codes/lab2/PDS_Lab2_Template/Hardware/Design_Source/Wrapper.v(line number: 136)] Ignore initial statements except memory $readmemh/$readmemb initialization statements
Parsing done.
Executing : .rtl_analyze -work work -include_path {F:/SME_files/SME309/codes/SME209_codes/lab2/PDS_Lab2_Template/Hardware/Design_Source} F:/SME_files/SME309/codes/SME209_codes/lab2/PDS_Lab2_Template/Hardware/Design_Source/Wrapper.v successfully.
I: Module "TOP" is set as top module.
Executing : rtl-analyze successfully. Time elapsed: 1.691s wall, 0.000s user + 0.000s system = 0.000s CPU (n/a%)

Start rtl-elaborate.
I: Verilog-0003: [F:/SME_files/SME309/codes/SME209_codes/lab2/PDS_Lab2_Template/Hardware/Design_Source/TOP_Pango.v(line number: 4)] Elaborating module TOP
I: Module instance {TOP} parameter value:
    N_LEDs_OUT = 32'b00000000000000000000000000001000
    N_DIPs = 32'b00000000000000000000000000000111
    N_SEVEN_SEG_DIGITs = 32'b00000000000000000000000000001000
    CLK_DIV_BITS = 32'b00000000000000000000000000011000
I: Verilog-0004: [F:/SME_files/SME309/codes/SME209_codes/lab2/PDS_Lab2_Template/Hardware/Design_Source/TOP_Pango.v(line number: 36)] Elaborating instance wrapper1
I: Verilog-0003: [F:/SME_files/SME309/codes/SME209_codes/lab2/PDS_Lab2_Template/Hardware/Design_Source/Wrapper.v(line number: 4)] Elaborating module Wrapper
I: Module instance {TOP.wrapper1} parameter value:
    N_LEDs = 32'b00000000000000000000000000010000
    N_DIPs = 32'b00000000000000000000000000000111
I: Verilog-0004: [F:/SME_files/SME309/codes/SME209_codes/lab2/PDS_Lab2_Template/Hardware/Design_Source/Wrapper.v(line number: 146)] Elaborating instance ARM1
I: Verilog-0003: [F:/SME_files/SME309/codes/SME209_codes/lab2/PDS_Lab2_Template/Hardware/Design_Source/ARM.v(line number: 1)] Elaborating module ARM
I: Verilog-0004: [F:/SME_files/SME309/codes/SME209_codes/lab2/PDS_Lab2_Template/Hardware/Design_Source/ARM.v(line number: 19)] Elaborating instance u_PC
I: Verilog-0003: [F:/SME_files/SME309/codes/SME209_codes/lab2/PDS_Lab2_Template/Hardware/Design_Source/ProgramCounter.v(line number: 1)] Elaborating module ProgramCounter
I: Verilog-0004: [F:/SME_files/SME309/codes/SME209_codes/lab2/PDS_Lab2_Template/Hardware/Design_Source/ARM.v(line number: 36)] Elaborating instance u_Control
I: Verilog-0003: [F:/SME_files/SME309/codes/SME209_codes/lab2/PDS_Lab2_Template/Hardware/Design_Source/ControlUnit.v(line number: 1)] Elaborating module ControlUnit
I: Verilog-0004: [F:/SME_files/SME309/codes/SME209_codes/lab2/PDS_Lab2_Template/Hardware/Design_Source/ControlUnit.v(line number: 23)] Elaborating instance CondLogic1
I: Verilog-0003: [F:/SME_files/SME309/codes/SME209_codes/lab2/PDS_Lab2_Template/Hardware/Design_Source/CondLogic.v(line number: 1)] Elaborating module CondLogic
I: Verilog-0004: [F:/SME_files/SME309/codes/SME209_codes/lab2/PDS_Lab2_Template/Hardware/Design_Source/ControlUnit.v(line number: 38)] Elaborating instance Decoder1
I: Verilog-0003: [F:/SME_files/SME309/codes/SME209_codes/lab2/PDS_Lab2_Template/Hardware/Design_Source/Decoder.v(line number: 1)] Elaborating module Decoder
I: Verilog-0004: [F:/SME_files/SME309/codes/SME209_codes/lab2/PDS_Lab2_Template/Hardware/Design_Source/ARM.v(line number: 59)] Elaborating instance u_RegisterFile
I: Verilog-0003: [F:/SME_files/SME309/codes/SME209_codes/lab2/PDS_Lab2_Template/Hardware/Design_Source/RegisterFile.v(line number: 1)] Elaborating module RegisterFile
I: Verilog-0004: [F:/SME_files/SME309/codes/SME209_codes/lab2/PDS_Lab2_Template/Hardware/Design_Source/ARM.v(line number: 80)] Elaborating instance Shifter1
I: Verilog-0003: [F:/SME_files/SME309/codes/SME209_codes/lab2/PDS_Lab2_Template/Hardware/Design_Source/Shifter.v(line number: 1)] Elaborating module Shifter
I: Verilog-0004: [F:/SME_files/SME309/codes/SME209_codes/lab2/PDS_Lab2_Template/Hardware/Design_Source/ARM.v(line number: 92)] Elaborating instance Extend1
I: Verilog-0003: [F:/SME_files/SME309/codes/SME209_codes/lab2/PDS_Lab2_Template/Hardware/Design_Source/Extend.v(line number: 1)] Elaborating module Extend
I: Verilog-0004: [F:/SME_files/SME309/codes/SME209_codes/lab2/PDS_Lab2_Template/Hardware/Design_Source/ARM.v(line number: 103)] Elaborating instance ALU1
I: Verilog-0003: [F:/SME_files/SME309/codes/SME209_codes/lab2/PDS_Lab2_Template/Hardware/Design_Source/ALU.v(line number: 1)] Elaborating module ALU
Executing : rtl-elaborate successfully. Time elapsed: 0.024s wall, 0.000s user + 0.016s system = 0.016s CPU (64.9%)

Start rtl-prep.
Executing : rtl-prep successfully. Time elapsed: 0.010s wall, 0.000s user + 0.000s system = 0.000s CPU (n/a%)

Start rtl-infer.
Start DFF-inference.
Executing : DFF-inference successfully.
I: Sdm-0001: [F:/SME_files/SME309/codes/SME209_codes/lab2/PDS_Lab2_Template/Hardware/Design_Source/Wrapper.v(line number: 183)] Found Ram DATA_VAR_MEM, depth=128, width=32.
I: Sdm-0001: [F:/SME_files/SME309/codes/SME209_codes/lab2/PDS_Lab2_Template/Hardware/Design_Source/RegisterFile.v(line number: 22)] Found Ram RegBank, depth=16, width=32.
I: Sdm-0001: [F:/SME_files/SME309/codes/SME209_codes/lab2/PDS_Lab2_Template/Hardware/Design_Source/RegisterFile.v(line number: 22)] Found Ram RegBank, depth=16, width=32.
Executing : rtl-infer successfully. Time elapsed: 0.066s wall, 0.031s user + 0.016s system = 0.047s CPU (71.4%)

Start rtl-control-opt.
Executing : rtl-control-opt successfully. Time elapsed: 0.002s wall, 0.000s user + 0.000s system = 0.000s CPU (n/a%)

Start rtl-data-opt.
Executing : rtl-data-opt successfully. Time elapsed: 0.013s wall, 0.031s user + 0.000s system = 0.031s CPU (240.1%)

Start FSM inference.
Executing : FSM inference successfully. Time elapsed: 0.001s wall, 0.000s user + 0.000s system = 0.000s CPU (n/a%)

Start sdm2adm.
W: Loop was found during constant probe.
W: Loop was found during constant probe.
W: Loop was found during constant probe.
I: Constant propagation done on ALUSrc_1 (bmsWIDEMUX).
I: Constant propagation done on MemW_1 (bmsWIDEMUX).
I: Constant propagation done on Branch_1 (bmsWIDEMUX).
I: Constant propagation done on RegW_1 (bmsWIDEMUX).
I: Constant propagation done on NoWrite_1 (bmsWIDEMUX).
W: Loop was found during constant probe.
W: Loop was found during constant probe.
I: Constant propagation done on N108 (bmsWIDEMUX).
Executing : sdm2adm successfully. Time elapsed: 0.032s wall, 0.016s user + 0.016s system = 0.031s CPU (96.6%)

Saving design to DB.
Action compile: Real time elapsed is 0h:0m:4s
Action compile: CPU time elapsed is 0h:0m:0s
Action compile: Process CPU time elapsed is 0h:0m:0s
Current time: Mon Nov 11 14:33:56 2024
Action compile: Peak memory pool usage is 134 MB
