#Build: Fabric Compiler 2022.1, Build 99559, Jul 12 00:20 2022
#Install: D:\Program Files\PDS\PDS_2022.1\bin
#Application name: pds_shell.exe
#OS: Windows 10 10.0.22631
#Hostname: HTY‘sLaptop
Generated by Fabric Compiler (version 2022.1 build 99559) at Sun Nov 10 20:45:51 2024
Compiling verification operator library.
Compiling common defs.
Loading technology operator library.
Compiling technology operator library.
Compiling technology operator (valence) library.
Compiling operator packing rules.
Compiling prim grid devices.
Compiling gate devices.
Compiling gate operators.
Compiling tech operator impls.
Building architecture model.
Loading device packaging model.
Reading design from translate DB.
C: SDC-2025: Clock source 'n:genblk1.clk_counter [24]' need a clock constraint, please use 'create_clock' or 'create_generate_clock' to generate.
Flattening design 'TOP'
Device mapping started.
Optimizing circuit logic.
Checking design netlist.
Processing tech operator.
I: The instance clkbufg_0(GTP_CLKBUFG) has been inserted on the net nt_CLK_undiv in design, driver pin O(instance CLK_undiv_ibuf) -> load pin CLK(instance count_fast[0]).
Converting tech operator to gate operator.
Processing gate operator.
I: Infer CARRY group, base inst: N8_0_1/gateop, insts:24.
I: Infer CARRY group, base inst: N14_0_1/gateop, insts:16.
I: Infer CARRY group, base inst: wrapper1/ARM1/N15_0_1/gateop, insts:29.
I: Infer CARRY group, base inst: wrapper1/ARM1/ALU1/N7_1_0/gateop, insts:33.
I: Infer CARRY group, base inst: wrapper1/ARM1/u_PC/N2_1_1/gateop, insts:29.
Device mapping done.
Total device mapping takes 0.02 sec.

Device Utilization Summary:
+------------------------------------------------------------------------+
| Logic Utilization     | Used     | Available     | Utilization(%)     
+------------------------------------------------------------------------+
| APM                   | 0        | 120           | 0                  
| FF                    | 92       | 71600         | 1                  
| LUT                   | 825      | 35800         | 3                  
| Distributed RAM       | 108      | 9500          | 2                  
| DRM                   | 0.5      | 85            | 1                  
| IO                    | 42       | 209           | 21                 
| RCKB                  | 0        | 20            | 0                  
| SCANCHAIN             | 0        | 1             | 0                  
| USCM                  | 1        | 32            | 4                  
| CCS                   | 1        | 1             | 100                
| ADC                   | 0        | 1             | 0                  
| DDR_PHY               | 0        | 20            | 0                  
| HSSTLP                | 0        | 1             | 0                  
| GPLL                  | 0        | 5             | 0                  
| PPLL                  | 0        | 5             | 0                  
| DDRPHY_CPD            | 0        | 10            | 0                  
| HCKB                  | 0        | 72            | 0                  
| IOCKB                 | 0        | 20            | 0                  
| MRCKB                 | 0        | 10            | 0                  
| PCIE                  | 0        | 1             | 0                  
| DDRPHY_IOCLK_DIV      | 0        | 5             | 0                  
| ANALOG                | 0        | 1             | 0                  
| TSERDES               | 0        | 40            | 0                  
| KEYRAM                | 0        | 1             | 0                  
+------------------------------------------------------------------------+

Design 'TOP' has been successfully mapped to architecture-specific objects.
Saving design to DB.
W: Public-4010: Pcf file F:/SME_files/SME309/codes/SME209_codes/lab2/PDS_Lab2_Template/Hardware/Design_Source/device_map/TOP.pcf has been covered.
Action dev_map: Real time elapsed is 0h:0m:15s
Action dev_map: CPU time elapsed is 0h:0m:9s
Action dev_map: Process CPU time elapsed is 0h:0m:9s
Current time: Sun Nov 10 20:46:04 2024
Action dev_map: Peak memory pool usage is 303 MB
