-------------------------------------------------------------------------------------------------------------------------------------------------------------------
Detailed RTL Component Info :
-----Module Name :
                    TOP

-----ROMs :
            4K Bit    (128 x 32 bit)          ROMs := 3

-----RAMs :
            512 Bit    (16 x 32 bit)          RAMs := 2

Distributed RAM and Block RAM: Final Mapping Report
|------------------------------------------|------------------------|-------------------|---------|
| DPRAM Inst Name                          | Size (Depth x Width)   | Primitives        | Count   |
|------------------------------------------|------------------------|-------------------|---------|
| wrapper1/DATA_CONST_MEM                  | 128 x 32               |                   |         |
|                                          | 128 x 1                | GTP_ROM128X1      | 32      |
|------------------------------------------|------------------------|-------------------|---------|
| wrapper1/DATA_VAR_MEM                    | 128 x 32               |                   |         |
|                                          | 128 x 1                | GTP_RAM128X1SP    | 32      |
|------------------------------------------|------------------------|-------------------|---------|
| wrapper1/INSTR_MEM                       | 128 x 32               |                   |         |
|                                          | 128 x 1                | GTP_ROM128X1      | 32      |
|------------------------------------------|------------------------|-------------------|---------|
| wrapper1/ARM1/u_RegisterFile/RegBank     | 16 x 32                |                   |         |
|                                          | 16 x 2                 | GTP_RAM32X2DP     | 16      |
|------------------------------------------|------------------------|-------------------|---------|
| wrapper1/ARM1/u_RegisterFile/RegBank_1   | 16 x 32                |                   |         |
|                                          | 16 x 2                 | GTP_RAM32X2DP     | 16      |
|------------------------------------------|------------------------|-------------------|---------|

|---------------------------|------------------------|-------------------|-------------------|-------------------|-------------------|
| Inst Name                 | Size (Depth x Width)   | Write_Mode_A      | Write_Mode_B      | Ram_Mode          | Primitives        |
|---------------------------|------------------------|-------------------|-------------------|-------------------|-------------------|
| wrapper1/DATA_VAR_MEM     | 128 x 32               |                   |                   |                   |                   |
|          DATA_VAR_MEM_b   | 128 x 32               | NORMAL_WRITE      | NORMAL_WRITE      | SIMPLE_DUAL_PORT  | GTP_DRM18K_E1     |
|---------------------------|------------------------|-------------------|-------------------|-------------------|-------------------|

-------------------------------------------------------------------------------------------------------------------------------------------------------------------

