#Build: Fabric Compiler 2022.1, Build 99559, Jul 12 00:20 2022
#Install: D:\Program Files\PDS\PDS_2022.1\bin
#Application name: pds.exe
#OS: Windows 10 10.0.22631
#Hostname: HTY‘sLaptop
Generated by Fabric Compiler (version 2022.1 build 99559) at Mon Oct 14 17:20:02 2024
File "F:/SME_files/SME309/codes/SME209_codes/lab2/PDS_Lab2_Template/Hardware/Design_Source/ALU.v" has been added to project successfully. 
File "F:/SME_files/SME309/codes/SME209_codes/lab2/PDS_Lab2_Template/Hardware/Design_Source/ARM.v" has been added to project successfully. 
File "F:/SME_files/SME309/codes/SME209_codes/lab2/PDS_Lab2_Template/Hardware/Design_Source/CondLogic.v" has been added to project successfully. 
File "F:/SME_files/SME309/codes/SME209_codes/lab2/PDS_Lab2_Template/Hardware/Design_Source/ControlUnit.v" has been added to project successfully. 
File "F:/SME_files/SME309/codes/SME209_codes/lab2/PDS_Lab2_Template/Hardware/Design_Source/Decoder.v" has been added to project successfully. 
File "F:/SME_files/SME309/codes/SME209_codes/lab2/PDS_Lab2_Template/Hardware/Design_Source/Extend.v" has been added to project successfully. 
File "F:/SME_files/SME309/codes/SME209_codes/lab2/PDS_Lab2_Template/Hardware/Design_Source/ProgramCounter.v" has been added to project successfully. 
File "F:/SME_files/SME309/codes/SME209_codes/lab2/PDS_Lab2_Template/Hardware/Design_Source/RegisterFile.v" has been added to project successfully. 
File "F:/SME_files/SME309/codes/SME209_codes/lab2/PDS_Lab2_Template/Hardware/Design_Source/Shifter.v" has been added to project successfully. 
File "F:/SME_files/SME309/codes/SME209_codes/lab2/PDS_Lab2_Template/Hardware/Design_Source/TOP_Pango.v" has been added to project successfully. 
File "F:/SME_files/SME309/codes/SME209_codes/lab2/PDS_Lab2_Template/Hardware/Design_Source/Wrapper.v" has been added to project successfully. 
Parse module hierarchy of project 'F:/SME_files/SME309/codes/SME209_codes/lab2/PDS_Lab2_Template/Hardware/Design_Source/temp_projects/Main_Flow/Main_Flow.pds' (ADS Parser)
File "F:/SME_files/SME309/codes/SME209_codes/lab2/PDS_Lab2_Template/Hardware/Constraint_Source/Top.fdc" has been added to project successfully. 
Parse module hierarchy of project 'F:/SME_files/SME309/codes/SME209_codes/lab2/PDS_Lab2_Template/Hardware/Design_Source/temp_projects/Main_Flow/Main_Flow.pds' (ADS Parser)
