#Build: Fabric Compiler 2022.1, Build 99559, Jul 12 00:20 2022
#Install: D:\Program Files\PDS\PDS_2022.1\bin
#Application name: pds_shell.exe
#OS: Windows 10 10.0.22631
#Hostname: HTY‘sLaptop
Generated by Fabric Compiler (version 2022.1 build 99559) at Tue Nov 26 19:53:28 2024
Compiling verification operator library.
Compiling common defs.
Compiling prim grid devices.
Compiling gate devices.
Compiling gate operators.
Building architecture model.
Loading device packaging model.
Reading design from pnr DB.
Start Report Post-PnR timing.
Constructing timing graph ...
Timing graph has been constructed successfully
W: STA-3011: Clock pin 'wrapper1/ARM1/MCycle1/count[0]/opit_0_inv_L5Q_perm/CLK' (gopLUT6L5Q.CLK) has no clock, timing propagation is disabled at the pin.
W: STA-3011: Clock pin 'wrapper1/ARM1/MCycle1/count[2]/opit_0_inv_L6QL5Q1_perm/CLK' (gopLUT6QL5Q.CLK) has no clock, timing propagation is disabled at the pin.
W: STA-3011: Clock pin 'wrapper1/ARM1/MCycle1/count[3]/opit_0_inv_L6Q_perm/CLK' (gopLUT6Q.CLK) has no clock, timing propagation is disabled at the pin.
W: STA-3011: Clock pin 'wrapper1/ARM1/MCycle1/count[4]/opit_0_inv_L6Q_perm/CLK' (gopLUT6Q.CLK) has no clock, timing propagation is disabled at the pin.
W: STA-3011: Clock pin 'wrapper1/ARM1/MCycle1/done/opit_0_inv_L6Q_perm/CLK' (gopLUT6Q.CLK) has no clock, timing propagation is disabled at the pin.
W: STA-3011: Clock pin 'wrapper1/ARM1/MCycle1/sign/opit_0_inv_L6Q_perm/CLK' (gopLUT6Q.CLK) has no clock, timing propagation is disabled at the pin.
W: STA-3011: Clock pin 'wrapper1/ARM1/MCycle1/state/opit_0_inv_L6Q_LUT6DQL5_perm/CLK' (gopLUT6QL5.CLK) has no clock, timing propagation is disabled at the pin.
W: STA-3011: Clock pin 'wrapper1/ARM1/MCycle1/temp_sum[0]/opit_0_inv_L6Q_perm/CLK' (gopLUT6Q.CLK) has no clock, timing propagation is disabled at the pin.
W: STA-3011: Clock pin 'wrapper1/ARM1/MCycle1/temp_sum[1]/opit_0_inv_L6Q_perm/CLK' (gopLUT6Q.CLK) has no clock, timing propagation is disabled at the pin.
W: STA-3011: Clock pin 'wrapper1/ARM1/MCycle1/temp_sum[2]/opit_0_inv_L6Q_perm/CLK' (gopLUT6Q.CLK) has no clock, timing propagation is disabled at the pin.
W: STA-3011: Clock pin 'wrapper1/ARM1/MCycle1/temp_sum[3]/opit_0_inv_L6Q_perm/CLK' (gopLUT6Q.CLK) has no clock, timing propagation is disabled at the pin.
W: STA-3011: Clock pin 'wrapper1/ARM1/MCycle1/temp_sum[4]/opit_0_inv_L6Q_perm/CLK' (gopLUT6Q.CLK) has no clock, timing propagation is disabled at the pin.
W: STA-3011: Clock pin 'wrapper1/ARM1/MCycle1/temp_sum[5]/opit_0_inv_L6Q_perm/CLK' (gopLUT6Q.CLK) has no clock, timing propagation is disabled at the pin.
W: STA-3011: Clock pin 'wrapper1/ARM1/MCycle1/temp_sum[6]/opit_0_inv_L6Q_perm/CLK' (gopLUT6Q.CLK) has no clock, timing propagation is disabled at the pin.
W: STA-3011: Clock pin 'wrapper1/ARM1/MCycle1/temp_sum[7]/opit_0_inv_L6Q_perm/CLK' (gopLUT6Q.CLK) has no clock, timing propagation is disabled at the pin.
W: STA-3011: Clock pin 'wrapper1/ARM1/MCycle1/temp_sum[8]/opit_0_inv_L6Q_perm/CLK' (gopLUT6Q.CLK) has no clock, timing propagation is disabled at the pin.
W: STA-3011: Clock pin 'wrapper1/ARM1/MCycle1/temp_sum[9]/opit_0_inv_L6Q_perm/CLK' (gopLUT6Q.CLK) has no clock, timing propagation is disabled at the pin.
W: STA-3011: Clock pin 'wrapper1/ARM1/MCycle1/temp_sum[10]/opit_0_inv_L6Q_perm/CLK' (gopLUT6Q.CLK) has no clock, timing propagation is disabled at the pin.
W: STA-3011: Clock pin 'wrapper1/ARM1/MCycle1/temp_sum[11]/opit_0_inv_L6Q_perm/CLK' (gopLUT6Q.CLK) has no clock, timing propagation is disabled at the pin.
W: STA-3011: Clock pin 'wrapper1/ARM1/MCycle1/temp_sum[12]/opit_0_inv_L6Q_perm/CLK' (gopLUT6Q.CLK) has no clock, timing propagation is disabled at the pin.
W: STA-3011: Clock pin 'wrapper1/ARM1/MCycle1/temp_sum[13]/opit_0_inv_L6Q_perm/CLK' (gopLUT6Q.CLK) has no clock, timing propagation is disabled at the pin.
W: STA-3011: Clock pin 'wrapper1/ARM1/MCycle1/temp_sum[14]/opit_0_inv_L6Q_perm/CLK' (gopLUT6Q.CLK) has no clock, timing propagation is disabled at the pin.
W: STA-3011: Clock pin 'wrapper1/ARM1/MCycle1/temp_sum[15]/opit_0_inv_L6Q_perm/CLK' (gopLUT6Q.CLK) has no clock, timing propagation is disabled at the pin.
W: STA-3011: Clock pin 'wrapper1/ARM1/MCycle1/temp_sum[16]/opit_0_inv_L6Q_perm/CLK' (gopLUT6Q.CLK) has no clock, timing propagation is disabled at the pin.
W: STA-3011: Clock pin 'wrapper1/ARM1/MCycle1/temp_sum[17]/opit_0_inv_L6Q_perm/CLK' (gopLUT6Q.CLK) has no clock, timing propagation is disabled at the pin.
W: STA-3011: Clock pin 'wrapper1/ARM1/MCycle1/temp_sum[18]/opit_0_inv_L6Q_perm/CLK' (gopLUT6Q.CLK) has no clock, timing propagation is disabled at the pin.
W: STA-3011: Clock pin 'wrapper1/ARM1/MCycle1/temp_sum[19]/opit_0_inv_L6Q_perm/CLK' (gopLUT6Q.CLK) has no clock, timing propagation is disabled at the pin.
W: STA-3011: Clock pin 'wrapper1/ARM1/MCycle1/temp_sum[20]/opit_0_inv_L6Q_perm/CLK' (gopLUT6Q.CLK) has no clock, timing propagation is disabled at the pin.
W: STA-3011: Clock pin 'wrapper1/ARM1/MCycle1/temp_sum[21]/opit_0_inv_L6Q_perm/CLK' (gopLUT6Q.CLK) has no clock, timing propagation is disabled at the pin.
W: STA-3011: Clock pin 'wrapper1/ARM1/MCycle1/temp_sum[22]/opit_0_inv_L6Q_perm/CLK' (gopLUT6Q.CLK) has no clock, timing propagation is disabled at the pin.
W: STA-3011: Clock pin 'wrapper1/ARM1/MCycle1/temp_sum[23]/opit_0_inv_L6Q_perm/CLK' (gopLUT6Q.CLK) has no clock, timing propagation is disabled at the pin.
W: STA-3011: Clock pin 'wrapper1/ARM1/MCycle1/temp_sum[24]/opit_0_inv_L6Q_perm/CLK' (gopLUT6Q.CLK) has no clock, timing propagation is disabled at the pin.
W: STA-3011: Clock pin 'wrapper1/ARM1/MCycle1/temp_sum[25]/opit_0_inv_L6Q_perm/CLK' (gopLUT6Q.CLK) has no clock, timing propagation is disabled at the pin.
W: STA-3011: Clock pin 'wrapper1/ARM1/MCycle1/temp_sum[26]/opit_0_inv_L6Q_perm/CLK' (gopLUT6Q.CLK) has no clock, timing propagation is disabled at the pin.
W: STA-3011: Clock pin 'wrapper1/ARM1/MCycle1/temp_sum[27]/opit_0_inv_L6Q_perm/CLK' (gopLUT6Q.CLK) has no clock, timing propagation is disabled at the pin.
W: STA-3011: Clock pin 'wrapper1/ARM1/MCycle1/temp_sum[28]/opit_0_inv_L6Q_perm/CLK' (gopLUT6Q.CLK) has no clock, timing propagation is disabled at the pin.
W: STA-3011: Clock pin 'wrapper1/ARM1/MCycle1/temp_sum[29]/opit_0_inv_L6Q_perm/CLK' (gopLUT6Q.CLK) has no clock, timing propagation is disabled at the pin.
W: STA-3011: Clock pin 'wrapper1/ARM1/MCycle1/temp_sum[30]/opit_0_inv_L6Q_perm/CLK' (gopLUT6Q.CLK) has no clock, timing propagation is disabled at the pin.
W: STA-3011: Clock pin 'wrapper1/ARM1/MCycle1/temp_sum[31]/opit_0_inv_L7Q_perm/CLK' (gopLUT7QL6AB.CLK) has no clock, timing propagation is disabled at the pin.
W: STA-3011: Clock pin 'wrapper1/ARM1/MCycle1/temp_sum[45]/opit_0_inv_L5Q_perm/CLK' (gopLUT6L5Q.CLK) has no clock, timing propagation is disabled at the pin.
W: STA-3011: Clock pin 'wrapper1/ARM1/MCycle1/temp_sum[46]/opit_0_inv_L6QL5Q1_perm/CLK' (gopLUT6QL5Q.CLK) has no clock, timing propagation is disabled at the pin.
W: STA-3011: Clock pin 'wrapper1/ARM1/MCycle1/temp_sum[49]/opit_0_inv_L6QL5Q_perm/CLK' (gopLUT6QL5Q.CLK) has no clock, timing propagation is disabled at the pin.
W: STA-3011: Clock pin 'wrapper1/ARM1/MCycle1/temp_sum[50]/opit_0_inv_L6QL5Q1_perm/CLK' (gopLUT6QL5Q.CLK) has no clock, timing propagation is disabled at the pin.
W: STA-3011: Clock pin 'wrapper1/ARM1/MCycle1/temp_sum[51]/opit_0_inv_L6QL5Q1_perm/CLK' (gopLUT6QL5Q.CLK) has no clock, timing propagation is disabled at the pin.
W: STA-3011: Clock pin 'wrapper1/ARM1/MCycle1/temp_sum[52]/opit_0_inv_L6QL5Q1_perm/CLK' (gopLUT6QL5Q.CLK) has no clock, timing propagation is disabled at the pin.
W: STA-3011: Clock pin 'wrapper1/ARM1/MCycle1/temp_sum[53]/opit_0_inv_L6QL5Q1_perm/CLK' (gopLUT6QL5Q.CLK) has no clock, timing propagation is disabled at the pin.
W: STA-3011: Clock pin 'wrapper1/ARM1/MCycle1/temp_sum[54]/opit_0_inv_L6QL5Q1_perm/CLK' (gopLUT6QL5Q.CLK) has no clock, timing propagation is disabled at the pin.
W: STA-3011: Clock pin 'wrapper1/ARM1/MCycle1/temp_sum[55]/opit_0_inv_L6QL5Q1_perm/CLK' (gopLUT6QL5Q.CLK) has no clock, timing propagation is disabled at the pin.
W: STA-3011: Clock pin 'wrapper1/ARM1/MCycle1/temp_sum[56]/opit_0_inv_L6QL5Q1_perm/CLK' (gopLUT6QL5Q.CLK) has no clock, timing propagation is disabled at the pin.
W: STA-3011: Clock pin 'wrapper1/ARM1/MCycle1/temp_sum[57]/opit_0_inv_L6QL5Q1_perm/CLK' (gopLUT6QL5Q.CLK) has no clock, timing propagation is disabled at the pin.
W: STA-3011: Clock pin 'wrapper1/ARM1/MCycle1/temp_sum[58]/opit_0_inv_L6QL5Q1_perm/CLK' (gopLUT6QL5Q.CLK) has no clock, timing propagation is disabled at the pin.
W: STA-3011: Clock pin 'wrapper1/ARM1/MCycle1/temp_sum[59]/opit_0_inv_L6QL5Q1_perm/CLK' (gopLUT6QL5Q.CLK) has no clock, timing propagation is disabled at the pin.
W: STA-3011: Clock pin 'wrapper1/ARM1/MCycle1/temp_sum[60]/opit_0_inv_L6QL5Q1_perm/CLK' (gopLUT6QL5Q.CLK) has no clock, timing propagation is disabled at the pin.
W: STA-3011: Clock pin 'wrapper1/ARM1/MCycle1/temp_sum[61]/opit_0_inv_L6QL5Q1_perm/CLK' (gopLUT6QL5Q.CLK) has no clock, timing propagation is disabled at the pin.
W: STA-3011: Clock pin 'wrapper1/ARM1/MCycle1/temp_sum[62]/opit_0_inv_L6QL5Q1_perm/CLK' (gopLUT6QL5Q.CLK) has no clock, timing propagation is disabled at the pin.
W: STA-3011: Clock pin 'wrapper1/ARM1/u_Control/CondLogic1/Z/opit_0_L6Q_perm/CLK' (gopLUT6Q.CLK) has no clock, timing propagation is disabled at the pin.
W: STA-3011: Clock pin 'wrapper1/ARM1/u_Control/Decoder1/MCOp[0]/opit_0_inv/CLK' (gopLATCH.CLK) has no clock, timing propagation is disabled at the pin.
W: STA-3011: Clock pin 'wrapper1/ARM1/u_PC/current_PC[0]/opit_0_inv_L6Q_perm/CLK' (gopLUT6Q.CLK) has no clock, timing propagation is disabled at the pin.
W: STA-3011: Clock pin 'wrapper1/ARM1/u_PC/current_PC[1]/opit_0_inv_L6Q_perm/CLK' (gopLUT6Q.CLK) has no clock, timing propagation is disabled at the pin.
W: STA-3011: Clock pin 'wrapper1/ARM1/u_PC/current_PC[2]/opit_0_inv_L6Q_perm/CLK' (gopLUT6Q.CLK) has no clock, timing propagation is disabled at the pin.
W: STA-3011: Clock pin 'wrapper1/ARM1/u_PC/current_PC[3]/opit_0_inv_L6Q_perm/CLK' (gopLUT6Q.CLK) has no clock, timing propagation is disabled at the pin.
W: STA-3011: Clock pin 'wrapper1/ARM1/u_PC/current_PC[7]/opit_0_inv_L6Q_perm/CLK' (gopLUT6Q.CLK) has no clock, timing propagation is disabled at the pin.
W: STA-3011: Clock pin 'wrapper1/ARM1/u_PC/current_PC[12]/opit_0_inv_L6Q_perm/CLK' (gopLUT6Q.CLK) has no clock, timing propagation is disabled at the pin.
W: STA-3011: Clock pin 'wrapper1/ARM1/u_PC/current_PC[14]/opit_0_inv_L6Q_perm/CLK' (gopLUT6Q.CLK) has no clock, timing propagation is disabled at the pin.
W: STA-3011: Clock pin 'wrapper1/ARM1/u_PC/current_PC[18]/opit_0_inv_L6QL5Q1_perm/CLK' (gopLUT6QL5Q.CLK) has no clock, timing propagation is disabled at the pin.
W: STA-3011: Clock pin 'wrapper1/ARM1/u_PC/current_PC[19]/opit_0_inv_L6QL5Q1_perm/CLK' (gopLUT6QL5Q.CLK) has no clock, timing propagation is disabled at the pin.
W: STA-3011: Clock pin 'wrapper1/ARM1/u_PC/current_PC[20]/opit_0_inv_L6QL5Q1_perm/CLK' (gopLUT6QL5Q.CLK) has no clock, timing propagation is disabled at the pin.
W: STA-3011: Clock pin 'wrapper1/ARM1/u_PC/current_PC[21]/opit_0_inv_L6QL5Q1_perm/CLK' (gopLUT6QL5Q.CLK) has no clock, timing propagation is disabled at the pin.
W: STA-3011: Clock pin 'wrapper1/ARM1/u_PC/current_PC[22]/opit_0_inv_L6QL5Q1_perm/CLK' (gopLUT6QL5Q.CLK) has no clock, timing propagation is disabled at the pin.
W: STA-3011: Clock pin 'wrapper1/ARM1/u_PC/current_PC[23]/opit_0_inv_L6QL5Q1_perm/CLK' (gopLUT6QL5Q.CLK) has no clock, timing propagation is disabled at the pin.
W: STA-3011: Clock pin 'wrapper1/ARM1/u_PC/current_PC[24]/opit_0_inv_L6Q_perm/CLK' (gopLUT6Q.CLK) has no clock, timing propagation is disabled at the pin.
W: STA-3011: Clock pin 'wrapper1/ARM1/u_PC/current_PC[25]/opit_0_inv_L6QL5Q1_perm/CLK' (gopLUT6QL5Q.CLK) has no clock, timing propagation is disabled at the pin.
W: STA-3011: Clock pin 'wrapper1/ARM1/u_PC/current_PC[26]/opit_0_inv_L6Q_perm/CLK' (gopLUT6Q.CLK) has no clock, timing propagation is disabled at the pin.
W: STA-3011: Clock pin 'wrapper1/ARM1/u_PC/current_PC[27]/opit_0_inv_L6QL5Q1_perm/CLK' (gopLUT6QL5Q.CLK) has no clock, timing propagation is disabled at the pin.
W: STA-3011: Clock pin 'wrapper1/ARM1/u_PC/current_PC[28]/opit_0_inv_L6QL5Q1_perm/CLK' (gopLUT6QL5Q.CLK) has no clock, timing propagation is disabled at the pin.
W: STA-3011: Clock pin 'wrapper1/ARM1/u_PC/current_PC[29]/opit_0_inv_L6QL5Q1_perm/CLK' (gopLUT6QL5Q.CLK) has no clock, timing propagation is disabled at the pin.
W: STA-3011: Clock pin 'wrapper1/ARM1/u_PC/current_PC[30]/opit_0_inv_L6QL5Q1_perm/CLK' (gopLUT6QL5Q.CLK) has no clock, timing propagation is disabled at the pin.
W: STA-3011: Clock pin 'wrapper1/ARM1/u_PC/current_PC[31]/opit_0_inv_L6Q_perm/CLK' (gopLUT6Q.CLK) has no clock, timing propagation is disabled at the pin.
W: STA-3011: Clock pin 'wrapper1/ARM1/u_RegisterFile/RegBank_1_0_x2x4/ram32x2A/CLK' (gopRAM32X2S.CLK) has no clock, timing propagation is disabled at the pin.
W: STA-3011: Clock pin 'wrapper1/ARM1/u_RegisterFile/RegBank_1_0_x2x4/ram32x2B/CLK' (gopRAM32X2S.CLK) has no clock, timing propagation is disabled at the pin.
W: STA-3011: Clock pin 'wrapper1/ARM1/u_RegisterFile/RegBank_1_0_x2x4/ram32x2C/CLK' (gopRAM32X2S.CLK) has no clock, timing propagation is disabled at the pin.
W: STA-3011: Clock pin 'wrapper1/ARM1/u_RegisterFile/RegBank_1_0_x2x4/ram32x2D/CLK' (gopRAM32X2S.CLK) has no clock, timing propagation is disabled at the pin.
W: STA-3011: Clock pin 'wrapper1/ARM1/u_RegisterFile/RegBank_1_3_x2x4/ram32x2A/CLK' (gopRAM32X2S.CLK) has no clock, timing propagation is disabled at the pin.
W: STA-3011: Clock pin 'wrapper1/ARM1/u_RegisterFile/RegBank_1_3_x2x4/ram32x2B/CLK' (gopRAM32X2S.CLK) has no clock, timing propagation is disabled at the pin.
W: STA-3011: Clock pin 'wrapper1/ARM1/u_RegisterFile/RegBank_1_3_x2x4/ram32x2C/CLK' (gopRAM32X2S.CLK) has no clock, timing propagation is disabled at the pin.
W: STA-3011: Clock pin 'wrapper1/ARM1/u_RegisterFile/RegBank_1_3_x2x4/ram32x2D/CLK' (gopRAM32X2S.CLK) has no clock, timing propagation is disabled at the pin.
W: STA-3011: Clock pin 'wrapper1/ARM1/u_RegisterFile/RegBank_1_6_x2x4/ram32x2A/CLK' (gopRAM32X2S.CLK) has no clock, timing propagation is disabled at the pin.
W: STA-3011: Clock pin 'wrapper1/ARM1/u_RegisterFile/RegBank_1_6_x2x4/ram32x2B/CLK' (gopRAM32X2S.CLK) has no clock, timing propagation is disabled at the pin.
W: STA-3011: Clock pin 'wrapper1/ARM1/u_RegisterFile/RegBank_1_6_x2x4/ram32x2C/CLK' (gopRAM32X2S.CLK) has no clock, timing propagation is disabled at the pin.
W: STA-3011: Clock pin 'wrapper1/ARM1/u_RegisterFile/RegBank_1_6_x2x4/ram32x2D/CLK' (gopRAM32X2S.CLK) has no clock, timing propagation is disabled at the pin.
W: STA-3011: Clock pin 'wrapper1/ARM1/u_RegisterFile/RegBank_1_9_x2x4/ram32x2A/CLK' (gopRAM32X2S.CLK) has no clock, timing propagation is disabled at the pin.
W: STA-3011: Clock pin 'wrapper1/ARM1/u_RegisterFile/RegBank_1_9_x2x4/ram32x2B/CLK' (gopRAM32X2S.CLK) has no clock, timing propagation is disabled at the pin.
W: STA-3011: Clock pin 'wrapper1/ARM1/u_RegisterFile/RegBank_1_9_x2x4/ram32x2C/CLK' (gopRAM32X2S.CLK) has no clock, timing propagation is disabled at the pin.
W: STA-3011: Clock pin 'wrapper1/ARM1/u_RegisterFile/RegBank_1_9_x2x4/ram32x2D/CLK' (gopRAM32X2S.CLK) has no clock, timing propagation is disabled at the pin.
W: STA-3011: Clock pin 'wrapper1/ARM1/u_RegisterFile/RegBank_1_12_x2x4/ram32x2A/CLK' (gopRAM32X2S.CLK) has no clock, timing propagation is disabled at the pin.
W: STA-3011: Clock pin 'wrapper1/ARM1/u_RegisterFile/RegBank_1_12_x2x4/ram32x2B/CLK' (gopRAM32X2S.CLK) has no clock, timing propagation is disabled at the pin.
W: STA-3011: Clock pin 'wrapper1/ARM1/u_RegisterFile/RegBank_1_12_x2x4/ram32x2C/CLK' (gopRAM32X2S.CLK) has no clock, timing propagation is disabled at the pin.
W: STA-3011: Clock pin 'wrapper1/ARM1/u_RegisterFile/RegBank_1_12_x2x4/ram32x2D/CLK' (gopRAM32X2S.CLK) has no clock, timing propagation is disabled at the pin.
W: STA-3011: Clock pin 'wrapper1/ARM1/u_RegisterFile/RegBank_1_15_x2x4/ram32x2A/CLK' (gopRAM32X2S.CLK) has no clock, timing propagation is disabled at the pin.
W: STA-3011: Clock pin 'wrapper1/ARM1/u_RegisterFile/RegBank_1_15_x2x4/ram32x2B/CLK' (gopRAM32X2S.CLK) has no clock, timing propagation is disabled at the pin.
W: STA-3011: Clock pin 'wrapper1/ARM1/u_RegisterFile/RegBank_1_15_x2x4/ram32x2C/CLK' (gopRAM32X2S.CLK) has no clock, timing propagation is disabled at the pin.
W: STA-3011: Clock pin 'wrapper1/ARM1/u_RegisterFile/RegBank_1_15_x2x4/ram32x2D/CLK' (gopRAM32X2S.CLK) has no clock, timing propagation is disabled at the pin.
W: STA-3011: Clock pin 'wrapper1/ARM1/u_RegisterFile/RegBank_3_x2x4/ram32x2A/CLK' (gopRAM32X2S.CLK) has no clock, timing propagation is disabled at the pin.
W: STA-3011: Clock pin 'wrapper1/ARM1/u_RegisterFile/RegBank_3_x2x4/ram32x2B/CLK' (gopRAM32X2S.CLK) has no clock, timing propagation is disabled at the pin.
W: STA-3011: Clock pin 'wrapper1/ARM1/u_RegisterFile/RegBank_3_x2x4/ram32x2C/CLK' (gopRAM32X2S.CLK) has no clock, timing propagation is disabled at the pin.
W: STA-3011: Clock pin 'wrapper1/ARM1/u_RegisterFile/RegBank_3_x2x4/ram32x2D/CLK' (gopRAM32X2S.CLK) has no clock, timing propagation is disabled at the pin.
W: STA-3011: Clock pin 'wrapper1/ARM1/u_RegisterFile/RegBank_6_x2x4/ram32x2A/CLK' (gopRAM32X2S.CLK) has no clock, timing propagation is disabled at the pin.
W: STA-3011: Clock pin 'wrapper1/ARM1/u_RegisterFile/RegBank_6_x2x4/ram32x2B/CLK' (gopRAM32X2S.CLK) has no clock, timing propagation is disabled at the pin.
W: STA-3011: Clock pin 'wrapper1/ARM1/u_RegisterFile/RegBank_6_x2x4/ram32x2C/CLK' (gopRAM32X2S.CLK) has no clock, timing propagation is disabled at the pin.
W: STA-3011: Clock pin 'wrapper1/ARM1/u_RegisterFile/RegBank_6_x2x4/ram32x2D/CLK' (gopRAM32X2S.CLK) has no clock, timing propagation is disabled at the pin.
W: STA-3011: Clock pin 'wrapper1/ARM1/u_RegisterFile/RegBank_9_x2x4/ram32x2A/CLK' (gopRAM32X2S.CLK) has no clock, timing propagation is disabled at the pin.
W: STA-3011: Clock pin 'wrapper1/ARM1/u_RegisterFile/RegBank_9_x2x4/ram32x2B/CLK' (gopRAM32X2S.CLK) has no clock, timing propagation is disabled at the pin.
W: STA-3011: Clock pin 'wrapper1/ARM1/u_RegisterFile/RegBank_9_x2x4/ram32x2C/CLK' (gopRAM32X2S.CLK) has no clock, timing propagation is disabled at the pin.
W: STA-3011: Clock pin 'wrapper1/ARM1/u_RegisterFile/RegBank_9_x2x4/ram32x2D/CLK' (gopRAM32X2S.CLK) has no clock, timing propagation is disabled at the pin.
W: STA-3011: Clock pin 'wrapper1/ARM1/u_RegisterFile/RegBank_12_x2x4/ram32x2A/CLK' (gopRAM32X2S.CLK) has no clock, timing propagation is disabled at the pin.
W: STA-3011: Clock pin 'wrapper1/ARM1/u_RegisterFile/RegBank_12_x2x4/ram32x2B/CLK' (gopRAM32X2S.CLK) has no clock, timing propagation is disabled at the pin.
W: STA-3011: Clock pin 'wrapper1/ARM1/u_RegisterFile/RegBank_12_x2x4/ram32x2C/CLK' (gopRAM32X2S.CLK) has no clock, timing propagation is disabled at the pin.
W: STA-3011: Clock pin 'wrapper1/ARM1/u_RegisterFile/RegBank_12_x2x4/ram32x2D/CLK' (gopRAM32X2S.CLK) has no clock, timing propagation is disabled at the pin.
W: STA-3011: Clock pin 'wrapper1/ARM1/u_RegisterFile/RegBank_15_x2x4/ram32x2A/CLK' (gopRAM32X2S.CLK) has no clock, timing propagation is disabled at the pin.
W: STA-3011: Clock pin 'wrapper1/ARM1/u_RegisterFile/RegBank_15_x2x4/ram32x2B/CLK' (gopRAM32X2S.CLK) has no clock, timing propagation is disabled at the pin.
W: STA-3011: Clock pin 'wrapper1/ARM1/u_RegisterFile/RegBank_15_x2x4/ram32x2C/CLK' (gopRAM32X2S.CLK) has no clock, timing propagation is disabled at the pin.
W: STA-3011: Clock pin 'wrapper1/ARM1/u_RegisterFile/RegBank_15_x2x4/ram32x2D/CLK' (gopRAM32X2S.CLK) has no clock, timing propagation is disabled at the pin.
W: STA-3011: Clock pin 'wrapper1/LED[2]/opit_0_inv/CLK' (gopQ.CLK) has no clock, timing propagation is disabled at the pin.
W: STA-3011: Clock pin 'wrapper1/LED[3]/opit_0_inv/CLK' (gopQ.CLK) has no clock, timing propagation is disabled at the pin.
W: STA-3011: Clock pin 'wrapper1/LED[4]/opit_0_inv/CLK' (gopQ.CLK) has no clock, timing propagation is disabled at the pin.
W: STA-3011: Clock pin 'wrapper1/LED[5]/opit_0_inv/CLK' (gopQ.CLK) has no clock, timing propagation is disabled at the pin.
W: STA-3011: Clock pin 'wrapper1/LED[6]/opit_0_inv/CLK' (gopQ.CLK) has no clock, timing propagation is disabled at the pin.
W: STA-3011: Clock pin 'wrapper1/LED[7]/opit_0_inv/CLK' (gopQ.CLK) has no clock, timing propagation is disabled at the pin.
W: STA-3011: Clock pin 'wrapper1/LED[8]/opit_0_inv/CLK' (gopQ.CLK) has no clock, timing propagation is disabled at the pin.
W: STA-3011: Clock pin 'wrapper1/LED[9]/opit_0_inv/CLK' (gopQ.CLK) has no clock, timing propagation is disabled at the pin.
W: STA-3011: Clock pin 'wrapper1/ARM1/MCycle1/temp_sum[63]/opit_0_inv_AQ_perm/CLK' (Carry.wrapper1/ARM1/MCycle1/temp_sum[63]/opit_0_inv_AQ_perm/CLK) has no clock, timing propagation is disabled at the pin.
W: Timing-4087: Port 'LED[0]' is not constrained, it is treated as combinational output.
W: Timing-4087: Port 'LED[1]' is not constrained, it is treated as combinational output.
W: Timing-4087: Port 'LED[2]' is not constrained, it is treated as combinational output.
W: Timing-4087: Port 'LED[3]' is not constrained, it is treated as combinational output.
W: Timing-4087: Port 'LED[4]' is not constrained, it is treated as combinational output.
W: Timing-4087: Port 'LED[5]' is not constrained, it is treated as combinational output.
W: Timing-4087: Port 'LED[6]' is not constrained, it is treated as combinational output.
W: Timing-4087: Port 'LED[7]' is not constrained, it is treated as combinational output.
W: Timing-4087: Port 'SevenSegAn[0]' is not constrained, it is treated as combinational output.
W: Timing-4087: Port 'SevenSegAn[1]' is not constrained, it is treated as combinational output.
W: Timing-4087: Port 'SevenSegAn[2]' is not constrained, it is treated as combinational output.
W: Timing-4087: Port 'SevenSegAn[3]' is not constrained, it is treated as combinational output.
W: Timing-4087: Port 'SevenSegAn[4]' is not constrained, it is treated as combinational output.
W: Timing-4087: Port 'SevenSegAn[5]' is not constrained, it is treated as combinational output.
W: Timing-4087: Port 'SevenSegAn[6]' is not constrained, it is treated as combinational output.
W: Timing-4087: Port 'SevenSegAn[7]' is not constrained, it is treated as combinational output.
W: Timing-4087: Port 'SevenSegCatHL[0]' is not constrained, it is treated as combinational output.
W: Timing-4087: Port 'SevenSegCatHL[1]' is not constrained, it is treated as combinational output.
W: Timing-4087: Port 'SevenSegCatHL[2]' is not constrained, it is treated as combinational output.
W: Timing-4087: Port 'SevenSegCatHL[3]' is not constrained, it is treated as combinational output.
W: Timing-4087: Port 'SevenSegCatHL[4]' is not constrained, it is treated as combinational output.
W: Timing-4087: Port 'SevenSegCatHL[5]' is not constrained, it is treated as combinational output.
W: Timing-4087: Port 'SevenSegCatHL[6]' is not constrained, it is treated as combinational output.
W: Timing-4087: Port 'SevenSegCatHL[7]' is not constrained, it is treated as combinational output.
W: Timing-4087: Port 'SevenSegCatHL[8]' is not constrained, it is treated as combinational output.
W: Timing-4087: Port 'SevenSegCatHL[9]' is not constrained, it is treated as combinational output.
W: Timing-4087: Port 'SevenSegCatHL[10]' is not constrained, it is treated as combinational output.
W: Timing-4087: Port 'SevenSegCatHL[11]' is not constrained, it is treated as combinational output.
W: Timing-4087: Port 'SevenSegCatHL[12]' is not constrained, it is treated as combinational output.
W: Timing-4087: Port 'SevenSegCatHL[13]' is not constrained, it is treated as combinational output.
W: Timing-4087: Port 'SevenSegCatHL[14]' is not constrained, it is treated as combinational output.
W: Timing-4087: Port 'SevenSegCatHL[15]' is not constrained, it is treated as combinational output.
W: Timing-4086: Port 'DIP[0]' is not constrained, it is treated as combinational input.
W: Timing-4086: Port 'DIP[1]' is not constrained, it is treated as combinational input.
W: Timing-4086: Port 'DIP[2]' is not constrained, it is treated as combinational input.
W: Timing-4086: Port 'DIP[3]' is not constrained, it is treated as combinational input.
W: Timing-4086: Port 'DIP[4]' is not constrained, it is treated as combinational input.
W: Timing-4086: Port 'DIP[5]' is not constrained, it is treated as combinational input.
W: Timing-4086: Port 'DIP[6]' is not constrained, it is treated as combinational input.
W: Timing-4086: Port 'PAUSE_n' is not constrained, it is treated as combinational input.
W: Timing-4086: Port 'RESET_n' is not constrained, it is treated as combinational input.
Report timing is finished successfully.
Action report_timing: Real time elapsed is 0h:0m:21s
Action report_timing: CPU time elapsed is 0h:0m:7s
Action report_timing: Process CPU time elapsed is 0h:0m:7s
Current time: Tue Nov 26 19:53:47 2024
Action report_timing: Peak memory pool usage is 804 MB
