#Build: Fabric Compiler 2022.1, Build 99559, Jul 12 00:20 2022
#Install: D:\Program Files\PDS\PDS_2022.1\bin
#Application name: pds_shell.exe
#OS: Windows 10 10.0.22631
#Hostname: HTY‘sLaptop
Generated by Fabric Compiler (version 2022.1 build 99559) at Thu Sep 19 22:03:11 2024
Compiling verification operator library.
Compiling common defs.
Loading technology operator library.
Compiling technology operator library.
Compiling technology operator (valence) library.
Compiling operator packing rules.
Compiling prim grid devices.
Compiling gate devices.
Compiling gate operators.
Compiling tech operator impls.
Building architecture model.
Loading device packaging model.
Reading design from translate DB.
Flattening design 'top'
Device mapping started.
Optimizing circuit logic.
Checking design netlist.
Processing tech operator.
Converting tech operator to gate operator.
Processing gate operator.
Device mapping done.
Total device mapping takes 0.00 sec.

Device Utilization Summary:
+------------------------------------------------------------------------+
| Logic Utilization     | Used     | Available     | Utilization(%)     
+------------------------------------------------------------------------+
| APM                   | 0        | 120           | 0                  
| FF                    | 0        | 71600         | 0                  
| LUT                   | 8        | 35800         | 1                  
| Distributed RAM       | 0        | 9500          | 0                  
| DRM                   | 0        | 85            | 0                  
| IO                    | 33       | 209           | 16                 
| RCKB                  | 0        | 20            | 0                  
| SCANCHAIN             | 0        | 1             | 0                  
| USCM                  | 0        | 32            | 0                  
| CCS                   | 1        | 1             | 100                
| ADC                   | 0        | 1             | 0                  
| DDR_PHY               | 0        | 20            | 0                  
| HSSTLP                | 0        | 1             | 0                  
| GPLL                  | 0        | 5             | 0                  
| PPLL                  | 0        | 5             | 0                  
| DDRPHY_CPD            | 0        | 10            | 0                  
| HCKB                  | 0        | 72            | 0                  
| IOCKB                 | 0        | 20            | 0                  
| MRCKB                 | 0        | 10            | 0                  
| PCIE                  | 0        | 1             | 0                  
| DDRPHY_IOCLK_DIV      | 0        | 5             | 0                  
| ANALOG                | 0        | 1             | 0                  
| TSERDES               | 0        | 40            | 0                  
| KEYRAM                | 0        | 1             | 0                  
+------------------------------------------------------------------------+

Design 'top' has been successfully mapped to architecture-specific objects.
Saving design to DB.
Action dev_map: Real time elapsed is 0h:0m:16s
Action dev_map: CPU time elapsed is 0h:0m:6s
Action dev_map: Process CPU time elapsed is 0h:0m:6s
Current time: Thu Sep 19 22:03:25 2024
Action dev_map: Peak memory pool usage is 299 MB
